程序启动于: 2025-12-14_13-41-30
----------------------------------------
正在从 'config.py' 的 USERS_ID 列表读取用户 ID...

>>>>>>>>> 开始处理用户ID: 3546937055775240 (https://space.bilibili.com/3546937055775240/article) <<<<<<<<<

[步骤1] 使用 'ITERATIVE' 模式，正在准备迭代获取动态 URL...

[步骤2] 开始处理用户 3546937055775240 的动态...
  - 正在保存动态 1129772442691043361 的步骤2元数据...
  -  正在下载用户 Yasal_3546937055775240 资源: 2025-10-31_1129772442691043361_1.jpg
  - [提取] 读取原始元数据: metadata\step2\2025-10-31_1129772442691043361.json
  - [生成] 写入内容信息文件: 2025-10-31_1129772442691043361.json
  - 正在保存动态 1125491979492261909 的步骤2元数据...
  -  正在下载用户 Yasal_3546937055775240 资源: 2025-10-19_1125491979492261909_1.jpg
  - [提取] 读取原始元数据: metadata\step2\2025-10-19_1125491979492261909.json
  - [生成] 写入内容信息文件: 2025-10-19_1125491979492261909.json
  - 正在保存动态 1123608786634801161 的步骤2元数据...
  -  正在下载用户 Yasal_3546937055775240 资源: 2025-10-14_1123608786634801161_1.jpg
  - [提取] 读取原始元数据: metadata\step2\2025-10-14_1123608786634801161.json
  - [生成] 写入内容信息文件: 2025-10-14_1123608786634801161.json
  - 正在保存动态 1122833957346345029 的步骤2元数据...
  -  正在下载用户 Yasal_3546937055775240 资源: 2025-10-12_1122833957346345029_1.jpg
  - [提取] 读取原始元数据: metadata\step2\2025-10-12_1122833957346345029.json
  - [生成] 写入内容信息文件: 2025-10-12_1122833957346345029.json
  - 正在保存动态 1120833322929356808 的步骤2元数据...
  -  正在下载用户 Yasal_3546937055775240 资源: 2025-10-07_1120833322929356808_1.jpg
  - [提取] 读取原始元数据: metadata\step2\2025-10-07_1120833322929356808.json
  - [生成] 写入内容信息文件: 2025-10-07_1120833322929356808.json
  - 正在保存动态 1119849307245117443 的步骤2元数据...
  -  正在下载用户 Yasal_3546937055775240 资源: 2025-10-04_1119849307245117443_1.jpg
  - [提取] 读取原始元数据: metadata\step2\2025-10-04_1119849307245117443.json
  - [生成] 写入内容信息文件: 2025-10-04_1119849307245117443.json
  - 正在保存动态 1118725911352442885 的步骤2元数据...
  -  正在下载用户 Yasal_3546937055775240 资源: 2025-10-01_1118725911352442885_1.jpg
  - [提取] 读取原始元数据: metadata\step2\2025-10-01_1118725911352442885.json
  - [生成] 写入内容信息文件: 2025-10-01_1118725911352442885.json
  - 正在保存动态 1114948865529741318 的步骤2元数据...
  -  正在下载用户 Yasal_3546937055775240 资源: 2025-09-21_1114948865529741318_1.jpg
  - [提取] 读取原始元数据: metadata\step2\2025-09-21_1114948865529741318.json
  - [生成] 写入内容信息文件: 2025-09-21_1114948865529741318.json
  - 正在保存动态 1114264492566380562 的步骤2元数据...
  -  正在下载用户 Yasal_3546937055775240 资源: 2025-09-19_1114264492566380562_1.jpg
  - [提取] 读取原始元数据: metadata\step2\2025-09-19_1114264492566380562.json
  - [生成] 写入内容信息文件: 2025-09-19_1114264492566380562.json
  - 正在保存动态 1114182578960596999 的步骤2元数据...
  -  正在下载用户 Yasal_3546937055775240 资源: 2025-09-19_1114182578960596999_1.png
  -  正在下载用户 Yasal_3546937055775240 资源: 2025-09-19_1114182578960596999_2.png
  -  正在下载用户 Yasal_3546937055775240 资源: 2025-09-19_1114182578960596999_3.png
  - [提取] 读取原始元数据: metadata\step2\2025-09-19_1114182578960596999.json
  - [生成] 写入内容信息文件: 2025-09-19_1114182578960596999.json
  - 正在保存动态 1112474904237703190 的步骤2元数据...
  -  正在下载用户 Yasal_3546937055775240 资源: 2025-09-14_1112474904237703190_1.jpg
  -  正在下载用户 Yasal_3546937055775240 资源: 2025-09-14_1112474904237703190_2.jpg
  - [提取] 读取原始元数据: metadata\step2\2025-09-14_1112474904237703190.json
  - [生成] 写入内容信息文件: 2025-09-14_1112474904237703190.json
  - 正在保存动态 1109742738157338649 的步骤2元数据...
  -  正在下载用户 Yasal_3546937055775240 资源: 2025-09-07_1109742738157338649_1.jpg
  - [提取] 读取原始元数据: metadata\step2\2025-09-07_1109742738157338649.json
  - [生成] 写入内容信息文件: 2025-09-07_1109742738157338649.json
  - 正在保存动态 1108726651973271571 的步骤2元数据...
  -  正在下载用户 Yasal_3546937055775240 资源: 2025-09-04_1108726651973271571_1.jpg
  -  正在下载用户 Yasal_3546937055775240 资源: 2025-09-04_1108726651973271571_2.jpg
  - [提取] 读取原始元数据: metadata\step2\2025-09-04_1108726651973271571.json
  - [生成] 写入内容信息文件: 2025-09-04_1108726651973271571.json
  - 正在保存动态 1103896201040756740 的步骤2元数据...
  - 所有 1 张图片均已存在，全部跳过。
  - [提取] 读取原始元数据: metadata\step2\2025-08-22_1103896201040756740.json
  - [生成] 写入内容信息文件: 2025-08-22_1103896201040756740.json
  - 正在保存动态 1100601681935073280 的步骤2元数据...
  - 所有 1 张图片均已存在，全部跳过。
  - [提取] 读取原始元数据: metadata\step2\2025-08-13_1100601681935073280.json
  - [生成] 写入内容信息文件: 2025-08-13_1100601681935073280.json
  - 正在保存动态 1099423151507374099 的步骤2元数据...
  - 所有 2 张图片均已存在，全部跳过。
  - [提取] 读取原始元数据: metadata\step2\2025-08-10_1099423151507374099.json
  - [生成] 写入内容信息文件: 2025-08-10_1099423151507374099.json
  - 正在保存动态 1098673937373462549 的步骤2元数据...
  - 所有 1 张图片均已存在，全部跳过。
  - [提取] 读取原始元数据: metadata\step2\2025-08-08_1098673937373462549.json
  - [生成] 写入内容信息文件: 2025-08-08_1098673937373462549.json
  - 正在保存动态 1097637304093114373 的步骤2元数据...
  - 所有 1 张图片均已存在，全部跳过。
  - [提取] 读取原始元数据: metadata\step2\2025-08-05_1097637304093114373.json
  - [生成] 写入内容信息文件: 2025-08-05_1097637304093114373.json
  - 正在保存动态 1094617409481867314 的步骤2元数据...
  - 所有 1 张图片均已存在，全部跳过。
  - [提取] 读取原始元数据: metadata\step2\2025-07-28_1094617409481867314.json
  - [生成] 写入内容信息文件: 2025-07-28_1094617409481867314.json
  - 正在保存动态 1093423447227236369 的步骤2元数据...
  - 所有 1 张图片均已存在，全部跳过。
  - [提取] 读取原始元数据: metadata\step2\2025-07-25_1093423447227236369.json
  - [生成] 写入内容信息文件: 2025-07-25_1093423447227236369.json
  - 正在保存动态 1093102428520185860 的步骤2元数据...
  - 所有 11 张图片均已存在，全部跳过。
  - [提取] 读取原始元数据: metadata\step2\2025-07-24_1093102428520185860.json
  - [生成] 写入内容信息文件: 2025-07-24_1093102428520185860.json
  - 正在保存动态 1091959542016638979 的步骤2元数据...
  - 所有 1 张图片均已存在，全部跳过。
  - [提取] 读取原始元数据: metadata\step2\2025-07-21_1091959542016638979.json
  - [生成] 写入内容信息文件: 2025-07-21_1091959542016638979.json

>>>>>>>>> 完成用户 'Yasal_3546937055775240' 的处理，总耗时: 0h 1m 23.79s <<<<<<<<<
  - 本次处理动态数: 22
  - 成功下载图片数: 17
  - 成功下载实况图片(live photo)数: 0
  - 下载失败项目数: 0
>>>>>>>>>>>>>>>>>>>>>>>>>>>>>>>>>>>>>>>>>>>>>>>>>>>>>>>>>>>>>>>>

所有任务已完成！
详细运行日志已保存到: c:\Computer\my_github\github_python\gallery-dl-assitance\gallery-dl-assistance\log\run_log_2025-12-14_13-41-30.log
处理摘要日志已保存到: c:\Computer\my_github\github_python\gallery-dl-assitance\gallery-dl-assistance\log\processing_time_log.json
