程序启动于: 2025-12-14_12-45-41
----------------------------------------
正在从 'config.py' 的 USERS_ID 列表读取用户 ID...

>>>>>>>>> 开始处理用户ID: 555683603 (https://space.bilibili.com/555683603/article) <<<<<<<<<

[步骤1] 使用 'ITERATIVE' 模式，正在准备迭代获取动态 URL...

[步骤2] 开始处理用户 555683603 的动态...
  - 正在保存动态 1128333950771527688 的步骤2元数据...
  -  正在下载用户 玛丽兰想当玛丽苏_555683603 资源: 2025-10-27_1128333950771527688_1.jpg
  - 下载失败 (状态码 Unknown): 404 Client Error: Not Found for url: http://i0.hdslb.com/bfs/new_dyn/f3bbf316b522eda61d23195058fd6418555683603.jpg
  - 5秒后重试... (尝试 2/3)
  - 下载失败 (状态码 Unknown): 404 Client Error: Not Found for url: http://i0.hdslb.com/bfs/new_dyn/f3bbf316b522eda61d23195058fd6418555683603.jpg
  - 5秒后重试... (尝试 3/3)
  - 下载失败 (状态码 Unknown): 404 Client Error: Not Found for url: http://i0.hdslb.com/bfs/new_dyn/f3bbf316b522eda61d23195058fd6418555683603.jpg
  - 所有重试均失败，跳过此文件。
  - [提取] 读取原始元数据: metadata\step2\2025-10-27_1128333950771527688.json
  - [生成] 写入内容信息文件: 2025-10-27_1128333950771527688.json
  - 正在保存动态 1109324696083496965 的步骤2元数据...
  -  正在下载用户 玛丽兰想当玛丽苏_555683603 资源: 2025-09-06_1109324696083496965_1.png
  -  正在下载用户 玛丽兰想当玛丽苏_555683603 资源: 2025-09-06_1109324696083496965_2.png
  - [提取] 读取原始元数据: metadata\step2\2025-09-06_1109324696083496965.json
  - [生成] 写入内容信息文件: 2025-09-06_1109324696083496965.json
  - 正在保存动态 1108329118383996944 的步骤2元数据...
  -  正在下载用户 玛丽兰想当玛丽苏_555683603 资源: 2025-09-03_1108329118383996944_1.png
  -  正在下载用户 玛丽兰想当玛丽苏_555683603 资源: 2025-09-03_1108329118383996944_2.png
  - [提取] 读取原始元数据: metadata\step2\2025-09-03_1108329118383996944.json
  - [生成] 写入内容信息文件: 2025-09-03_1108329118383996944.json
  - 正在保存动态 1106134252640010265 的步骤2元数据...
  - 所有 1 张图片均已存在，全部跳过。
  - [提取] 读取原始元数据: metadata\step2\2025-08-28_1106134252640010265.json
  - [生成] 写入内容信息文件: 2025-08-28_1106134252640010265.json
  - 正在保存动态 1105756037819924482 的步骤2元数据...
  - 所有 1 张图片均已存在，全部跳过。
  - [提取] 读取原始元数据: metadata\step2\2025-08-27_1105756037819924482.json
  - [生成] 写入内容信息文件: 2025-08-27_1105756037819924482.json
  - 正在保存动态 1105421103355920384 的步骤2元数据...
  - 所有 1 张图片均已存在，全部跳过。
  - [提取] 读取原始元数据: metadata\step2\2025-08-26_1105421103355920384.json
  - [生成] 写入内容信息文件: 2025-08-26_1105421103355920384.json
  - 正在保存动态 1101306305679720455 的步骤2元数据...
  - [Live Photo] 发现实况视频 (P1)，正在下载...
  -  正在下载用户 玛丽兰想当玛丽苏_555683603 资源: 2025-08-15_1101306305679720455_1.mp4
  - 所有 1 张图片均已存在，全部跳过。
  - [提取] 读取原始元数据: metadata\step2\2025-08-15_1101306305679720455.json
  - [生成] 写入内容信息文件: 2025-08-15_1101306305679720455.json
  - 正在保存动态 1100890707444367369 的步骤2元数据...
  - 所有 1 张图片均已存在，全部跳过。
  - [提取] 读取原始元数据: metadata\step2\2025-08-14_1100890707444367369.json
  - [生成] 写入内容信息文件: 2025-08-14_1100890707444367369.json
  - 正在保存动态 1100156173570539559 的步骤2元数据...
  - [Live Photo] 发现实况视频 (P1)，正在下载...
  -  正在下载用户 玛丽兰想当玛丽苏_555683603 资源: 2025-08-12_1100156173570539559_1.mp4
  - [Live Photo] 发现实况视频 (P2)，正在下载...
  -  正在下载用户 玛丽兰想当玛丽苏_555683603 资源: 2025-08-12_1100156173570539559_2.mp4
  - [Live Photo] 发现实况视频 (P3)，正在下载...
  -  正在下载用户 玛丽兰想当玛丽苏_555683603 资源: 2025-08-12_1100156173570539559_3.mp4
  - 所有 3 张图片均已存在，全部跳过。
  - [提取] 读取原始元数据: metadata\step2\2025-08-12_1100156173570539559.json
  - [生成] 写入内容信息文件: 2025-08-12_1100156173570539559.json
  - 正在保存动态 1099804196674207745 的步骤2元数据...
  - 所有 1 张图片均已存在，全部跳过。
  - [提取] 读取原始元数据: metadata\step2\2025-08-11_1099804196674207745.json
  - [生成] 写入内容信息文件: 2025-08-11_1099804196674207745.json
  - 正在保存动态 1099412590154481719 的步骤2元数据...
  - [提取] 读取原始元数据: metadata\step2\2025-08-10_1099412590154481719.json
  - [生成] 写入内容信息文件: 2025-08-10_1099412590154481719.json
  - 正在保存动态 1099039580820078614 的步骤2元数据...
  - 所有 1 张图片均已存在，全部跳过。
  - [提取] 读取原始元数据: metadata\step2\2025-08-09_1099039580820078614.json
  - [生成] 写入内容信息文件: 2025-08-09_1099039580820078614.json
  - 正在保存动态 1098664900759126036 的步骤2元数据...
  - 所有 1 张图片均已存在，全部跳过。
  - [提取] 读取原始元数据: metadata\step2\2025-08-08_1098664900759126036.json
  - [生成] 写入内容信息文件: 2025-08-08_1098664900759126036.json
  - 正在保存动态 1098580659299942404 的步骤2元数据...
  - 所有 1 张图片均已存在，全部跳过。
  - [提取] 读取原始元数据: metadata\step2\2025-08-08_1098580659299942404.json
  - [生成] 写入内容信息文件: 2025-08-08_1098580659299942404.json
  - 正在保存动态 1097979870681497656 的步骤2元数据...
  - [Live Photo] 发现实况视频 (P1)，正在下载...
  -  正在下载用户 玛丽兰想当玛丽苏_555683603 资源: 2025-08-06_1097979870681497656_1.mp4
  - [Live Photo] 发现实况视频 (P2)，正在下载...
  -  正在下载用户 玛丽兰想当玛丽苏_555683603 资源: 2025-08-06_1097979870681497656_2.mp4
  - [Live Photo] 发现实况视频 (P3)，正在下载...
  -  正在下载用户 玛丽兰想当玛丽苏_555683603 资源: 2025-08-06_1097979870681497656_3.mp4
  - 所有 3 张图片均已存在，全部跳过。
  - [提取] 读取原始元数据: metadata\step2\2025-08-06_1097979870681497656.json
  - [生成] 写入内容信息文件: 2025-08-06_1097979870681497656.json
  - 正在保存动态 1097866784170573827 的步骤2元数据...
  - [Live Photo] 发现实况视频 (P1)，正在下载...
  -  正在下载用户 玛丽兰想当玛丽苏_555683603 资源: 2025-08-06_1097866784170573827_1.mp4
  - 所有 1 张图片均已存在，全部跳过。
  - [提取] 读取原始元数据: metadata\step2\2025-08-06_1097866784170573827.json
  - [生成] 写入内容信息文件: 2025-08-06_1097866784170573827.json
  - 正在保存动态 1097225335130292225 的步骤2元数据...
  - [Live Photo] 发现实况视频 (P1)，正在下载...
  -  正在下载用户 玛丽兰想当玛丽苏_555683603 资源: 2025-08-04_1097225335130292225_1.mp4
  - [Live Photo] 发现实况视频 (P2)，正在下载...
  -  正在下载用户 玛丽兰想当玛丽苏_555683603 资源: 2025-08-04_1097225335130292225_2.mp4
  - [Live Photo] 发现实况视频 (P3)，正在下载...
  -  正在下载用户 玛丽兰想当玛丽苏_555683603 资源: 2025-08-04_1097225335130292225_3.mp4
  - [Live Photo] 发现实况视频 (P4)，正在下载...
  -  正在下载用户 玛丽兰想当玛丽苏_555683603 资源: 2025-08-04_1097225335130292225_4.mp4
  - [Live Photo] 发现实况视频 (P5)，正在下载...
  -  正在下载用户 玛丽兰想当玛丽苏_555683603 资源: 2025-08-04_1097225335130292225_5.mp4
  - [Live Photo] 发现实况视频 (P6)，正在下载...
  -  正在下载用户 玛丽兰想当玛丽苏_555683603 资源: 2025-08-04_1097225335130292225_6.mp4
  - [Live Photo] 发现实况视频 (P7)，正在下载...
  -  正在下载用户 玛丽兰想当玛丽苏_555683603 资源: 2025-08-04_1097225335130292225_7.mp4
  - 所有 7 张图片均已存在，全部跳过。
  - [提取] 读取原始元数据: metadata\step2\2025-08-04_1097225335130292225.json
  - [生成] 写入内容信息文件: 2025-08-04_1097225335130292225.json
  - 正在保存动态 1096796435401146440 的步骤2元数据...
  - 所有 1 张图片均已存在，全部跳过。
  - [提取] 读取原始元数据: metadata\step2\2025-08-03_1096796435401146440.json
  - [生成] 写入内容信息文件: 2025-08-03_1096796435401146440.json
  - 正在保存动态 1096744337449943046 的步骤2元数据...
  - 所有 1 张图片均已存在，全部跳过。
  - [提取] 读取原始元数据: metadata\step2\2025-08-03_1096744337449943046.json
  - [生成] 写入内容信息文件: 2025-08-03_1096744337449943046.json
  - 正在保存动态 1095557955773792281 的步骤2元数据...
  - [Live Photo] 发现实况视频 (P2)，正在下载...
  -  正在下载用户 玛丽兰想当玛丽苏_555683603 资源: 2025-07-31_1095557955773792281_2.mp4
  - 所有 2 张图片均已存在，全部跳过。
  - [提取] 读取原始元数据: metadata\step2\2025-07-31_1095557955773792281.json
  - [生成] 写入内容信息文件: 2025-07-31_1095557955773792281.json
  - 正在保存动态 1094706993917067282 的步骤2元数据...
  - 所有 2 张图片均已存在，全部跳过。
  - [提取] 读取原始元数据: metadata\step2\2025-07-29_1094706993917067282.json
  - [生成] 写入内容信息文件: 2025-07-29_1094706993917067282.json
  - 正在保存动态 1093844680437661713 的步骤2元数据...
  - 所有 1 张图片均已存在，全部跳过。
  - [提取] 读取原始元数据: metadata\step2\2025-07-26_1093844680437661713.json
  - [生成] 写入内容信息文件: 2025-07-26_1093844680437661713.json
  - 正在保存动态 1093570055954759686 的步骤2元数据...
  - [Live Photo] 发现实况视频 (P1)，正在下载...
  -  正在下载用户 玛丽兰想当玛丽苏_555683603 资源: 2025-07-25_1093570055954759686_1.mp4
  - 所有 1 张图片均已存在，全部跳过。
  - [提取] 读取原始元数据: metadata\step2\2025-07-25_1093570055954759686.json
  - [生成] 写入内容信息文件: 2025-07-25_1093570055954759686.json
  - 正在保存动态 1092476458475978752 的步骤2元数据...
  - 所有 1 张图片均已存在，全部跳过。
  - [提取] 读取原始元数据: metadata\step2\2025-07-23_1092476458475978752.json
  - [生成] 写入内容信息文件: 2025-07-23_1092476458475978752.json
  - 正在保存动态 1092129798816268291 的步骤2元数据...
  - 所有 1 张图片均已存在，全部跳过。
  - [提取] 读取原始元数据: metadata\step2\2025-07-22_1092129798816268291.json
  - [生成] 写入内容信息文件: 2025-07-22_1092129798816268291.json
  - 正在保存动态 1091926320447750148 的步骤2元数据...
  - 所有 2 张图片均已存在，全部跳过。
  - [提取] 读取原始元数据: metadata\step2\2025-07-21_1091926320447750148.json
  - [生成] 写入内容信息文件: 2025-07-21_1091926320447750148.json
  - 正在保存动态 1091221297225007111 的步骤2元数据...
  - 所有 1 张图片均已存在，全部跳过。
  - [提取] 读取原始元数据: metadata\step2\2025-07-19_1091221297225007111.json
  - [生成] 写入内容信息文件: 2025-07-19_1091221297225007111.json
  - 正在保存动态 1090559412703068193 的步骤2元数据...
  - [Live Photo] 发现实况视频 (P1)，正在下载...
  -  正在下载用户 玛丽兰想当玛丽苏_555683603 资源: 2025-07-17_1090559412703068193_1.mp4
  - [Live Photo] 发现实况视频 (P2)，正在下载...
  -  正在下载用户 玛丽兰想当玛丽苏_555683603 资源: 2025-07-17_1090559412703068193_2.mp4
  - [Live Photo] 发现实况视频 (P3)，正在下载...
  -  正在下载用户 玛丽兰想当玛丽苏_555683603 资源: 2025-07-17_1090559412703068193_3.mp4
  - [Live Photo] 发现实况视频 (P4)，正在下载...
  -  正在下载用户 玛丽兰想当玛丽苏_555683603 资源: 2025-07-17_1090559412703068193_4.mp4
  - 所有 4 张图片均已存在，全部跳过。
  - [提取] 读取原始元数据: metadata\step2\2025-07-17_1090559412703068193.json
  - [生成] 写入内容信息文件: 2025-07-17_1090559412703068193.json
  - 正在保存动态 1090506043431059462 的步骤2元数据...
  - [Live Photo] 发现实况视频 (P2)，正在下载...
  -  正在下载用户 玛丽兰想当玛丽苏_555683603 资源: 2025-07-17_1090506043431059462_2.mp4
  - 所有 2 张图片均已存在，全部跳过。
  - [提取] 读取原始元数据: metadata\step2\2025-07-17_1090506043431059462.json
  - [生成] 写入内容信息文件: 2025-07-17_1090506043431059462.json
  - 正在保存动态 1090185656081055752 的步骤2元数据...
  - [Live Photo] 发现实况视频 (P1)，正在下载...
  -  正在下载用户 玛丽兰想当玛丽苏_555683603 资源: 2025-07-16_1090185656081055752_1.mp4
  - 所有 1 张图片均已存在，全部跳过。
  - [提取] 读取原始元数据: metadata\step2\2025-07-16_1090185656081055752.json
  - [生成] 写入内容信息文件: 2025-07-16_1090185656081055752.json
  - 正在保存动态 1088253105491935269 的步骤2元数据...
  - [提取] 读取原始元数据: metadata\step2\2025-07-11_1088253105491935269.json
  - [生成] 写入内容信息文件: 2025-07-11_1088253105491935269.json
  - 正在保存动态 1087956714102194195 的步骤2元数据...
  - 所有 1 张图片均已存在，全部跳过。
  - [提取] 读取原始元数据: metadata\step2\2025-07-10_1087956714102194195.json
  - [生成] 写入内容信息文件: 2025-07-10_1087956714102194195.json
  - 正在保存动态 1086059107363848245 的步骤2元数据...
  - [提取] 读取原始元数据: metadata\step2\2025-07-05_1086059107363848245.json
  - [生成] 写入内容信息文件: 2025-07-05_1086059107363848245.json
  - 正在保存动态 1085722115629383699 的步骤2元数据...
  - [Live Photo] 发现实况视频 (P1)，正在下载...
  -  正在下载用户 玛丽兰想当玛丽苏_555683603 资源: 2025-07-04_1085722115629383699_1.mp4
  - 所有 1 张图片均已存在，全部跳过。
  - [提取] 读取原始元数据: metadata\step2\2025-07-04_1085722115629383699.json
  - [生成] 写入内容信息文件: 2025-07-04_1085722115629383699.json
  - 正在保存动态 1084168956665659399 的步骤2元数据...
  - 所有 1 张图片均已存在，全部跳过。
  - [提取] 读取原始元数据: metadata\step2\2025-06-30_1084168956665659399.json
  - [生成] 写入内容信息文件: 2025-06-30_1084168956665659399.json
  - 正在保存动态 1083976520642330627 的步骤2元数据...
  - [Live Photo] 发现实况视频 (P1)，正在下载...
  -  正在下载用户 玛丽兰想当玛丽苏_555683603 资源: 2025-06-30_1083976520642330627_1.mp4
  - 所有 1 张图片均已存在，全部跳过。
  - [提取] 读取原始元数据: metadata\step2\2025-06-30_1083976520642330627.json
  - [生成] 写入内容信息文件: 2025-06-30_1083976520642330627.json
  - 正在保存动态 1082721071645327366 的步骤2元数据...
  - 所有 1 张图片均已存在，全部跳过。
  - [提取] 读取原始元数据: metadata\step2\2025-06-26_1082721071645327366.json
  - [生成] 写入内容信息文件: 2025-06-26_1082721071645327366.json
  - 正在保存动态 1082238733946716168 的步骤2元数据...
  - 所有 1 张图片均已存在，全部跳过。
  - [提取] 读取原始元数据: metadata\step2\2025-06-25_1082238733946716168.json
  - [生成] 写入内容信息文件: 2025-06-25_1082238733946716168.json
  - 正在保存动态 1082232132535844867 的步骤2元数据...
  - 所有 1 张图片均已存在，全部跳过。
  - [提取] 读取原始元数据: metadata\step2\2025-06-25_1082232132535844867.json
  - [生成] 写入内容信息文件: 2025-06-25_1082232132535844867.json

  - 将 1 个未下载的项目信息保存到 'undownloaded.json'...

>>>>>>>>> 完成用户 '玛丽兰想当玛丽苏_555683603' 的处理，总耗时: 0h 2m 32.22s <<<<<<<<<
  - 本次处理动态数: 39
  - 成功下载图片数: 4
  - 成功下载视频数: 25
  - 下载失败项目数: 1
>>>>>>>>>>>>>>>>>>>>>>>>>>>>>>>>>>>>>>>>>>>>>>>>>>>>>>>>>>>>>>>>

所有任务已完成！
详细运行日志已保存到: c:\Computer\my_github\github_python\gallery-dl-assitance\gallery-dl-assistance\log\run_log_2025-12-14_12-45-41.log
处理摘要日志已保存到: c:\Computer\my_github\github_python\gallery-dl-assitance\gallery-dl-assistance\log\processing_time_log.json
