程序启动于: 2025-12-14_01-43-10
----------------------------------------
正在从 'config.py' 的 USERS_ID 列表读取用户 ID...

>>>>>>>>> 开始处理用户ID: 4096581 (https://space.bilibili.com/4096581/article) <<<<<<<<<

[步骤1] 使用 'ITERATIVE' 模式，正在准备迭代获取动态 URL...

[步骤2] 开始处理用户 4096581 的动态...

用户识别为: '病院坂saki_4096581'
文件将保存至: C:\Base1.5-美女图片\bili\gallery-dl\bilibili_images\病院坂saki_4096581
  - 步骤2元数据 '2025-08-18_1102303017258975268.json' 已存在，跳过保存。
  - 所有 9 张图片均已存在，全部跳过。
  - 正在从本地元数据 '2025-08-18_1102303017258975268.json' 中提取内容...
  - 正在创建最终内容JSON文件: 2025-08-18_1102303017258975268.json
  - 步骤2元数据 '2025-08-07_1098274668634177554.json' 已存在，跳过保存。
  - 所有 1 张图片均已存在，全部跳过。
  - 正在从本地元数据 '2025-08-07_1098274668634177554.json' 中提取内容...
  - 正在创建最终内容JSON文件: 2025-08-07_1098274668634177554.json
  - 步骤2元数据 '2025-03-24_1047849338821148678.json' 已存在，跳过保存。
  - 所有 9 张图片均已存在，全部跳过。
  - 正在从本地元数据 '2025-03-24_1047849338821148678.json' 中提取内容...
  - 正在创建最终内容JSON文件: 2025-03-24_1047849338821148678.json
  - 步骤2元数据 '2025-03-09_1042217206431088644.json' 已存在，跳过保存。
  - 所有 2 张图片均已存在，全部跳过。
  - 正在从本地元数据 '2025-03-09_1042217206431088644.json' 中提取内容...
  - 正在创建最终内容JSON文件: 2025-03-09_1042217206431088644.json
  - 步骤2元数据 '2025-02-23_1036916624113795079.json' 已存在，跳过保存。
  - 所有 4 张图片均已存在，全部跳过。
  - 正在从本地元数据 '2025-02-23_1036916624113795079.json' 中提取内容...
  - 正在创建最终内容JSON文件: 2025-02-23_1036916624113795079.json
  - 步骤2元数据 '2025-01-23_1025381999793143813.json' 已存在，跳过保存。
  - 所有 2 张图片均已存在，全部跳过。
  - 正在从本地元数据 '2025-01-23_1025381999793143813.json' 中提取内容...
  - 正在创建最终内容JSON文件: 2025-01-23_1025381999793143813.json
  - 步骤2元数据 '2024-12-28_1016012644615716884.json' 已存在，跳过保存。
  - 所有 1 张图片均已存在，全部跳过。
  - 正在从本地元数据 '2024-12-28_1016012644615716884.json' 中提取内容...
  - 正在创建最终内容JSON文件: 2024-12-28_1016012644615716884.json
  - 步骤2元数据 '2024-12-13_1010373034746314755.json' 已存在，跳过保存。
  - 所有 1 张图片均已存在，全部跳过。
  - 正在从本地元数据 '2024-12-13_1010373034746314755.json' 中提取内容...
  - 正在创建最终内容JSON文件: 2024-12-13_1010373034746314755.json
  - 步骤2元数据 '2024-12-04_1006932456667873288.json' 已存在，跳过保存。
  - 所有 1 张图片均已存在，全部跳过。
  - 正在从本地元数据 '2024-12-04_1006932456667873288.json' 中提取内容...
  - 正在创建最终内容JSON文件: 2024-12-04_1006932456667873288.json
  - 步骤2元数据 '2024-10-24_991805302674292757.json' 已存在，跳过保存。
  - 所有 2 张图片均已存在，全部跳过。
  - 正在从本地元数据 '2024-10-24_991805302674292757.json' 中提取内容...
  - 正在创建最终内容JSON文件: 2024-10-24_991805302674292757.json
  - 步骤2元数据 '2024-10-05_984803634133860371.json' 已存在，跳过保存。
  - 所有 2 张图片均已存在，全部跳过。
  - 正在从本地元数据 '2024-10-05_984803634133860371.json' 中提取内容...
  - 正在创建最终内容JSON文件: 2024-10-05_984803634133860371.json
  - 步骤2元数据 '2024-10-02_983727396911841280.json' 已存在，跳过保存。
  - 所有 1 张图片均已存在，全部跳过。
  - 正在从本地元数据 '2024-10-02_983727396911841280.json' 中提取内容...
  - 正在创建最终内容JSON文件: 2024-10-02_983727396911841280.json
  - 步骤2元数据 '2024-10-01_983364334785658899.json' 已存在，跳过保存。
  - 所有 1 张图片均已存在，全部跳过。
  - 正在从本地元数据 '2024-10-01_983364334785658899.json' 中提取内容...
  - 正在创建最终内容JSON文件: 2024-10-01_983364334785658899.json
  - 步骤2元数据 '2024-09-30_982836410259079172.json' 已存在，跳过保存。
  - 所有 5 张图片均已存在，全部跳过。
  - 正在从本地元数据 '2024-09-30_982836410259079172.json' 中提取内容...
  - 正在创建最终内容JSON文件: 2024-09-30_982836410259079172.json
  - 步骤2元数据 '2024-09-10_975520844023332866.json' 已存在，跳过保存。
  - 所有 1 张图片均已存在，全部跳过。
  - 正在从本地元数据 '2024-09-10_975520844023332866.json' 中提取内容...
  - 正在创建最终内容JSON文件: 2024-09-10_975520844023332866.json
  - 步骤2元数据 '2024-08-19_967262034200625168.json' 已存在，跳过保存。
  - 所有 9 张图片均已存在，全部跳过。
  - 正在从本地元数据 '2024-08-19_967262034200625168.json' 中提取内容...
  - 正在创建最终内容JSON文件: 2024-08-19_967262034200625168.json
  - 步骤2元数据 '2024-08-05_962137949250519047.json' 已存在，跳过保存。
  - 所有 1 张图片均已存在，全部跳过。
  - 正在从本地元数据 '2024-08-05_962137949250519047.json' 中提取内容...
  - 正在创建最终内容JSON文件: 2024-08-05_962137949250519047.json
  - 步骤2元数据 '2024-07-17_955032054714597383.json' 已存在，跳过保存。
  - 所有 9 张图片均已存在，全部跳过。
  - 正在从本地元数据 '2024-07-17_955032054714597383.json' 中提取内容...
  - 正在创建最终内容JSON文件: 2024-07-17_955032054714597383.json
  - 步骤2元数据 '2024-06-24_946564127270109203.json' 已存在，跳过保存。
  - 所有 3 张图片均已存在，全部跳过。
  - 正在从本地元数据 '2024-06-24_946564127270109203.json' 中提取内容...
  - 正在创建最终内容JSON文件: 2024-06-24_946564127270109203.json
  - 步骤2元数据 '2024-06-22_945695959746084866.json' 已存在，跳过保存。
  - 所有 1 张图片均已存在，全部跳过。
  - 正在从本地元数据 '2024-06-22_945695959746084866.json' 中提取内容...
  - 正在创建最终内容JSON文件: 2024-06-22_945695959746084866.json
  - 步骤2元数据 '2024-06-05_939525882761969680.json' 已存在，跳过保存。
  - 所有 9 张图片均已存在，全部跳过。
  - 正在从本地元数据 '2024-06-05_939525882761969680.json' 中提取内容...
  - 正在创建最终内容JSON文件: 2024-06-05_939525882761969680.json
  - 步骤2元数据 '2024-05-08_929071528617705495.json' 已存在，跳过保存。
  - 所有 4 张图片均已存在，全部跳过。
  - 正在从本地元数据 '2024-05-08_929071528617705495.json' 中提取内容...
  - 正在创建最终内容JSON文件: 2024-05-08_929071528617705495.json
  - 步骤2元数据 '2024-05-02_926861106518949895.json' 已存在，跳过保存。
  - 所有 3 张图片均已存在，全部跳过。
  - 正在从本地元数据 '2024-05-02_926861106518949895.json' 中提取内容...
  - 正在创建最终内容JSON文件: 2024-05-02_926861106518949895.json
  - 步骤2元数据 '2024-03-18_910241477150376036.json' 已存在，跳过保存。
  - 所有 5 张图片均已存在，全部跳过。
  - 正在从本地元数据 '2024-03-18_910241477150376036.json' 中提取内容...
  - 正在创建最终内容JSON文件: 2024-03-18_910241477150376036.json
  - 步骤2元数据 '2024-03-14_908630353306976352.json' 已存在，跳过保存。
  - 所有 6 张图片均已存在，全部跳过。
  - 正在从本地元数据 '2024-03-14_908630353306976352.json' 中提取内容...
  - 正在创建最终内容JSON文件: 2024-03-14_908630353306976352.json
  - 步骤2元数据 '2024-03-06_905736052156661795.json' 已存在，跳过保存。
  - 所有 2 张图片均已存在，全部跳过。
  - 正在从本地元数据 '2024-03-06_905736052156661795.json' 中提取内容...
  - 正在创建最终内容JSON文件: 2024-03-06_905736052156661795.json
  - 步骤2元数据 '2024-02-14_897987888214441992.json' 已存在，跳过保存。
  - 所有 2 张图片均已存在，全部跳过。
  - 正在从本地元数据 '2024-02-14_897987888214441992.json' 中提取内容...
  - 正在创建最终内容JSON文件: 2024-02-14_897987888214441992.json
  - 步骤2元数据 '2024-02-11_896884906231070772.json' 已存在，跳过保存。
  - 所有 1 张图片均已存在，全部跳过。
  - 正在从本地元数据 '2024-02-11_896884906231070772.json' 中提取内容...
  - 正在创建最终内容JSON文件: 2024-02-11_896884906231070772.json
  - 步骤2元数据 '2024-02-04_894114570759569432.json' 已存在，跳过保存。
  - 所有 3 张图片均已存在，全部跳过。
  - 正在从本地元数据 '2024-02-04_894114570759569432.json' 中提取内容...
  - 正在创建最终内容JSON文件: 2024-02-04_894114570759569432.json
  - 步骤2元数据 '2023-12-30_880921346014445618.json' 已存在，跳过保存。
  - 所有 3 张图片均已存在，全部跳过。
  - 正在从本地元数据 '2023-12-30_880921346014445618.json' 中提取内容...
  - 正在创建最终内容JSON文件: 2023-12-30_880921346014445618.json
  - 步骤2元数据 '2023-12-28_880059715449520179.json' 已存在，跳过保存。
  - 所有 1 张图片均已存在，全部跳过。
  - 正在从本地元数据 '2023-12-28_880059715449520179.json' 中提取内容...
  - 正在创建最终内容JSON文件: 2023-12-28_880059715449520179.json
  - 步骤2元数据 '2023-12-22_877905969733959696.json' 已存在，跳过保存。
  - 所有 2 张图片均已存在，全部跳过。
  - 正在从本地元数据 '2023-12-22_877905969733959696.json' 中提取内容...
  - 正在创建最终内容JSON文件: 2023-12-22_877905969733959696.json
  - 步骤2元数据 '2023-12-20_877074425411797045.json' 已存在，跳过保存。
  - 所有 1 张图片均已存在，全部跳过。
  - 正在从本地元数据 '2023-12-20_877074425411797045.json' 中提取内容...
  - 正在创建最终内容JSON文件: 2023-12-20_877074425411797045.json
  - 步骤2元数据 '2023-12-15_875351172889706582.json' 已存在，跳过保存。
  - 所有 4 张图片均已存在，全部跳过。
  - 正在从本地元数据 '2023-12-15_875351172889706582.json' 中提取内容...
  - 正在创建最终内容JSON文件: 2023-12-15_875351172889706582.json
  - 步骤2元数据 '2023-11-30_869749521916100617.json' 已存在，跳过保存。
  - 所有 2 张图片均已存在，全部跳过。
  - 正在从本地元数据 '2023-11-30_869749521916100617.json' 中提取内容...
  - 正在创建最终内容JSON文件: 2023-11-30_869749521916100617.json
  - 步骤2元数据 '2023-11-28_868960695337615378.json' 已存在，跳过保存。
  - 所有 2 张图片均已存在，全部跳过。
  - 正在从本地元数据 '2023-11-28_868960695337615378.json' 中提取内容...
  - 正在创建最终内容JSON文件: 2023-11-28_868960695337615378.json
  - 步骤2元数据 '2023-11-21_866451626978705475.json' 已存在，跳过保存。
  - 所有 1 张图片均已存在，全部跳过。
  - 正在从本地元数据 '2023-11-21_866451626978705475.json' 中提取内容...
  - 正在创建最终内容JSON文件: 2023-11-21_866451626978705475.json
  - 步骤2元数据 '2023-11-20_865973846225715218.json' 已存在，跳过保存。
  - 所有 1 张图片均已存在，全部跳过。
  - 正在从本地元数据 '2023-11-20_865973846225715218.json' 中提取内容...
  - 正在创建最终内容JSON文件: 2023-11-20_865973846225715218.json
  - 步骤2元数据 '2023-11-17_864934593238663207.json' 已存在，跳过保存。
  - 所有 9 张图片均已存在，全部跳过。
  - 正在从本地元数据 '2023-11-17_864934593238663207.json' 中提取内容...
  - 正在创建最终内容JSON文件: 2023-11-17_864934593238663207.json
  - 步骤2元数据 '2023-11-03_859780198691766345.json' 已存在，跳过保存。
  - 所有 2 张图片均已存在，全部跳过。
  - 正在从本地元数据 '2023-11-03_859780198691766345.json' 中提取内容...
  - 正在创建最终内容JSON文件: 2023-11-03_859780198691766345.json
  - 步骤2元数据 '2023-11-01_858965782460104704.json' 已存在，跳过保存。
  - 所有 2 张图片均已存在，全部跳过。
  - 正在从本地元数据 '2023-11-01_858965782460104704.json' 中提取内容...
  - 正在创建最终内容JSON文件: 2023-11-01_858965782460104704.json
  - 步骤2元数据 '2023-10-31_858603862723919893.json' 已存在，跳过保存。
  - 所有 9 张图片均已存在，全部跳过。
  - 正在从本地元数据 '2023-10-31_858603862723919893.json' 中提取内容...
  - 正在创建最终内容JSON文件: 2023-10-31_858603862723919893.json
  - 步骤2元数据 '2023-10-23_855485153826308098.json' 已存在，跳过保存。
  - 所有 2 张图片均已存在，全部跳过。
  - 正在从本地元数据 '2023-10-23_855485153826308098.json' 中提取内容...
  - 正在创建最终内容JSON文件: 2023-10-23_855485153826308098.json
  - 步骤2元数据 '2023-10-20_854538577390862372.json' 已存在，跳过保存。
  - 所有 2 张图片均已存在，全部跳过。
  - 正在从本地元数据 '2023-10-20_854538577390862372.json' 中提取内容...
  - 正在创建最终内容JSON文件: 2023-10-20_854538577390862372.json
  - 步骤2元数据 '2023-10-10_850762029854621737.json' 已存在，跳过保存。
  - 所有 3 张图片均已存在，全部跳过。
  - 正在从本地元数据 '2023-10-10_850762029854621737.json' 中提取内容...
  - 正在创建最终内容JSON文件: 2023-10-10_850762029854621737.json
  - 步骤2元数据 '2023-10-03_848169325577633873.json' 已存在，跳过保存。
  - 所有 2 张图片均已存在，全部跳过。
  - 正在从本地元数据 '2023-10-03_848169325577633873.json' 中提取内容...
  - 正在创建最终内容JSON文件: 2023-10-03_848169325577633873.json
  - 步骤2元数据 '2023-09-30_847159583078088743.json' 已存在，跳过保存。
  - 所有 1 张图片均已存在，全部跳过。
  - 正在从本地元数据 '2023-09-30_847159583078088743.json' 中提取内容...
  - 正在创建最终内容JSON文件: 2023-09-30_847159583078088743.json
  - 步骤2元数据 '2023-09-18_842659067249819650.json' 已存在，跳过保存。
  - 所有 6 张图片均已存在，全部跳过。
  - 正在从本地元数据 '2023-09-18_842659067249819650.json' 中提取内容...
  - 正在创建最终内容JSON文件: 2023-09-18_842659067249819650.json
  - 步骤2元数据 '2023-09-15_841573333866643459.json' 已存在，跳过保存。
  - 所有 3 张图片均已存在，全部跳过。
  - 正在从本地元数据 '2023-09-15_841573333866643459.json' 中提取内容...
  - 正在创建最终内容JSON文件: 2023-09-15_841573333866643459.json
  - 步骤2元数据 '2023-09-11_840074171231764579.json' 已存在，跳过保存。
  - 所有 4 张图片均已存在，全部跳过。
  - 正在从本地元数据 '2023-09-11_840074171231764579.json' 中提取内容...
  - 正在创建最终内容JSON文件: 2023-09-11_840074171231764579.json
  - 步骤2元数据 '2023-08-25_833771216535814149.json' 已存在，跳过保存。
  - 所有 9 张图片均已存在，全部跳过。
  - 正在从本地元数据 '2023-08-25_833771216535814149.json' 中提取内容...
  - 正在创建最终内容JSON文件: 2023-08-25_833771216535814149.json
  - 步骤2元数据 '2023-08-22_832676390700580920.json' 已存在，跳过保存。
  - 所有 4 张图片均已存在，全部跳过。
  - 正在从本地元数据 '2023-08-22_832676390700580920.json' 中提取内容...
  - 正在创建最终内容JSON文件: 2023-08-22_832676390700580920.json
  - 步骤2元数据 '2023-08-18_831106051887595553.json' 已存在，跳过保存。
  - 所有 1 张图片均已存在，全部跳过。
  - 正在从本地元数据 '2023-08-18_831106051887595553.json' 中提取内容...
  - 正在创建最终内容JSON文件: 2023-08-18_831106051887595553.json
  - 步骤2元数据 '2023-08-16_830358611594051621.json' 已存在，跳过保存。
  - 所有 1 张图片均已存在，全部跳过。
  - 正在从本地元数据 '2023-08-16_830358611594051621.json' 中提取内容...
  - 正在创建最终内容JSON文件: 2023-08-16_830358611594051621.json
  - 步骤2元数据 '2023-08-15_829936218764476499.json' 已存在，跳过保存。
  - 所有 1 张图片均已存在，全部跳过。
  - 正在从本地元数据 '2023-08-15_829936218764476499.json' 中提取内容...
  - 正在创建最终内容JSON文件: 2023-08-15_829936218764476499.json
  - 步骤2元数据 '2023-08-12_828698714132447240.json' 已存在，跳过保存。
  - 所有 3 张图片均已存在，全部跳过。
  - 正在从本地元数据 '2023-08-12_828698714132447240.json' 中提取内容...
  - 正在创建最终内容JSON文件: 2023-08-12_828698714132447240.json
  - 步骤2元数据 '2023-08-11_828565291212472336.json' 已存在，跳过保存。
  - 所有 9 张图片均已存在，全部跳过。
  - 正在从本地元数据 '2023-08-11_828565291212472336.json' 中提取内容...
  - 正在创建最终内容JSON文件: 2023-08-11_828565291212472336.json
  - 步骤2元数据 '2023-08-09_827851914069671958.json' 已存在，跳过保存。
  - 所有 3 张图片均已存在，全部跳过。
  - 正在从本地元数据 '2023-08-09_827851914069671958.json' 中提取内容...
  - 正在创建最终内容JSON文件: 2023-08-09_827851914069671958.json
  - 步骤2元数据 '2023-08-07_827063882069573656.json' 已存在，跳过保存。
  - 所有 9 张图片均已存在，全部跳过。
  - 正在从本地元数据 '2023-08-07_827063882069573656.json' 中提取内容...
  - 正在创建最终内容JSON文件: 2023-08-07_827063882069573656.json
  - 步骤2元数据 '2023-08-01_824805279031885830.json' 已存在，跳过保存。
  - 所有 9 张图片均已存在，全部跳过。
  - 正在从本地元数据 '2023-08-01_824805279031885830.json' 中提取内容...
  - 正在创建最终内容JSON文件: 2023-08-01_824805279031885830.json
  - 步骤2元数据 '2023-07-23_821482254235598853.json' 已存在，跳过保存。
  - 所有 4 张图片均已存在，全部跳过。
  - 正在从本地元数据 '2023-07-23_821482254235598853.json' 中提取内容...
  - 正在创建最终内容JSON文件: 2023-07-23_821482254235598853.json
  - 步骤2元数据 '2023-07-03_814021217432371201.json' 已存在，跳过保存。
  - 所有 3 张图片均已存在，全部跳过。
  - 正在从本地元数据 '2023-07-03_814021217432371201.json' 中提取内容...
  - 正在创建最终内容JSON文件: 2023-07-03_814021217432371201.json
  - 步骤2元数据 '2023-06-30_812986426667827248.json' 已存在，跳过保存。
  - 所有 3 张图片均已存在，全部跳过。
  - 正在从本地元数据 '2023-06-30_812986426667827248.json' 中提取内容...
  - 正在创建最终内容JSON文件: 2023-06-30_812986426667827248.json
  - 步骤2元数据 '2023-06-29_812658639310422073.json' 已存在，跳过保存。
  - 所有 3 张图片均已存在，全部跳过。
  - 正在从本地元数据 '2023-06-29_812658639310422073.json' 中提取内容...
  - 正在创建最终内容JSON文件: 2023-06-29_812658639310422073.json
  - 步骤2元数据 '2023-06-17_808084464528785412.json' 已存在，跳过保存。
  - 所有 2 张图片均已存在，全部跳过。
  - 正在从本地元数据 '2023-06-17_808084464528785412.json' 中提取内容...
  - 正在创建最终内容JSON文件: 2023-06-17_808084464528785412.json
  - 步骤2元数据 '2023-06-16_807677207391502369.json' 已存在，跳过保存。
  - 所有 2 张图片均已存在，全部跳过。
  - 正在从本地元数据 '2023-06-16_807677207391502369.json' 中提取内容...
  - 正在创建最终内容JSON文件: 2023-06-16_807677207391502369.json
  - 步骤2元数据 '2023-06-14_806993538535391232.json' 已存在，跳过保存。
  - 所有 1 张图片均已存在，全部跳过。
  - 正在从本地元数据 '2023-06-14_806993538535391232.json' 中提取内容...
  - 正在创建最终内容JSON文件: 2023-06-14_806993538535391232.json
  - 步骤2元数据 '2023-06-03_803023344039362627.json' 已存在，跳过保存。
  - 所有 2 张图片均已存在，全部跳过。
  - 正在从本地元数据 '2023-06-03_803023344039362627.json' 中提取内容...
  - 正在创建最终内容JSON文件: 2023-06-03_803023344039362627.json
  - 步骤2元数据 '2023-06-01_802245052756656169.json' 已存在，跳过保存。
  - 所有 3 张图片均已存在，全部跳过。
  - 正在从本地元数据 '2023-06-01_802245052756656169.json' 中提取内容...
  - 正在创建最终内容JSON文件: 2023-06-01_802245052756656169.json
  - 步骤2元数据 '2023-05-28_800741500928393237.json' 已存在，跳过保存。
  - 所有 2 张图片均已存在，全部跳过。
  - 正在从本地元数据 '2023-05-28_800741500928393237.json' 中提取内容...
  - 正在创建最终内容JSON文件: 2023-05-28_800741500928393237.json
  - 步骤2元数据 '2023-05-05_792142692926619673.json' 已存在，跳过保存。
  - 所有 3 张图片均已存在，全部跳过。
  - 正在从本地元数据 '2023-05-05_792142692926619673.json' 中提取内容...
  - 正在创建最终内容JSON文件: 2023-05-05_792142692926619673.json
  - 步骤2元数据 '2023-05-03_791466415958786103.json' 已存在，跳过保存。
  - 所有 3 张图片均已存在，全部跳过。
  - 正在从本地元数据 '2023-05-03_791466415958786103.json' 中提取内容...
  - 正在创建最终内容JSON文件: 2023-05-03_791466415958786103.json
  - 步骤2元数据 '2023-05-02_790925941572370435.json' 已存在，跳过保存。
  - 所有 1 张图片均已存在，全部跳过。
  - 正在从本地元数据 '2023-05-02_790925941572370435.json' 中提取内容...
  - 正在创建最终内容JSON文件: 2023-05-02_790925941572370435.json
  - 步骤2元数据 '2023-04-27_789122252872351744.json' 已存在，跳过保存。
  - 所有 5 张图片均已存在，全部跳过。
  - 正在从本地元数据 '2023-04-27_789122252872351744.json' 中提取内容...
  - 正在创建最终内容JSON文件: 2023-04-27_789122252872351744.json
  - 步骤2元数据 '2023-04-24_787931370095640601.json' 已存在，跳过保存。
  - 所有 9 张图片均已存在，全部跳过。
  - 正在从本地元数据 '2023-04-24_787931370095640601.json' 中提取内容...
  - 正在创建最终内容JSON文件: 2023-04-24_787931370095640601.json
  - 步骤2元数据 '2023-04-22_787416424965472277.json' 已存在，跳过保存。
  - 所有 6 张图片均已存在，全部跳过。
  - 正在从本地元数据 '2023-04-22_787416424965472277.json' 中提取内容...
  - 正在创建最终内容JSON文件: 2023-04-22_787416424965472277.json
  - 步骤2元数据 '2023-04-21_787026227230670868.json' 已存在，跳过保存。
  - 所有 2 张图片均已存在，全部跳过。
  - 正在从本地元数据 '2023-04-21_787026227230670868.json' 中提取内容...
  - 正在创建最终内容JSON文件: 2023-04-21_787026227230670868.json
  - 步骤2元数据 '2023-04-19_786198376577237030.json' 已存在，跳过保存。
  - 所有 9 张图片均已存在，全部跳过。
  - 正在从本地元数据 '2023-04-19_786198376577237030.json' 中提取内容...
  - 正在创建最终内容JSON文件: 2023-04-19_786198376577237030.json
  - 步骤2元数据 '2023-04-18_785799270980649000.json' 已存在，跳过保存。
  - 所有 6 张图片均已存在，全部跳过。
  - 正在从本地元数据 '2023-04-18_785799270980649000.json' 中提取内容...
  - 正在创建最终内容JSON文件: 2023-04-18_785799270980649000.json
  - 步骤2元数据 '2023-04-16_785071673510461448.json' 已存在，跳过保存。
  - 所有 1 张图片均已存在，全部跳过。
  - 正在从本地元数据 '2023-04-16_785071673510461448.json' 中提取内容...
  - 正在创建最终内容JSON文件: 2023-04-16_785071673510461448.json
  - 步骤2元数据 '2023-04-13_784016073611542576.json' 已存在，跳过保存。
  - 所有 1 张图片均已存在，全部跳过。
  - 正在从本地元数据 '2023-04-13_784016073611542576.json' 中提取内容...
  - 正在创建最终内容JSON文件: 2023-04-13_784016073611542576.json
  - 步骤2元数据 '2023-04-11_783082437887393796.json' 已存在，跳过保存。
  - 所有 1 张图片均已存在，全部跳过。
  - 正在从本地元数据 '2023-04-11_783082437887393796.json' 中提取内容...
  - 正在创建最终内容JSON文件: 2023-04-11_783082437887393796.json
  - 步骤2元数据 '2023-04-10_782624641623523352.json' 已存在，跳过保存。
  - 所有 2 张图片均已存在，全部跳过。
  - 正在从本地元数据 '2023-04-10_782624641623523352.json' 中提取内容...
  - 正在创建最终内容JSON文件: 2023-04-10_782624641623523352.json
  - 步骤2元数据 '2023-04-08_781975564678332422.json' 已存在，跳过保存。
  - 所有 6 张图片均已存在，全部跳过。
  - 正在从本地元数据 '2023-04-08_781975564678332422.json' 中提取内容...
  - 正在创建最终内容JSON文件: 2023-04-08_781975564678332422.json
  - 步骤2元数据 '2023-04-03_780300291222274100.json' 已存在，跳过保存。
  - 所有 7 张图片均已存在，全部跳过。
  - 正在从本地元数据 '2023-04-03_780300291222274100.json' 中提取内容...
  - 正在创建最终内容JSON文件: 2023-04-03_780300291222274100.json
  - 步骤2元数据 '2023-03-31_779165526500835349.json' 已存在，跳过保存。
  - 所有 9 张图片均已存在，全部跳过。
  - 正在从本地元数据 '2023-03-31_779165526500835349.json' 中提取内容...
  - 正在创建最终内容JSON文件: 2023-03-31_779165526500835349.json
  - 步骤2元数据 '2023-03-27_777749106442371112.json' 已存在，跳过保存。
  - 所有 9 张图片均已存在，全部跳过。
  - 正在从本地元数据 '2023-03-27_777749106442371112.json' 中提取内容...
  - 正在创建最终内容JSON文件: 2023-03-27_777749106442371112.json
  - 步骤2元数据 '2023-03-25_776956736487555089.json' 已存在，跳过保存。
  - 所有 4 张图片均已存在，全部跳过。
  - 正在从本地元数据 '2023-03-25_776956736487555089.json' 中提取内容...
  - 正在创建最终内容JSON文件: 2023-03-25_776956736487555089.json
  - 步骤2元数据 '2023-03-24_776560809251700832.json' 已存在，跳过保存。
  - 所有 8 张图片均已存在，全部跳过。
  - 正在从本地元数据 '2023-03-24_776560809251700832.json' 中提取内容...
  - 正在创建最终内容JSON文件: 2023-03-24_776560809251700832.json
  - 步骤2元数据 '2023-03-21_775385366896050259.json' 已存在，跳过保存。
  - 所有 4 张图片均已存在，全部跳过。
  - 正在从本地元数据 '2023-03-21_775385366896050259.json' 中提取内容...
  - 正在创建最终内容JSON文件: 2023-03-21_775385366896050259.json
  - 步骤2元数据 '2023-03-20_774999232129007635.json' 已存在，跳过保存。
  - 所有 9 张图片均已存在，全部跳过。
  - 正在从本地元数据 '2023-03-20_774999232129007635.json' 中提取内容...
  - 正在创建最终内容JSON文件: 2023-03-20_774999232129007635.json
  - 步骤2元数据 '2023-03-19_774758988836241457.json' 已存在，跳过保存。
  - 所有 1 张图片均已存在，全部跳过。
  - 正在从本地元数据 '2023-03-19_774758988836241457.json' 中提取内容...
  - 正在创建最终内容JSON文件: 2023-03-19_774758988836241457.json
  - 步骤2元数据 '2023-03-19_774465822959599619.json' 已存在，跳过保存。
  - 所有 8 张图片均已存在，全部跳过。
  - 正在从本地元数据 '2023-03-19_774465822959599619.json' 中提取内容...
  - 正在创建最终内容JSON文件: 2023-03-19_774465822959599619.json
  - 步骤2元数据 '2023-03-17_773762741109260312.json' 已存在，跳过保存。
  - 所有 1 张图片均已存在，全部跳过。
  - 正在从本地元数据 '2023-03-17_773762741109260312.json' 中提取内容...
  - 正在创建最终内容JSON文件: 2023-03-17_773762741109260312.json
  - 步骤2元数据 '2023-03-15_773187593473884183.json' 已存在，跳过保存。
  - 所有 9 张图片均已存在，全部跳过。
  - 正在从本地元数据 '2023-03-15_773187593473884183.json' 中提取内容...
  - 正在创建最终内容JSON文件: 2023-03-15_773187593473884183.json
  - 步骤2元数据 '2023-03-14_772667833713688581.json' 已存在，跳过保存。
  - 所有 2 张图片均已存在，全部跳过。
  - 正在从本地元数据 '2023-03-14_772667833713688581.json' 中提取内容...
  - 正在创建最终内容JSON文件: 2023-03-14_772667833713688581.json
  - 步骤2元数据 '2023-03-08_770712614237896720.json' 已存在，跳过保存。
  - 所有 2 张图片均已存在，全部跳过。
  - 正在从本地元数据 '2023-03-08_770712614237896720.json' 中提取内容...
  - 正在创建最终内容JSON文件: 2023-03-08_770712614237896720.json
  - 步骤2元数据 '2023-03-08_770440420725358597.json' 已存在，跳过保存。
  - 所有 2 张图片均已存在，全部跳过。
  - 正在从本地元数据 '2023-03-08_770440420725358597.json' 中提取内容...
  - 正在创建最终内容JSON文件: 2023-03-08_770440420725358597.json
  - 步骤2元数据 '2023-03-05_769507287511334947.json' 已存在，跳过保存。
  - 所有 4 张图片均已存在，全部跳过。
  - 正在从本地元数据 '2023-03-05_769507287511334947.json' 中提取内容...
  - 正在创建最终内容JSON文件: 2023-03-05_769507287511334947.json
  - 步骤2元数据 '2023-03-05_769351332943364098.json' 已存在，跳过保存。
  - 所有 4 张图片均已存在，全部跳过。
  - 正在从本地元数据 '2023-03-05_769351332943364098.json' 中提取内容...
  - 正在创建最终内容JSON文件: 2023-03-05_769351332943364098.json
  - 步骤2元数据 '2023-03-04_769147661336969249.json' 已存在，跳过保存。
  - 所有 4 张图片均已存在，全部跳过。
  - 正在从本地元数据 '2023-03-04_769147661336969249.json' 中提取内容...
  - 正在创建最终内容JSON文件: 2023-03-04_769147661336969249.json
  - 步骤2元数据 '2023-03-02_768254028968624149.json' 已存在，跳过保存。
  - 所有 2 张图片均已存在，全部跳过。
  - 正在从本地元数据 '2023-03-02_768254028968624149.json' 中提取内容...
  - 正在创建最终内容JSON文件: 2023-03-02_768254028968624149.json
  - 步骤2元数据 '2023-02-20_764649297239081001.json' 已存在，跳过保存。
  - 所有 2 张图片均已存在，全部跳过。
  - 正在从本地元数据 '2023-02-20_764649297239081001.json' 中提取内容...
  - 正在创建最终内容JSON文件: 2023-02-20_764649297239081001.json
  - 步骤2元数据 '2023-02-16_763147806773870609.json' 已存在，跳过保存。
  - 所有 9 张图片均已存在，全部跳过。
  - 正在从本地元数据 '2023-02-16_763147806773870609.json' 中提取内容...
  - 正在创建最终内容JSON文件: 2023-02-16_763147806773870609.json
  - 步骤2元数据 '2023-02-14_762341761646329856.json' 已存在，跳过保存。
  - 所有 4 张图片均已存在，全部跳过。
  - 正在从本地元数据 '2023-02-14_762341761646329856.json' 中提取内容...
  - 正在创建最终内容JSON文件: 2023-02-14_762341761646329856.json
  - 步骤2元数据 '2023-02-13_762119986741248017.json' 已存在，跳过保存。
  - 所有 4 张图片均已存在，全部跳过。
  - 正在从本地元数据 '2023-02-13_762119986741248017.json' 中提取内容...
  - 正在创建最终内容JSON文件: 2023-02-13_762119986741248017.json
  - 步骤2元数据 '2023-02-01_757735851628167168.json' 已存在，跳过保存。
  - 所有 3 张图片均已存在，全部跳过。
  - 正在从本地元数据 '2023-02-01_757735851628167168.json' 中提取内容...
  - 正在创建最终内容JSON文件: 2023-02-01_757735851628167168.json
  - 步骤2元数据 '2023-01-30_757012587686658119.json' 已存在，跳过保存。
  - 所有 1 张图片均已存在，全部跳过。
  - 正在从本地元数据 '2023-01-30_757012587686658119.json' 中提取内容...
  - 正在创建最终内容JSON文件: 2023-01-30_757012587686658119.json
  - 步骤2元数据 '2023-01-30_756815006316625955.json' 已存在，跳过保存。
  - 所有 6 张图片均已存在，全部跳过。
  - 正在从本地元数据 '2023-01-30_756815006316625955.json' 中提取内容...
  - 正在创建最终内容JSON文件: 2023-01-30_756815006316625955.json
  - 步骤2元数据 '2023-01-18_752425850379436176.json' 已存在，跳过保存。
  - 所有 9 张图片均已存在，全部跳过。
  - 正在从本地元数据 '2023-01-18_752425850379436176.json' 中提取内容...
  - 正在创建最终内容JSON文件: 2023-01-18_752425850379436176.json
  - 步骤2元数据 '2023-01-10_749233237988999170.json' 已存在，跳过保存。
  - 所有 8 张图片均已存在，全部跳过。
  - 正在从本地元数据 '2023-01-10_749233237988999170.json' 中提取内容...
  - 正在创建最终内容JSON文件: 2023-01-10_749233237988999170.json
  - 步骤2元数据 '2022-12-22_742393206205841442.json' 已存在，跳过保存。
  - 所有 3 张图片均已存在，全部跳过。
  - 正在从本地元数据 '2022-12-22_742393206205841442.json' 中提取内容...
  - 正在创建最终内容JSON文件: 2022-12-22_742393206205841442.json
  - 步骤2元数据 '2022-12-17_740566346168795155.json' 已存在，跳过保存。
  - 所有 3 张图片均已存在，全部跳过。
  - 正在从本地元数据 '2022-12-17_740566346168795155.json' 中提取内容...
  - 正在创建最终内容JSON文件: 2022-12-17_740566346168795155.json
  - 步骤2元数据 '2022-12-16_740042544847519746.json' 已存在，跳过保存。
  - 所有 7 张图片均已存在，全部跳过。
  - 正在从本地元数据 '2022-12-16_740042544847519746.json' 中提取内容...
  - 正在创建最终内容JSON文件: 2022-12-16_740042544847519746.json
  - 步骤2元数据 '2022-12-15_739877386162536503.json' 已存在，跳过保存。
  - 所有 9 张图片均已存在，全部跳过。
  - 正在从本地元数据 '2022-12-15_739877386162536503.json' 中提取内容...
  - 正在创建最终内容JSON文件: 2022-12-15_739877386162536503.json
  - 步骤2元数据 '2022-12-14_739507924495237155.json' 已存在，跳过保存。
  - 所有 3 张图片均已存在，全部跳过。
  - 正在从本地元数据 '2022-12-14_739507924495237155.json' 中提取内容...
  - 正在创建最终内容JSON文件: 2022-12-14_739507924495237155.json
  - 步骤2元数据 '2022-12-12_738806479007514643.json' 已存在，跳过保存。
  - 所有 1 张图片均已存在，全部跳过。
  - 正在从本地元数据 '2022-12-12_738806479007514643.json' 中提取内容...
  - 正在创建最终内容JSON文件: 2022-12-12_738806479007514643.json
  - 步骤2元数据 '2022-12-07_736624103045201939.json' 已存在，跳过保存。
  - 所有 5 张图片均已存在，全部跳过。
  - 正在从本地元数据 '2022-12-07_736624103045201939.json' 中提取内容...
  - 正在创建最终内容JSON文件: 2022-12-07_736624103045201939.json
  - 步骤2元数据 '2022-11-29_733863229334224932.json' 已存在，跳过保存。
  - 所有 6 张图片均已存在，全部跳过。
  - 正在从本地元数据 '2022-11-29_733863229334224932.json' 中提取内容...
  - 正在创建最终内容JSON文件: 2022-11-29_733863229334224932.json
  - 步骤2元数据 '2022-11-25_732423423156813847.json' 已存在，跳过保存。
  - 所有 8 张图片均已存在，全部跳过。
  - 正在从本地元数据 '2022-11-25_732423423156813847.json' 中提取内容...
  - 正在创建最终内容JSON文件: 2022-11-25_732423423156813847.json
  - 步骤2元数据 '2022-11-22_731139137736802306.json' 已存在，跳过保存。
  - 所有 5 张图片均已存在，全部跳过。
  - 正在从本地元数据 '2022-11-22_731139137736802306.json' 中提取内容...
  - 正在创建最终内容JSON文件: 2022-11-22_731139137736802306.json
  - 步骤2元数据 '2022-11-19_729985801576775687.json' 已存在，跳过保存。
  - 所有 1 张图片均已存在，全部跳过。
  - 正在从本地元数据 '2022-11-19_729985801576775687.json' 中提取内容...
  - 正在创建最终内容JSON文件: 2022-11-19_729985801576775687.json
  - 步骤2元数据 '2022-11-18_729700130436939784.json' 已存在，跳过保存。
  - 所有 5 张图片均已存在，全部跳过。
  - 正在从本地元数据 '2022-11-18_729700130436939784.json' 中提取内容...
  - 正在创建最终内容JSON文件: 2022-11-18_729700130436939784.json
  - 步骤2元数据 '2022-11-17_729197954252931081.json' 已存在，跳过保存。
  - 所有 1 张图片均已存在，全部跳过。
  - 正在从本地元数据 '2022-11-17_729197954252931081.json' 中提取内容...
  - 正在创建最终内容JSON文件: 2022-11-17_729197954252931081.json
  - 步骤2元数据 '2022-11-11_726997049821626376.json' 已存在，跳过保存。
  - 所有 5 张图片均已存在，全部跳过。
  - 正在从本地元数据 '2022-11-11_726997049821626376.json' 中提取内容...
  - 正在创建最终内容JSON文件: 2022-11-11_726997049821626376.json
  - 步骤2元数据 '2022-11-10_726846618592084049.json' 已存在，跳过保存。
  - 所有 8 张图片均已存在，全部跳过。
  - 正在从本地元数据 '2022-11-10_726846618592084049.json' 中提取内容...
  - 正在创建最终内容JSON文件: 2022-11-10_726846618592084049.json
  - 步骤2元数据 '2022-11-09_726377801430597653.json' 已存在，跳过保存。
  - 所有 3 张图片均已存在，全部跳过。
  - 正在从本地元数据 '2022-11-09_726377801430597653.json' 中提取内容...
  - 正在创建最终内容JSON文件: 2022-11-09_726377801430597653.json
  - 步骤2元数据 '2022-11-09_726377410592768039.json' 已存在，跳过保存。
  - 所有 3 张图片均已存在，全部跳过。
  - 正在从本地元数据 '2022-11-09_726377410592768039.json' 中提取内容...
  - 正在创建最终内容JSON文件: 2022-11-09_726377410592768039.json
  - 步骤2元数据 '2022-11-07_725652686389641238.json' 已存在，跳过保存。
  - 所有 9 张图片均已存在，全部跳过。
  - 正在从本地元数据 '2022-11-07_725652686389641238.json' 中提取内容...
  - 正在创建最终内容JSON文件: 2022-11-07_725652686389641238.json
  - 步骤2元数据 '2022-11-01_723351923948781586.json' 已存在，跳过保存。
  - 所有 7 张图片均已存在，全部跳过。
  - 正在从本地元数据 '2022-11-01_723351923948781586.json' 中提取内容...
  - 正在创建最终内容JSON文件: 2022-11-01_723351923948781586.json
  - 步骤2元数据 '2022-10-31_723183513986138145.json' 已存在，跳过保存。
  - 所有 9 张图片均已存在，全部跳过。
  - 正在从本地元数据 '2022-10-31_723183513986138145.json' 中提取内容...
  - 正在创建最终内容JSON文件: 2022-10-31_723183513986138145.json
  - 步骤2元数据 '2022-10-27_721727842190098438.json' 已存在，跳过保存。
  - 所有 9 张图片均已存在，全部跳过。
  - 正在从本地元数据 '2022-10-27_721727842190098438.json' 中提取内容...
  - 正在创建最终内容JSON文件: 2022-10-27_721727842190098438.json
  - 步骤2元数据 '2022-10-23_720152327943618632.json' 已存在，跳过保存。
  - 所有 1 张图片均已存在，全部跳过。
  - 正在从本地元数据 '2022-10-23_720152327943618632.json' 中提取内容...
  - 正在创建最终内容JSON文件: 2022-10-23_720152327943618632.json
  - 步骤2元数据 '2022-10-23_720038545665818642.json' 已存在，跳过保存。
  - 所有 9 张图片均已存在，全部跳过。
  - 正在从本地元数据 '2022-10-23_720038545665818642.json' 中提取内容...
  - 正在创建最终内容JSON文件: 2022-10-23_720038545665818642.json
  - 步骤2元数据 '2022-10-18_718196631745331225.json' 已存在，跳过保存。
  - 所有 6 张图片均已存在，全部跳过。
  - 正在从本地元数据 '2022-10-18_718196631745331225.json' 中提取内容...
  - 正在创建最终内容JSON文件: 2022-10-18_718196631745331225.json
  - 步骤2元数据 '2022-10-16_717375661637894164.json' 已存在，跳过保存。
  - 所有 3 张图片均已存在，全部跳过。
  - 正在从本地元数据 '2022-10-16_717375661637894164.json' 中提取内容...
  - 正在创建最终内容JSON文件: 2022-10-16_717375661637894164.json
  - 步骤2元数据 '2022-10-14_716606385763123201.json' 已存在，跳过保存。
  - 所有 5 张图片均已存在，全部跳过。
  - 正在从本地元数据 '2022-10-14_716606385763123201.json' 中提取内容...
  - 正在创建最终内容JSON文件: 2022-10-14_716606385763123201.json
  - 步骤2元数据 '2022-10-07_714088817664983080.json' 已存在，跳过保存。
  - 所有 9 张图片均已存在，全部跳过。
  - 正在从本地元数据 '2022-10-07_714088817664983080.json' 中提取内容...
  - 正在创建最终内容JSON文件: 2022-10-07_714088817664983080.json
  - 步骤2元数据 '2022-09-25_709827643163279411.json' 已存在，跳过保存。
  - 所有 3 张图片均已存在，全部跳过。
  - 正在从本地元数据 '2022-09-25_709827643163279411.json' 中提取内容...
  - 正在创建最终内容JSON文件: 2022-09-25_709827643163279411.json
  - 步骤2元数据 '2022-09-16_706513719376478359.json' 已存在，跳过保存。
  - 所有 6 张图片均已存在，全部跳过。
  - 正在从本地元数据 '2022-09-16_706513719376478359.json' 中提取内容...
  - 正在创建最终内容JSON文件: 2022-09-16_706513719376478359.json
  - 步骤2元数据 '2022-09-13_705223287856168981.json' 已存在，跳过保存。
  - 所有 9 张图片均已存在，全部跳过。
  - 正在从本地元数据 '2022-09-13_705223287856168981.json' 中提取内容...
  - 正在创建最终内容JSON文件: 2022-09-13_705223287856168981.json
  - 步骤2元数据 '2022-09-04_701980574655447043.json' 已存在，跳过保存。
  - 所有 2 张图片均已存在，全部跳过。
  - 正在从本地元数据 '2022-09-04_701980574655447043.json' 中提取内容...
  - 正在创建最终内容JSON文件: 2022-09-04_701980574655447043.json
  - 步骤2元数据 '2022-09-01_700909873658855445.json' 已存在，跳过保存。
  - 所有 2 张图片均已存在，全部跳过。
  - 正在从本地元数据 '2022-09-01_700909873658855445.json' 中提取内容...
  - 正在创建最终内容JSON文件: 2022-09-01_700909873658855445.json
  - 步骤2元数据 '2022-08-24_697871106919366664.json' 已存在，跳过保存。
  - 所有 4 张图片均已存在，全部跳过。
  - 正在从本地元数据 '2022-08-24_697871106919366664.json' 中提取内容...
  - 正在创建最终内容JSON文件: 2022-08-24_697871106919366664.json
  - 步骤2元数据 '2022-08-13_693900139045060725.json' 已存在，跳过保存。
  - 所有 1 张图片均已存在，全部跳过。
  - 正在从本地元数据 '2022-08-13_693900139045060725.json' 中提取内容...
  - 正在创建最终内容JSON文件: 2022-08-13_693900139045060725.json
  - 步骤2元数据 '2022-08-04_690554918024511528.json' 已存在，跳过保存。
  - 所有 1 张图片均已存在，全部跳过。
  - 正在从本地元数据 '2022-08-04_690554918024511528.json' 中提取内容...
  - 正在创建最终内容JSON文件: 2022-08-04_690554918024511528.json
  - 步骤2元数据 '2022-07-29_688292475125628952.json' 已存在，跳过保存。
  - 所有 4 张图片均已存在，全部跳过。
  - 正在从本地元数据 '2022-07-29_688292475125628952.json' 中提取内容...
  - 正在创建最终内容JSON文件: 2022-07-29_688292475125628952.json
  - 步骤2元数据 '2022-07-18_684105165690634249.json' 已存在，跳过保存。
  - 所有 1 张图片均已存在，全部跳过。
  - 正在从本地元数据 '2022-07-18_684105165690634249.json' 中提取内容...
  - 正在创建最终内容JSON文件: 2022-07-18_684105165690634249.json
  - 步骤2元数据 '2022-07-12_681954323306905602.json' 已存在，跳过保存。
  - 所有 3 张图片均已存在，全部跳过。
  - 正在从本地元数据 '2022-07-12_681954323306905602.json' 中提取内容...
  - 正在创建最终内容JSON文件: 2022-07-12_681954323306905602.json
  - 步骤2元数据 '2022-07-05_679393431768793232.json' 已存在，跳过保存。
  - 所有 2 张图片均已存在，全部跳过。
  - 正在从本地元数据 '2022-07-05_679393431768793232.json' 中提取内容...
  - 正在创建最终内容JSON文件: 2022-07-05_679393431768793232.json
  - 步骤2元数据 '2022-06-23_674953887230197794.json' 已存在，跳过保存。
  - 所有 3 张图片均已存在，全部跳过。
  - 正在从本地元数据 '2022-06-23_674953887230197794.json' 中提取内容...
  - 正在创建最终内容JSON文件: 2022-06-23_674953887230197794.json
  - 步骤2元数据 '2022-06-11_670428061200547875.json' 已存在，跳过保存。
  - 所有 1 张图片均已存在，全部跳过。
  - 正在从本地元数据 '2022-06-11_670428061200547875.json' 中提取内容...
  - 正在创建最终内容JSON文件: 2022-06-11_670428061200547875.json
  - 步骤2元数据 '2022-06-11_670409876298530833.json' 已存在，跳过保存。
  - 所有 9 张图片均已存在，全部跳过。
  - 正在从本地元数据 '2022-06-11_670409876298530833.json' 中提取内容...
  - 正在创建最终内容JSON文件: 2022-06-11_670409876298530833.json
  - 步骤2元数据 '2022-06-06_668622942263836753.json' 已存在，跳过保存。
  - 所有 2 张图片均已存在，全部跳过。
  - 正在从本地元数据 '2022-06-06_668622942263836753.json' 中提取内容...
  - 正在创建最终内容JSON文件: 2022-06-06_668622942263836753.json
  - 步骤2元数据 '2022-06-04_667622180541956098.json' 已存在，跳过保存。
  - 所有 1 张图片均已存在，全部跳过。
  - 正在从本地元数据 '2022-06-04_667622180541956098.json' 中提取内容...
  - 正在创建最终内容JSON文件: 2022-06-04_667622180541956098.json
  - 步骤2元数据 '2022-06-03_667332012533612563.json' 已存在，跳过保存。
  - 所有 7 张图片均已存在，全部跳过。
  - 正在从本地元数据 '2022-06-03_667332012533612563.json' 中提取内容...
  - 正在创建最终内容JSON文件: 2022-06-03_667332012533612563.json
  - 步骤2元数据 '2022-06-01_666617574804422693.json' 已存在，跳过保存。
  - 所有 5 张图片均已存在，全部跳过。
  - 正在从本地元数据 '2022-06-01_666617574804422693.json' 中提取内容...
  - 正在创建最终内容JSON文件: 2022-06-01_666617574804422693.json
  - 步骤2元数据 '2022-05-30_665775662429110277.json' 已存在，跳过保存。
  - 所有 2 张图片均已存在，全部跳过。
  - 正在从本地元数据 '2022-05-30_665775662429110277.json' 中提取内容...
  - 正在创建最终内容JSON文件: 2022-05-30_665775662429110277.json
  - 步骤2元数据 '2022-05-21_662550253652672537.json' 已存在，跳过保存。
  - 所有 6 张图片均已存在，全部跳过。
  - 正在从本地元数据 '2022-05-21_662550253652672537.json' 中提取内容...
  - 正在创建最终内容JSON文件: 2022-05-21_662550253652672537.json
  - 步骤2元数据 '2022-05-19_661664764548612119.json' 已存在，跳过保存。
  - 所有 2 张图片均已存在，全部跳过。
  - 正在从本地元数据 '2022-05-19_661664764548612119.json' 中提取内容...
  - 正在创建最终内容JSON文件: 2022-05-19_661664764548612119.json
  - 步骤2元数据 '2022-05-15_660310745990299673.json' 已存在，跳过保存。
  - 所有 6 张图片均已存在，全部跳过。
  - 正在从本地元数据 '2022-05-15_660310745990299673.json' 中提取内容...
  - 正在创建最终内容JSON文件: 2022-05-15_660310745990299673.json
  - 步骤2元数据 '2022-05-06_657183150814789641.json' 已存在，跳过保存。
  - 所有 3 张图片均已存在，全部跳过。
  - 正在从本地元数据 '2022-05-06_657183150814789641.json' 中提取内容...
  - 正在创建最终内容JSON文件: 2022-05-06_657183150814789641.json
  - 步骤2元数据 '2022-05-06_656866822172180489.json' 已存在，跳过保存。
  - 所有 6 张图片均已存在，全部跳过。
  - 正在从本地元数据 '2022-05-06_656866822172180489.json' 中提取内容...
  - 正在创建最终内容JSON文件: 2022-05-06_656866822172180489.json
  - 步骤2元数据 '2022-04-29_654429368119984137.json' 已存在，跳过保存。
  - 所有 9 张图片均已存在，全部跳过。
  - 正在从本地元数据 '2022-04-29_654429368119984137.json' 中提取内容...
  - 正在创建最终内容JSON文件: 2022-04-29_654429368119984137.json
  - 步骤2元数据 '2022-04-24_652482936182931460.json' 已存在，跳过保存。
  - 所有 1 张图片均已存在，全部跳过。
  - 正在从本地元数据 '2022-04-24_652482936182931460.json' 中提取内容...
  - 正在创建最终内容JSON文件: 2022-04-24_652482936182931460.json
  - 步骤2元数据 '2022-04-13_648506389333803048.json' 已存在，跳过保存。
  - 所有 6 张图片均已存在，全部跳过。
  - 正在从本地元数据 '2022-04-13_648506389333803048.json' 中提取内容...
  - 正在创建最终内容JSON文件: 2022-04-13_648506389333803048.json
  - 步骤2元数据 '2022-04-11_647689250241773572.json' 已存在，跳过保存。
  - 所有 6 张图片均已存在，全部跳过。
  - 正在从本地元数据 '2022-04-11_647689250241773572.json' 中提取内容...
  - 正在创建最终内容JSON文件: 2022-04-11_647689250241773572.json
  - 步骤2元数据 '2022-03-17_638363785296347154.json' 已存在，跳过保存。
  - 所有 1 张图片均已存在，全部跳过。
  - 正在从本地元数据 '2022-03-17_638363785296347154.json' 中提取内容...
  - 正在创建最终内容JSON文件: 2022-03-17_638363785296347154.json
  - 步骤2元数据 '2022-03-13_637076218529710087.json' 已存在，跳过保存。
  - 所有 5 张图片均已存在，全部跳过。
  - 正在从本地元数据 '2022-03-13_637076218529710087.json' 中提取内容...
  - 正在创建最终内容JSON文件: 2022-03-13_637076218529710087.json
  - 步骤2元数据 '2022-03-06_634446328459427843.json' 已存在，跳过保存。
  - 所有 6 张图片均已存在，全部跳过。
  - 正在从本地元数据 '2022-03-06_634446328459427843.json' 中提取内容...
  - 正在创建最终内容JSON文件: 2022-03-06_634446328459427843.json
  - 步骤2元数据 '2022-03-05_634088372995883011.json' 已存在，跳过保存。
  - 所有 1 张图片均已存在，全部跳过。
  - 正在从本地元数据 '2022-03-05_634088372995883011.json' 中提取内容...
  - 正在创建最终内容JSON文件: 2022-03-05_634088372995883011.json
  - 步骤2元数据 '2022-02-26_631466140842852358.json' 已存在，跳过保存。
  - 所有 2 张图片均已存在，全部跳过。
  - 正在从本地元数据 '2022-02-26_631466140842852358.json' 中提取内容...
  - 正在创建最终内容JSON文件: 2022-02-26_631466140842852358.json
  - 步骤2元数据 '2022-02-11_625937315266291753.json' 已存在，跳过保存。
  - 所有 2 张图片均已存在，全部跳过。
  - 正在从本地元数据 '2022-02-11_625937315266291753.json' 中提取内容...
  - 正在创建最终内容JSON文件: 2022-02-11_625937315266291753.json
  - 步骤2元数据 '2022-02-09_625123758274729212.json' 已存在，跳过保存。
  - 所有 2 张图片均已存在，全部跳过。
  - 正在从本地元数据 '2022-02-09_625123758274729212.json' 中提取内容...
  - 正在创建最终内容JSON文件: 2022-02-09_625123758274729212.json
  - 步骤2元数据 '2022-02-01_622254397994217074.json' 已存在，跳过保存。
  - 所有 9 张图片均已存在，全部跳过。
  - 正在从本地元数据 '2022-02-01_622254397994217074.json' 中提取内容...
  - 正在创建最终内容JSON文件: 2022-02-01_622254397994217074.json
  - 步骤2元数据 '2022-02-01_621955987963854184.json' 已存在，跳过保存。
  - 所有 2 张图片均已存在，全部跳过。
  - 正在从本地元数据 '2022-02-01_621955987963854184.json' 中提取内容...
  - 正在创建最终内容JSON文件: 2022-02-01_621955987963854184.json
  - 步骤2元数据 '2022-01-17_616557811065602110.json' 已存在，跳过保存。
  - 所有 1 张图片均已存在，全部跳过。
  - 正在从本地元数据 '2022-01-17_616557811065602110.json' 中提取内容...
  - 正在创建最终内容JSON文件: 2022-01-17_616557811065602110.json
  - 步骤2元数据 '2022-01-16_616243677160112180.json' 已存在，跳过保存。
  - 所有 1 张图片均已存在，全部跳过。
  - 正在从本地元数据 '2022-01-16_616243677160112180.json' 中提取内容...
  - 正在创建最终内容JSON文件: 2022-01-16_616243677160112180.json
  - 步骤2元数据 '2022-01-08_613253211687760338.json' 已存在，跳过保存。
  - 所有 1 张图片均已存在，全部跳过。
  - 正在从本地元数据 '2022-01-08_613253211687760338.json' 中提取内容...
  - 正在创建最终内容JSON文件: 2022-01-08_613253211687760338.json
  - 步骤2元数据 '2022-01-07_612996282448905001.json' 已存在，跳过保存。
  - 所有 1 张图片均已存在，全部跳过。
  - 正在从本地元数据 '2022-01-07_612996282448905001.json' 中提取内容...
  - 正在创建最终内容JSON文件: 2022-01-07_612996282448905001.json
  - 步骤2元数据 '2022-01-01_610519606746948170.json' 已存在，跳过保存。
  - 所有 1 张图片均已存在，全部跳过。
  - 正在从本地元数据 '2022-01-01_610519606746948170.json' 中提取内容...
  - 正在创建最终内容JSON文件: 2022-01-01_610519606746948170.json
  - 步骤2元数据 '2021-12-27_608845209447175258.json' 已存在，跳过保存。
  - 所有 5 张图片均已存在，全部跳过。
  - 正在从本地元数据 '2021-12-27_608845209447175258.json' 中提取内容...
  - 正在创建最终内容JSON文件: 2021-12-27_608845209447175258.json
  - 步骤2元数据 '2021-12-25_608060815277089354.json' 已存在，跳过保存。
  - 所有 2 张图片均已存在，全部跳过。
  - 正在从本地元数据 '2021-12-25_608060815277089354.json' 中提取内容...
  - 正在创建最终内容JSON文件: 2021-12-25_608060815277089354.json
  - 步骤2元数据 '2021-12-24_607836901448796734.json' 已存在，跳过保存。
  - 所有 1 张图片均已存在，全部跳过。
  - 正在从本地元数据 '2021-12-24_607836901448796734.json' 中提取内容...
  - 正在创建最终内容JSON文件: 2021-12-24_607836901448796734.json
  - 步骤2元数据 '2021-12-20_606260171712613192.json' 已存在，跳过保存。
  - 所有 9 张图片均已存在，全部跳过。
  - 正在从本地元数据 '2021-12-20_606260171712613192.json' 中提取内容...
  - 正在创建最终内容JSON文件: 2021-12-20_606260171712613192.json
  - 步骤2元数据 '2021-12-15_604494639507116545.json' 已存在，跳过保存。
  - 所有 7 张图片均已存在，全部跳过。
  - 正在从本地元数据 '2021-12-15_604494639507116545.json' 中提取内容...
  - 正在创建最终内容JSON文件: 2021-12-15_604494639507116545.json
  - 步骤2元数据 '2021-12-11_602957376221547536.json' 已存在，跳过保存。
  - 所有 2 张图片均已存在，全部跳过。
  - 正在从本地元数据 '2021-12-11_602957376221547536.json' 中提取内容...
  - 正在创建最终内容JSON文件: 2021-12-11_602957376221547536.json
  - 步骤2元数据 '2021-12-11_602801932762781499.json' 已存在，跳过保存。
  - 所有 1 张图片均已存在，全部跳过。
  - 正在从本地元数据 '2021-12-11_602801932762781499.json' 中提取内容...
  - 正在创建最终内容JSON文件: 2021-12-11_602801932762781499.json
  - 步骤2元数据 '2021-12-08_601868528993481763.json' 已存在，跳过保存。
  - 所有 9 张图片均已存在，全部跳过。
  - 正在从本地元数据 '2021-12-08_601868528993481763.json' 中提取内容...
  - 正在创建最终内容JSON文件: 2021-12-08_601868528993481763.json
  - 步骤2元数据 '2021-12-01_599182533758863944.json' 已存在，跳过保存。
  - 所有 9 张图片均已存在，全部跳过。
  - 正在从本地元数据 '2021-12-01_599182533758863944.json' 中提取内容...
  - 正在创建最终内容JSON文件: 2021-12-01_599182533758863944.json
  - 步骤2元数据 '2021-11-30_598876032007229763.json' 已存在，跳过保存。
  - 所有 1 张图片均已存在，全部跳过。
  - 正在从本地元数据 '2021-11-30_598876032007229763.json' 中提取内容...
  - 正在创建最终内容JSON文件: 2021-11-30_598876032007229763.json
  - 步骤2元数据 '2021-11-22_595904747863438276.json' 已存在，跳过保存。
  - 所有 4 张图片均已存在，全部跳过。
  - 正在从本地元数据 '2021-11-22_595904747863438276.json' 中提取内容...
  - 正在创建最终内容JSON文件: 2021-11-22_595904747863438276.json
  - 步骤2元数据 '2021-11-14_592748964804471753.json' 已存在，跳过保存。
  - 所有 1 张图片均已存在，全部跳过。
  - 正在从本地元数据 '2021-11-14_592748964804471753.json' 中提取内容...
  - 正在创建最终内容JSON文件: 2021-11-14_592748964804471753.json
  - 步骤2元数据 '2021-11-14_592623826643344911.json' 已存在，跳过保存。
  - 所有 2 张图片均已存在，全部跳过。
  - 正在从本地元数据 '2021-11-14_592623826643344911.json' 中提取内容...
  - 正在创建最终内容JSON文件: 2021-11-14_592623826643344911.json
  - 步骤2元数据 '2021-11-11_591812133659458646.json' 已存在，跳过保存。
  - 所有 6 张图片均已存在，全部跳过。
  - 正在从本地元数据 '2021-11-11_591812133659458646.json' 中提取内容...
  - 正在创建最终内容JSON文件: 2021-11-11_591812133659458646.json
  - 步骤2元数据 '2021-11-03_588612752389159315.json' 已存在，跳过保存。
  - 所有 9 张图片均已存在，全部跳过。
  - 正在从本地元数据 '2021-11-03_588612752389159315.json' 中提取内容...
  - 正在创建最终内容JSON文件: 2021-11-03_588612752389159315.json
  - 步骤2元数据 '2021-10-28_586625973531333087.json' 已存在，跳过保存。
  - 所有 1 张图片均已存在，全部跳过。
  - 正在从本地元数据 '2021-10-28_586625973531333087.json' 中提取内容...
  - 正在创建最终内容JSON文件: 2021-10-28_586625973531333087.json
  - 步骤2元数据 '2021-10-28_586620836745161224.json' 已存在，跳过保存。
  - 所有 1 张图片均已存在，全部跳过。
  - 正在从本地元数据 '2021-10-28_586620836745161224.json' 中提取内容...
  - 正在创建最终内容JSON文件: 2021-10-28_586620836745161224.json
  - 步骤2元数据 '2021-10-18_582903731532979743.json' 已存在，跳过保存。
  - 所有 1 张图片均已存在，全部跳过。
  - 正在从本地元数据 '2021-10-18_582903731532979743.json' 中提取内容...
  - 正在创建最终内容JSON文件: 2021-10-18_582903731532979743.json
  - 步骤2元数据 '2021-10-18_582778464515148840.json' 已存在，跳过保存。
  - 所有 6 张图片均已存在，全部跳过。
  - 正在从本地元数据 '2021-10-18_582778464515148840.json' 中提取内容...
  - 正在创建最终内容JSON文件: 2021-10-18_582778464515148840.json
  - 步骤2元数据 '2021-10-17_582601413083131856.json' 已存在，跳过保存。
  - 所有 1 张图片均已存在，全部跳过。
  - 正在从本地元数据 '2021-10-17_582601413083131856.json' 中提取内容...
  - 正在创建最终内容JSON文件: 2021-10-17_582601413083131856.json
  - 步骤2元数据 '2021-10-14_581449799209210000.json' 已存在，跳过保存。
  - 所有 9 张图片均已存在，全部跳过。
  - 正在从本地元数据 '2021-10-14_581449799209210000.json' 中提取内容...
  - 正在创建最终内容JSON文件: 2021-10-14_581449799209210000.json
  - 步骤2元数据 '2021-10-13_580949353907533380.json' 已存在，跳过保存。
  - 所有 1 张图片均已存在，全部跳过。
  - 正在从本地元数据 '2021-10-13_580949353907533380.json' 中提取内容...
  - 正在创建最终内容JSON文件: 2021-10-13_580949353907533380.json
  - 步骤2元数据 '2021-10-11_580061768852471019.json' 已存在，跳过保存。
  - 所有 1 张图片均已存在，全部跳过。
  - 正在从本地元数据 '2021-10-11_580061768852471019.json' 中提取内容...
  - 正在创建最终内容JSON文件: 2021-10-11_580061768852471019.json
  - 步骤2元数据 '2021-10-10_579914339803071758.json' 已存在，跳过保存。
  - 所有 2 张图片均已存在，全部跳过。
  - 正在从本地元数据 '2021-10-10_579914339803071758.json' 中提取内容...
  - 正在创建最终内容JSON文件: 2021-10-10_579914339803071758.json
  - 步骤2元数据 '2021-10-09_579327419637226935.json' 已存在，跳过保存。
  - 所有 5 张图片均已存在，全部跳过。
  - 正在从本地元数据 '2021-10-09_579327419637226935.json' 中提取内容...
  - 正在创建最终内容JSON文件: 2021-10-09_579327419637226935.json
  - 步骤2元数据 '2021-10-03_577072952655493104.json' 已存在，跳过保存。
  - 所有 1 张图片均已存在，全部跳过。
  - 正在从本地元数据 '2021-10-03_577072952655493104.json' 中提取内容...
  - 正在创建最终内容JSON文件: 2021-10-03_577072952655493104.json
  - 步骤2元数据 '2021-09-26_574701056961757801.json' 已存在，跳过保存。
  - 所有 4 张图片均已存在，全部跳过。
  - 正在从本地元数据 '2021-09-26_574701056961757801.json' 中提取内容...
  - 正在创建最终内容JSON文件: 2021-09-26_574701056961757801.json
  - 步骤2元数据 '2021-09-24_573903704875656297.json' 已存在，跳过保存。
  - 所有 2 张图片均已存在，全部跳过。
  - 正在从本地元数据 '2021-09-24_573903704875656297.json' 中提取内容...
  - 正在创建最终内容JSON文件: 2021-09-24_573903704875656297.json
  - 步骤2元数据 '2021-09-23_573539530300841301.json' 已存在，跳过保存。
  - 所有 3 张图片均已存在，全部跳过。
  - 正在从本地元数据 '2021-09-23_573539530300841301.json' 中提取内容...
  - 正在创建最终内容JSON文件: 2021-09-23_573539530300841301.json
  - 步骤2元数据 '2021-09-14_570320675648709380.json' 已存在，跳过保存。
  - 所有 2 张图片均已存在，全部跳过。
  - 正在从本地元数据 '2021-09-14_570320675648709380.json' 中提取内容...
  - 正在创建最终内容JSON文件: 2021-09-14_570320675648709380.json
  - 步骤2元数据 '2021-09-03_566148969623098792.json' 已存在，跳过保存。
  - 所有 2 张图片均已存在，全部跳过。
  - 正在从本地元数据 '2021-09-03_566148969623098792.json' 中提取内容...
  - 正在创建最终内容JSON文件: 2021-09-03_566148969623098792.json
  - 步骤2元数据 '2021-08-29_564058166662593543.json' 已存在，跳过保存。
  - 所有 6 张图片均已存在，全部跳过。
  - 正在从本地元数据 '2021-08-29_564058166662593543.json' 中提取内容...
  - 正在创建最终内容JSON文件: 2021-08-29_564058166662593543.json
  - 步骤2元数据 '2021-07-16_547838570552356266.json' 已存在，跳过保存。
  - 所有 1 张图片均已存在，全部跳过。
  - 正在从本地元数据 '2021-07-16_547838570552356266.json' 中提取内容...
  - 正在创建最终内容JSON文件: 2021-07-16_547838570552356266.json
  - 步骤2元数据 '2021-07-14_547330596185845355.json' 已存在，跳过保存。
  - 所有 2 张图片均已存在，全部跳过。
  - 正在从本地元数据 '2021-07-14_547330596185845355.json' 中提取内容...
  - 正在创建最终内容JSON文件: 2021-07-14_547330596185845355.json
  - 步骤2元数据 '2021-07-07_544533309754748182.json' 已存在，跳过保存。
  - 所有 3 张图片均已存在，全部跳过。
  - 正在从本地元数据 '2021-07-07_544533309754748182.json' 中提取内容...
  - 正在创建最终内容JSON文件: 2021-07-07_544533309754748182.json
  - 步骤2元数据 '2021-06-14_536157827178260574.json' 已存在，跳过保存。
  - 所有 2 张图片均已存在，全部跳过。
  - 正在从本地元数据 '2021-06-14_536157827178260574.json' 中提取内容...
  - 正在创建最终内容JSON文件: 2021-06-14_536157827178260574.json
  - 步骤2元数据 '2021-06-06_533165459031127603.json' 已存在，跳过保存。
  - 所有 3 张图片均已存在，全部跳过。
  - 正在从本地元数据 '2021-06-06_533165459031127603.json' 中提取内容...
  - 正在创建最终内容JSON文件: 2021-06-06_533165459031127603.json
  - 步骤2元数据 '2021-06-05_532762170193987891.json' 已存在，跳过保存。
  - 所有 2 张图片均已存在，全部跳过。
  - 正在从本地元数据 '2021-06-05_532762170193987891.json' 中提取内容...
  - 正在创建最终内容JSON文件: 2021-06-05_532762170193987891.json
  - 步骤2元数据 '2021-05-13_524259260226527206.json' 已存在，跳过保存。
  - 所有 2 张图片均已存在，全部跳过。
  - 正在从本地元数据 '2021-05-13_524259260226527206.json' 中提取内容...
  - 正在创建最终内容JSON文件: 2021-05-13_524259260226527206.json
  - 步骤2元数据 '2021-05-02_520210940024271447.json' 已存在，跳过保存。
  - 所有 2 张图片均已存在，全部跳过。
  - 正在从本地元数据 '2021-05-02_520210940024271447.json' 中提取内容...
  - 正在创建最终内容JSON文件: 2021-05-02_520210940024271447.json
  - 步骤2元数据 '2021-04-17_514668765758603989.json' 已存在，跳过保存。
  - 所有 1 张图片均已存在，全部跳过。
  - 正在从本地元数据 '2021-04-17_514668765758603989.json' 中提取内容...
  - 正在创建最终内容JSON文件: 2021-04-17_514668765758603989.json
  - 步骤2元数据 '2021-03-20_504002798595394953.json' 已存在，跳过保存。
  - 所有 2 张图片均已存在，全部跳过。
  - 正在从本地元数据 '2021-03-20_504002798595394953.json' 中提取内容...
  - 正在创建最终内容JSON文件: 2021-03-20_504002798595394953.json
  - 步骤2元数据 '2021-03-07_499445005075694842.json' 已存在，跳过保存。
  - 所有 2 张图片均已存在，全部跳过。
  - 正在从本地元数据 '2021-03-07_499445005075694842.json' 中提取内容...
  - 正在创建最终内容JSON文件: 2021-03-07_499445005075694842.json
  - 步骤2元数据 '2021-03-06_498972704704508969.json' 已存在，跳过保存。
  - 所有 2 张图片均已存在，全部跳过。
  - 正在从本地元数据 '2021-03-06_498972704704508969.json' 中提取内容...
  - 正在创建最终内容JSON文件: 2021-03-06_498972704704508969.json
  - 步骤2元数据 '2021-03-05_498647872026240955.json' 已存在，跳过保存。
  - 所有 1 张图片均已存在，全部跳过。
  - 正在从本地元数据 '2021-03-05_498647872026240955.json' 中提取内容...
  - 正在创建最终内容JSON文件: 2021-03-05_498647872026240955.json
  - 步骤2元数据 '2021-02-26_495999749815262081.json' 已存在，跳过保存。
  - 所有 1 张图片均已存在，全部跳过。
  - 正在从本地元数据 '2021-02-26_495999749815262081.json' 中提取内容...
  - 正在创建最终内容JSON文件: 2021-02-26_495999749815262081.json
  - 步骤2元数据 '2021-02-13_491237825079609654.json' 已存在，跳过保存。
  - 所有 1 张图片均已存在，全部跳过。
  - 正在从本地元数据 '2021-02-13_491237825079609654.json' 中提取内容...
  - 正在创建最终内容JSON文件: 2021-02-13_491237825079609654.json
  - 步骤2元数据 '2021-02-10_489923066877751402.json' 已存在，跳过保存。
  - 所有 1 张图片均已存在，全部跳过。
  - 正在从本地元数据 '2021-02-10_489923066877751402.json' 中提取内容...
  - 正在创建最终内容JSON文件: 2021-02-10_489923066877751402.json
  - 步骤2元数据 '2020-12-23_471906048434339473.json' 已存在，跳过保存。
  - 所有 2 张图片均已存在，全部跳过。
  - 正在从本地元数据 '2020-12-23_471906048434339473.json' 中提取内容...
  - 正在创建最终内容JSON文件: 2020-12-23_471906048434339473.json
  - 步骤2元数据 '2020-11-22_460433443463248788.json' 已存在，跳过保存。
  - 所有 3 张图片均已存在，全部跳过。
  - 正在从本地元数据 '2020-11-22_460433443463248788.json' 中提取内容...
  - 正在创建最终内容JSON文件: 2020-11-22_460433443463248788.json
  - 步骤2元数据 '2020-11-17_458306975090856593.json' 已存在，跳过保存。
  - 所有 1 张图片均已存在，全部跳过。
  - 正在从本地元数据 '2020-11-17_458306975090856593.json' 中提取内容...
  - 正在创建最终内容JSON文件: 2020-11-17_458306975090856593.json
  - 步骤2元数据 '2020-11-10_455934314898785369.json' 已存在，跳过保存。
  - 所有 2 张图片均已存在，全部跳过。
  - 正在从本地元数据 '2020-11-10_455934314898785369.json' 中提取内容...
  - 正在创建最终内容JSON文件: 2020-11-10_455934314898785369.json
  - 步骤2元数据 '2020-11-02_452928172799088450.json' 已存在，跳过保存。
  - 所有 1 张图片均已存在，全部跳过。
  - 正在从本地元数据 '2020-11-02_452928172799088450.json' 中提取内容...
  - 正在创建最终内容JSON文件: 2020-11-02_452928172799088450.json
  - 步骤2元数据 '2020-11-01_452627563739431706.json' 已存在，跳过保存。
  - 所有 1 张图片均已存在，全部跳过。
  - 正在从本地元数据 '2020-11-01_452627563739431706.json' 中提取内容...
  - 正在创建最终内容JSON文件: 2020-11-01_452627563739431706.json
  - 步骤2元数据 '2020-10-18_447466211342708013.json' 已存在，跳过保存。
  - 所有 1 张图片均已存在，全部跳过。
  - 正在从本地元数据 '2020-10-18_447466211342708013.json' 中提取内容...
  - 正在创建最终内容JSON文件: 2020-10-18_447466211342708013.json
  - 步骤2元数据 '2020-10-12_445020480870903855.json' 已存在，跳过保存。
  - 所有 2 张图片均已存在，全部跳过。
  - 正在从本地元数据 '2020-10-12_445020480870903855.json' 中提取内容...
  - 正在创建最终内容JSON文件: 2020-10-12_445020480870903855.json
  - 步骤2元数据 '2020-10-10_444448863675749632.json' 已存在，跳过保存。
  - 所有 2 张图片均已存在，全部跳过。
  - 正在从本地元数据 '2020-10-10_444448863675749632.json' 中提取内容...
  - 正在创建最终内容JSON文件: 2020-10-10_444448863675749632.json
  - 步骤2元数据 '2020-10-09_444037070799941809.json' 已存在，跳过保存。
  - 所有 1 张图片均已存在，全部跳过。
  - 正在从本地元数据 '2020-10-09_444037070799941809.json' 中提取内容...
  - 正在创建最终内容JSON文件: 2020-10-09_444037070799941809.json
  - 步骤2元数据 '2020-10-09_443868991549415994.json' 已存在，跳过保存。
  - 所有 1 张图片均已存在，全部跳过。
  - 正在从本地元数据 '2020-10-09_443868991549415994.json' 中提取内容...
  - 正在创建最终内容JSON文件: 2020-10-09_443868991549415994.json
  - 步骤2元数据 '2020-09-27_439457299929702002.json' 已存在，跳过保存。
  - 所有 3 张图片均已存在，全部跳过。
  - 正在从本地元数据 '2020-09-27_439457299929702002.json' 中提取内容...
  - 正在创建最终内容JSON文件: 2020-09-27_439457299929702002.json
  - 步骤2元数据 '2020-09-23_438163286416574041.json' 已存在，跳过保存。
  - 所有 2 张图片均已存在，全部跳过。
  - 正在从本地元数据 '2020-09-23_438163286416574041.json' 中提取内容...
  - 正在创建最终内容JSON文件: 2020-09-23_438163286416574041.json
  - 步骤2元数据 '2020-09-19_436693256547749971.json' 已存在，跳过保存。
  - 所有 1 张图片均已存在，全部跳过。
  - 正在从本地元数据 '2020-09-19_436693256547749971.json' 中提取内容...
  - 正在创建最终内容JSON文件: 2020-09-19_436693256547749971.json
  - 步骤2元数据 '2020-08-30_429167537541791975.json' 已存在，跳过保存。
  - 所有 2 张图片均已存在，全部跳过。
  - 正在从本地元数据 '2020-08-30_429167537541791975.json' 中提取内容...
  - 正在创建最终内容JSON文件: 2020-08-30_429167537541791975.json
  - 步骤2元数据 '2020-08-25_427225946033844015.json' 已存在，跳过保存。
  - 所有 4 张图片均已存在，全部跳过。
  - 正在从本地元数据 '2020-08-25_427225946033844015.json' 中提取内容...
  - 正在创建最终内容JSON文件: 2020-08-25_427225946033844015.json
  - 步骤2元数据 '2020-08-21_425865025514726822.json' 已存在，跳过保存。
  - 所有 2 张图片均已存在，全部跳过。
  - 正在从本地元数据 '2020-08-21_425865025514726822.json' 中提取内容...
  - 正在创建最终内容JSON文件: 2020-08-21_425865025514726822.json
  - 步骤2元数据 '2020-08-16_424040493343953539.json' 已存在，跳过保存。
  - 所有 1 张图片均已存在，全部跳过。
  - 正在从本地元数据 '2020-08-16_424040493343953539.json' 中提取内容...
  - 正在创建最终内容JSON文件: 2020-08-16_424040493343953539.json
  - 步骤2元数据 '2020-08-11_422142289602228261.json' 已存在，跳过保存。
  - 所有 2 张图片均已存在，全部跳过。
  - 正在从本地元数据 '2020-08-11_422142289602228261.json' 中提取内容...
  - 正在创建最终内容JSON文件: 2020-08-11_422142289602228261.json
  - 步骤2元数据 '2020-08-10_421658684875549439.json' 已存在，跳过保存。
  - 所有 9 张图片均已存在，全部跳过。
  - 正在从本地元数据 '2020-08-10_421658684875549439.json' 中提取内容...
  - 正在创建最终内容JSON文件: 2020-08-10_421658684875549439.json
  - 步骤2元数据 '2020-07-26_416212138062907376.json' 已存在，跳过保存。
  - 所有 3 张图片均已存在，全部跳过。
  - 正在从本地元数据 '2020-07-26_416212138062907376.json' 中提取内容...
  - 正在创建最终内容JSON文件: 2020-07-26_416212138062907376.json
  - 步骤2元数据 '2020-07-12_411121059918303922.json' 已存在，跳过保存。
  - 所有 1 张图片均已存在，全部跳过。
  - 正在从本地元数据 '2020-07-12_411121059918303922.json' 中提取内容...
  - 正在创建最终内容JSON文件: 2020-07-12_411121059918303922.json
  - 步骤2元数据 '2020-06-27_405499222605662764.json' 已存在，跳过保存。
  - 所有 2 张图片均已存在，全部跳过。
  - 正在从本地元数据 '2020-06-27_405499222605662764.json' 中提取内容...
  - 正在创建最终内容JSON文件: 2020-06-27_405499222605662764.json
  - 步骤2元数据 '2020-06-09_398681846785995474.json' 已存在，跳过保存。
  - 所有 2 张图片均已存在，全部跳过。
  - 正在从本地元数据 '2020-06-09_398681846785995474.json' 中提取内容...
  - 正在创建最终内容JSON文件: 2020-06-09_398681846785995474.json
  - 步骤2元数据 '2020-06-09_398681679282270625.json' 已存在，跳过保存。
  - 所有 1 张图片均已存在，全部跳过。
  - 正在从本地元数据 '2020-06-09_398681679282270625.json' 中提取内容...
  - 正在创建最终内容JSON文件: 2020-06-09_398681679282270625.json
  - 步骤2元数据 '2020-05-30_394913906340357384.json' 已存在，跳过保存。
  - 所有 1 张图片均已存在，全部跳过。
  - 正在从本地元数据 '2020-05-30_394913906340357384.json' 中提取内容...
  - 正在创建最终内容JSON文件: 2020-05-30_394913906340357384.json
  - 步骤2元数据 '2020-05-27_393886502916363324.json' 已存在，跳过保存。
  - 所有 2 张图片均已存在，全部跳过。
  - 正在从本地元数据 '2020-05-27_393886502916363324.json' 中提取内容...
  - 正在创建最终内容JSON文件: 2020-05-27_393886502916363324.json
  - 步骤2元数据 '2020-04-28_383234155099053061.json' 已存在，跳过保存。
  - 所有 1 张图片均已存在，全部跳过。
  - 正在从本地元数据 '2020-04-28_383234155099053061.json' 中提取内容...
  - 正在创建最终内容JSON文件: 2020-04-28_383234155099053061.json
  - 步骤2元数据 '2020-04-11_376931964900955856.json' 已存在，跳过保存。
  - 所有 2 张图片均已存在，全部跳过。
  - 正在从本地元数据 '2020-04-11_376931964900955856.json' 中提取内容...
  - 正在创建最终内容JSON文件: 2020-04-11_376931964900955856.json
  - 步骤2元数据 '2020-04-08_375836207072345515.json' 已存在，跳过保存。
  - 所有 4 张图片均已存在，全部跳过。
  - 正在从本地元数据 '2020-04-08_375836207072345515.json' 中提取内容...
  - 正在创建最终内容JSON文件: 2020-04-08_375836207072345515.json
  - 步骤2元数据 '2020-03-26_370952970987778343.json' 已存在，跳过保存。
  - 所有 1 张图片均已存在，全部跳过。
  - 正在从本地元数据 '2020-03-26_370952970987778343.json' 中提取内容...
  - 正在创建最终内容JSON文件: 2020-03-26_370952970987778343.json
  - 步骤2元数据 '2019-12-25_336794305808919750.json' 已存在，跳过保存。
  - 所有 1 张图片均已存在，全部跳过。
  - 正在从本地元数据 '2019-12-25_336794305808919750.json' 中提取内容...
  - 正在创建最终内容JSON文件: 2019-12-25_336794305808919750.json
  - 步骤2元数据 '2019-12-15_333215434115849769.json' 已存在，跳过保存。
  - 所有 9 张图片均已存在，全部跳过。
  - 正在从本地元数据 '2019-12-15_333215434115849769.json' 中提取内容...
  - 正在创建最终内容JSON文件: 2019-12-15_333215434115849769.json
  - 步骤2元数据 '2019-12-06_329738134105916178.json' 已存在，跳过保存。
  - 所有 1 张图片均已存在，全部跳过。
  - 正在从本地元数据 '2019-12-06_329738134105916178.json' 中提取内容...
  - 正在创建最终内容JSON文件: 2019-12-06_329738134105916178.json
  - 步骤2元数据 '2019-12-03_328734881284642577.json' 已存在，跳过保存。
  - 所有 1 张图片均已存在，全部跳过。
  - 正在从本地元数据 '2019-12-03_328734881284642577.json' 中提取内容...
  - 正在创建最终内容JSON文件: 2019-12-03_328734881284642577.json
  - 步骤2元数据 '2019-11-07_319105092158756840.json' 已存在，跳过保存。
  - 所有 1 张图片均已存在，全部跳过。
  - 正在从本地元数据 '2019-11-07_319105092158756840.json' 中提取内容...
  - 正在创建最终内容JSON文件: 2019-11-07_319105092158756840.json
  - 步骤2元数据 '2019-11-07_319058878310444092.json' 已存在，跳过保存。
  - 所有 1 张图片均已存在，全部跳过。
  - 正在从本地元数据 '2019-11-07_319058878310444092.json' 中提取内容...
  - 正在创建最终内容JSON文件: 2019-11-07_319058878310444092.json
  - 步骤2元数据 '2019-11-07_318820928536100676.json' 已存在，跳过保存。
  - 所有 6 张图片均已存在，全部跳过。
  - 正在从本地元数据 '2019-11-07_318820928536100676.json' 中提取内容...
  - 正在创建最终内容JSON文件: 2019-11-07_318820928536100676.json
  - 步骤2元数据 '2019-09-30_304816478995141668.json' 已存在，跳过保存。
  - 所有 1 张图片均已存在，全部跳过。
  - 正在从本地元数据 '2019-09-30_304816478995141668.json' 中提取内容...
  - 正在创建最终内容JSON文件: 2019-09-30_304816478995141668.json
  - 步骤2元数据 '2019-09-30_304712781303602583.json' 已存在，跳过保存。
  - 所有 3 张图片均已存在，全部跳过。
  - 正在从本地元数据 '2019-09-30_304712781303602583.json' 中提取内容...
  - 正在创建最终内容JSON文件: 2019-09-30_304712781303602583.json
  - 步骤2元数据 '2019-09-29_304590078386751917.json' 已存在，跳过保存。
  - 所有 7 张图片均已存在，全部跳过。
  - 正在从本地元数据 '2019-09-29_304590078386751917.json' 中提取内容...
  - 正在创建最终内容JSON文件: 2019-09-29_304590078386751917.json
  - 步骤2元数据 '2019-09-16_299702152196825521.json' 已存在，跳过保存。
  - 所有 2 张图片均已存在，全部跳过。
  - 正在从本地元数据 '2019-09-16_299702152196825521.json' 中提取内容...
  - 正在创建最终内容JSON文件: 2019-09-16_299702152196825521.json
  - 步骤2元数据 '2019-09-12_298148864392021637.json' 已存在，跳过保存。
  - 所有 1 张图片均已存在，全部跳过。
  - 正在从本地元数据 '2019-09-12_298148864392021637.json' 中提取内容...
  - 正在创建最终内容JSON文件: 2019-09-12_298148864392021637.json
  - 步骤2元数据 '2019-09-07_296344174965984549.json' 已存在，跳过保存。
  - 所有 1 张图片均已存在，全部跳过。
  - 正在从本地元数据 '2019-09-07_296344174965984549.json' 中提取内容...
  - 正在创建最终内容JSON文件: 2019-09-07_296344174965984549.json
  - 步骤2元数据 '2019-08-26_291694705368771647.json' 已存在，跳过保存。
  - 所有 4 张图片均已存在，全部跳过。
  - 正在从本地元数据 '2019-08-26_291694705368771647.json' 中提取内容...
  - 正在创建最终内容JSON文件: 2019-08-26_291694705368771647.json
  - 步骤2元数据 '2019-08-22_290201121899031055.json' 已存在，跳过保存。
  - 所有 2 张图片均已存在，全部跳过。
  - 正在从本地元数据 '2019-08-22_290201121899031055.json' 中提取内容...
  - 正在创建最终内容JSON文件: 2019-08-22_290201121899031055.json
  - 步骤2元数据 '2019-08-08_285019084941243384.json' 已存在，跳过保存。
  - 所有 6 张图片均已存在，全部跳过。
  - 正在从本地元数据 '2019-08-08_285019084941243384.json' 中提取内容...
  - 正在创建最终内容JSON文件: 2019-08-08_285019084941243384.json
  - 步骤2元数据 '2019-08-04_283827510690589719.json' 已存在，跳过保存。
  - 所有 1 张图片均已存在，全部跳过。
  - 正在从本地元数据 '2019-08-04_283827510690589719.json' 中提取内容...
  - 正在创建最终内容JSON文件: 2019-08-04_283827510690589719.json
  - 步骤2元数据 '2019-08-01_282444604237615858.json' 已存在，跳过保存。
  - 所有 9 张图片均已存在，全部跳过。
  - 正在从本地元数据 '2019-08-01_282444604237615858.json' 中提取内容...
  - 正在创建最终内容JSON文件: 2019-08-01_282444604237615858.json
  - 步骤2元数据 '2019-07-21_278651177452845532.json' 已存在，跳过保存。
  - 所有 2 张图片均已存在，全部跳过。
  - 正在从本地元数据 '2019-07-21_278651177452845532.json' 中提取内容...
  - 正在创建最终内容JSON文件: 2019-07-21_278651177452845532.json
  - 步骤2元数据 '2019-07-02_271278440883440293.json' 已存在，跳过保存。
  - 所有 2 张图片均已存在，全部跳过。
  - 正在从本地元数据 '2019-07-02_271278440883440293.json' 中提取内容...
  - 正在创建最终内容JSON文件: 2019-07-02_271278440883440293.json
  - 步骤2元数据 '2019-06-27_269705666809704580.json' 已存在，跳过保存。
  - 所有 2 张图片均已存在，全部跳过。
  - 正在从本地元数据 '2019-06-27_269705666809704580.json' 中提取内容...
  - 正在创建最终内容JSON文件: 2019-06-27_269705666809704580.json
  - 步骤2元数据 '2019-06-09_262822376126831602.json' 已存在，跳过保存。
  - 所有 7 张图片均已存在，全部跳过。
  - 正在从本地元数据 '2019-06-09_262822376126831602.json' 中提取内容...
  - 正在创建最终内容JSON文件: 2019-06-09_262822376126831602.json
  - 步骤2元数据 '2019-06-01_260104559481494163.json' 已存在，跳过保存。
  - 所有 1 张图片均已存在，全部跳过。
  - 正在从本地元数据 '2019-06-01_260104559481494163.json' 中提取内容...
  - 正在创建最终内容JSON文件: 2019-06-01_260104559481494163.json
  - 步骤2元数据 '2019-06-01_259936926904084537.json' 已存在，跳过保存。
  - 所有 1 张图片均已存在，全部跳过。
  - 正在从本地元数据 '2019-06-01_259936926904084537.json' 中提取内容...
  - 正在创建最终内容JSON文件: 2019-06-01_259936926904084537.json
  - 步骤2元数据 '2019-05-26_257543045276478787.json' 已存在，跳过保存。
  - 所有 1 张图片均已存在，全部跳过。
  - 正在从本地元数据 '2019-05-26_257543045276478787.json' 中提取内容...
  - 正在创建最终内容JSON文件: 2019-05-26_257543045276478787.json
  - 步骤2元数据 '2019-05-20_255343403549339211.json' 已存在，跳过保存。
  - 所有 9 张图片均已存在，全部跳过。
  - 正在从本地元数据 '2019-05-20_255343403549339211.json' 中提取内容...
  - 正在创建最终内容JSON文件: 2019-05-20_255343403549339211.json
  - 步骤2元数据 '2019-05-15_253631588495608889.json' 已存在，跳过保存。
  - 所有 6 张图片均已存在，全部跳过。
  - 正在从本地元数据 '2019-05-15_253631588495608889.json' 中提取内容...
  - 正在创建最终内容JSON文件: 2019-05-15_253631588495608889.json
  - 步骤2元数据 '2019-05-12_252595663857005079.json' 已存在，跳过保存。
  - 所有 1 张图片均已存在，全部跳过。
  - 正在从本地元数据 '2019-05-12_252595663857005079.json' 中提取内容...
  - 正在创建最终内容JSON文件: 2019-05-12_252595663857005079.json
  - 步骤2元数据 '2019-05-10_251830283509822128.json' 已存在，跳过保存。
  - 所有 1 张图片均已存在，全部跳过。
  - 正在从本地元数据 '2019-05-10_251830283509822128.json' 中提取内容...
  - 正在创建最终内容JSON文件: 2019-05-10_251830283509822128.json
  - 步骤2元数据 '2019-05-10_251634699286818477.json' 已存在，跳过保存。
  - 所有 5 张图片均已存在，全部跳过。
  - 正在从本地元数据 '2019-05-10_251634699286818477.json' 中提取内容...
  - 正在创建最终内容JSON文件: 2019-05-10_251634699286818477.json
  - 步骤2元数据 '2019-05-09_251401259222839983.json' 已存在，跳过保存。
  - 所有 1 张图片均已存在，全部跳过。
  - 正在从本地元数据 '2019-05-09_251401259222839983.json' 中提取内容...
  - 正在创建最终内容JSON文件: 2019-05-09_251401259222839983.json
  - 步骤2元数据 '2019-05-06_250413975091270100.json' 已存在，跳过保存。
  - 所有 1 张图片均已存在，全部跳过。
  - 正在从本地元数据 '2019-05-06_250413975091270100.json' 中提取内容...
  - 正在创建最终内容JSON文件: 2019-05-06_250413975091270100.json
  - 步骤2元数据 '2019-05-05_250070854449500384.json' 已存在，跳过保存。
  - 所有 1 张图片均已存在，全部跳过。
  - 正在从本地元数据 '2019-05-05_250070854449500384.json' 中提取内容...
  - 正在创建最终内容JSON文件: 2019-05-05_250070854449500384.json

>>>>>>>>> 完成用户 '病院坂saki_4096581' 的处理，总耗时: 0h 15m 23.63s <<<<<<<<<
  - 本次处理动态数: 293
  - 成功下载图片数: 0
  - 下载失败图片数: 0
>>>>>>>>>>>>>>>>>>>>>>>>>>>>>>>>>>>>>>>>>>>>>>>>>>>>>>>>>>>>>>>>

所有任务已完成！
详细运行日志已保存到: c:\Computer\my_github\github_python\gallery-dl-assitance\gallery-dl-assistance\log\run_log_2025-12-14_01-43-10.log
处理摘要日志已保存到: c:\Computer\my_github\github_python\gallery-dl-assitance\gallery-dl-assistance\log\processing_time_log.json
