程序启动于: 2025-12-14_16-02-16
----------------------------------------
正在从 'config.py' 的 USERS_ID 列表读取用户 ID...

>>>>>>>>> 开始处理用户ID: 836885 (https://space.bilibili.com/836885/article) <<<<<<<<<

[步骤1] 使用 'ITERATIVE' 模式，正在准备迭代获取动态 URL...

[步骤2] 开始处理用户 836885 的动态...
  - 正在保存动态 1145458152880209957 的步骤2元数据...
  -  正在下载用户 清和Alicia_836885 资源: 2025-12-12_1145458152880209957_1.jpg
  -  正在下载用户 清和Alicia_836885 资源: 2025-12-12_1145458152880209957_2.jpg
  -  正在下载用户 清和Alicia_836885 资源: 2025-12-12_1145458152880209957_3.jpg
  -  正在下载用户 清和Alicia_836885 资源: 2025-12-12_1145458152880209957_4.jpg
  -  正在下载用户 清和Alicia_836885 资源: 2025-12-12_1145458152880209957_5.jpg
  -  正在下载用户 清和Alicia_836885 资源: 2025-12-12_1145458152880209957_6.jpg
  -  正在下载用户 清和Alicia_836885 资源: 2025-12-12_1145458152880209957_7.jpg
  -  正在下载用户 清和Alicia_836885 资源: 2025-12-12_1145458152880209957_8.jpg
  -  正在下载用户 清和Alicia_836885 资源: 2025-12-12_1145458152880209957_9.jpg
  - [提取] 读取原始元数据: metadata\step2\2025-12-12_1145458152880209957.json
  - [生成] 写入内容信息文件: 2025-12-12_1145458152880209957.json
  - 正在保存动态 1143660837917949972 的步骤2元数据...
  -  正在下载用户 清和Alicia_836885 资源: 2025-12-07_1143660837917949972_1.jpg
  -  正在下载用户 清和Alicia_836885 资源: 2025-12-07_1143660837917949972_2.jpg
  -  正在下载用户 清和Alicia_836885 资源: 2025-12-07_1143660837917949972_3.jpg
  -  正在下载用户 清和Alicia_836885 资源: 2025-12-07_1143660837917949972_4.jpg
  -  正在下载用户 清和Alicia_836885 资源: 2025-12-07_1143660837917949972_5.jpg
  -  正在下载用户 清和Alicia_836885 资源: 2025-12-07_1143660837917949972_6.jpg
  -  正在下载用户 清和Alicia_836885 资源: 2025-12-07_1143660837917949972_7.jpg
  -  正在下载用户 清和Alicia_836885 资源: 2025-12-07_1143660837917949972_8.jpg
  -  正在下载用户 清和Alicia_836885 资源: 2025-12-07_1143660837917949972_9.jpg
  -  正在下载用户 清和Alicia_836885 资源: 2025-12-07_1143660837917949972_10.jpg
  - [提取] 读取原始元数据: metadata\step2\2025-12-07_1143660837917949972.json
  - [生成] 写入内容信息文件: 2025-12-07_1143660837917949972.json
  - 正在保存动态 1142160524195135525 的步骤2元数据...
  -  正在下载用户 清和Alicia_836885 资源: 2025-12-03_1142160524195135525_1.jpg
  -  正在下载用户 清和Alicia_836885 资源: 2025-12-03_1142160524195135525_2.jpg
  -  正在下载用户 清和Alicia_836885 资源: 2025-12-03_1142160524195135525_3.jpg
  -  正在下载用户 清和Alicia_836885 资源: 2025-12-03_1142160524195135525_4.jpg
  -  正在下载用户 清和Alicia_836885 资源: 2025-12-03_1142160524195135525_5.jpg
  -  正在下载用户 清和Alicia_836885 资源: 2025-12-03_1142160524195135525_6.jpg
  -  正在下载用户 清和Alicia_836885 资源: 2025-12-03_1142160524195135525_7.jpg
  -  正在下载用户 清和Alicia_836885 资源: 2025-12-03_1142160524195135525_8.jpg
  -  正在下载用户 清和Alicia_836885 资源: 2025-12-03_1142160524195135525_9.jpg
  - [提取] 读取原始元数据: metadata\step2\2025-12-03_1142160524195135525.json
  - [生成] 写入内容信息文件: 2025-12-03_1142160524195135525.json
  - 正在保存动态 1140277533250420738 的步骤2元数据...
  -  正在下载用户 清和Alicia_836885 资源: 2025-11-28_1140277533250420738_1.jpg
  -  正在下载用户 清和Alicia_836885 资源: 2025-11-28_1140277533250420738_2.jpg
  -  正在下载用户 清和Alicia_836885 资源: 2025-11-28_1140277533250420738_3.jpg
  -  正在下载用户 清和Alicia_836885 资源: 2025-11-28_1140277533250420738_4.jpg
  -  正在下载用户 清和Alicia_836885 资源: 2025-11-28_1140277533250420738_5.jpg
  -  正在下载用户 清和Alicia_836885 资源: 2025-11-28_1140277533250420738_6.jpg
  -  正在下载用户 清和Alicia_836885 资源: 2025-11-28_1140277533250420738_7.jpg
  -  正在下载用户 清和Alicia_836885 资源: 2025-11-28_1140277533250420738_8.jpg
  -  正在下载用户 清和Alicia_836885 资源: 2025-11-28_1140277533250420738_9.jpg
  - [提取] 读取原始元数据: metadata\step2\2025-11-28_1140277533250420738.json
  - [生成] 写入内容信息文件: 2025-11-28_1140277533250420738.json
  - 正在保存动态 1135129834574315529 的步骤2元数据...
  -  正在下载用户 清和Alicia_836885 资源: 2025-11-14_1135129834574315529_1.jpg
  -  正在下载用户 清和Alicia_836885 资源: 2025-11-14_1135129834574315529_2.jpg
  -  正在下载用户 清和Alicia_836885 资源: 2025-11-14_1135129834574315529_3.jpg
  -  正在下载用户 清和Alicia_836885 资源: 2025-11-14_1135129834574315529_4.jpg
  -  正在下载用户 清和Alicia_836885 资源: 2025-11-14_1135129834574315529_5.jpg
  -  正在下载用户 清和Alicia_836885 资源: 2025-11-14_1135129834574315529_6.jpg
  -  正在下载用户 清和Alicia_836885 资源: 2025-11-14_1135129834574315529_7.jpg
  -  正在下载用户 清和Alicia_836885 资源: 2025-11-14_1135129834574315529_8.jpg
  -  正在下载用户 清和Alicia_836885 资源: 2025-11-14_1135129834574315529_9.jpg
  - [提取] 读取原始元数据: metadata\step2\2025-11-14_1135129834574315529.json
  - [生成] 写入内容信息文件: 2025-11-14_1135129834574315529.json
  - 正在保存动态 1134369036907315202 的步骤2元数据...
  -  正在下载用户 清和Alicia_836885 资源: 2025-11-12_1134369036907315202_1.jpg
  -  正在下载用户 清和Alicia_836885 资源: 2025-11-12_1134369036907315202_2.jpg
  -  正在下载用户 清和Alicia_836885 资源: 2025-11-12_1134369036907315202_3.jpg
  -  正在下载用户 清和Alicia_836885 资源: 2025-11-12_1134369036907315202_4.jpg
  -  正在下载用户 清和Alicia_836885 资源: 2025-11-12_1134369036907315202_5.jpg
  -  正在下载用户 清和Alicia_836885 资源: 2025-11-12_1134369036907315202_6.jpg
  -  正在下载用户 清和Alicia_836885 资源: 2025-11-12_1134369036907315202_7.jpg
  -  正在下载用户 清和Alicia_836885 资源: 2025-11-12_1134369036907315202_8.jpg
  -  正在下载用户 清和Alicia_836885 资源: 2025-11-12_1134369036907315202_9.jpg
  - [提取] 读取原始元数据: metadata\step2\2025-11-12_1134369036907315202.json
  - [生成] 写入内容信息文件: 2025-11-12_1134369036907315202.json
  - 正在保存动态 1132532573303472133 的步骤2元数据...
  -  正在下载用户 清和Alicia_836885 资源: 2025-11-07_1132532573303472133_1.jpg
  - [Live Photo] 发现实况视频 (P1)，正在下载...
  -  正在下载用户 清和Alicia_836885 资源: 2025-11-07_1132532573303472133_1.mp4
  -  正在下载用户 清和Alicia_836885 资源: 2025-11-07_1132532573303472133_2.jpg
  - [Live Photo] 发现实况视频 (P2)，正在下载...
  -  正在下载用户 清和Alicia_836885 资源: 2025-11-07_1132532573303472133_2.mp4
  -  正在下载用户 清和Alicia_836885 资源: 2025-11-07_1132532573303472133_3.jpg
  - [Live Photo] 发现实况视频 (P3)，正在下载...
  -  正在下载用户 清和Alicia_836885 资源: 2025-11-07_1132532573303472133_3.mp4
  -  正在下载用户 清和Alicia_836885 资源: 2025-11-07_1132532573303472133_4.jpg
  - [Live Photo] 发现实况视频 (P4)，正在下载...
  -  正在下载用户 清和Alicia_836885 资源: 2025-11-07_1132532573303472133_4.mp4
  -  正在下载用户 清和Alicia_836885 资源: 2025-11-07_1132532573303472133_5.jpg
  -  正在下载用户 清和Alicia_836885 资源: 2025-11-07_1132532573303472133_6.jpg
  -  正在下载用户 清和Alicia_836885 资源: 2025-11-07_1132532573303472133_7.jpg
  -  正在下载用户 清和Alicia_836885 资源: 2025-11-07_1132532573303472133_8.jpg
  -  正在下载用户 清和Alicia_836885 资源: 2025-11-07_1132532573303472133_9.jpg
  - [提取] 读取原始元数据: metadata\step2\2025-11-07_1132532573303472133.json
  - [生成] 写入内容信息文件: 2025-11-07_1132532573303472133.json
  - 正在保存动态 1131397456436658199 的步骤2元数据...
  -  正在下载用户 清和Alicia_836885 资源: 2025-11-04_1131397456436658199_1.jpg
  - [Live Photo] 发现实况视频 (P1)，正在下载...
  -  正在下载用户 清和Alicia_836885 资源: 2025-11-04_1131397456436658199_1.mp4
  -  正在下载用户 清和Alicia_836885 资源: 2025-11-04_1131397456436658199_2.jpg
  -  正在下载用户 清和Alicia_836885 资源: 2025-11-04_1131397456436658199_3.jpg
  -  正在下载用户 清和Alicia_836885 资源: 2025-11-04_1131397456436658199_4.jpg
  -  正在下载用户 清和Alicia_836885 资源: 2025-11-04_1131397456436658199_5.jpg
  -  正在下载用户 清和Alicia_836885 资源: 2025-11-04_1131397456436658199_6.jpg
  -  正在下载用户 清和Alicia_836885 资源: 2025-11-04_1131397456436658199_7.jpg
  -  正在下载用户 清和Alicia_836885 资源: 2025-11-04_1131397456436658199_8.jpg
  -  正在下载用户 清和Alicia_836885 资源: 2025-11-04_1131397456436658199_9.jpg
  - [提取] 读取原始元数据: metadata\step2\2025-11-04_1131397456436658199.json
  - [生成] 写入内容信息文件: 2025-11-04_1131397456436658199.json
  - 正在保存动态 1131013232968859686 的步骤2元数据...
  -  正在下载用户 清和Alicia_836885 资源: 2025-11-03_1131013232968859686_1.jpg
  -  正在下载用户 清和Alicia_836885 资源: 2025-11-03_1131013232968859686_2.jpg
  -  正在下载用户 清和Alicia_836885 资源: 2025-11-03_1131013232968859686_3.jpg
  -  正在下载用户 清和Alicia_836885 资源: 2025-11-03_1131013232968859686_4.jpg
  -  正在下载用户 清和Alicia_836885 资源: 2025-11-03_1131013232968859686_5.jpg
  -  正在下载用户 清和Alicia_836885 资源: 2025-11-03_1131013232968859686_6.jpg
  -  正在下载用户 清和Alicia_836885 资源: 2025-11-03_1131013232968859686_7.jpg
  -  正在下载用户 清和Alicia_836885 资源: 2025-11-03_1131013232968859686_8.jpg
  -  正在下载用户 清和Alicia_836885 资源: 2025-11-03_1131013232968859686_9.jpg
  - [提取] 读取原始元数据: metadata\step2\2025-11-03_1131013232968859686.json
  - [生成] 写入内容信息文件: 2025-11-03_1131013232968859686.json
  - 正在保存动态 1130635254333177877 的步骤2元数据...
  -  正在下载用户 清和Alicia_836885 资源: 2025-11-02_1130635254333177877_1.jpg
  -  正在下载用户 清和Alicia_836885 资源: 2025-11-02_1130635254333177877_2.jpg
  - [Live Photo] 发现实况视频 (P2)，正在下载...
  -  正在下载用户 清和Alicia_836885 资源: 2025-11-02_1130635254333177877_2.mp4
  -  正在下载用户 清和Alicia_836885 资源: 2025-11-02_1130635254333177877_3.jpg
  -  正在下载用户 清和Alicia_836885 资源: 2025-11-02_1130635254333177877_4.jpg
  -  正在下载用户 清和Alicia_836885 资源: 2025-11-02_1130635254333177877_5.jpg
  -  正在下载用户 清和Alicia_836885 资源: 2025-11-02_1130635254333177877_6.jpg
  -  正在下载用户 清和Alicia_836885 资源: 2025-11-02_1130635254333177877_7.jpg
  -  正在下载用户 清和Alicia_836885 资源: 2025-11-02_1130635254333177877_8.jpg
  -  正在下载用户 清和Alicia_836885 资源: 2025-11-02_1130635254333177877_9.jpg
  -  正在下载用户 清和Alicia_836885 资源: 2025-11-02_1130635254333177877_10.jpg
  -  正在下载用户 清和Alicia_836885 资源: 2025-11-02_1130635254333177877_11.jpg
  -  正在下载用户 清和Alicia_836885 资源: 2025-11-02_1130635254333177877_12.jpg
  - [提取] 读取原始元数据: metadata\step2\2025-11-02_1130635254333177877.json
  - [生成] 写入内容信息文件: 2025-11-02_1130635254333177877.json
  - 正在保存动态 1128441964843237410 的步骤2元数据...
  -  正在下载用户 清和Alicia_836885 资源: 2025-10-27_1128441964843237410_1.jpg
  -  正在下载用户 清和Alicia_836885 资源: 2025-10-27_1128441964843237410_2.jpg
  -  正在下载用户 清和Alicia_836885 资源: 2025-10-27_1128441964843237410_3.jpg
  -  正在下载用户 清和Alicia_836885 资源: 2025-10-27_1128441964843237410_4.jpg
  -  正在下载用户 清和Alicia_836885 资源: 2025-10-27_1128441964843237410_5.jpg
  -  正在下载用户 清和Alicia_836885 资源: 2025-10-27_1128441964843237410_6.jpg
  -  正在下载用户 清和Alicia_836885 资源: 2025-10-27_1128441964843237410_7.jpg
  -  正在下载用户 清和Alicia_836885 资源: 2025-10-27_1128441964843237410_8.jpg
  -  正在下载用户 清和Alicia_836885 资源: 2025-10-27_1128441964843237410_9.jpg
  - [提取] 读取原始元数据: metadata\step2\2025-10-27_1128441964843237410.json
  - [生成] 写入内容信息文件: 2025-10-27_1128441964843237410.json
  - 正在保存动态 1127638513955635202 的步骤2元数据...
  -  正在下载用户 清和Alicia_836885 资源: 2025-10-25_1127638513955635202_1.jpg
  -  正在下载用户 清和Alicia_836885 资源: 2025-10-25_1127638513955635202_2.jpg
  -  正在下载用户 清和Alicia_836885 资源: 2025-10-25_1127638513955635202_3.jpg
  -  正在下载用户 清和Alicia_836885 资源: 2025-10-25_1127638513955635202_4.jpg
  -  正在下载用户 清和Alicia_836885 资源: 2025-10-25_1127638513955635202_5.jpg
  -  正在下载用户 清和Alicia_836885 资源: 2025-10-25_1127638513955635202_6.jpg
  -  正在下载用户 清和Alicia_836885 资源: 2025-10-25_1127638513955635202_7.jpg
  -  正在下载用户 清和Alicia_836885 资源: 2025-10-25_1127638513955635202_8.jpg
  - [Live Photo] 发现实况视频 (P8)，正在下载...
  -  正在下载用户 清和Alicia_836885 资源: 2025-10-25_1127638513955635202_8.mp4
  -  正在下载用户 清和Alicia_836885 资源: 2025-10-25_1127638513955635202_9.jpg
  - [提取] 读取原始元数据: metadata\step2\2025-10-25_1127638513955635202.json
  - [生成] 写入内容信息文件: 2025-10-25_1127638513955635202.json
  - 正在保存动态 1126225555594674211 的步骤2元数据...
  -  正在下载用户 清和Alicia_836885 资源: 2025-10-21_1126225555594674211_1.jpg
  -  正在下载用户 清和Alicia_836885 资源: 2025-10-21_1126225555594674211_2.jpg
  -  正在下载用户 清和Alicia_836885 资源: 2025-10-21_1126225555594674211_3.jpg
  - [Live Photo] 发现实况视频 (P3)，正在下载...
  -  正在下载用户 清和Alicia_836885 资源: 2025-10-21_1126225555594674211_3.mp4
  -  正在下载用户 清和Alicia_836885 资源: 2025-10-21_1126225555594674211_4.jpg
  -  正在下载用户 清和Alicia_836885 资源: 2025-10-21_1126225555594674211_5.jpg
  -  正在下载用户 清和Alicia_836885 资源: 2025-10-21_1126225555594674211_6.jpg
  -  正在下载用户 清和Alicia_836885 资源: 2025-10-21_1126225555594674211_7.jpg
  -  正在下载用户 清和Alicia_836885 资源: 2025-10-21_1126225555594674211_8.jpg
  -  正在下载用户 清和Alicia_836885 资源: 2025-10-21_1126225555594674211_9.jpg
  - [提取] 读取原始元数据: metadata\step2\2025-10-21_1126225555594674211.json
  - [生成] 写入内容信息文件: 2025-10-21_1126225555594674211.json
  - 正在保存动态 1125091465179955207 的步骤2元数据...
  -  正在下载用户 清和Alicia_836885 资源: 2025-10-18_1125091465179955207_1.jpg
  -  正在下载用户 清和Alicia_836885 资源: 2025-10-18_1125091465179955207_2.jpg
  -  正在下载用户 清和Alicia_836885 资源: 2025-10-18_1125091465179955207_3.jpg
  -  正在下载用户 清和Alicia_836885 资源: 2025-10-18_1125091465179955207_4.jpg
  -  正在下载用户 清和Alicia_836885 资源: 2025-10-18_1125091465179955207_5.jpg
  -  正在下载用户 清和Alicia_836885 资源: 2025-10-18_1125091465179955207_6.jpg
  -  正在下载用户 清和Alicia_836885 资源: 2025-10-18_1125091465179955207_7.jpg
  -  正在下载用户 清和Alicia_836885 资源: 2025-10-18_1125091465179955207_8.jpg
  -  正在下载用户 清和Alicia_836885 资源: 2025-10-18_1125091465179955207_9.jpg
  - [提取] 读取原始元数据: metadata\step2\2025-10-18_1125091465179955207.json
  - [生成] 写入内容信息文件: 2025-10-18_1125091465179955207.json
  - 正在保存动态 1123980146689179664 的步骤2元数据...
  -  正在下载用户 清和Alicia_836885 资源: 2025-10-15_1123980146689179664_1.jpg
  -  正在下载用户 清和Alicia_836885 资源: 2025-10-15_1123980146689179664_2.jpg
  -  正在下载用户 清和Alicia_836885 资源: 2025-10-15_1123980146689179664_3.jpg
  -  正在下载用户 清和Alicia_836885 资源: 2025-10-15_1123980146689179664_4.jpg
  -  正在下载用户 清和Alicia_836885 资源: 2025-10-15_1123980146689179664_5.jpg
  -  正在下载用户 清和Alicia_836885 资源: 2025-10-15_1123980146689179664_6.jpg
  -  正在下载用户 清和Alicia_836885 资源: 2025-10-15_1123980146689179664_7.jpg
  -  正在下载用户 清和Alicia_836885 资源: 2025-10-15_1123980146689179664_8.jpg
  -  正在下载用户 清和Alicia_836885 资源: 2025-10-15_1123980146689179664_9.jpg
  - [提取] 读取原始元数据: metadata\step2\2025-10-15_1123980146689179664.json
  - [生成] 写入内容信息文件: 2025-10-15_1123980146689179664.json
  - 正在保存动态 1116903938980839427 的步骤2元数据...
  -  正在下载用户 清和Alicia_836885 资源: 2025-09-26_1116903938980839427_1.jpg
  -  正在下载用户 清和Alicia_836885 资源: 2025-09-26_1116903938980839427_2.jpg
  -  正在下载用户 清和Alicia_836885 资源: 2025-09-26_1116903938980839427_3.jpg
  -  正在下载用户 清和Alicia_836885 资源: 2025-09-26_1116903938980839427_4.jpg
  -  正在下载用户 清和Alicia_836885 资源: 2025-09-26_1116903938980839427_5.jpg
  -  正在下载用户 清和Alicia_836885 资源: 2025-09-26_1116903938980839427_6.jpg
  -  正在下载用户 清和Alicia_836885 资源: 2025-09-26_1116903938980839427_7.jpg
  -  正在下载用户 清和Alicia_836885 资源: 2025-09-26_1116903938980839427_8.jpg
  -  正在下载用户 清和Alicia_836885 资源: 2025-09-26_1116903938980839427_9.jpg
  - [提取] 读取原始元数据: metadata\step2\2025-09-26_1116903938980839427.json
  - [生成] 写入内容信息文件: 2025-09-26_1116903938980839427.json
  - 正在保存动态 1116173042901319696 的步骤2元数据...
  -  正在下载用户 清和Alicia_836885 资源: 2025-09-24_1116173042901319696_1.jpg
  -  正在下载用户 清和Alicia_836885 资源: 2025-09-24_1116173042901319696_2.jpg
  -  正在下载用户 清和Alicia_836885 资源: 2025-09-24_1116173042901319696_3.jpg
  -  正在下载用户 清和Alicia_836885 资源: 2025-09-24_1116173042901319696_4.jpg
  -  正在下载用户 清和Alicia_836885 资源: 2025-09-24_1116173042901319696_5.jpg
  -  正在下载用户 清和Alicia_836885 资源: 2025-09-24_1116173042901319696_6.jpg
  -  正在下载用户 清和Alicia_836885 资源: 2025-09-24_1116173042901319696_7.png
  -  正在下载用户 清和Alicia_836885 资源: 2025-09-24_1116173042901319696_8.png
  -  正在下载用户 清和Alicia_836885 资源: 2025-09-24_1116173042901319696_9.png
  - [提取] 读取原始元数据: metadata\step2\2025-09-24_1116173042901319696.json
  - [生成] 写入内容信息文件: 2025-09-24_1116173042901319696.json
  - 正在保存动态 1115048508811902998 的步骤2元数据...
  -  正在下载用户 清和Alicia_836885 资源: 2025-09-21_1115048508811902998_1.jpg
  - [Live Photo] 发现实况视频 (P1)，正在下载...
  -  正在下载用户 清和Alicia_836885 资源: 2025-09-21_1115048508811902998_1.mp4
  -  正在下载用户 清和Alicia_836885 资源: 2025-09-21_1115048508811902998_2.jpg
  - [Live Photo] 发现实况视频 (P2)，正在下载...
  -  正在下载用户 清和Alicia_836885 资源: 2025-09-21_1115048508811902998_2.mp4
  -  正在下载用户 清和Alicia_836885 资源: 2025-09-21_1115048508811902998_3.jpg
  - [Live Photo] 发现实况视频 (P3)，正在下载...
  -  正在下载用户 清和Alicia_836885 资源: 2025-09-21_1115048508811902998_3.mp4
  -  正在下载用户 清和Alicia_836885 资源: 2025-09-21_1115048508811902998_4.jpg
  - [Live Photo] 发现实况视频 (P4)，正在下载...
  -  正在下载用户 清和Alicia_836885 资源: 2025-09-21_1115048508811902998_4.mp4
  -  正在下载用户 清和Alicia_836885 资源: 2025-09-21_1115048508811902998_5.jpg
  - [Live Photo] 发现实况视频 (P5)，正在下载...
  -  正在下载用户 清和Alicia_836885 资源: 2025-09-21_1115048508811902998_5.mp4
  -  正在下载用户 清和Alicia_836885 资源: 2025-09-21_1115048508811902998_6.jpg
  - [Live Photo] 发现实况视频 (P6)，正在下载...
  -  正在下载用户 清和Alicia_836885 资源: 2025-09-21_1115048508811902998_6.mp4
  -  正在下载用户 清和Alicia_836885 资源: 2025-09-21_1115048508811902998_7.jpg
  - [Live Photo] 发现实况视频 (P7)，正在下载...
  -  正在下载用户 清和Alicia_836885 资源: 2025-09-21_1115048508811902998_7.mp4
  -  正在下载用户 清和Alicia_836885 资源: 2025-09-21_1115048508811902998_8.jpg
  -  正在下载用户 清和Alicia_836885 资源: 2025-09-21_1115048508811902998_9.jpg
  -  正在下载用户 清和Alicia_836885 资源: 2025-09-21_1115048508811902998_10.jpg
  -  正在下载用户 清和Alicia_836885 资源: 2025-09-21_1115048508811902998_11.jpg
  - [提取] 读取原始元数据: metadata\step2\2025-09-21_1115048508811902998.json
  - [生成] 写入内容信息文件: 2025-09-21_1115048508811902998.json
  - 正在保存动态 1114323685821382678 的步骤2元数据...
  -  正在下载用户 清和Alicia_836885 资源: 2025-09-19_1114323685821382678_1.jpg
  -  正在下载用户 清和Alicia_836885 资源: 2025-09-19_1114323685821382678_2.jpg
  -  正在下载用户 清和Alicia_836885 资源: 2025-09-19_1114323685821382678_3.jpg
  -  正在下载用户 清和Alicia_836885 资源: 2025-09-19_1114323685821382678_4.jpg
  -  正在下载用户 清和Alicia_836885 资源: 2025-09-19_1114323685821382678_5.jpg
  -  正在下载用户 清和Alicia_836885 资源: 2025-09-19_1114323685821382678_6.jpg
  -  正在下载用户 清和Alicia_836885 资源: 2025-09-19_1114323685821382678_7.jpg
  -  正在下载用户 清和Alicia_836885 资源: 2025-09-19_1114323685821382678_8.jpg
  -  正在下载用户 清和Alicia_836885 资源: 2025-09-19_1114323685821382678_9.jpg
  - [提取] 读取原始元数据: metadata\step2\2025-09-19_1114323685821382678.json
  - [生成] 写入内容信息文件: 2025-09-19_1114323685821382678.json
  - 正在保存动态 1112851843478716418 的步骤2元数据...
  -  正在下载用户 清和Alicia_836885 资源: 2025-09-15_1112851843478716418_1.jpg
  -  正在下载用户 清和Alicia_836885 资源: 2025-09-15_1112851843478716418_2.jpg
  -  正在下载用户 清和Alicia_836885 资源: 2025-09-15_1112851843478716418_3.jpg
  - [Live Photo] 发现实况视频 (P3)，正在下载...
  -  正在下载用户 清和Alicia_836885 资源: 2025-09-15_1112851843478716418_3.mp4
  -  正在下载用户 清和Alicia_836885 资源: 2025-09-15_1112851843478716418_4.jpg
  -  正在下载用户 清和Alicia_836885 资源: 2025-09-15_1112851843478716418_5.jpg
  -  正在下载用户 清和Alicia_836885 资源: 2025-09-15_1112851843478716418_6.jpg
  -  正在下载用户 清和Alicia_836885 资源: 2025-09-15_1112851843478716418_7.jpg
  -  正在下载用户 清和Alicia_836885 资源: 2025-09-15_1112851843478716418_8.jpg
  -  正在下载用户 清和Alicia_836885 资源: 2025-09-15_1112851843478716418_9.jpg
  - [提取] 读取原始元数据: metadata\step2\2025-09-15_1112851843478716418.json
  - [生成] 写入内容信息文件: 2025-09-15_1112851843478716418.json
  - 正在保存动态 1110273600392265731 的步骤2元数据...
  -  正在下载用户 清和Alicia_836885 资源: 2025-09-08_1110273600392265731_1.jpg
  -  正在下载用户 清和Alicia_836885 资源: 2025-09-08_1110273600392265731_2.jpg
  -  正在下载用户 清和Alicia_836885 资源: 2025-09-08_1110273600392265731_3.jpg
  -  正在下载用户 清和Alicia_836885 资源: 2025-09-08_1110273600392265731_4.jpg
  -  正在下载用户 清和Alicia_836885 资源: 2025-09-08_1110273600392265731_5.jpg
  -  正在下载用户 清和Alicia_836885 资源: 2025-09-08_1110273600392265731_6.jpg
  - [提取] 读取原始元数据: metadata\step2\2025-09-08_1110273600392265731.json
  - [生成] 写入内容信息文件: 2025-09-08_1110273600392265731.json
  - 正在保存动态 1109904460855902245 的步骤2元数据...
  -  正在下载用户 清和Alicia_836885 资源: 2025-09-07_1109904460855902245_1.jpg
  -  正在下载用户 清和Alicia_836885 资源: 2025-09-07_1109904460855902245_2.jpg
  -  正在下载用户 清和Alicia_836885 资源: 2025-09-07_1109904460855902245_3.jpg
  -  正在下载用户 清和Alicia_836885 资源: 2025-09-07_1109904460855902245_4.jpg
  -  正在下载用户 清和Alicia_836885 资源: 2025-09-07_1109904460855902245_5.jpg
  -  正在下载用户 清和Alicia_836885 资源: 2025-09-07_1109904460855902245_6.jpg
  - [提取] 读取原始元数据: metadata\step2\2025-09-07_1109904460855902245.json
  - [生成] 写入内容信息文件: 2025-09-07_1109904460855902245.json
  - 正在保存动态 1109528389187797001 的步骤2元数据...
  -  正在下载用户 清和Alicia_836885 资源: 2025-09-06_1109528389187797001_1.jpg
  -  正在下载用户 清和Alicia_836885 资源: 2025-09-06_1109528389187797001_2.jpg
  -  正在下载用户 清和Alicia_836885 资源: 2025-09-06_1109528389187797001_3.jpg
  -  正在下载用户 清和Alicia_836885 资源: 2025-09-06_1109528389187797001_4.jpg
  -  正在下载用户 清和Alicia_836885 资源: 2025-09-06_1109528389187797001_5.jpg
  -  正在下载用户 清和Alicia_836885 资源: 2025-09-06_1109528389187797001_6.jpg
  - [提取] 读取原始元数据: metadata\step2\2025-09-06_1109528389187797001.json
  - [生成] 写入内容信息文件: 2025-09-06_1109528389187797001.json
  - 正在保存动态 1109141777721327617 的步骤2元数据...
  -  正在下载用户 清和Alicia_836885 资源: 2025-09-05_1109141777721327617_1.jpg
  -  正在下载用户 清和Alicia_836885 资源: 2025-09-05_1109141777721327617_2.jpg
  -  正在下载用户 清和Alicia_836885 资源: 2025-09-05_1109141777721327617_3.jpg
  -  正在下载用户 清和Alicia_836885 资源: 2025-09-05_1109141777721327617_4.jpg
  -  正在下载用户 清和Alicia_836885 资源: 2025-09-05_1109141777721327617_5.png
  -  正在下载用户 清和Alicia_836885 资源: 2025-09-05_1109141777721327617_6.jpg
  -  正在下载用户 清和Alicia_836885 资源: 2025-09-05_1109141777721327617_7.jpg
  -  正在下载用户 清和Alicia_836885 资源: 2025-09-05_1109141777721327617_8.jpg
  -  正在下载用户 清和Alicia_836885 资源: 2025-09-05_1109141777721327617_9.jpg
  - [提取] 读取原始元数据: metadata\step2\2025-09-05_1109141777721327617.json
  - [生成] 写入内容信息文件: 2025-09-05_1109141777721327617.json
  - 正在保存动态 1103948548063363072 的步骤2元数据...
  - [Live Photo] 发现实况视频 (P7)，正在下载...
  -  正在下载用户 清和Alicia_836885 资源: 2025-08-22_1103948548063363072_7.mp4
  - [Live Photo] 发现实况视频 (P8)，正在下载...
  -  正在下载用户 清和Alicia_836885 资源: 2025-08-22_1103948548063363072_8.mp4
  - 所有 9 张图片均已存在，全部跳过。
  - [提取] 读取原始元数据: metadata\step2\2025-08-22_1103948548063363072.json
  - [生成] 写入内容信息文件: 2025-08-22_1103948548063363072.json
  - 正在保存动态 1103205978313064451 的步骤2元数据...
  - [Live Photo] 发现实况视频 (P6)，正在下载...
  -  正在下载用户 清和Alicia_836885 资源: 2025-08-20_1103205978313064451_6.mp4
  - 所有 9 张图片均已存在，全部跳过。
  - [提取] 读取原始元数据: metadata\step2\2025-08-20_1103205978313064451.json
  - [生成] 写入内容信息文件: 2025-08-20_1103205978313064451.json
  - 正在保存动态 1101005082426605569 的步骤2元数据...
  - 所有 3 张图片均已存在，全部跳过。
  - [提取] 读取原始元数据: metadata\step2\2025-08-14_1101005082426605569.json
  - [生成] 写入内容信息文件: 2025-08-14_1101005082426605569.json
  - 正在保存动态 1100604890287177730 的步骤2元数据...
  - 所有 6 张图片均已存在，全部跳过。
  - [提取] 读取原始元数据: metadata\step2\2025-08-13_1100604890287177730.json
  - [生成] 写入内容信息文件: 2025-08-13_1100604890287177730.json
  - 正在保存动态 1098778103214243860 的步骤2元数据...
  - 所有 9 张图片均已存在，全部跳过。
  - [提取] 读取原始元数据: metadata\step2\2025-08-08_1098778103214243860.json
  - [生成] 写入内容信息文件: 2025-08-08_1098778103214243860.json
  - 正在保存动态 1096556604435726357 的步骤2元数据...
  - 所有 9 张图片均已存在，全部跳过。
  - [提取] 读取原始元数据: metadata\step2\2025-08-02_1096556604435726357.json
  - [生成] 写入内容信息文件: 2025-08-02_1096556604435726357.json
  - 正在保存动态 1096359534129053701 的步骤2元数据...
  - 所有 1 张图片均已存在，全部跳过。
  - [提取] 读取原始元数据: metadata\step2\2025-08-02_1096359534129053701.json
  - [生成] 写入内容信息文件: 2025-08-02_1096359534129053701.json
  - 正在保存动态 1095397208038047748 的步骤2元数据...
  - 所有 9 张图片均已存在，全部跳过。
  - [提取] 读取原始元数据: metadata\step2\2025-07-30_1095397208038047748.json
  - [生成] 写入内容信息文件: 2025-07-30_1095397208038047748.json
  - 正在保存动态 1093182920492843025 的步骤2元数据...
  - 所有 6 张图片均已存在，全部跳过。
  - [提取] 读取原始元数据: metadata\step2\2025-07-24_1093182920492843025.json
  - [生成] 写入内容信息文件: 2025-07-24_1093182920492843025.json
  - 正在保存动态 1090946333415571490 的步骤2元数据...
  - 所有 9 张图片均已存在，全部跳过。
  - [提取] 读取原始元数据: metadata\step2\2025-07-18_1090946333415571490.json
  - [生成] 写入内容信息文件: 2025-07-18_1090946333415571490.json
  - 正在保存动态 1089300501988638736 的步骤2元数据...
  - 所有 6 张图片均已存在，全部跳过。
  - [提取] 读取原始元数据: metadata\step2\2025-07-14_1089300501988638736.json
  - [生成] 写入内容信息文件: 2025-07-14_1089300501988638736.json
  - 正在保存动态 1082033404401156096 的步骤2元数据...
  - 所有 12 张图片均已存在，全部跳过。
  - [提取] 读取原始元数据: metadata\step2\2025-06-24_1082033404401156096.json
  - [生成] 写入内容信息文件: 2025-06-24_1082033404401156096.json
  - 正在保存动态 1081664767366529032 的步骤2元数据...
  - 所有 9 张图片均已存在，全部跳过。
  - [提取] 读取原始元数据: metadata\step2\2025-06-23_1081664767366529032.json
  - [生成] 写入内容信息文件: 2025-06-23_1081664767366529032.json
  - 正在保存动态 1081331052736151584 的步骤2元数据...
  - 所有 9 张图片均已存在，全部跳过。
  - [提取] 读取原始元数据: metadata\step2\2025-06-22_1081331052736151584.json
  - [生成] 写入内容信息文件: 2025-06-22_1081331052736151584.json
  - 正在保存动态 1080583401974530051 的步骤2元数据...
  - 所有 9 张图片均已存在，全部跳过。
  - [提取] 读取原始元数据: metadata\step2\2025-06-20_1080583401974530051.json
  - [生成] 写入内容信息文件: 2025-06-20_1080583401974530051.json
  - 正在保存动态 1079414651190509577 的步骤2元数据...
  - [Live Photo] 发现实况视频 (P1)，正在下载...
  -  正在下载用户 清和Alicia_836885 资源: 2025-06-17_1079414651190509577_1.mp4
  - [Live Photo] 发现实况视频 (P2)，正在下载...
  -  正在下载用户 清和Alicia_836885 资源: 2025-06-17_1079414651190509577_2.mp4
  - [Live Photo] 发现实况视频 (P3)，正在下载...
  -  正在下载用户 清和Alicia_836885 资源: 2025-06-17_1079414651190509577_3.mp4
  - [Live Photo] 发现实况视频 (P4)，正在下载...
  -  正在下载用户 清和Alicia_836885 资源: 2025-06-17_1079414651190509577_4.mp4
  - [Live Photo] 发现实况视频 (P5)，正在下载...
  -  正在下载用户 清和Alicia_836885 资源: 2025-06-17_1079414651190509577_5.mp4
  - [Live Photo] 发现实况视频 (P6)，正在下载...
  -  正在下载用户 清和Alicia_836885 资源: 2025-06-17_1079414651190509577_6.mp4
  - 所有 9 张图片均已存在，全部跳过。
  - [提取] 读取原始元数据: metadata\step2\2025-06-17_1079414651190509577.json
  - [生成] 写入内容信息文件: 2025-06-17_1079414651190509577.json
  - 正在保存动态 1078353631086903298 的步骤2元数据...
  - 所有 7 张图片均已存在，全部跳过。
  - [提取] 读取原始元数据: metadata\step2\2025-06-14_1078353631086903298.json
  - [生成] 写入内容信息文件: 2025-06-14_1078353631086903298.json
  - 正在保存动态 1077992136573452291 的步骤2元数据...
  - 所有 5 张图片均已存在，全部跳过。
  - [提取] 读取原始元数据: metadata\step2\2025-06-13_1077992136573452291.json
  - [生成] 写入内容信息文件: 2025-06-13_1077992136573452291.json
  - 正在保存动态 1076495383370137601 的步骤2元数据...
  - 所有 9 张图片均已存在，全部跳过。
  - [提取] 读取原始元数据: metadata\step2\2025-06-09_1076495383370137601.json
  - [生成] 写入内容信息文件: 2025-06-09_1076495383370137601.json
  - 正在保存动态 1075390902481977345 的步骤2元数据...
  - 所有 9 张图片均已存在，全部跳过。
  - [提取] 读取原始元数据: metadata\step2\2025-06-06_1075390902481977345.json
  - [生成] 写入内容信息文件: 2025-06-06_1075390902481977345.json
  - 正在保存动态 1074249721083592722 的步骤2元数据...
  - 所有 6 张图片均已存在，全部跳过。
  - [提取] 读取原始元数据: metadata\step2\2025-06-03_1074249721083592722.json
  - [生成] 写入内容信息文件: 2025-06-03_1074249721083592722.json
  - 正在保存动态 1073879980254953472 的步骤2元数据...
  - 所有 6 张图片均已存在，全部跳过。
  - [提取] 读取原始元数据: metadata\step2\2025-06-02_1073879980254953472.json
  - [生成] 写入内容信息文件: 2025-06-02_1073879980254953472.json
  - 正在保存动态 1072983083704123424 的步骤2元数据...
  - 所有 9 张图片均已存在，全部跳过。
  - [提取] 读取原始元数据: metadata\step2\2025-05-31_1072983083704123424.json
  - [生成] 写入内容信息文件: 2025-05-31_1072983083704123424.json
  - 正在保存动态 1069414507052269593 的步骤2元数据...
  - 所有 9 张图片均已存在，全部跳过。
  - [提取] 读取原始元数据: metadata\step2\2025-05-21_1069414507052269593.json
  - [生成] 写入内容信息文件: 2025-05-21_1069414507052269593.json
  - 正在保存动态 1067959638388899842 的步骤2元数据...
  - 所有 6 张图片均已存在，全部跳过。
  - [提取] 读取原始元数据: metadata\step2\2025-05-17_1067959638388899842.json
  - [生成] 写入内容信息文件: 2025-05-17_1067959638388899842.json
  - 正在保存动态 1066826037639249922 的步骤2元数据...
  - 所有 6 张图片均已存在，全部跳过。
  - [提取] 读取原始元数据: metadata\step2\2025-05-14_1066826037639249922.json
  - [生成] 写入内容信息文件: 2025-05-14_1066826037639249922.json
  - 正在保存动态 1065742954275012613 的步骤2元数据...
  - 所有 9 张图片均已存在，全部跳过。
  - [提取] 读取原始元数据: metadata\step2\2025-05-11_1065742954275012613.json
  - [生成] 写入内容信息文件: 2025-05-11_1065742954275012613.json
  - 正在保存动态 1065007836220620825 的步骤2元数据...
  - 所有 4 张图片均已存在，全部跳过。
  - [提取] 读取原始元数据: metadata\step2\2025-05-09_1065007836220620825.json
  - [生成] 写入内容信息文件: 2025-05-09_1065007836220620825.json
  - 正在保存动态 1064609641209528328 的步骤2元数据...
  - 所有 4 张图片均已存在，全部跳过。
  - [提取] 读取原始元数据: metadata\step2\2025-05-08_1064609641209528328.json
  - [生成] 写入内容信息文件: 2025-05-08_1064609641209528328.json
  - 正在保存动态 1064218245148442649 的步骤2元数据...
  - 所有 9 张图片均已存在，全部跳过。
  - [提取] 读取原始元数据: metadata\step2\2025-05-07_1064218245148442649.json
  - [生成] 写入内容信息文件: 2025-05-07_1064218245148442649.json
  - 正在保存动态 1063491364872781828 的步骤2元数据...
  - [Live Photo] 发现实况视频 (P1)，正在下载...
  -  正在下载用户 清和Alicia_836885 资源: 2025-05-05_1063491364872781828_1.mp4
  - [Live Photo] 发现实况视频 (P2)，正在下载...
  -  正在下载用户 清和Alicia_836885 资源: 2025-05-05_1063491364872781828_2.mp4
  - 所有 9 张图片均已存在，全部跳过。
  - [提取] 读取原始元数据: metadata\step2\2025-05-05_1063491364872781828.json
  - [生成] 写入内容信息文件: 2025-05-05_1063491364872781828.json
  - 正在保存动态 1063126653431971848 的步骤2元数据...
  - 所有 10 张图片均已存在，全部跳过。
  - [提取] 读取原始元数据: metadata\step2\2025-05-04_1063126653431971848.json
  - [生成] 写入内容信息文件: 2025-05-04_1063126653431971848.json
  - 正在保存动态 1062774367356715027 的步骤2元数据...
  - [Live Photo] 发现实况视频 (P1)，正在下载...
  -  正在下载用户 清和Alicia_836885 资源: 2025-05-03_1062774367356715027_1.mp4
  - [Live Photo] 发现实况视频 (P2)，正在下载...
  -  正在下载用户 清和Alicia_836885 资源: 2025-05-03_1062774367356715027_2.mp4
  - [Live Photo] 发现实况视频 (P3)，正在下载...
  -  正在下载用户 清和Alicia_836885 资源: 2025-05-03_1062774367356715027_3.mp4
  - [Live Photo] 发现实况视频 (P4)，正在下载...
  -  正在下载用户 清和Alicia_836885 资源: 2025-05-03_1062774367356715027_4.mp4
  - [Live Photo] 发现实况视频 (P5)，正在下载...
  -  正在下载用户 清和Alicia_836885 资源: 2025-05-03_1062774367356715027_5.mp4
  - [Live Photo] 发现实况视频 (P6)，正在下载...
  -  正在下载用户 清和Alicia_836885 资源: 2025-05-03_1062774367356715027_6.mp4
  - [Live Photo] 发现实况视频 (P7)，正在下载...
  -  正在下载用户 清和Alicia_836885 资源: 2025-05-03_1062774367356715027_7.mp4
  - [Live Photo] 发现实况视频 (P8)，正在下载...
  -  正在下载用户 清和Alicia_836885 资源: 2025-05-03_1062774367356715027_8.mp4
  - [Live Photo] 发现实况视频 (P9)，正在下载...
  -  正在下载用户 清和Alicia_836885 资源: 2025-05-03_1062774367356715027_9.mp4
  - 所有 9 张图片均已存在，全部跳过。
  - [提取] 读取原始元数据: metadata\step2\2025-05-03_1062774367356715027.json
  - [生成] 写入内容信息文件: 2025-05-03_1062774367356715027.json
  - 正在保存动态 1062033360917889030 的步骤2元数据...
  - 所有 7 张图片均已存在，全部跳过。
  - [提取] 读取原始元数据: metadata\step2\2025-05-01_1062033360917889030.json
  - [生成] 写入内容信息文件: 2025-05-01_1062033360917889030.json
  - 正在保存动态 1061332482416181252 的步骤2元数据...
  - 所有 4 张图片均已存在，全部跳过。
  - [提取] 读取原始元数据: metadata\step2\2025-04-30_1061332482416181252.json
  - [生成] 写入内容信息文件: 2025-04-30_1061332482416181252.json
  - 正在保存动态 1060923111870824455 的步骤2元数据...
  - [Live Photo] 发现实况视频 (P1)，正在下载...
  -  正在下载用户 清和Alicia_836885 资源: 2025-04-28_1060923111870824455_1.mp4
  - [Live Photo] 发现实况视频 (P2)，正在下载...
  -  正在下载用户 清和Alicia_836885 资源: 2025-04-28_1060923111870824455_2.mp4
  - [Live Photo] 发现实况视频 (P3)，正在下载...
  -  正在下载用户 清和Alicia_836885 资源: 2025-04-28_1060923111870824455_3.mp4
  - [Live Photo] 发现实况视频 (P4)，正在下载...
  -  正在下载用户 清和Alicia_836885 资源: 2025-04-28_1060923111870824455_4.mp4
  - 所有 12 张图片均已存在，全部跳过。
  - [提取] 读取原始元数据: metadata\step2\2025-04-28_1060923111870824455.json
  - [生成] 写入内容信息文件: 2025-04-28_1060923111870824455.json
  - 正在保存动态 1060558348890406913 的步骤2元数据...
  - 所有 9 张图片均已存在，全部跳过。
  - [提取] 读取原始元数据: metadata\step2\2025-04-27_1060558348890406913.json
  - [生成] 写入内容信息文件: 2025-04-27_1060558348890406913.json
  - 正在保存动态 1056819373707100200 的步骤2元数据...
  - 所有 9 张图片均已存在，全部跳过。
  - [提取] 读取原始元数据: metadata\step2\2025-04-17_1056819373707100200.json
  - [生成] 写入内容信息文件: 2025-04-17_1056819373707100200.json
  - 正在保存动态 1048266663593508889 的步骤2元数据...
  - 所有 9 张图片均已存在，全部跳过。
  - [提取] 读取原始元数据: metadata\step2\2025-03-25_1048266663593508889.json
  - [生成] 写入内容信息文件: 2025-03-25_1048266663593508889.json
  - 正在保存动态 1045713928316780545 的步骤2元数据...
  - [Live Photo] 发现实况视频 (P4)，正在下载...
  -  正在下载用户 清和Alicia_836885 资源: 2025-03-18_1045713928316780545_4.mp4
  - [Live Photo] 发现实况视频 (P5)，正在下载...
  -  正在下载用户 清和Alicia_836885 资源: 2025-03-18_1045713928316780545_5.mp4
  - 所有 9 张图片均已存在，全部跳过。
  - [提取] 读取原始元数据: metadata\step2\2025-03-18_1045713928316780545.json
  - [生成] 写入内容信息文件: 2025-03-18_1045713928316780545.json
  - 正在保存动态 1043838350478278705 的步骤2元数据...
  - 所有 9 张图片均已存在，全部跳过。
  - [提取] 读取原始元数据: metadata\step2\2025-03-13_1043838350478278705.json
  - [生成] 写入内容信息文件: 2025-03-13_1043838350478278705.json
  - 正在保存动态 1043067094603661321 的步骤2元数据...
  - [Live Photo] 发现实况视频 (P2)，正在下载...
  -  正在下载用户 清和Alicia_836885 资源: 2025-03-11_1043067094603661321_2.mp4
  - 所有 9 张图片均已存在，全部跳过。
  - [提取] 读取原始元数据: metadata\step2\2025-03-11_1043067094603661321.json
  - [生成] 写入内容信息文件: 2025-03-11_1043067094603661321.json
  - 正在保存动态 1041592189951410217 的步骤2元数据...
  - 所有 9 张图片均已存在，全部跳过。
  - [提取] 读取原始元数据: metadata\step2\2025-03-07_1041592189951410217.json
  - [生成] 写入内容信息文件: 2025-03-07_1041592189951410217.json
  - 正在保存动态 1040137458764742658 的步骤2元数据...
  - [Live Photo] 发现实况视频 (P10)，正在下载...
  -  正在下载用户 清和Alicia_836885 资源: 2025-03-03_1040137458764742658_10.mp4
  - [Live Photo] 发现实况视频 (P18)，正在下载...
  -  正在下载用户 清和Alicia_836885 资源: 2025-03-03_1040137458764742658_18.mp4
  - 所有 18 张图片均已存在，全部跳过。
  - [提取] 读取原始元数据: metadata\step2\2025-03-03_1040137458764742658.json
  - [生成] 写入内容信息文件: 2025-03-03_1040137458764742658.json
  - 正在保存动态 1039376738435465264 的步骤2元数据...
  - 所有 9 张图片均已存在，全部跳过。
  - [提取] 读取原始元数据: metadata\step2\2025-03-01_1039376738435465264.json
  - [生成] 写入内容信息文件: 2025-03-01_1039376738435465264.json
  - 正在保存动态 1038619930846560309 的步骤2元数据...
  - [Live Photo] 发现实况视频 (P1)，正在下载...
  -  正在下载用户 清和Alicia_836885 资源: 2025-02-27_1038619930846560309_1.mp4
  - [Live Photo] 发现实况视频 (P3)，正在下载...
  -  正在下载用户 清和Alicia_836885 资源: 2025-02-27_1038619930846560309_3.mp4
  - [Live Photo] 发现实况视频 (P4)，正在下载...
  -  正在下载用户 清和Alicia_836885 资源: 2025-02-27_1038619930846560309_4.mp4
  - 所有 9 张图片均已存在，全部跳过。
  - [提取] 读取原始元数据: metadata\step2\2025-02-27_1038619930846560309.json
  - [生成] 写入内容信息文件: 2025-02-27_1038619930846560309.json
  - 正在保存动态 1038253016084381701 的步骤2元数据...
  - [Live Photo] 发现实况视频 (P3)，正在下载...
  -  正在下载用户 清和Alicia_836885 资源: 2025-02-26_1038253016084381701_3.mp4
  - [Live Photo] 发现实况视频 (P6)，正在下载...
  -  正在下载用户 清和Alicia_836885 资源: 2025-02-26_1038253016084381701_6.mp4
  - [Live Photo] 发现实况视频 (P7)，正在下载...
  -  正在下载用户 清和Alicia_836885 资源: 2025-02-26_1038253016084381701_7.mp4
  - 所有 9 张图片均已存在，全部跳过。
  - [提取] 读取原始元数据: metadata\step2\2025-02-26_1038253016084381701.json
  - [生成] 写入内容信息文件: 2025-02-26_1038253016084381701.json
  - 正在保存动态 1037864484727685128 的步骤2元数据...
  - 所有 9 张图片均已存在，全部跳过。
  - [提取] 读取原始元数据: metadata\step2\2025-02-25_1037864484727685128.json
  - [生成] 写入内容信息文件: 2025-02-25_1037864484727685128.json
  - 正在保存动态 1037518731293491201 的步骤2元数据...
  - 所有 9 张图片均已存在，全部跳过。
  - [提取] 读取原始元数据: metadata\step2\2025-02-24_1037518731293491201.json
  - [生成] 写入内容信息文件: 2025-02-24_1037518731293491201.json
  - 正在保存动态 1037131273702735895 的步骤2元数据...
  - [Live Photo] 发现实况视频 (P3)，正在下载...
  -  正在下载用户 清和Alicia_836885 资源: 2025-02-23_1037131273702735895_3.mp4
  - 所有 9 张图片均已存在，全部跳过。
  - [提取] 读取原始元数据: metadata\step2\2025-02-23_1037131273702735895.json
  - [生成] 写入内容信息文件: 2025-02-23_1037131273702735895.json
  - 正在保存动态 1036409598911709190 的步骤2元数据...
  - 所有 6 张图片均已存在，全部跳过。
  - [提取] 读取原始元数据: metadata\step2\2025-02-21_1036409598911709190.json
  - [生成] 写入内容信息文件: 2025-02-21_1036409598911709190.json
  - 正在保存动态 1035629826124283912 的步骤2元数据...
  - 所有 2 张图片均已存在，全部跳过。
  - [提取] 读取原始元数据: metadata\step2\2025-02-19_1035629826124283912.json
  - [生成] 写入内容信息文件: 2025-02-19_1035629826124283912.json
  - 正在保存动态 1014897391928606726 的步骤2元数据...
  - 所有 4 张图片均已存在，全部跳过。
  - [提取] 读取原始元数据: metadata\step2\2024-12-25_1014897391928606726.json
  - [生成] 写入内容信息文件: 2024-12-25_1014897391928606726.json
  - 正在保存动态 993745463981113344 的步骤2元数据...
  - 所有 9 张图片均已存在，全部跳过。
  - [提取] 读取原始元数据: metadata\step2\2024-10-29_993745463981113344.json
  - [生成] 写入内容信息文件: 2024-10-29_993745463981113344.json
  - 正在保存动态 992258803980304405 的步骤2元数据...
  - 所有 9 张图片均已存在，全部跳过。
  - [提取] 读取原始元数据: metadata\step2\2024-10-25_992258803980304405.json
  - [生成] 写入内容信息文件: 2024-10-25_992258803980304405.json
  - 正在保存动态 991885494031745043 的步骤2元数据...
  - 所有 9 张图片均已存在，全部跳过。
  - [提取] 读取原始元数据: metadata\step2\2024-10-24_991885494031745043.json
  - [生成] 写入内容信息文件: 2024-10-24_991885494031745043.json
  - 正在保存动态 991155912216412169 的步骤2元数据...
  - 所有 9 张图片均已存在，全部跳过。
  - [提取] 读取原始元数据: metadata\step2\2024-10-22_991155912216412169.json
  - [生成] 写入内容信息文件: 2024-10-22_991155912216412169.json
  - 正在保存动态 990771323696316436 的步骤2元数据...
  - 所有 9 张图片均已存在，全部跳过。
  - [提取] 读取原始元数据: metadata\step2\2024-10-21_990771323696316436.json
  - [生成] 写入内容信息文件: 2024-10-21_990771323696316436.json
  - 正在保存动态 990384218293927939 的步骤2元数据...
  - 所有 9 张图片均已存在，全部跳过。
  - [提取] 读取原始元数据: metadata\step2\2024-10-20_990384218293927939.json
  - [生成] 写入内容信息文件: 2024-10-20_990384218293927939.json
  - 正在保存动态 989679117815250961 的步骤2元数据...
  - 所有 9 张图片均已存在，全部跳过。
  - [提取] 读取原始元数据: metadata\step2\2024-10-18_989679117815250961.json
  - [生成] 写入内容信息文件: 2024-10-18_989679117815250961.json
  - 正在保存动态 989292815523512327 的步骤2元数据...
  - 所有 9 张图片均已存在，全部跳过。
  - [提取] 读取原始元数据: metadata\step2\2024-10-17_989292815523512327.json
  - [生成] 写入内容信息文件: 2024-10-17_989292815523512327.json
  - 正在保存动态 988935392668418069 的步骤2元数据...
  - 所有 9 张图片均已存在，全部跳过。
  - [提取] 读取原始元数据: metadata\step2\2024-10-16_988935392668418069.json
  - [生成] 写入内容信息文件: 2024-10-16_988935392668418069.json
  - 正在保存动态 988563264053968935 的步骤2元数据...
  - 所有 9 张图片均已存在，全部跳过。
  - [提取] 读取原始元数据: metadata\step2\2024-10-15_988563264053968935.json
  - [生成] 写入内容信息文件: 2024-10-15_988563264053968935.json
  - 正在保存动态 987453809362993160 的步骤2元数据...
  - 所有 6 张图片均已存在，全部跳过。
  - [提取] 读取原始元数据: metadata\step2\2024-10-12_987453809362993160.json
  - [生成] 写入内容信息文件: 2024-10-12_987453809362993160.json
  - 正在保存动态 987071067620114450 的步骤2元数据...
  - 所有 6 张图片均已存在，全部跳过。
  - [提取] 读取原始元数据: metadata\step2\2024-10-11_987071067620114450.json
  - [生成] 写入内容信息文件: 2024-10-11_987071067620114450.json
  - 正在保存动态 986691869245177881 的步骤2元数据...
  - 所有 9 张图片均已存在，全部跳过。
  - [提取] 读取原始元数据: metadata\step2\2024-10-10_986691869245177881.json
  - [生成] 写入内容信息文件: 2024-10-10_986691869245177881.json
  - 正在保存动态 985602721403895812 的步骤2元数据...
  - 所有 9 张图片均已存在，全部跳过。
  - [提取] 读取原始元数据: metadata\step2\2024-10-08_985602721403895812.json
  - [生成] 写入内容信息文件: 2024-10-08_985602721403895812.json
  - 正在保存动态 985225223841251362 的步骤2元数据...
  - 所有 9 张图片均已存在，全部跳过。
  - [提取] 读取原始元数据: metadata\step2\2024-10-06_985225223841251362.json
  - [生成] 写入内容信息文件: 2024-10-06_985225223841251362.json
  - 正在保存动态 984844874377330689 的步骤2元数据...
  - 所有 9 张图片均已存在，全部跳过。
  - [提取] 读取原始元数据: metadata\step2\2024-10-05_984844874377330689.json
  - [生成] 写入内容信息文件: 2024-10-05_984844874377330689.json
  - 正在保存动态 984089973756002308 的步骤2元数据...
  - 所有 9 张图片均已存在，全部跳过。
  - [提取] 读取原始元数据: metadata\step2\2024-10-03_984089973756002308.json
  - [生成] 写入内容信息文件: 2024-10-03_984089973756002308.json
  - 正在保存动态 983349147737260055 的步骤2元数据...
  - 所有 9 张图片均已存在，全部跳过。
  - [提取] 读取原始元数据: metadata\step2\2024-10-01_983349147737260055.json
  - [生成] 写入内容信息文件: 2024-10-01_983349147737260055.json
  - 正在保存动态 978137200616013846 的步骤2元数据...
  - 所有 1 张图片均已存在，全部跳过。
  - [提取] 读取原始元数据: metadata\step2\2024-09-17_978137200616013846.json
  - [生成] 写入内容信息文件: 2024-09-17_978137200616013846.json
  - 正在保存动态 976290669646577689 的步骤2元数据...
  - 所有 9 张图片均已存在，全部跳过。
  - [提取] 读取原始元数据: metadata\step2\2024-09-12_976290669646577689.json
  - [生成] 写入内容信息文件: 2024-09-12_976290669646577689.json
  - 正在保存动态 973706971914960902 的步骤2元数据...
  - 所有 6 张图片均已存在，全部跳过。
  - [提取] 读取原始元数据: metadata\step2\2024-09-05_973706971914960902.json
  - [生成] 写入内容信息文件: 2024-09-05_973706971914960902.json
  - 正在保存动态 973347427370139654 的步骤2元数据...
  - 所有 9 张图片均已存在，全部跳过。
  - [提取] 读取原始元数据: metadata\step2\2024-09-04_973347427370139654.json
  - [生成] 写入内容信息文件: 2024-09-04_973347427370139654.json
  - 正在保存动态 972582867372605447 的步骤2元数据...
  - 所有 9 张图片均已存在，全部跳过。
  - [提取] 读取原始元数据: metadata\step2\2024-09-02_972582867372605447.json
  - [生成] 写入内容信息文件: 2024-09-02_972582867372605447.json
  - 正在保存动态 971476938992386056 的步骤2元数据...
  - 所有 4 张图片均已存在，全部跳过。
  - [提取] 读取原始元数据: metadata\step2\2024-08-30_971476938992386056.json
  - [生成] 写入内容信息文件: 2024-08-30_971476938992386056.json
  - 正在保存动态 971105334182543365 的步骤2元数据...
  - 所有 4 张图片均已存在，全部跳过。
  - [提取] 读取原始元数据: metadata\step2\2024-08-29_971105334182543365.json
  - [生成] 写入内容信息文件: 2024-08-29_971105334182543365.json
  - 正在保存动态 970739149553270785 的步骤2元数据...
  - 所有 7 张图片均已存在，全部跳过。
  - [提取] 读取原始元数据: metadata\step2\2024-08-28_970739149553270785.json
  - [生成] 写入内容信息文件: 2024-08-28_970739149553270785.json
  - 正在保存动态 970380970760863762 的步骤2元数据...
  - 所有 6 张图片均已存在，全部跳过。
  - [提取] 读取原始元数据: metadata\step2\2024-08-27_970380970760863762.json
  - [生成] 写入内容信息文件: 2024-08-27_970380970760863762.json
  - 正在保存动态 969999538962038841 的步骤2元数据...
  - 所有 9 张图片均已存在，全部跳过。
  - [提取] 读取原始元数据: metadata\step2\2024-08-26_969999538962038841.json
  - [生成] 写入内容信息文件: 2024-08-26_969999538962038841.json
  - 正在保存动态 968911280176889864 的步骤2元数据...
  - 所有 9 张图片均已存在，全部跳过。
  - [提取] 读取原始元数据: metadata\step2\2024-08-24_968911280176889864.json
  - [生成] 写入内容信息文件: 2024-08-24_968911280176889864.json
  - 正在保存动态 968505861043388435 的步骤2元数据...
  - 所有 9 张图片均已存在，全部跳过。
  - [提取] 读取原始元数据: metadata\step2\2024-08-22_968505861043388435.json
  - [生成] 写入内容信息文件: 2024-08-22_968505861043388435.json
  - 正在保存动态 968114903062675473 的步骤2元数据...
  - 所有 9 张图片均已存在，全部跳过。
  - [提取] 读取原始元数据: metadata\step2\2024-08-21_968114903062675473.json
  - [生成] 写入内容信息文件: 2024-08-21_968114903062675473.json
  - 正在保存动态 967389427223494661 的步骤2元数据...
  - 所有 9 张图片均已存在，全部跳过。
  - [提取] 读取原始元数据: metadata\step2\2024-08-19_967389427223494661.json
  - [生成] 写入内容信息文件: 2024-08-19_967389427223494661.json
  - 正在保存动态 966280445231628320 的步骤2元数据...
  - 所有 9 张图片均已存在，全部跳过。
  - [提取] 读取原始元数据: metadata\step2\2024-08-16_966280445231628320.json
  - [生成] 写入内容信息文件: 2024-08-16_966280445231628320.json
  - 正在保存动态 965537278447321129 的步骤2元数据...
  - 所有 9 张图片均已存在，全部跳过。
  - [提取] 读取原始元数据: metadata\step2\2024-08-14_965537278447321129.json
  - [生成] 写入内容信息文件: 2024-08-14_965537278447321129.json
  - 正在保存动态 964441254542704693 的步骤2元数据...
  - 所有 6 张图片均已存在，全部跳过。
  - [提取] 读取原始元数据: metadata\step2\2024-08-11_964441254542704693.json
  - [生成] 写入内容信息文件: 2024-08-11_964441254542704693.json
  - 正在保存动态 963319967224168455 的步骤2元数据...
  - 所有 9 张图片均已存在，全部跳过。
  - [提取] 读取原始元数据: metadata\step2\2024-08-08_963319967224168455.json
  - [生成] 写入内容信息文件: 2024-08-08_963319967224168455.json
  - 正在保存动态 962583444731199492 的步骤2元数据...
  - 所有 9 张图片均已存在，全部跳过。
  - [提取] 读取原始元数据: metadata\step2\2024-08-06_962583444731199492.json
  - [生成] 写入内容信息文件: 2024-08-06_962583444731199492.json
  - 正在保存动态 961838431113052176 的步骤2元数据...
  - 所有 9 张图片均已存在，全部跳过。
  - [提取] 读取原始元数据: metadata\step2\2024-08-04_961838431113052176.json
  - [生成] 写入内容信息文件: 2024-08-04_961838431113052176.json
  - 正在保存动态 961089513406332966 的步骤2元数据...
  - 所有 9 张图片均已存在，全部跳过。
  - [提取] 读取原始元数据: metadata\step2\2024-08-02_961089513406332966.json
  - [生成] 写入内容信息文件: 2024-08-02_961089513406332966.json
  - 正在保存动态 959970700148342820 的步骤2元数据...
  - 所有 9 张图片均已存在，全部跳过。
  - [提取] 读取原始元数据: metadata\step2\2024-07-30_959970700148342820.json
  - [生成] 写入内容信息文件: 2024-07-30_959970700148342820.json
  - 正在保存动态 959233387393974281 的步骤2元数据...
  - 所有 6 张图片均已存在，全部跳过。
  - [提取] 读取原始元数据: metadata\step2\2024-07-28_959233387393974281.json
  - [生成] 写入内容信息文件: 2024-07-28_959233387393974281.json
  - 正在保存动态 958490839114317860 的步骤2元数据...
  - 所有 9 张图片均已存在，全部跳过。
  - [提取] 读取原始元数据: metadata\step2\2024-07-26_958490839114317860.json
  - [生成] 写入内容信息文件: 2024-07-26_958490839114317860.json
  - 正在保存动态 958111610686144516 的步骤2元数据...
  - 所有 9 张图片均已存在，全部跳过。
  - [提取] 读取原始元数据: metadata\step2\2024-07-25_958111610686144516.json
  - [生成] 写入内容信息文件: 2024-07-25_958111610686144516.json
  - 正在保存动态 957732231899512886 的步骤2元数据...
  - 所有 9 张图片均已存在，全部跳过。
  - [提取] 读取原始元数据: metadata\step2\2024-07-24_957732231899512886.json
  - [生成] 写入内容信息文件: 2024-07-24_957732231899512886.json
  - 正在保存动态 957376119242227736 的步骤2元数据...
  - 所有 9 张图片均已存在，全部跳过。
  - [提取] 读取原始元数据: metadata\step2\2024-07-23_957376119242227736.json
  - [生成] 写入内容信息文件: 2024-07-23_957376119242227736.json
  - 正在保存动态 956647756977405957 的步骤2元数据...
  - 所有 9 张图片均已存在，全部跳过。
  - [提取] 读取原始元数据: metadata\step2\2024-07-21_956647756977405957.json
  - [生成] 写入内容信息文件: 2024-07-21_956647756977405957.json
  - 正在保存动态 956252929259470856 的步骤2元数据...
  - 所有 9 张图片均已存在，全部跳过。
  - [提取] 读取原始元数据: metadata\step2\2024-07-20_956252929259470856.json
  - [生成] 写入内容信息文件: 2024-07-20_956252929259470856.json
  - 正在保存动态 955888286533943318 的步骤2元数据...
  - 所有 9 张图片均已存在，全部跳过。
  - [提取] 读取原始元数据: metadata\step2\2024-07-19_955888286533943318.json
  - [生成] 写入内容信息文件: 2024-07-19_955888286533943318.json
  - 正在保存动态 955143066730102823 的步骤2元数据...
  - 所有 9 张图片均已存在，全部跳过。
  - [提取] 读取原始元数据: metadata\step2\2024-07-17_955143066730102823.json
  - [生成] 写入内容信息文件: 2024-07-17_955143066730102823.json
  - 正在保存动态 954797515136303107 的步骤2元数据...
  - 所有 9 张图片均已存在，全部跳过。
  - [提取] 读取原始元数据: metadata\step2\2024-07-16_954797515136303107.json
  - [生成] 写入内容信息文件: 2024-07-16_954797515136303107.json
  - 正在保存动态 953661247208816664 的步骤2元数据...
  - 所有 1 张图片均已存在，全部跳过。
  - [提取] 读取原始元数据: metadata\step2\2024-07-13_953661247208816664.json
  - [生成] 写入内容信息文件: 2024-07-13_953661247208816664.json
  - 正在保存动态 953291764005863461 的步骤2元数据...
  - 所有 9 张图片均已存在，全部跳过。
  - [提取] 读取原始元数据: metadata\step2\2024-07-12_953291764005863461.json
  - [生成] 写入内容信息文件: 2024-07-12_953291764005863461.json
  - 正在保存动态 952921013863055382 的步骤2元数据...
  - 所有 9 张图片均已存在，全部跳过。
  - [提取] 读取原始元数据: metadata\step2\2024-07-11_952921013863055382.json
  - [生成] 写入内容信息文件: 2024-07-11_952921013863055382.json
  - 正在保存动态 952558746230325248 的步骤2元数据...
  - 所有 9 张图片均已存在，全部跳过。
  - [提取] 读取原始元数据: metadata\step2\2024-07-10_952558746230325248.json
  - [生成] 写入内容信息文件: 2024-07-10_952558746230325248.json
  - 正在保存动态 952196719156658231 的步骤2元数据...
  - 所有 9 张图片均已存在，全部跳过。
  - [提取] 读取原始元数据: metadata\step2\2024-07-09_952196719156658231.json
  - [生成] 写入内容信息文件: 2024-07-09_952196719156658231.json
  - 正在保存动态 951822468572512262 的步骤2元数据...
  - 所有 9 张图片均已存在，全部跳过。
  - [提取] 读取原始元数据: metadata\step2\2024-07-08_951822468572512262.json
  - [生成] 写入内容信息文件: 2024-07-08_951822468572512262.json
  - 正在保存动态 950306151892779030 的步骤2元数据...
  - 所有 4 张图片均已存在，全部跳过。
  - [提取] 读取原始元数据: metadata\step2\2024-07-04_950306151892779030.json
  - [生成] 写入内容信息文件: 2024-07-04_950306151892779030.json
  - 正在保存动态 949558458213990400 的步骤2元数据...
  - 所有 9 张图片均已存在，全部跳过。
  - [提取] 读取原始元数据: metadata\step2\2024-07-02_949558458213990400.json
  - [生成] 写入内容信息文件: 2024-07-02_949558458213990400.json
  - 正在保存动态 949208280915247109 的步骤2元数据...
  - 所有 6 张图片均已存在，全部跳过。
  - [提取] 读取原始元数据: metadata\step2\2024-07-01_949208280915247109.json
  - [生成] 写入内容信息文件: 2024-07-01_949208280915247109.json
  - 正在保存动态 948835928747540505 的步骤2元数据...
  - 所有 9 张图片均已存在，全部跳过。
  - [提取] 读取原始元数据: metadata\step2\2024-06-30_948835928747540505.json
  - [生成] 写入内容信息文件: 2024-06-30_948835928747540505.json
  - 正在保存动态 947712266494541831 的步骤2元数据...
  - 所有 6 张图片均已存在，全部跳过。
  - [提取] 读取原始元数据: metadata\step2\2024-06-27_947712266494541831.json
  - [生成] 写入内容信息文件: 2024-06-27_947712266494541831.json
  - 正在保存动态 947333849814138900 的步骤2元数据...
  - 所有 9 张图片均已存在，全部跳过。
  - [提取] 读取原始元数据: metadata\step2\2024-06-26_947333849814138900.json
  - [生成] 写入内容信息文件: 2024-06-26_947333849814138900.json
  - 正在保存动态 946990862548598793 的步骤2元数据...
  - 所有 4 张图片均已存在，全部跳过。
  - [提取] 读取原始元数据: metadata\step2\2024-06-25_946990862548598793.json
  - [生成] 写入内容信息文件: 2024-06-25_946990862548598793.json
  - 正在保存动态 946611754168745986 的步骤2元数据...
  - 所有 7 张图片均已存在，全部跳过。
  - [提取] 读取原始元数据: metadata\step2\2024-06-24_946611754168745986.json
  - [生成] 写入内容信息文件: 2024-06-24_946611754168745986.json
  - 正在保存动态 945864129181122560 的步骤2元数据...
  - 所有 4 张图片均已存在，全部跳过。
  - [提取] 读取原始元数据: metadata\step2\2024-06-22_945864129181122560.json
  - [生成] 写入内容信息文件: 2024-06-22_945864129181122560.json
  - 正在保存动态 945482358365093928 的步骤2元数据...
  - 所有 4 张图片均已存在，全部跳过。
  - [提取] 读取原始元数据: metadata\step2\2024-06-21_945482358365093928.json
  - [生成] 写入内容信息文件: 2024-06-21_945482358365093928.json
  - 正在保存动态 945119892957298690 的步骤2元数据...
  - 所有 9 张图片均已存在，全部跳过。
  - [提取] 读取原始元数据: metadata\step2\2024-06-20_945119892957298690.json
  - [生成] 写入内容信息文件: 2024-06-20_945119892957298690.json
  - 正在保存动态 944750147813769240 的步骤2元数据...
  - 所有 6 张图片均已存在，全部跳过。
  - [提取] 读取原始元数据: metadata\step2\2024-06-19_944750147813769240.json
  - [生成] 写入内容信息文件: 2024-06-19_944750147813769240.json
  - 正在保存动态 944375635235569668 的步骤2元数据...
  - 所有 1 张图片均已存在，全部跳过。
  - [提取] 读取原始元数据: metadata\step2\2024-06-18_944375635235569668.json
  - [生成] 写入内容信息文件: 2024-06-18_944375635235569668.json
  - 正在保存动态 944005396189675524 的步骤2元数据...
  - 所有 3 张图片均已存在，全部跳过。
  - [提取] 读取原始元数据: metadata\step2\2024-06-17_944005396189675524.json
  - [生成] 写入内容信息文件: 2024-06-17_944005396189675524.json
  - 正在保存动态 943635968844365828 的步骤2元数据...
  - 所有 9 张图片均已存在，全部跳过。
  - [提取] 读取原始元数据: metadata\step2\2024-06-16_943635968844365828.json
  - [生成] 写入内容信息文件: 2024-06-16_943635968844365828.json
  - 正在保存动态 943267598101905504 的步骤2元数据...
  - 所有 6 张图片均已存在，全部跳过。
  - [提取] 读取原始元数据: metadata\step2\2024-06-15_943267598101905504.json
  - [生成] 写入内容信息文件: 2024-06-15_943267598101905504.json
  - 正在保存动态 942897376463421477 的步骤2元数据...
  - 所有 9 张图片均已存在，全部跳过。
  - [提取] 读取原始元数据: metadata\step2\2024-06-14_942897376463421477.json
  - [生成] 写入内容信息文件: 2024-06-14_942897376463421477.json
  - 正在保存动态 942512345322618934 的步骤2元数据...
  - 所有 7 张图片均已存在，全部跳过。
  - [提取] 读取原始元数据: metadata\step2\2024-06-13_942512345322618934.json
  - [生成] 写入内容信息文件: 2024-06-13_942512345322618934.json
  - 正在保存动态 942157654248128529 的步骤2元数据...
  - 所有 9 张图片均已存在，全部跳过。
  - [提取] 读取原始元数据: metadata\step2\2024-06-12_942157654248128529.json
  - [生成] 写入内容信息文件: 2024-06-12_942157654248128529.json
  - 正在保存动态 941787359347736582 的步骤2元数据...
  - 所有 9 张图片均已存在，全部跳过。
  - [提取] 读取原始元数据: metadata\step2\2024-06-11_941787359347736582.json
  - [生成] 写入内容信息文件: 2024-06-11_941787359347736582.json
  - 正在保存动态 941382021596315652 的步骤2元数据...
  - 所有 6 张图片均已存在，全部跳过。
  - [提取] 读取原始元数据: metadata\step2\2024-06-10_941382021596315652.json
  - [生成] 写入内容信息文件: 2024-06-10_941382021596315652.json
  - 正在保存动态 941028936627781657 的步骤2元数据...
  - 所有 7 张图片均已存在，全部跳过。
  - [提取] 读取原始元数据: metadata\step2\2024-06-09_941028936627781657.json
  - [生成] 写入内容信息文件: 2024-06-09_941028936627781657.json
  - 正在保存动态 940670865209557043 的步骤2元数据...
  - 所有 4 张图片均已存在，全部跳过。
  - [提取] 读取原始元数据: metadata\step2\2024-06-08_940670865209557043.json
  - [生成] 写入内容信息文件: 2024-06-08_940670865209557043.json
  - 正在保存动态 940293127338459138 的步骤2元数据...
  - 所有 3 张图片均已存在，全部跳过。
  - [提取] 读取原始元数据: metadata\step2\2024-06-07_940293127338459138.json
  - [生成] 写入内容信息文件: 2024-06-07_940293127338459138.json
  - 正在保存动态 926384536925765639 的步骤2元数据...
  - 所有 2 张图片均已存在，全部跳过。
  - [提取] 读取原始元数据: metadata\step2\2024-05-01_926384536925765639.json
  - [生成] 写入内容信息文件: 2024-05-01_926384536925765639.json
  - 正在保存动态 917641564067463200 的步骤2元数据...
  - 所有 9 张图片均已存在，全部跳过。
  - [提取] 读取原始元数据: metadata\step2\2024-04-07_917641564067463200.json
  - [生成] 写入内容信息文件: 2024-04-07_917641564067463200.json
  - 正在保存动态 917268812456263716 的步骤2元数据...
  - 所有 9 张图片均已存在，全部跳过。
  - [提取] 读取原始元数据: metadata\step2\2024-04-06_917268812456263716.json
  - [生成] 写入内容信息文件: 2024-04-06_917268812456263716.json
  - 正在保存动态 915447544438325249 的步骤2元数据...
  - 所有 1 张图片均已存在，全部跳过。
  - [提取] 读取原始元数据: metadata\step2\2024-04-01_915447544438325249.json
  - [生成] 写入内容信息文件: 2024-04-01_915447544438325249.json
  - 正在保存动态 915053588589314064 的步骤2元数据...
  - 所有 9 张图片均已存在，全部跳过。
  - [提取] 读取原始元数据: metadata\step2\2024-03-31_915053588589314064.json
  - [生成] 写入内容信息文件: 2024-03-31_915053588589314064.json
  - 正在保存动态 910996944736747552 的步骤2元数据...
  - 所有 2 张图片均已存在，全部跳过。
  - [提取] 读取原始元数据: metadata\step2\2024-03-20_910996944736747552.json
  - [生成] 写入内容信息文件: 2024-03-20_910996944736747552.json
  - 正在保存动态 910613309662691330 的步骤2元数据...
  - 所有 4 张图片均已存在，全部跳过。
  - [提取] 读取原始元数据: metadata\step2\2024-03-19_910613309662691330.json
  - [生成] 写入内容信息文件: 2024-03-19_910613309662691330.json
  - 正在保存动态 909862489256099841 的步骤2元数据...
  - 所有 6 张图片均已存在，全部跳过。
  - [提取] 读取原始元数据: metadata\step2\2024-03-17_909862489256099841.json
  - [生成] 写入内容信息文件: 2024-03-17_909862489256099841.json
  - 正在保存动态 908919387412496418 的步骤2元数据...
  - 所有 6 张图片均已存在，全部跳过。
  - [提取] 读取原始元数据: metadata\step2\2024-03-15_908919387412496418.json
  - [生成] 写入内容信息文件: 2024-03-15_908919387412496418.json
  - 正在保存动态 908592025029312529 的步骤2元数据...
  - 所有 2 张图片均已存在，全部跳过。
  - [提取] 读取原始元数据: metadata\step2\2024-03-14_908592025029312529.json
  - [生成] 写入内容信息文件: 2024-03-14_908592025029312529.json
  - 正在保存动态 907972424435236869 的步骤2元数据...
  - 所有 1 张图片均已存在，全部跳过。
  - [提取] 读取原始元数据: metadata\step2\2024-03-12_907972424435236869.json
  - [生成] 写入内容信息文件: 2024-03-12_907972424435236869.json
  - 正在保存动态 907595163109425158 的步骤2元数据...
  - 所有 6 张图片均已存在，全部跳过。
  - [提取] 读取原始元数据: metadata\step2\2024-03-11_907595163109425158.json
  - [生成] 写入内容信息文件: 2024-03-11_907595163109425158.json
  - 正在保存动态 907228093739958307 的步骤2元数据...
  - 所有 9 张图片均已存在，全部跳过。
  - [提取] 读取原始元数据: metadata\step2\2024-03-10_907228093739958307.json
  - [生成] 写入内容信息文件: 2024-03-10_907228093739958307.json
  - 正在保存动态 890908643955834886 的步骤2元数据...
  - 所有 1 张图片均已存在，全部跳过。
  - [提取] 读取原始元数据: metadata\step2\2024-01-26_890908643955834886.json
  - [生成] 写入内容信息文件: 2024-01-26_890908643955834886.json
  - 正在保存动态 880874977546469378 的步骤2元数据...
  - 所有 1 张图片均已存在，全部跳过。
  - [提取] 读取原始元数据: metadata\step2\2023-12-30_880874977546469378.json
  - [生成] 写入内容信息文件: 2023-12-30_880874977546469378.json
  - 正在保存动态 857880358317719553 的步骤2元数据...
  - 所有 1 张图片均已存在，全部跳过。
  - [提取] 读取原始元数据: metadata\step2\2023-10-29_857880358317719553.json
  - [生成] 写入内容信息文件: 2023-10-29_857880358317719553.json
  - 正在保存动态 857865759708151812 的步骤2元数据...
  - 所有 9 张图片均已存在，全部跳过。
  - [提取] 读取原始元数据: metadata\step2\2023-10-29_857865759708151812.json
  - [生成] 写入内容信息文件: 2023-10-29_857865759708151812.json
  - 正在保存动态 831918359035510800 的步骤2元数据...
  - 所有 9 张图片均已存在，全部跳过。
  - [提取] 读取原始元数据: metadata\step2\2023-08-20_831918359035510800.json
  - [生成] 写入内容信息文件: 2023-08-20_831918359035510800.json
  - 正在保存动态 827794928458268711 的步骤2元数据...
  - 所有 4 张图片均已存在，全部跳过。
  - [提取] 读取原始元数据: metadata\step2\2023-08-09_827794928458268711.json
  - [生成] 写入内容信息文件: 2023-08-09_827794928458268711.json
  - 正在保存动态 826370528324354083 的步骤2元数据...
  - 所有 1 张图片均已存在，全部跳过。
  - [提取] 读取原始元数据: metadata\step2\2023-08-05_826370528324354083.json
  - [生成] 写入内容信息文件: 2023-08-05_826370528324354083.json
  - 正在保存动态 822674326713008169 的步骤2元数据...
  - 所有 2 张图片均已存在，全部跳过。
  - [提取] 读取原始元数据: metadata\step2\2023-07-26_822674326713008169.json
  - [生成] 写入内容信息文件: 2023-07-26_822674326713008169.json
  - 正在保存动态 820596962701082643 的步骤2元数据...
  - 所有 1 张图片均已存在，全部跳过。
  - [提取] 读取原始元数据: metadata\step2\2023-07-21_820596962701082643.json
  - [生成] 写入内容信息文件: 2023-07-21_820596962701082643.json
  - 正在保存动态 820539723669831684 的步骤2元数据...
  - 所有 1 张图片均已存在，全部跳过。
  - [提取] 读取原始元数据: metadata\step2\2023-07-21_820539723669831684.json
  - [生成] 写入内容信息文件: 2023-07-21_820539723669831684.json
  - 正在保存动态 818564442423820297 的步骤2元数据...
  - 所有 1 张图片均已存在，全部跳过。
  - [提取] 读取原始元数据: metadata\step2\2023-07-15_818564442423820297.json
  - [生成] 写入内容信息文件: 2023-07-15_818564442423820297.json
  - 正在保存动态 802928618291331106 的步骤2元数据...
  - 所有 9 张图片均已存在，全部跳过。
  - [提取] 读取原始元数据: metadata\step2\2023-06-03_802928618291331106.json
  - [生成] 写入内容信息文件: 2023-06-03_802928618291331106.json
  - 正在保存动态 790681652376371232 的步骤2元数据...
  - 所有 4 张图片均已存在，全部跳过。
  - [提取] 读取原始元数据: metadata\step2\2023-05-01_790681652376371232.json
  - [生成] 写入内容信息文件: 2023-05-01_790681652376371232.json
  - 正在保存动态 787746527605948485 的步骤2元数据...
  - 所有 9 张图片均已存在，全部跳过。
  - [提取] 读取原始元数据: metadata\step2\2023-04-23_787746527605948485.json
  - [生成] 写入内容信息文件: 2023-04-23_787746527605948485.json
  - 正在保存动态 785484226579398672 的步骤2元数据...
  - 所有 1 张图片均已存在，全部跳过。
  - [提取] 读取原始元数据: metadata\step2\2023-04-17_785484226579398672.json
  - [生成] 写入内容信息文件: 2023-04-17_785484226579398672.json
  - 正在保存动态 784418550664134711 的步骤2元数据...
  - 所有 1 张图片均已存在，全部跳过。
  - [提取] 读取原始元数据: metadata\step2\2023-04-14_784418550664134711.json
  - [生成] 写入内容信息文件: 2023-04-14_784418550664134711.json
  - 正在保存动态 763653925694865409 的步骤2元数据...
  - 所有 3 张图片均已存在，全部跳过。
  - [提取] 读取原始元数据: metadata\step2\2023-02-17_763653925694865409.json
  - [生成] 写入内容信息文件: 2023-02-17_763653925694865409.json
  - 正在保存动态 755392040700739715 的步骤2元数据...
  - 所有 9 张图片均已存在，全部跳过。
  - [提取] 读取原始元数据: metadata\step2\2023-01-26_755392040700739715.json
  - [生成] 写入内容信息文件: 2023-01-26_755392040700739715.json
  - 正在保存动态 750895360270925905 的步骤2元数据...
  - 所有 1 张图片均已存在，全部跳过。
  - [提取] 读取原始元数据: metadata\step2\2023-01-14_750895360270925905.json
  - [生成] 写入内容信息文件: 2023-01-14_750895360270925905.json
  - 正在保存动态 748009236729954377 的步骤2元数据...
  - 所有 1 张图片均已存在，全部跳过。
  - [提取] 读取原始元数据: metadata\step2\2023-01-06_748009236729954377.json
  - [生成] 写入内容信息文件: 2023-01-06_748009236729954377.json
  - 正在保存动态 742475351760830514 的步骤2元数据...
  - 所有 2 张图片均已存在，全部跳过。
  - [提取] 读取原始元数据: metadata\step2\2022-12-22_742475351760830514.json
  - [生成] 写入内容信息文件: 2022-12-22_742475351760830514.json
  - 正在保存动态 741722001601724596 的步骤2元数据...
  - 所有 1 张图片均已存在，全部跳过。
  - [提取] 读取原始元数据: metadata\step2\2022-12-20_741722001601724596.json
  - [生成] 写入内容信息文件: 2022-12-20_741722001601724596.json
  - 正在保存动态 733962743724376081 的步骤2元数据...
  - 所有 9 张图片均已存在，全部跳过。
  - [提取] 读取原始元数据: metadata\step2\2022-11-29_733962743724376081.json
  - [生成] 写入内容信息文件: 2022-11-29_733962743724376081.json
  - 正在保存动态 733566026207199288 的步骤2元数据...
  - 所有 1 张图片均已存在，全部跳过。
  - [提取] 读取原始元数据: metadata\step2\2022-11-28_733566026207199288.json
  - [生成] 写入内容信息文件: 2022-11-28_733566026207199288.json
  - 正在保存动态 731624649442459685 的步骤2元数据...
  - 所有 4 张图片均已存在，全部跳过。
  - [提取] 读取原始元数据: metadata\step2\2022-11-23_731624649442459685.json
  - [生成] 写入内容信息文件: 2022-11-23_731624649442459685.json
  - 正在保存动态 730254103896129545 的步骤2元数据...
  - 所有 1 张图片均已存在，全部跳过。
  - [提取] 读取原始元数据: metadata\step2\2022-11-19_730254103896129545.json
  - [生成] 写入内容信息文件: 2022-11-19_730254103896129545.json
  - 正在保存动态 723174533201133616 的步骤2元数据...
  - 所有 7 张图片均已存在，全部跳过。
  - [提取] 读取原始元数据: metadata\step2\2022-10-31_723174533201133616.json
  - [生成] 写入内容信息文件: 2022-10-31_723174533201133616.json
  - 正在保存动态 713512291307356181 的步骤2元数据...
  - 所有 6 张图片均已存在，全部跳过。
  - [提取] 读取原始元数据: metadata\step2\2022-10-05_713512291307356181.json
  - [生成] 写入内容信息文件: 2022-10-05_713512291307356181.json
  - 正在保存动态 711221282747711521 的步骤2元数据...
  - 所有 1 张图片均已存在，全部跳过。
  - [提取] 读取原始元数据: metadata\step2\2022-09-29_711221282747711521.json
  - [生成] 写入内容信息文件: 2022-09-29_711221282747711521.json
  - 正在保存动态 709471272535326722 的步骤2元数据...
  - 所有 1 张图片均已存在，全部跳过。
  - [提取] 读取原始元数据: metadata\step2\2022-09-24_709471272535326722.json
  - [生成] 写入内容信息文件: 2022-09-24_709471272535326722.json
  - 正在保存动态 690539649445134370 的步骤2元数据...
  - 所有 2 张图片均已存在，全部跳过。
  - [提取] 读取原始元数据: metadata\step2\2022-08-04_690539649445134370.json
  - [生成] 写入内容信息文件: 2022-08-04_690539649445134370.json
  - 正在保存动态 675301062334218273 的步骤2元数据...
  - 所有 5 张图片均已存在，全部跳过。
  - [提取] 读取原始元数据: metadata\step2\2022-06-24_675301062334218273.json
  - [生成] 写入内容信息文件: 2022-06-24_675301062334218273.json
  - 正在保存动态 674225624224628768 的步骤2元数据...
  - 所有 2 张图片均已存在，全部跳过。
  - [提取] 读取原始元数据: metadata\step2\2022-06-21_674225624224628768.json
  - [生成] 写入内容信息文件: 2022-06-21_674225624224628768.json
  - 正在保存动态 670872014784823317 的步骤2元数据...
  - 所有 9 张图片均已存在，全部跳过。
  - [提取] 读取原始元数据: metadata\step2\2022-06-12_670872014784823317.json
  - [生成] 写入内容信息文件: 2022-06-12_670872014784823317.json
  - 正在保存动态 667146315327602738 的步骤2元数据...
  - 所有 4 张图片均已存在，全部跳过。
  - [提取] 读取原始元数据: metadata\step2\2022-06-02_667146315327602738.json
  - [生成] 写入内容信息文件: 2022-06-02_667146315327602738.json
  - 正在保存动态 666432706526052368 的步骤2元数据...
  - 所有 1 张图片均已存在，全部跳过。
  - [提取] 读取原始元数据: metadata\step2\2022-05-31_666432706526052368.json
  - [生成] 写入内容信息文件: 2022-05-31_666432706526052368.json
  - 正在保存动态 665689269153562676 的步骤2元数据...
  - 所有 1 张图片均已存在，全部跳过。
  - [提取] 读取原始元数据: metadata\step2\2022-05-29_665689269153562676.json
  - [生成] 写入内容信息文件: 2022-05-29_665689269153562676.json
  - 正在保存动态 661235624300249111 的步骤2元数据...
  - 所有 1 张图片均已存在，全部跳过。
  - [提取] 读取原始元数据: metadata\step2\2022-05-17_661235624300249111.json
  - [生成] 写入内容信息文件: 2022-05-17_661235624300249111.json
  - 正在保存动态 660844906814636148 的步骤2元数据...
  - 所有 6 张图片均已存在，全部跳过。
  - [提取] 读取原始元数据: metadata\step2\2022-05-16_660844906814636148.json
  - [生成] 写入内容信息文件: 2022-05-16_660844906814636148.json
  - 正在保存动态 659034131409141761 的步骤2元数据...
  - 所有 9 张图片均已存在，全部跳过。
  - [提取] 读取原始元数据: metadata\step2\2022-05-11_659034131409141761.json
  - [生成] 写入内容信息文件: 2022-05-11_659034131409141761.json
  - 正在保存动态 657862511575433299 的步骤2元数据...
  - 所有 2 张图片均已存在，全部跳过。
  - [提取] 读取原始元数据: metadata\step2\2022-05-08_657862511575433299.json
  - [生成] 写入内容信息文件: 2022-05-08_657862511575433299.json
  - 正在保存动态 657491418053345281 的步骤2元数据...
  - 所有 4 张图片均已存在，全部跳过。
  - [提取] 读取原始元数据: metadata\step2\2022-05-07_657491418053345281.json
  - [生成] 写入内容信息文件: 2022-05-07_657491418053345281.json
  - 正在保存动态 656695826647613445 的步骤2元数据...
  - 所有 1 张图片均已存在，全部跳过。
  - [提取] 读取原始元数据: metadata\step2\2022-05-05_656695826647613445.json
  - [生成] 写入内容信息文件: 2022-05-05_656695826647613445.json
  - 正在保存动态 656052857154306051 的步骤2元数据...
  - 所有 4 张图片均已存在，全部跳过。
  - [提取] 读取原始元数据: metadata\step2\2022-05-03_656052857154306051.json
  - [生成] 写入内容信息文件: 2022-05-03_656052857154306051.json
  - 正在保存动态 655603809735671832 的步骤2元数据...
  - 所有 1 张图片均已存在，全部跳过。
  - [提取] 读取原始元数据: metadata\step2\2022-05-02_655603809735671832.json
  - [生成] 写入内容信息文件: 2022-05-02_655603809735671832.json
  - 正在保存动态 654450258823086104 的步骤2元数据...
  - 所有 3 张图片均已存在，全部跳过。
  - [提取] 读取原始元数据: metadata\step2\2022-04-29_654450258823086104.json
  - [生成] 写入内容信息文件: 2022-04-29_654450258823086104.json
  - 正在保存动态 651548660529627137 的步骤2元数据...
  - 所有 1 张图片均已存在，全部跳过。
  - [提取] 读取原始元数据: metadata\step2\2022-04-21_651548660529627137.json
  - [生成] 写入内容信息文件: 2022-04-21_651548660529627137.json
  - 正在保存动态 651216053969354752 的步骤2元数据...
  - 所有 1 张图片均已存在，全部跳过。
  - [提取] 读取原始元数据: metadata\step2\2022-04-20_651216053969354752.json
  - [生成] 写入内容信息文件: 2022-04-20_651216053969354752.json
  - 正在保存动态 649414697671458816 的步骤2元数据...
  - 所有 1 张图片均已存在，全部跳过。
  - [提取] 读取原始元数据: metadata\step2\2022-04-16_649414697671458816.json
  - [生成] 写入内容信息文件: 2022-04-16_649414697671458816.json
  - 正在保存动态 649340467746439175 的步骤2元数据...
  - 所有 6 张图片均已存在，全部跳过。
  - [提取] 读取原始元数据: metadata\step2\2022-04-15_649340467746439175.json
  - [生成] 写入内容信息文件: 2022-04-15_649340467746439175.json
  - 正在保存动态 646761567363268645 的步骤2元数据...
  - 所有 6 张图片均已存在，全部跳过。
  - [提取] 读取原始元数据: metadata\step2\2022-04-08_646761567363268645.json
  - [生成] 写入内容信息文件: 2022-04-08_646761567363268645.json
  - 正在保存动态 645995667313917952 的步骤2元数据...
  - 所有 1 张图片均已存在，全部跳过。
  - [提取] 读取原始元数据: metadata\step2\2022-04-06_645995667313917952.json
  - [生成] 写入内容信息文件: 2022-04-06_645995667313917952.json
  - 正在保存动态 645969343448875009 的步骤2元数据...
  - 所有 1 张图片均已存在，全部跳过。
  - [提取] 读取原始元数据: metadata\step2\2022-04-06_645969343448875009.json
  - [生成] 写入内容信息文件: 2022-04-06_645969343448875009.json
  - 正在保存动态 643405690374717460 的步骤2元数据...
  - 所有 1 张图片均已存在，全部跳过。
  - [提取] 读取原始元数据: metadata\step2\2022-03-30_643405690374717460.json
  - [生成] 写入内容信息文件: 2022-03-30_643405690374717460.json
  - 正在保存动态 640052106896605224 的步骤2元数据...
  - 所有 8 张图片均已存在，全部跳过。
  - [提取] 读取原始元数据: metadata\step2\2022-03-21_640052106896605224.json
  - [生成] 写入内容信息文件: 2022-03-21_640052106896605224.json
  - 正在保存动态 638237070888796169 的步骤2元数据...
  - 所有 1 张图片均已存在，全部跳过。
  - [提取] 读取原始元数据: metadata\step2\2022-03-16_638237070888796169.json
  - [生成] 写入内容信息文件: 2022-03-16_638237070888796169.json
  - 正在保存动态 635945495379836950 的步骤2元数据...
  - 所有 1 张图片均已存在，全部跳过。
  - [提取] 读取原始元数据: metadata\step2\2022-03-10_635945495379836950.json
  - [生成] 写入内容信息文件: 2022-03-10_635945495379836950.json
  - 正在保存动态 635575067345944600 的步骤2元数据...
  - 所有 2 张图片均已存在，全部跳过。
  - [提取] 读取原始元数据: metadata\step2\2022-03-09_635575067345944600.json
  - [生成] 写入内容信息文件: 2022-03-09_635575067345944600.json
  - 正在保存动态 634938308372201477 的步骤2元数据...
  - 所有 1 张图片均已存在，全部跳过。
  - [提取] 读取原始元数据: metadata\step2\2022-03-08_634938308372201477.json
  - [生成] 写入内容信息文件: 2022-03-08_634938308372201477.json
  - 正在保存动态 634900160473726977 的步骤2元数据...
  - 所有 1 张图片均已存在，全部跳过。
  - [提取] 读取原始元数据: metadata\step2\2022-03-07_634900160473726977.json
  - [生成] 写入内容信息文件: 2022-03-07_634900160473726977.json
  - 正在保存动态 633388551026769925 的步骤2元数据...
  - 所有 1 张图片均已存在，全部跳过。
  - [提取] 读取原始元数据: metadata\step2\2022-03-03_633388551026769925.json
  - [生成] 写入内容信息文件: 2022-03-03_633388551026769925.json
  - 正在保存动态 632576424239169542 的步骤2元数据...
  - 所有 1 张图片均已存在，全部跳过。
  - [提取] 读取原始元数据: metadata\step2\2022-03-01_632576424239169542.json
  - [生成] 写入内容信息文件: 2022-03-01_632576424239169542.json
  - 正在保存动态 631883079089127460 的步骤2元数据...
  - 所有 1 张图片均已存在，全部跳过。
  - [提取] 读取原始元数据: metadata\step2\2022-02-27_631883079089127460.json
  - [生成] 写入内容信息文件: 2022-02-27_631883079089127460.json
  - 正在保存动态 631189467650064418 的步骤2元数据...
  - 所有 1 张图片均已存在，全部跳过。
  - [提取] 读取原始元数据: metadata\step2\2022-02-25_631189467650064418.json
  - [生成] 写入内容信息文件: 2022-02-25_631189467650064418.json
  - 正在保存动态 630787338442637363 的步骤2元数据...
  - 所有 1 张图片均已存在，全部跳过。
  - [提取] 读取原始元数据: metadata\step2\2022-02-24_630787338442637363.json
  - [生成] 写入内容信息文件: 2022-02-24_630787338442637363.json
  - 正在保存动态 630305224073936904 的步骤2元数据...
  - 所有 1 张图片均已存在，全部跳过。
  - [提取] 读取原始元数据: metadata\step2\2022-02-23_630305224073936904.json
  - [生成] 写入内容信息文件: 2022-02-23_630305224073936904.json
  - 正在保存动态 630077470546067504 的步骤2元数据...
  - 所有 1 张图片均已存在，全部跳过。
  - [提取] 读取原始元数据: metadata\step2\2022-02-22_630077470546067504.json
  - [生成] 写入内容信息文件: 2022-02-22_630077470546067504.json
  - 正在保存动态 630035384165728296 的步骤2元数据...
  - 所有 1 张图片均已存在，全部跳过。
  - [提取] 读取原始元数据: metadata\step2\2022-02-22_630035384165728296.json
  - [生成] 写入内容信息文件: 2022-02-22_630035384165728296.json
  - 正在保存动态 629679365656794730 的步骤2元数据...
  - 所有 6 张图片均已存在，全部跳过。
  - [提取] 读取原始元数据: metadata\step2\2022-02-21_629679365656794730.json
  - [生成] 写入内容信息文件: 2022-02-21_629679365656794730.json
  - 正在保存动态 629310226099665920 的步骤2元数据...
  - 所有 3 张图片均已存在，全部跳过。
  - [提取] 读取原始元数据: metadata\step2\2022-02-20_629310226099665920.json
  - [生成] 写入内容信息文件: 2022-02-20_629310226099665920.json
  - 正在保存动态 627969397446607592 的步骤2元数据...
  - 所有 1 张图片均已存在，全部跳过。
  - [提取] 读取原始元数据: metadata\step2\2022-02-17_627969397446607592.json
  - [生成] 写入内容信息文件: 2022-02-17_627969397446607592.json
  - 正在保存动态 626731952942720060 的步骤2元数据...
  - 所有 2 张图片均已存在，全部跳过。
  - [提取] 读取原始元数据: metadata\step2\2022-02-13_626731952942720060.json
  - [生成] 写入内容信息文件: 2022-02-13_626731952942720060.json
  - 正在保存动态 625567303836456934 的步骤2元数据...
  - 所有 1 张图片均已存在，全部跳过。
  - [提取] 读取原始元数据: metadata\step2\2022-02-10_625567303836456934.json
  - [生成] 写入内容信息文件: 2022-02-10_625567303836456934.json
  - 正在保存动态 624860786007335894 的步骤2元数据...
  - 所有 6 张图片均已存在，全部跳过。
  - [提取] 读取原始元数据: metadata\step2\2022-02-08_624860786007335894.json
  - [生成] 写入内容信息文件: 2022-02-08_624860786007335894.json
  - 正在保存动态 624083439884103987 的步骤2元数据...
  - 所有 4 张图片均已存在，全部跳过。
  - [提取] 读取原始元数据: metadata\step2\2022-02-06_624083439884103987.json
  - [生成] 写入内容信息文件: 2022-02-06_624083439884103987.json
  - 正在保存动态 621170812107134747 的步骤2元数据...
  - 所有 4 张图片均已存在，全部跳过。
  - [提取] 读取原始元数据: metadata\step2\2022-01-29_621170812107134747.json
  - [生成] 写入内容信息文件: 2022-01-29_621170812107134747.json
  - 正在保存动态 620055293129834668 的步骤2元数据...
  - 所有 1 张图片均已存在，全部跳过。
  - [提取] 读取原始元数据: metadata\step2\2022-01-26_620055293129834668.json
  - [生成] 写入内容信息文件: 2022-01-26_620055293129834668.json
  - 正在保存动态 618476918420189350 的步骤2元数据...
  - 所有 1 张图片均已存在，全部跳过。
  - [提取] 读取原始元数据: metadata\step2\2022-01-22_618476918420189350.json
  - [生成] 写入内容信息文件: 2022-01-22_618476918420189350.json
  - 正在保存动态 618210986926625084 的步骤2元数据...
  - 所有 1 张图片均已存在，全部跳过。
  - [提取] 读取原始元数据: metadata\step2\2022-01-21_618210986926625084.json
  - [生成] 写入内容信息文件: 2022-01-21_618210986926625084.json
  - 正在保存动态 616851049959421614 的步骤2元数据...
  - 所有 1 张图片均已存在，全部跳过。
  - [提取] 读取原始元数据: metadata\step2\2022-01-18_616851049959421614.json
  - [生成] 写入内容信息文件: 2022-01-18_616851049959421614.json
  - 正在保存动态 615878222688850713 的步骤2元数据...
  - 所有 1 张图片均已存在，全部跳过。
  - [提取] 读取原始元数据: metadata\step2\2022-01-15_615878222688850713.json
  - [生成] 写入内容信息文件: 2022-01-15_615878222688850713.json
  - 正在保存动态 615238517380821252 的步骤2元数据...
  - 所有 1 张图片均已存在，全部跳过。
  - [提取] 读取原始元数据: metadata\step2\2022-01-13_615238517380821252.json
  - [生成] 写入内容信息文件: 2022-01-13_615238517380821252.json
  - 正在保存动态 614811902564429017 的步骤2元数据...
  - 所有 1 张图片均已存在，全部跳过。
  - [提取] 读取原始元数据: metadata\step2\2022-01-12_614811902564429017.json
  - [生成] 写入内容信息文件: 2022-01-12_614811902564429017.json
  - 正在保存动态 614466595785082762 的步骤2元数据...
  - 所有 2 张图片均已存在，全部跳过。
  - [提取] 读取原始元数据: metadata\step2\2022-01-11_614466595785082762.json
  - [生成] 写入内容信息文件: 2022-01-11_614466595785082762.json
  - 正在保存动态 612923147753535038 的步骤2元数据...
  - 所有 2 张图片均已存在，全部跳过。
  - [提取] 读取原始元数据: metadata\step2\2022-01-07_612923147753535038.json
  - [生成] 写入内容信息文件: 2022-01-07_612923147753535038.json
  - 正在保存动态 612656292841171116 的步骤2元数据...
  - 所有 1 张图片均已存在，全部跳过。
  - [提取] 读取原始元数据: metadata\step2\2022-01-06_612656292841171116.json
  - [生成] 写入内容信息文件: 2022-01-06_612656292841171116.json
  - 正在保存动态 612188167172721101 的步骤2元数据...
  - 所有 1 张图片均已存在，全部跳过。
  - [提取] 读取原始元数据: metadata\step2\2022-01-05_612188167172721101.json
  - [生成] 写入内容信息文件: 2022-01-05_612188167172721101.json
  - 正在保存动态 610758759110798540 的步骤2元数据...
  - 所有 1 张图片均已存在，全部跳过。
  - [提取] 读取原始元数据: metadata\step2\2022-01-01_610758759110798540.json
  - [生成] 写入内容信息文件: 2022-01-01_610758759110798540.json
  - 正在保存动态 610749808401976976 的步骤2元数据...
  - 所有 9 张图片均已存在，全部跳过。
  - [提取] 读取原始元数据: metadata\step2\2022-01-01_610749808401976976.json
  - [生成] 写入内容信息文件: 2022-01-01_610749808401976976.json
  - 正在保存动态 609986884765126969 的步骤2元数据...
  - 所有 1 张图片均已存在，全部跳过。
  - [提取] 读取原始元数据: metadata\step2\2021-12-30_609986884765126969.json
  - [生成] 写入内容信息文件: 2021-12-30_609986884765126969.json
  - 正在保存动态 608109541677298285 的步骤2元数据...
  - 所有 1 张图片均已存在，全部跳过。
  - [提取] 读取原始元数据: metadata\step2\2021-12-25_608109541677298285.json
  - [生成] 写入内容信息文件: 2021-12-25_608109541677298285.json
  - 正在保存动态 607360340470399779 的步骤2元数据...
  - 所有 1 张图片均已存在，全部跳过。
  - [提取] 读取原始元数据: metadata\step2\2021-12-23_607360340470399779.json
  - [生成] 写入内容信息文件: 2021-12-23_607360340470399779.json
  - 正在保存动态 606276780347112134 的步骤2元数据...
  - 所有 1 张图片均已存在，全部跳过。
  - [提取] 读取原始元数据: metadata\step2\2021-12-20_606276780347112134.json
  - [生成] 写入内容信息文件: 2021-12-20_606276780347112134.json
  - 正在保存动态 606179357607521448 的步骤2元数据...
  - 所有 1 张图片均已存在，全部跳过。
  - [提取] 读取原始元数据: metadata\step2\2021-12-20_606179357607521448.json
  - [生成] 写入内容信息文件: 2021-12-20_606179357607521448.json
  - 正在保存动态 602646871555964306 的步骤2元数据...
  - 所有 1 张图片均已存在，全部跳过。
  - [提取] 读取原始元数据: metadata\step2\2021-12-11_602646871555964306.json
  - [生成] 写入内容信息文件: 2021-12-11_602646871555964306.json
  - 正在保存动态 602604879665564004 的步骤2元数据...
  - 所有 2 张图片均已存在，全部跳过。
  - [提取] 读取原始元数据: metadata\step2\2021-12-10_602604879665564004.json
  - [生成] 写入内容信息文件: 2021-12-10_602604879665564004.json
  - 正在保存动态 602236268394293403 的步骤2元数据...
  - 所有 1 张图片均已存在，全部跳过。
  - [提取] 读取原始元数据: metadata\step2\2021-12-09_602236268394293403.json
  - [生成] 写入内容信息文件: 2021-12-09_602236268394293403.json
  - 正在保存动态 602088122086306943 的步骤2元数据...
  - 所有 1 张图片均已存在，全部跳过。
  - [提取] 读取原始元数据: metadata\step2\2021-12-09_602088122086306943.json
  - [生成] 写入内容信息文件: 2021-12-09_602088122086306943.json
  - 正在保存动态 599880646328415436 的步骤2元数据...
  - 所有 6 张图片均已存在，全部跳过。
  - [提取] 读取原始元数据: metadata\step2\2021-12-03_599880646328415436.json
  - [生成] 写入内容信息文件: 2021-12-03_599880646328415436.json
  - 正在保存动态 599638521846418362 的步骤2元数据...
  - 所有 1 张图片均已存在，全部跳过。
  - [提取] 读取原始元数据: metadata\step2\2021-12-02_599638521846418362.json
  - [生成] 写入内容信息文件: 2021-12-02_599638521846418362.json
  - 正在保存动态 599580453888055495 的步骤2元数据...
  - 所有 1 张图片均已存在，全部跳过。
  - [提取] 读取原始元数据: metadata\step2\2021-12-02_599580453888055495.json
  - [生成] 写入内容信息文件: 2021-12-02_599580453888055495.json
  - 正在保存动态 598446818747062195 的步骤2元数据...
  - 所有 1 张图片均已存在，全部跳过。
  - [提取] 读取原始元数据: metadata\step2\2021-11-29_598446818747062195.json
  - [生成] 写入内容信息文件: 2021-11-29_598446818747062195.json
  - 正在保存动态 598044032413883583 的步骤2元数据...
  - 所有 1 张图片均已存在，全部跳过。
  - [提取] 读取原始元数据: metadata\step2\2021-11-28_598044032413883583.json
  - [生成] 写入内容信息文件: 2021-11-28_598044032413883583.json
  - 正在保存动态 597717133862305214 的步骤2元数据...
  - 所有 2 张图片均已存在，全部跳过。
  - [提取] 读取原始元数据: metadata\step2\2021-11-27_597717133862305214.json
  - [生成] 写入内容信息文件: 2021-11-27_597717133862305214.json
  - 正在保存动态 597664511927848461 的步骤2元数据...
  - 所有 3 张图片均已存在，全部跳过。
  - [提取] 读取原始元数据: metadata\step2\2021-11-27_597664511927848461.json
  - [生成] 写入内容信息文件: 2021-11-27_597664511927848461.json
  - 正在保存动态 597095179654498138 的步骤2元数据...
  - 所有 2 张图片均已存在，全部跳过。
  - [提取] 读取原始元数据: metadata\step2\2021-11-26_597095179654498138.json
  - [生成] 写入内容信息文件: 2021-11-26_597095179654498138.json
  - 正在保存动态 597030626290348057 的步骤2元数据...
  - 所有 1 张图片均已存在，全部跳过。
  - [提取] 读取原始元数据: metadata\step2\2021-11-25_597030626290348057.json
  - [生成] 写入内容信息文件: 2021-11-25_597030626290348057.json
  - 正在保存动态 596581703427596039 的步骤2元数据...
  - 所有 1 张图片均已存在，全部跳过。
  - [提取] 读取原始元数据: metadata\step2\2021-11-24_596581703427596039.json
  - [生成] 写入内容信息文件: 2021-11-24_596581703427596039.json
  - 正在保存动态 595556267105606984 的步骤2元数据...
  - 所有 3 张图片均已存在，全部跳过。
  - [提取] 读取原始元数据: metadata\step2\2021-11-21_595556267105606984.json
  - [生成] 写入内容信息文件: 2021-11-21_595556267105606984.json
  - 正在保存动态 594772564417837988 的步骤2元数据...
  - 所有 1 张图片均已存在，全部跳过。
  - [提取] 读取原始元数据: metadata\step2\2021-11-19_594772564417837988.json
  - [生成] 写入内容信息文件: 2021-11-19_594772564417837988.json
  - 正在保存动态 594754826200668484 的步骤2元数据...
  - 所有 1 张图片均已存在，全部跳过。
  - [提取] 读取原始元数据: metadata\step2\2021-11-19_594754826200668484.json
  - [生成] 写入内容信息文件: 2021-11-19_594754826200668484.json
  - 正在保存动态 592525510544055292 的步骤2元数据...
  - 所有 1 张图片均已存在，全部跳过。
  - [提取] 读取原始元数据: metadata\step2\2021-11-13_592525510544055292.json
  - [生成] 写入内容信息文件: 2021-11-13_592525510544055292.json
  - 正在保存动态 591809032685698778 的步骤2元数据...
  - 所有 9 张图片均已存在，全部跳过。
  - [提取] 读取原始元数据: metadata\step2\2021-11-11_591809032685698778.json
  - [生成] 写入内容信息文件: 2021-11-11_591809032685698778.json
  - 正在保存动态 590763753617504207 的步骤2元数据...
  - 所有 1 张图片均已存在，全部跳过。
  - [提取] 读取原始元数据: metadata\step2\2021-11-08_590763753617504207.json
  - [生成] 写入内容信息文件: 2021-11-08_590763753617504207.json
  - 正在保存动态 589991445481777625 的步骤2元数据...
  - 所有 1 张图片均已存在，全部跳过。
  - [提取] 读取原始元数据: metadata\step2\2021-11-06_589991445481777625.json
  - [生成] 写入内容信息文件: 2021-11-06_589991445481777625.json
  - 正在保存动态 589606174027179195 的步骤2元数据...
  - 所有 1 张图片均已存在，全部跳过。
  - [提取] 读取原始元数据: metadata\step2\2021-11-05_589606174027179195.json
  - [生成] 写入内容信息文件: 2021-11-05_589606174027179195.json
  - 正在保存动态 588493811862398972 的步骤2元数据...
  - 所有 9 张图片均已存在，全部跳过。
  - [提取] 读取原始元数据: metadata\step2\2021-11-02_588493811862398972.json
  - [生成] 写入内容信息文件: 2021-11-02_588493811862398972.json
  - 正在保存动态 588123912099021420 的步骤2元数据...
  - 所有 6 张图片均已存在，全部跳过。
  - [提取] 读取原始元数据: metadata\step2\2021-11-01_588123912099021420.json
  - [生成] 写入内容信息文件: 2021-11-01_588123912099021420.json
  - 正在保存动态 585515170438851776 的步骤2元数据...
  - 所有 1 张图片均已存在，全部跳过。
  - [提取] 读取原始元数据: metadata\step2\2021-10-25_585515170438851776.json
  - [生成] 写入内容信息文件: 2021-10-25_585515170438851776.json
  - 正在保存动态 585141912006208063 的步骤2元数据...
  - 所有 6 张图片均已存在，全部跳过。
  - [提取] 读取原始元数据: metadata\step2\2021-10-24_585141912006208063.json
  - [生成] 写入内容信息文件: 2021-10-24_585141912006208063.json
  - 正在保存动态 576206013506527188 的步骤2元数据...
  - 所有 1 张图片均已存在，全部跳过。
  - [提取] 读取原始元数据: metadata\step2\2021-09-30_576206013506527188.json
  - [生成] 写入内容信息文件: 2021-09-30_576206013506527188.json
  - 正在保存动态 575917911391836490 的步骤2元数据...
  - 所有 1 张图片均已存在，全部跳过。
  - [提取] 读取原始元数据: metadata\step2\2021-09-29_575917911391836490.json
  - [生成] 写入内容信息文件: 2021-09-29_575917911391836490.json
  - 正在保存动态 571095483461239281 的步骤2元数据...
  - 所有 9 张图片均已存在，全部跳过。
  - [提取] 读取原始元数据: metadata\step2\2021-09-16_571095483461239281.json
  - [生成] 写入内容信息文件: 2021-09-16_571095483461239281.json
  - 正在保存动态 565105631869991267 的步骤2元数据...
  - 所有 6 张图片均已存在，全部跳过。
  - [提取] 读取原始元数据: metadata\step2\2021-08-31_565105631869991267.json
  - [生成] 写入内容信息文件: 2021-08-31_565105631869991267.json
  - 正在保存动态 564383570562503306 的步骤2元数据...
  - 所有 2 张图片均已存在，全部跳过。
  - [提取] 读取原始元数据: metadata\step2\2021-08-29_564383570562503306.json
  - [生成] 写入内容信息文件: 2021-08-29_564383570562503306.json
  - 正在保存动态 564201970757992070 的步骤2元数据...
  - 所有 9 张图片均已存在，全部跳过。
  - [提取] 读取原始元数据: metadata\step2\2021-08-29_564201970757992070.json
  - [生成] 写入内容信息文件: 2021-08-29_564201970757992070.json
  - 正在保存动态 557081606467937923 的步骤2元数据...
  - 所有 1 张图片均已存在，全部跳过。
  - [提取] 读取原始元数据: metadata\step2\2021-08-10_557081606467937923.json
  - [生成] 写入内容信息文件: 2021-08-10_557081606467937923.json
  - 正在保存动态 556698950651221255 的步骤2元数据...
  - 所有 1 张图片均已存在，全部跳过。
  - [提取] 读取原始元数据: metadata\step2\2021-08-09_556698950651221255.json
  - [生成] 写入内容信息文件: 2021-08-09_556698950651221255.json
  - 正在保存动态 550238624053546656 的步骤2元数据...
  - 所有 9 张图片均已存在，全部跳过。
  - [提取] 读取原始元数据: metadata\step2\2021-07-22_550238624053546656.json
  - [生成] 写入内容信息文件: 2021-07-22_550238624053546656.json
  - 正在保存动态 541425935278095622 的步骤2元数据...
  - 所有 1 张图片均已存在，全部跳过。
  - [提取] 读取原始元数据: metadata\step2\2021-06-29_541425935278095622.json
  - [生成] 写入内容信息文件: 2021-06-29_541425935278095622.json
  - 正在保存动态 490886007132615551 的步骤2元数据...
  - 所有 1 张图片均已存在，全部跳过。
  - [提取] 读取原始元数据: metadata\step2\2021-02-12_490886007132615551.json
  - [生成] 写入内容信息文件: 2021-02-12_490886007132615551.json

>>>>>>>>> 完成用户 '清和Alicia_836885' 的处理，总耗时: 0h 21m 2.28s <<<<<<<<<
  - 本次处理动态数: 301
  - 成功下载图片数: 213
  - 成功下载实况图片(live photo)数: 52
  - 下载失败项目数: 0
>>>>>>>>>>>>>>>>>>>>>>>>>>>>>>>>>>>>>>>>>>>>>>>>>>>>>>>>>>>>>>>>

所有任务已完成！
详细运行日志已保存到: c:\Computer\my_github\github_python\gallery-dl-assitance\gallery-dl-assistance\log\run_log_2025-12-14_16-02-16.log
处理摘要日志已保存到: c:\Computer\my_github\github_python\gallery-dl-assitance\gallery-dl-assistance\log\processing_time_log.json
