程序启动于: 2025-12-14_13-44-30
----------------------------------------
正在从 'config.py' 的 USERS_ID 列表读取用户 ID...

>>>>>>>>> 开始处理用户ID: 3546938211305491 (https://space.bilibili.com/3546938211305491/article) <<<<<<<<<

[步骤1] 使用 'ITERATIVE' 模式，正在准备迭代获取动态 URL...

[步骤2] 开始处理用户 3546938211305491 的动态...
  - 正在保存动态 1096189754078134277 的步骤2元数据...
  - [提取] 读取原始元数据: metadata\step2\2025-08-02_1096189754078134277.json
  - [生成] 写入内容信息文件: 2025-08-02_1096189754078134277.json
  - 正在保存动态 1094707389055107079 的步骤2元数据...
  - [提取] 读取原始元数据: metadata\step2\2025-07-29_1094707389055107079.json
  - [生成] 写入内容信息文件: 2025-07-29_1094707389055107079.json
  - 正在保存动态 1094353964808273921 的步骤2元数据...
  - 所有 1 张图片均已存在，全部跳过。
  - [提取] 读取原始元数据: metadata\step2\2025-07-28_1094353964808273921.json
  - [生成] 写入内容信息文件: 2025-07-28_1094353964808273921.json
  - 正在保存动态 1093872683654840328 的步骤2元数据...
  - 所有 1 张图片均已存在，全部跳过。
  - [提取] 读取原始元数据: metadata\step2\2025-07-26_1093872683654840328.json
  - [生成] 写入内容信息文件: 2025-07-26_1093872683654840328.json
  - 正在保存动态 1093868380058812455 的步骤2元数据...
  - [提取] 读取原始元数据: metadata\step2\2025-07-26_1093868380058812455.json
  - [生成] 写入内容信息文件: 2025-07-26_1093868380058812455.json
  - 正在保存动态 1092635647186829315 的步骤2元数据...
  - 所有 3 张图片均已存在，全部跳过。
  - [提取] 读取原始元数据: metadata\step2\2025-07-23_1092635647186829315.json
  - [生成] 写入内容信息文件: 2025-07-23_1092635647186829315.json
  - 正在保存动态 1092123180273762305 的步骤2元数据...
  - [提取] 读取原始元数据: metadata\step2\2025-07-22_1092123180273762305.json
  - [生成] 写入内容信息文件: 2025-07-22_1092123180273762305.json
  - 正在保存动态 1091194208873611321 的步骤2元数据...
  - 所有 1 张图片均已存在，全部跳过。
  - [提取] 读取原始元数据: metadata\step2\2025-07-19_1091194208873611321.json
  - [生成] 写入内容信息文件: 2025-07-19_1091194208873611321.json
  - 正在保存动态 1090212851833896966 的步骤2元数据...
  - 所有 2 张图片均已存在，全部跳过。
  - [提取] 读取原始元数据: metadata\step2\2025-07-16_1090212851833896966.json
  - [生成] 写入内容信息文件: 2025-07-16_1090212851833896966.json

>>>>>>>>> 完成用户 'beatberry314_3546938211305491' 的处理，总耗时: 0h 0m 34.84s <<<<<<<<<
  - 本次处理动态数: 9
  - 成功下载图片数: 0
  - 成功下载实况图片(live photo)数: 0
  - 下载失败项目数: 0
>>>>>>>>>>>>>>>>>>>>>>>>>>>>>>>>>>>>>>>>>>>>>>>>>>>>>>>>>>>>>>>>

所有任务已完成！
详细运行日志已保存到: c:\Computer\my_github\github_python\gallery-dl-assitance\gallery-dl-assistance\log\run_log_2025-12-14_13-44-30.log
处理摘要日志已保存到: c:\Computer\my_github\github_python\gallery-dl-assitance\gallery-dl-assistance\log\processing_time_log.json
