程序启动于: 2025-12-13_17-26-20
----------------------------------------
正在从 'config.py' 的 USERS_ID 列表读取用户 ID...

>>>>>>>>> 开始处理用户ID: 35117822 (https://space.bilibili.com/35117822/article) <<<<<<<<<

[步骤1] 使用 'ITERATIVE' 模式，正在准备迭代获取动态 URL...

[步骤2] 开始处理用户 35117822 的动态...

用户识别为: '好喜欢蜜桃四季春'
文件将保存至: C:\Base1.5-美女图片\bili\gallery-dl\bilibili_images\好喜欢蜜桃四季春
  - 步骤2元数据 '2025-12-10_1144737216847675413.json' 已存在，跳过保存。
  -  正在下载用户 好喜欢蜜桃四季春 图片: 2025-12-10_1144737216847675413_1.png
  -  正在下载用户 好喜欢蜜桃四季春 图片: 2025-12-10_1144737216847675413_2.png
  - 正在从本地元数据 '2025-12-10_1144737216847675413.json' 中提取内容...
  - 正在创建最终内容JSON文件: 2025-12-10_1144737216847675413.json
  - 正在保存动态 1144644471303962625 的步骤2元数据...
  -  正在下载用户 好喜欢蜜桃四季春 图片: 2025-12-10_1144644471303962625_1.png
  - 正在从本地元数据 '2025-12-10_1144644471303962625.json' 中提取内容...
  - 正在创建最终内容JSON文件: 2025-12-10_1144644471303962625.json
  - 步骤2元数据 '2025-09-15_1112875908149018626.json' 已存在，跳过保存。
  - 所有 1 张图片均已存在，全部跳过。
  - 正在从本地元数据 '2025-09-15_1112875908149018626.json' 中提取内容...
  - 正在创建最终内容JSON文件: 2025-09-15_1112875908149018626.json
  - 步骤2元数据 '2025-08-09_1099122847368871975.json' 已存在，跳过保存。
  - 正在从本地元数据 '2025-08-09_1099122847368871975.json' 中提取内容...
  - 正在创建最终内容JSON文件: 2025-08-09_1099122847368871975.json
  - 步骤2元数据 '2025-07-02_1085007085167443990.json' 已存在，跳过保存。
  - 所有 1 张图片均已存在，全部跳过。
  - 正在从本地元数据 '2025-07-02_1085007085167443990.json' 中提取内容...
  - 正在创建最终内容JSON文件: 2025-07-02_1085007085167443990.json
  - 步骤2元数据 '2025-06-07_1075409624276926471.json' 已存在，跳过保存。
  - 所有 1 张图片均已存在，全部跳过。
  - 正在从本地元数据 '2025-06-07_1075409624276926471.json' 中提取内容...
  - 正在创建最终内容JSON文件: 2025-06-07_1075409624276926471.json
  - 步骤2元数据 '2025-06-03_1074260862235050000.json' 已存在，跳过保存。
  - 所有 1 张图片均已存在，全部跳过。
  - 正在从本地元数据 '2025-06-03_1074260862235050000.json' 中提取内容...
  - 正在创建最终内容JSON文件: 2025-06-03_1074260862235050000.json
  - 步骤2元数据 '2025-05-11_1065701692489596937.json' 已存在，跳过保存。
  - 所有 1 张图片均已存在，全部跳过。
  - 正在从本地元数据 '2025-05-11_1065701692489596937.json' 中提取内容...
  - 正在创建最终内容JSON文件: 2025-05-11_1065701692489596937.json
  - 步骤2元数据 '2025-05-06_1063892467608190981.json' 已存在，跳过保存。
  - 所有 1 张图片均已存在，全部跳过。
  - 正在从本地元数据 '2025-05-06_1063892467608190981.json' 中提取内容...
  - 正在创建最终内容JSON文件: 2025-05-06_1063892467608190981.json
  - 步骤2元数据 '2025-04-16_1056433024242024454.json' 已存在，跳过保存。
  - 所有 2 张图片均已存在，全部跳过。
  - 正在从本地元数据 '2025-04-16_1056433024242024454.json' 中提取内容...
  - 正在创建最终内容JSON文件: 2025-04-16_1056433024242024454.json
  - 步骤2元数据 '2025-03-07_1041274345193734150.json' 已存在，跳过保存。
  - 所有 4 张图片均已存在，全部跳过。
  - 正在从本地元数据 '2025-03-07_1041274345193734150.json' 中提取内容...
  - 正在创建最终内容JSON文件: 2025-03-07_1041274345193734150.json
  - 步骤2元数据 '2025-03-01_1039407799663067158.json' 已存在，跳过保存。
  - 所有 2 张图片均已存在，全部跳过。
  - 正在从本地元数据 '2025-03-01_1039407799663067158.json' 中提取内容...
  - 正在创建最终内容JSON文件: 2025-03-01_1039407799663067158.json
  - 步骤2元数据 '2024-11-12_998628768780124162.json' 已存在，跳过保存。
  - 所有 12 张图片均已存在，全部跳过。
  - 正在从本地元数据 '2024-11-12_998628768780124162.json' 中提取内容...
  - 正在创建最终内容JSON文件: 2024-11-12_998628768780124162.json
  - 步骤2元数据 '2024-10-27_992884756808990741.json' 已存在，跳过保存。
  - 所有 2 张图片均已存在，全部跳过。
  - 正在从本地元数据 '2024-10-27_992884756808990741.json' 中提取内容...
  - 正在创建最终内容JSON文件: 2024-10-27_992884756808990741.json
  - 步骤2元数据 '2024-09-23_980405853926457347.json' 已存在，跳过保存。
  - 所有 4 张图片均已存在，全部跳过。
  - 正在从本地元数据 '2024-09-23_980405853926457347.json' 中提取内容...
  - 正在创建最终内容JSON文件: 2024-09-23_980405853926457347.json
  - 步骤2元数据 '2024-08-15_965583131728936966.json' 已存在，跳过保存。
  - 所有 4 张图片均已存在，全部跳过。
  - 正在从本地元数据 '2024-08-15_965583131728936966.json' 中提取内容...
  - 正在创建最终内容JSON文件: 2024-08-15_965583131728936966.json
  - 步骤2元数据 '2024-07-23_957063892091011074.json' 已存在，跳过保存。
  - 所有 9 张图片均已存在，全部跳过。
  - 正在从本地元数据 '2024-07-23_957063892091011074.json' 中提取内容...
  - 正在创建最终内容JSON文件: 2024-07-23_957063892091011074.json
  - 步骤2元数据 '2024-07-11_952850898518802469.json' 已存在，跳过保存。
  - 所有 9 张图片均已存在，全部跳过。
  - 正在从本地元数据 '2024-07-11_952850898518802469.json' 中提取内容...
  - 正在创建最终内容JSON文件: 2024-07-11_952850898518802469.json
  - 步骤2元数据 '2024-05-20_933621290529456133.json' 已存在，跳过保存。
  - 所有 2 张图片均已存在，全部跳过。
  - 正在从本地元数据 '2024-05-20_933621290529456133.json' 中提取内容...
  - 正在创建最终内容JSON文件: 2024-05-20_933621290529456133.json
  - 步骤2元数据 '2021-08-25_562786087536824211.json' 已存在，跳过保存。
  - 所有 5 张图片均已存在，全部跳过。
  - 正在从本地元数据 '2021-08-25_562786087536824211.json' 中提取内容...
  - 正在创建最终内容JSON文件: 2021-08-25_562786087536824211.json
  - 步骤2元数据 '2021-08-25_562785774006306547.json' 已存在，跳过保存。
  - 所有 9 张图片均已存在，全部跳过。
  - 正在从本地元数据 '2021-08-25_562785774006306547.json' 中提取内容...
  - 正在创建最终内容JSON文件: 2021-08-25_562785774006306547.json

>>>>>>>>> 完成用户 '好喜欢蜜桃四季春' 的处理，总耗时: 0h 0m 16.63s <<<<<<<<<
  - 本次处理动态数: 21
  - 成功下载图片数: 3
  - 下载失败图片数: 0
>>>>>>>>>>>>>>>>>>>>>>>>>>>>>>>>>>>>>>>>>>>>>>>>>>>>>>>>>>>>>>>>

>>>>>>>>> 开始处理用户ID: 10982073 (https://space.bilibili.com/10982073/article) <<<<<<<<<

[步骤1] 使用 'ITERATIVE' 模式，正在准备迭代获取动态 URL...

  - 检测到 'undownloaded.json'，正在尝试重新下载 明前奶粉罐 的失败项目...
  -  正在下载用户 明前奶粉罐 图片: 2024-06-16_943593796613963785_1.png
  - 下载失败 (状态码 Unknown): 404 Client Error: Not Found for url: http://i0.hdslb.com/bfs/new_dyn/56b6384f1edcac67c2100cf79421925e10982073.png
  - 5秒后重试... (尝试 2/3)
  - 下载失败 (状态码 Unknown): 404 Client Error: Not Found for url: http://i0.hdslb.com/bfs/new_dyn/56b6384f1edcac67c2100cf79421925e10982073.png
  - 5秒后重试... (尝试 3/3)
  - 下载失败 (状态码 Unknown): 404 Client Error: Not Found for url: http://i0.hdslb.com/bfs/new_dyn/56b6384f1edcac67c2100cf79421925e10982073.png
  - 所有重试均失败，跳过此图片。
  -  正在下载用户 明前奶粉罐 图片: 2024-06-16_943593796613963785_2.jpg
  - 下载失败 (状态码 Unknown): 404 Client Error: Not Found for url: http://i0.hdslb.com/bfs/new_dyn/c74201ee011891f3cc8c8ad1c4077f1810982073.jpg
  - 5秒后重试... (尝试 2/3)
  - 下载失败 (状态码 Unknown): 404 Client Error: Not Found for url: http://i0.hdslb.com/bfs/new_dyn/c74201ee011891f3cc8c8ad1c4077f1810982073.jpg
  - 5秒后重试... (尝试 3/3)
  - 下载失败 (状态码 Unknown): 404 Client Error: Not Found for url: http://i0.hdslb.com/bfs/new_dyn/c74201ee011891f3cc8c8ad1c4077f1810982073.jpg
  - 所有重试均失败，跳过此图片。
  - 重试完成: 0 个成功, 2 个失败。

[步骤2] 开始处理用户 10982073 的动态...

用户识别为: '明前奶粉罐'
文件将保存至: C:\Base1.5-美女图片\bili\gallery-dl\bilibili_images\明前奶粉罐
  - 正在保存动态 1141756677043781635 的步骤2元数据...
  -  正在下载用户 明前奶粉罐 图片: 2025-12-02_1141756677043781635_1.jpg
  -  正在下载用户 明前奶粉罐 图片: 2025-12-02_1141756677043781635_2.png
  -  正在下载用户 明前奶粉罐 图片: 2025-12-02_1141756677043781635_3.jpg
  - 正在从本地元数据 '2025-12-02_1141756677043781635.json' 中提取内容...
  - 正在创建最终内容JSON文件: 2025-12-02_1141756677043781635.json
  - 步骤2元数据 '2025-10-05_1120106172103262216.json' 已存在，跳过保存。
  - 所有 2 张图片均已存在，全部跳过。
  - 正在从本地元数据 '2025-10-05_1120106172103262216.json' 中提取内容...
  - 正在创建最终内容JSON文件: 2025-10-05_1120106172103262216.json
  - 步骤2元数据 '2025-07-31_1095651358459035656.json' 已存在，跳过保存。
  - 所有 2 张图片均已存在，全部跳过。
  - 正在从本地元数据 '2025-07-31_1095651358459035656.json' 中提取内容...
  - 正在创建最终内容JSON文件: 2025-07-31_1095651358459035656.json
  - 步骤2元数据 '2025-07-19_1091149085976559655.json' 已存在，跳过保存。
  - 所有 3 张图片均已存在，全部跳过。
  - 正在从本地元数据 '2025-07-19_1091149085976559655.json' 中提取内容...
  - 正在创建最终内容JSON文件: 2025-07-19_1091149085976559655.json
  - 步骤2元数据 '2025-07-15_1089830316251545606.json' 已存在，跳过保存。
  - 所有 6 张图片均已存在，全部跳过。
  - 正在从本地元数据 '2025-07-15_1089830316251545606.json' 中提取内容...
  - 正在创建最终内容JSON文件: 2025-07-15_1089830316251545606.json
  - 步骤2元数据 '2025-06-28_1083488552248934405.json' 已存在，跳过保存。
  - 所有 1 张图片均已存在，全部跳过。
  - 正在从本地元数据 '2025-06-28_1083488552248934405.json' 中提取内容...
  - 正在创建最终内容JSON文件: 2025-06-28_1083488552248934405.json
  - 步骤2元数据 '2025-05-28_1071990082954592265.json' 已存在，跳过保存。
  - 所有 3 张图片均已存在，全部跳过。
  - 正在从本地元数据 '2025-05-28_1071990082954592265.json' 中提取内容...
  - 正在创建最终内容JSON文件: 2025-05-28_1071990082954592265.json
  - 步骤2元数据 '2025-05-01_1061930354708840487.json' 已存在，跳过保存。
  - 所有 1 张图片均已存在，全部跳过。
  - 正在从本地元数据 '2025-05-01_1061930354708840487.json' 中提取内容...
  - 正在创建最终内容JSON文件: 2025-05-01_1061930354708840487.json
  - 步骤2元数据 '2025-04-27_1060493902939684889.json' 已存在，跳过保存。
  - 所有 2 张图片均已存在，全部跳过。
  - 正在从本地元数据 '2025-04-27_1060493902939684889.json' 中提取内容...
  - 正在创建最终内容JSON文件: 2025-04-27_1060493902939684889.json
  - 步骤2元数据 '2025-04-02_1051255595759304706.json' 已存在，跳过保存。
  - 所有 1 张图片均已存在，全部跳过。
  - 正在从本地元数据 '2025-04-02_1051255595759304706.json' 中提取内容...
  - 正在创建最终内容JSON文件: 2025-04-02_1051255595759304706.json
  - 步骤2元数据 '2025-03-30_1049994872540364806.json' 已存在，跳过保存。
  - 所有 2 张图片均已存在，全部跳过。
  - 正在从本地元数据 '2025-03-30_1049994872540364806.json' 中提取内容...
  - 正在创建最终内容JSON文件: 2025-03-30_1049994872540364806.json
  - 步骤2元数据 '2025-03-04_1040339330800812035.json' 已存在，跳过保存。
  - 所有 3 张图片均已存在，全部跳过。
  - 正在从本地元数据 '2025-03-04_1040339330800812035.json' 中提取内容...
  - 正在创建最终内容JSON文件: 2025-03-04_1040339330800812035.json
  - 步骤2元数据 '2025-01-28_1027506316426346505.json' 已存在，跳过保存。
  - 所有 1 张图片均已存在，全部跳过。
  - 正在从本地元数据 '2025-01-28_1027506316426346505.json' 中提取内容...
  - 正在创建最终内容JSON文件: 2025-01-28_1027506316426346505.json
  - 步骤2元数据 '2025-01-12_1021425042119983107.json' 已存在，跳过保存。
  - 所有 1 张图片均已存在，全部跳过。
  - 正在从本地元数据 '2025-01-12_1021425042119983107.json' 中提取内容...
  - 正在创建最终内容JSON文件: 2025-01-12_1021425042119983107.json
  - 步骤2元数据 '2025-01-05_1018921656040554516.json' 已存在，跳过保存。
  - 所有 4 张图片均已存在，全部跳过。
  - 正在从本地元数据 '2025-01-05_1018921656040554516.json' 中提取内容...
  - 正在创建最终内容JSON文件: 2025-01-05_1018921656040554516.json
  - 步骤2元数据 '2024-11-14_999357388509151240.json' 已存在，跳过保存。
  - 所有 2 张图片均已存在，全部跳过。
  - 正在从本地元数据 '2024-11-14_999357388509151240.json' 中提取内容...
  - 正在创建最终内容JSON文件: 2024-11-14_999357388509151240.json
  - 步骤2元数据 '2024-11-01_994748003820503041.json' 已存在，跳过保存。
  - 所有 1 张图片均已存在，全部跳过。
  - 正在从本地元数据 '2024-11-01_994748003820503041.json' 中提取内容...
  - 正在创建最终内容JSON文件: 2024-11-01_994748003820503041.json
  - 步骤2元数据 '2024-10-27_992836507158970404.json' 已存在，跳过保存。
  - 所有 3 张图片均已存在，全部跳过。
  - 正在从本地元数据 '2024-10-27_992836507158970404.json' 中提取内容...
  - 正在创建最终内容JSON文件: 2024-10-27_992836507158970404.json
  - 步骤2元数据 '2024-10-26_992647283803684900.json' 已存在，跳过保存。
  - 所有 4 张图片均已存在，全部跳过。
  - 正在从本地元数据 '2024-10-26_992647283803684900.json' 中提取内容...
  - 正在创建最终内容JSON文件: 2024-10-26_992647283803684900.json
  - 步骤2元数据 '2024-10-17_989226123304894487.json' 已存在，跳过保存。
  - 所有 3 张图片均已存在，全部跳过。
  - 正在从本地元数据 '2024-10-17_989226123304894487.json' 中提取内容...
  - 正在创建最终内容JSON文件: 2024-10-17_989226123304894487.json
  - 步骤2元数据 '2024-10-14_988134681887113252.json' 已存在，跳过保存。
  - 所有 3 张图片均已存在，全部跳过。
  - 正在从本地元数据 '2024-10-14_988134681887113252.json' 中提取内容...
  - 正在创建最终内容JSON文件: 2024-10-14_988134681887113252.json
  - 步骤2元数据 '2024-09-30_982829272019238916.json' 已存在，跳过保存。
  - 所有 2 张图片均已存在，全部跳过。
  - 正在从本地元数据 '2024-09-30_982829272019238916.json' 中提取内容...
  - 正在创建最终内容JSON文件: 2024-09-30_982829272019238916.json
  - 步骤2元数据 '2024-08-28_970691879136919574.json' 已存在，跳过保存。
  - 所有 4 张图片均已存在，全部跳过。
  - 正在从本地元数据 '2024-08-28_970691879136919574.json' 中提取内容...
  - 正在创建最终内容JSON文件: 2024-08-28_970691879136919574.json
  - 步骤2元数据 '2024-08-03_961469261521354761.json' 已存在，跳过保存。
  - 所有 5 张图片均已存在，全部跳过。
  - 正在从本地元数据 '2024-08-03_961469261521354761.json' 中提取内容...
  - 正在创建最终内容JSON文件: 2024-08-03_961469261521354761.json
  - 步骤2元数据 '2024-07-27_958760627487113218.json' 已存在，跳过保存。
  - 所有 2 张图片均已存在，全部跳过。
  - 正在从本地元数据 '2024-07-27_958760627487113218.json' 中提取内容...
  - 正在创建最终内容JSON文件: 2024-07-27_958760627487113218.json
  - 步骤2元数据 '2024-07-14_954039676746858518.json' 已存在，跳过保存。
  - 所有 1 张图片均已存在，全部跳过。
  - 正在从本地元数据 '2024-07-14_954039676746858518.json' 中提取内容...
  - 正在创建最终内容JSON文件: 2024-07-14_954039676746858518.json
  - 步骤2元数据 '2024-07-06_950968672047857683.json' 已存在，跳过保存。
  - 所有 3 张图片均已存在，全部跳过。
  - 正在从本地元数据 '2024-07-06_950968672047857683.json' 中提取内容...
  - 正在创建最终内容JSON文件: 2024-07-06_950968672047857683.json
  - 步骤2元数据 '2024-06-29_948338623053299713.json' 已存在，跳过保存。
  - 所有 2 张图片均已存在，全部跳过。
  - 正在从本地元数据 '2024-06-29_948338623053299713.json' 中提取内容...
  - 正在创建最终内容JSON文件: 2024-06-29_948338623053299713.json
  - 步骤2元数据 '2024-06-16_943593796613963785.json' 已存在，跳过保存。
  -  正在下载用户 明前奶粉罐 图片: 2024-06-16_943593796613963785_1.png
  - 下载失败 (状态码 Unknown): 404 Client Error: Not Found for url: http://i0.hdslb.com/bfs/new_dyn/56b6384f1edcac67c2100cf79421925e10982073.png
  - 5秒后重试... (尝试 2/3)
  - 下载失败 (状态码 Unknown): 404 Client Error: Not Found for url: http://i0.hdslb.com/bfs/new_dyn/56b6384f1edcac67c2100cf79421925e10982073.png
  - 5秒后重试... (尝试 3/3)
  - 下载失败 (状态码 Unknown): 404 Client Error: Not Found for url: http://i0.hdslb.com/bfs/new_dyn/56b6384f1edcac67c2100cf79421925e10982073.png
  - 所有重试均失败，跳过此图片。
  -  正在下载用户 明前奶粉罐 图片: 2024-06-16_943593796613963785_2.jpg
  - 下载失败 (状态码 Unknown): 404 Client Error: Not Found for url: http://i0.hdslb.com/bfs/new_dyn/c74201ee011891f3cc8c8ad1c4077f1810982073.jpg
  - 5秒后重试... (尝试 2/3)
  - 下载失败 (状态码 Unknown): 404 Client Error: Not Found for url: http://i0.hdslb.com/bfs/new_dyn/c74201ee011891f3cc8c8ad1c4077f1810982073.jpg
  - 5秒后重试... (尝试 3/3)
  - 下载失败 (状态码 Unknown): 404 Client Error: Not Found for url: http://i0.hdslb.com/bfs/new_dyn/c74201ee011891f3cc8c8ad1c4077f1810982073.jpg
  - 所有重试均失败，跳过此图片。
  - 正在从本地元数据 '2024-06-16_943593796613963785.json' 中提取内容...
  - 正在创建最终内容JSON文件: 2024-06-16_943593796613963785.json
  - 步骤2元数据 '2024-05-31_937644489479028738.json' 已存在，跳过保存。
  - 所有 2 张图片均已存在，全部跳过。
  - 正在从本地元数据 '2024-05-31_937644489479028738.json' 中提取内容...
  - 正在创建最终内容JSON文件: 2024-05-31_937644489479028738.json
  - 步骤2元数据 '2024-05-29_936885315393552392.json' 已存在，跳过保存。
  - 所有 2 张图片均已存在，全部跳过。
  - 正在从本地元数据 '2024-05-29_936885315393552392.json' 中提取内容...
  - 正在创建最终内容JSON文件: 2024-05-29_936885315393552392.json
  - 步骤2元数据 '2024-04-29_925727540092338192.json' 已存在，跳过保存。
  - 所有 1 张图片均已存在，全部跳过。
  - 正在从本地元数据 '2024-04-29_925727540092338192.json' 中提取内容...
  - 正在创建最终内容JSON文件: 2024-04-29_925727540092338192.json
  - 步骤2元数据 '2024-02-15_898376647199162374.json' 已存在，跳过保存。
  - 所有 2 张图片均已存在，全部跳过。
  - 正在从本地元数据 '2024-02-15_898376647199162374.json' 中提取内容...
  - 正在创建最终内容JSON文件: 2024-02-15_898376647199162374.json
  - 步骤2元数据 '2024-02-05_894502032616980483.json' 已存在，跳过保存。
  - 所有 8 张图片均已存在，全部跳过。
  - 正在从本地元数据 '2024-02-05_894502032616980483.json' 中提取内容...
  - 正在创建最终内容JSON文件: 2024-02-05_894502032616980483.json
  - 步骤2元数据 '2024-01-21_889084979369213976.json' 已存在，跳过保存。
  - 所有 1 张图片均已存在，全部跳过。
  - 正在从本地元数据 '2024-01-21_889084979369213976.json' 中提取内容...
  - 正在创建最终内容JSON文件: 2024-01-21_889084979369213976.json

  - 将 2 个未下载的图片信息保存到 'undownloaded.json'...

>>>>>>>>> 完成用户 '明前奶粉罐' 的处理，总耗时: 0h 1m 15.54s <<<<<<<<<
  - 本次处理动态数: 35
  - 成功下载图片数: 3
  - 下载失败图片数: 4
>>>>>>>>>>>>>>>>>>>>>>>>>>>>>>>>>>>>>>>>>>>>>>>>>>>>>>>>>>>>>>>>

>>>>>>>>> 开始处理用户ID: 560647 (https://space.bilibili.com/560647/article) <<<<<<<<<

[步骤1] 使用 'ITERATIVE' 模式，正在准备迭代获取动态 URL...

[步骤2] 开始处理用户 560647 的动态...

用户识别为: '坂坂白'
文件将保存至: C:\Base1.5-美女图片\bili\gallery-dl\bilibili_images\坂坂白
  - 正在保存动态 1140207860308770824 的步骤2元数据...
  -  正在下载用户 坂坂白 图片: 2025-11-28_1140207860308770824_1.png
  -  正在下载用户 坂坂白 图片: 2025-11-28_1140207860308770824_2.png
  -  正在下载用户 坂坂白 图片: 2025-11-28_1140207860308770824_3.png
  - 正在从本地元数据 '2025-11-28_1140207860308770824.json' 中提取内容...
  - 正在创建最终内容JSON文件: 2025-11-28_1140207860308770824.json
  - 正在保存动态 1139480189732913170 的步骤2元数据...
  -  正在下载用户 坂坂白 图片: 2025-11-26_1139480189732913170_1.jpg
  -  正在下载用户 坂坂白 图片: 2025-11-26_1139480189732913170_2.jpg
  -  正在下载用户 坂坂白 图片: 2025-11-26_1139480189732913170_3.jpg
  -  正在下载用户 坂坂白 图片: 2025-11-26_1139480189732913170_4.jpg
  - 正在从本地元数据 '2025-11-26_1139480189732913170.json' 中提取内容...
  - 正在创建最终内容JSON文件: 2025-11-26_1139480189732913170.json
  - 正在保存动态 1137966591733923842 的步骤2元数据...
  -  正在下载用户 坂坂白 图片: 2025-11-22_1137966591733923842_1.png
  -  正在下载用户 坂坂白 图片: 2025-11-22_1137966591733923842_2.png
  -  正在下载用户 坂坂白 图片: 2025-11-22_1137966591733923842_3.png
  -  正在下载用户 坂坂白 图片: 2025-11-22_1137966591733923842_4.png
  -  正在下载用户 坂坂白 图片: 2025-11-22_1137966591733923842_5.png
  -  正在下载用户 坂坂白 图片: 2025-11-22_1137966591733923842_6.png
  - 正在从本地元数据 '2025-11-22_1137966591733923842.json' 中提取内容...
  - 正在创建最终内容JSON文件: 2025-11-22_1137966591733923842.json
  - 正在保存动态 1136851850121707544 的步骤2元数据...
  -  正在下载用户 坂坂白 图片: 2025-11-19_1136851850121707544_1.jpg
  - 正在从本地元数据 '2025-11-19_1136851850121707544.json' 中提取内容...
  - 正在创建最终内容JSON文件: 2025-11-19_1136851850121707544.json
  - 正在保存动态 1135330074513375273 的步骤2元数据...
  -  正在下载用户 坂坂白 图片: 2025-11-15_1135330074513375273_1.jpg
  - 正在从本地元数据 '2025-11-15_1135330074513375273.json' 中提取内容...
  - 正在创建最终内容JSON文件: 2025-11-15_1135330074513375273.json
  - 正在保存动态 1134995213101563911 的步骤2元数据...
  -  正在下载用户 坂坂白 图片: 2025-11-14_1134995213101563911_1.png
  - 正在从本地元数据 '2025-11-14_1134995213101563911.json' 中提取内容...
  - 正在创建最终内容JSON文件: 2025-11-14_1134995213101563911.json
  - 正在保存动态 1132885967554740233 的步骤2元数据...
  -  正在下载用户 坂坂白 图片: 2025-11-08_1132885967554740233_1.png
  - 正在从本地元数据 '2025-11-08_1132885967554740233.json' 中提取内容...
  - 正在创建最终内容JSON文件: 2025-11-08_1132885967554740233.json
  - 正在保存动态 1129416557393346561 的步骤2元数据...
  -  正在下载用户 坂坂白 图片: 2025-10-30_1129416557393346561_1.png
  - 正在从本地元数据 '2025-10-30_1129416557393346561.json' 中提取内容...
  - 正在创建最终内容JSON文件: 2025-10-30_1129416557393346561.json
  - 正在保存动态 1127948009290596375 的步骤2元数据...
  -  正在下载用户 坂坂白 图片: 2025-10-26_1127948009290596375_1.png
  - 正在从本地元数据 '2025-10-26_1127948009290596375.json' 中提取内容...
  - 正在创建最终内容JSON文件: 2025-10-26_1127948009290596375.json
  - 正在保存动态 1127659284373438481 的步骤2元数据...
  -  正在下载用户 坂坂白 图片: 2025-10-25_1127659284373438481_1.png
  -  正在下载用户 坂坂白 图片: 2025-10-25_1127659284373438481_2.png
  - 正在从本地元数据 '2025-10-25_1127659284373438481.json' 中提取内容...
  - 正在创建最终内容JSON文件: 2025-10-25_1127659284373438481.json
  - 正在保存动态 1127519418780221461 的步骤2元数据...
  -  正在下载用户 坂坂白 图片: 2025-10-25_1127519418780221461_1.png
  - 正在从本地元数据 '2025-10-25_1127519418780221461.json' 中提取内容...
  - 正在创建最终内容JSON文件: 2025-10-25_1127519418780221461.json
  - 步骤2元数据 '2025-10-08_1121297888087900178.json' 已存在，跳过保存。
  - 所有 2 张图片均已存在，全部跳过。
  - 正在从本地元数据 '2025-10-08_1121297888087900178.json' 中提取内容...
  - 正在创建最终内容JSON文件: 2025-10-08_1121297888087900178.json
  - 步骤2元数据 '2025-10-07_1120930518027730949.json' 已存在，跳过保存。
  - 所有 1 张图片均已存在，全部跳过。
  - 正在从本地元数据 '2025-10-07_1120930518027730949.json' 中提取内容...
  - 正在创建最终内容JSON文件: 2025-10-07_1120930518027730949.json
  - 步骤2元数据 '2025-10-06_1120567172376035346.json' 已存在，跳过保存。
  - 所有 2 张图片均已存在，全部跳过。
  - 正在从本地元数据 '2025-10-06_1120567172376035346.json' 中提取内容...
  - 正在创建最终内容JSON文件: 2025-10-06_1120567172376035346.json
  - 步骤2元数据 '2025-10-05_1120118270991532049.json' 已存在，跳过保存。
  - 正在从本地元数据 '2025-10-05_1120118270991532049.json' 中提取内容...
  - 正在创建最终内容JSON文件: 2025-10-05_1120118270991532049.json
  - 步骤2元数据 '2025-10-02_1119090584131207176.json' 已存在，跳过保存。
  - 所有 1 张图片均已存在，全部跳过。
  - 正在从本地元数据 '2025-10-02_1119090584131207176.json' 中提取内容...
  - 正在创建最终内容JSON文件: 2025-10-02_1119090584131207176.json
  - 步骤2元数据 '2025-10-01_1118627049803612162.json' 已存在，跳过保存。
  - 所有 1 张图片均已存在，全部跳过。
  - 正在从本地元数据 '2025-10-01_1118627049803612162.json' 中提取内容...
  - 正在创建最终内容JSON文件: 2025-10-01_1118627049803612162.json
  - 步骤2元数据 '2025-09-12_1111642861693042690.json' 已存在，跳过保存。
  - 所有 1 张图片均已存在，全部跳过。
  - 正在从本地元数据 '2025-09-12_1111642861693042690.json' 中提取内容...
  - 正在创建最终内容JSON文件: 2025-09-12_1111642861693042690.json
  - 步骤2元数据 '2025-09-08_1110185227140988930.json' 已存在，跳过保存。
  - 所有 2 张图片均已存在，全部跳过。
  - 正在从本地元数据 '2025-09-08_1110185227140988930.json' 中提取内容...
  - 正在创建最终内容JSON文件: 2025-09-08_1110185227140988930.json
  - 步骤2元数据 '2025-09-02_1107957930105241609.json' 已存在，跳过保存。
  - 所有 1 张图片均已存在，全部跳过。
  - 正在从本地元数据 '2025-09-02_1107957930105241609.json' 中提取内容...
  - 正在创建最终内容JSON文件: 2025-09-02_1107957930105241609.json
  - 步骤2元数据 '2025-08-29_1106441183891030032.json' 已存在，跳过保存。
  - 所有 1 张图片均已存在，全部跳过。
  - 正在从本地元数据 '2025-08-29_1106441183891030032.json' 中提取内容...
  - 正在创建最终内容JSON文件: 2025-08-29_1106441183891030032.json
  - 步骤2元数据 '2025-08-25_1104931262372511767.json' 已存在，跳过保存。
  - 所有 1 张图片均已存在，全部跳过。
  - 正在从本地元数据 '2025-08-25_1104931262372511767.json' 中提取内容...
  - 正在创建最终内容JSON文件: 2025-08-25_1104931262372511767.json
  - 步骤2元数据 '2025-08-22_1103877848602509361.json' 已存在，跳过保存。
  - 所有 1 张图片均已存在，全部跳过。
  - 正在从本地元数据 '2025-08-22_1103877848602509361.json' 中提取内容...
  - 正在创建最终内容JSON文件: 2025-08-22_1103877848602509361.json
  - 步骤2元数据 '2025-08-20_1103222479538618388.json' 已存在，跳过保存。
  - 所有 1 张图片均已存在，全部跳过。
  - 正在从本地元数据 '2025-08-20_1103222479538618388.json' 中提取内容...
  - 正在创建最终内容JSON文件: 2025-08-20_1103222479538618388.json
  - 步骤2元数据 '2025-08-18_1102438811207467008.json' 已存在，跳过保存。
  - 所有 1 张图片均已存在，全部跳过。
  - 正在从本地元数据 '2025-08-18_1102438811207467008.json' 中提取内容...
  - 正在创建最终内容JSON文件: 2025-08-18_1102438811207467008.json
  - 步骤2元数据 '2025-08-18_1102293748683898898.json' 已存在，跳过保存。
  - 所有 1 张图片均已存在，全部跳过。
  - 正在从本地元数据 '2025-08-18_1102293748683898898.json' 中提取内容...
  - 正在创建最终内容JSON文件: 2025-08-18_1102293748683898898.json
  - 步骤2元数据 '2025-08-14_1100926909742579763.json' 已存在，跳过保存。
  - 所有 6 张图片均已存在，全部跳过。
  - 正在从本地元数据 '2025-08-14_1100926909742579763.json' 中提取内容...
  - 正在创建最终内容JSON文件: 2025-08-14_1100926909742579763.json
  - 步骤2元数据 '2025-08-12_1100135854061387778.json' 已存在，跳过保存。
  - 所有 3 张图片均已存在，全部跳过。
  - 正在从本地元数据 '2025-08-12_1100135854061387778.json' 中提取内容...
  - 正在创建最终内容JSON文件: 2025-08-12_1100135854061387778.json
  - 步骤2元数据 '2025-08-10_1099461793321844736.json' 已存在，跳过保存。
  - 所有 1 张图片均已存在，全部跳过。
  - 正在从本地元数据 '2025-08-10_1099461793321844736.json' 中提取内容...
  - 正在创建最终内容JSON文件: 2025-08-10_1099461793321844736.json
  - 步骤2元数据 '2025-08-10_1099327528305164293.json' 已存在，跳过保存。
  - 所有 1 张图片均已存在，全部跳过。
  - 正在从本地元数据 '2025-08-10_1099327528305164293.json' 中提取内容...
  - 正在创建最终内容JSON文件: 2025-08-10_1099327528305164293.json
  - 步骤2元数据 '2025-08-09_1099064105121087492.json' 已存在，跳过保存。
  - 所有 1 张图片均已存在，全部跳过。
  - 正在从本地元数据 '2025-08-09_1099064105121087492.json' 中提取内容...
  - 正在创建最终内容JSON文件: 2025-08-09_1099064105121087492.json
  - 步骤2元数据 '2025-08-08_1098637619132104712.json' 已存在，跳过保存。
  - 所有 1 张图片均已存在，全部跳过。
  - 正在从本地元数据 '2025-08-08_1098637619132104712.json' 中提取内容...
  - 正在创建最终内容JSON文件: 2025-08-08_1098637619132104712.json
  - 步骤2元数据 '2025-07-29_1095011086194704392.json' 已存在，跳过保存。
  - 所有 2 张图片均已存在，全部跳过。
  - 正在从本地元数据 '2025-07-29_1095011086194704392.json' 中提取内容...
  - 正在创建最终内容JSON文件: 2025-07-29_1095011086194704392.json
  - 步骤2元数据 '2025-07-23_1092681800895954962.json' 已存在，跳过保存。
  - 所有 1 张图片均已存在，全部跳过。
  - 正在从本地元数据 '2025-07-23_1092681800895954962.json' 中提取内容...
  - 正在创建最终内容JSON文件: 2025-07-23_1092681800895954962.json
  - 步骤2元数据 '2025-07-20_1091668476361179137.json' 已存在，跳过保存。
  - 所有 1 张图片均已存在，全部跳过。
  - 正在从本地元数据 '2025-07-20_1091668476361179137.json' 中提取内容...
  - 正在创建最终内容JSON文件: 2025-07-20_1091668476361179137.json
  - 步骤2元数据 '2025-07-20_1091540739731488793.json' 已存在，跳过保存。
  - 所有 1 张图片均已存在，全部跳过。
  - 正在从本地元数据 '2025-07-20_1091540739731488793.json' 中提取内容...
  - 正在创建最终内容JSON文件: 2025-07-20_1091540739731488793.json
  - 步骤2元数据 '2025-07-14_1089444039800913937.json' 已存在，跳过保存。
  - 所有 3 张图片均已存在，全部跳过。
  - 正在从本地元数据 '2025-07-14_1089444039800913937.json' 中提取内容...
  - 正在创建最终内容JSON文件: 2025-07-14_1089444039800913937.json
  - 步骤2元数据 '2025-07-13_1088906692129718293.json' 已存在，跳过保存。
  - 所有 1 张图片均已存在，全部跳过。
  - 正在从本地元数据 '2025-07-13_1088906692129718293.json' 中提取内容...
  - 正在创建最终内容JSON文件: 2025-07-13_1088906692129718293.json
  - 步骤2元数据 '2025-07-07_1086834121325412359.json' 已存在，跳过保存。
  - 所有 1 张图片均已存在，全部跳过。
  - 正在从本地元数据 '2025-07-07_1086834121325412359.json' 中提取内容...
  - 正在创建最终内容JSON文件: 2025-07-07_1086834121325412359.json
  - 步骤2元数据 '2025-07-04_1085724069822726149.json' 已存在，跳过保存。
  - 所有 3 张图片均已存在，全部跳过。
  - 正在从本地元数据 '2025-07-04_1085724069822726149.json' 中提取内容...
  - 正在创建最终内容JSON文件: 2025-07-04_1085724069822726149.json
  - 步骤2元数据 '2025-07-02_1084895115392057368.json' 已存在，跳过保存。
  - 正在从本地元数据 '2025-07-02_1084895115392057368.json' 中提取内容...
  - 正在创建最终内容JSON文件: 2025-07-02_1084895115392057368.json
  - 步骤2元数据 '2025-06-28_1083562816495943685.json' 已存在，跳过保存。
  - 所有 1 张图片均已存在，全部跳过。
  - 正在从本地元数据 '2025-06-28_1083562816495943685.json' 中提取内容...
  - 正在创建最终内容JSON文件: 2025-06-28_1083562816495943685.json
  - 步骤2元数据 '2025-06-19_1079875153273290759.json' 已存在，跳过保存。
  - 所有 1 张图片均已存在，全部跳过。
  - 正在从本地元数据 '2025-06-19_1079875153273290759.json' 中提取内容...
  - 正在创建最终内容JSON文件: 2025-06-19_1079875153273290759.json


程序被用户中断。正在退出...
