程序启动于: 2025-12-14_13-46-04
----------------------------------------
正在从 'config.py' 的 USERS_ID 列表读取用户 ID...

>>>>>>>>> 开始处理用户ID: 356010767 (https://space.bilibili.com/356010767/article) <<<<<<<<<

[步骤1] 使用 'ITERATIVE' 模式，正在准备迭代获取动态 URL...

  - 检测到 'undownloaded.json'，正在尝试重新下载 走路摇ZLY_356010767 的失败项目...
  -  正在下载用户 走路摇ZLY 资源: 2021-07-14_547268873211364194_1.jpg
  - 下载失败 (状态码 Unknown): 401 Client Error: Unauthorized for url: https://i0.hdslb.com/bfs/private/b831a13fc203bb75953a9b1e5ca7fe517ebeb21a.jpg
  - 5秒后重试... (尝试 2/3)
  - 下载失败 (状态码 Unknown): 401 Client Error: Unauthorized for url: https://i0.hdslb.com/bfs/private/b831a13fc203bb75953a9b1e5ca7fe517ebeb21a.jpg
  - 5秒后重试... (尝试 3/3)
  - 下载失败 (状态码 Unknown): 401 Client Error: Unauthorized for url: https://i0.hdslb.com/bfs/private/b831a13fc203bb75953a9b1e5ca7fe517ebeb21a.jpg
  - 所有重试均失败，跳过此文件。
  - 重试完成: 0 个成功 (图:0/视:0), 1 个失败。

[步骤2] 开始处理用户 356010767 的动态...
  - 正在保存动态 1140181514973085732 的步骤2元数据...
  -  正在下载用户 走路摇ZLY_356010767 资源: 2025-11-28_1140181514973085732_1.png
  -  正在下载用户 走路摇ZLY_356010767 资源: 2025-11-28_1140181514973085732_2.png
  -  正在下载用户 走路摇ZLY_356010767 资源: 2025-11-28_1140181514973085732_3.png
  -  正在下载用户 走路摇ZLY_356010767 资源: 2025-11-28_1140181514973085732_4.png
  -  正在下载用户 走路摇ZLY_356010767 资源: 2025-11-28_1140181514973085732_5.png
  -  正在下载用户 走路摇ZLY_356010767 资源: 2025-11-28_1140181514973085732_6.png
  -  正在下载用户 走路摇ZLY_356010767 资源: 2025-11-28_1140181514973085732_7.png
  -  正在下载用户 走路摇ZLY_356010767 资源: 2025-11-28_1140181514973085732_8.png
  -  正在下载用户 走路摇ZLY_356010767 资源: 2025-11-28_1140181514973085732_9.png
  - [提取] 读取原始元数据: metadata\step2\2025-11-28_1140181514973085732.json
  - [生成] 写入内容信息文件: 2025-11-28_1140181514973085732.json
  - 正在保存动态 1134965715282952215 的步骤2元数据...
  -  正在下载用户 走路摇ZLY_356010767 资源: 2025-11-14_1134965715282952215_1.png
  -  正在下载用户 走路摇ZLY_356010767 资源: 2025-11-14_1134965715282952215_2.png
  -  正在下载用户 走路摇ZLY_356010767 资源: 2025-11-14_1134965715282952215_3.png
  -  正在下载用户 走路摇ZLY_356010767 资源: 2025-11-14_1134965715282952215_4.png
  -  正在下载用户 走路摇ZLY_356010767 资源: 2025-11-14_1134965715282952215_5.png
  -  正在下载用户 走路摇ZLY_356010767 资源: 2025-11-14_1134965715282952215_6.png
  -  正在下载用户 走路摇ZLY_356010767 资源: 2025-11-14_1134965715282952215_7.png
  -  正在下载用户 走路摇ZLY_356010767 资源: 2025-11-14_1134965715282952215_8.png
  - [提取] 读取原始元数据: metadata\step2\2025-11-14_1134965715282952215.json
  - [生成] 写入内容信息文件: 2025-11-14_1134965715282952215.json
  - 正在保存动态 1132041267739361287 的步骤2元数据...
  -  正在下载用户 走路摇ZLY_356010767 资源: 2025-11-06_1132041267739361287_1.png
  -  正在下载用户 走路摇ZLY_356010767 资源: 2025-11-06_1132041267739361287_2.png
  -  正在下载用户 走路摇ZLY_356010767 资源: 2025-11-06_1132041267739361287_3.png
  -  正在下载用户 走路摇ZLY_356010767 资源: 2025-11-06_1132041267739361287_4.png
  -  正在下载用户 走路摇ZLY_356010767 资源: 2025-11-06_1132041267739361287_5.png
  -  正在下载用户 走路摇ZLY_356010767 资源: 2025-11-06_1132041267739361287_6.png
  -  正在下载用户 走路摇ZLY_356010767 资源: 2025-11-06_1132041267739361287_7.png
  -  正在下载用户 走路摇ZLY_356010767 资源: 2025-11-06_1132041267739361287_8.png
  - [提取] 读取原始元数据: metadata\step2\2025-11-06_1132041267739361287.json
  - [生成] 写入内容信息文件: 2025-11-06_1132041267739361287.json
  - 正在保存动态 1130265573660295174 的步骤2元数据...
  -  正在下载用户 走路摇ZLY_356010767 资源: 2025-11-01_1130265573660295174_1.jpg
  -  正在下载用户 走路摇ZLY_356010767 资源: 2025-11-01_1130265573660295174_2.jpg
  -  正在下载用户 走路摇ZLY_356010767 资源: 2025-11-01_1130265573660295174_3.jpg
  -  正在下载用户 走路摇ZLY_356010767 资源: 2025-11-01_1130265573660295174_4.jpg
  -  正在下载用户 走路摇ZLY_356010767 资源: 2025-11-01_1130265573660295174_5.jpg
  -  正在下载用户 走路摇ZLY_356010767 资源: 2025-11-01_1130265573660295174_6.jpg
  -  正在下载用户 走路摇ZLY_356010767 资源: 2025-11-01_1130265573660295174_7.jpg
  -  正在下载用户 走路摇ZLY_356010767 资源: 2025-11-01_1130265573660295174_8.jpg
  -  正在下载用户 走路摇ZLY_356010767 资源: 2025-11-01_1130265573660295174_9.jpg
  - [提取] 读取原始元数据: metadata\step2\2025-11-01_1130265573660295174.json
  - [生成] 写入内容信息文件: 2025-11-01_1130265573660295174.json
  - 正在保存动态 1126901527612489731 的步骤2元数据...
  -  正在下载用户 走路摇ZLY_356010767 资源: 2025-10-23_1126901527612489731_1.jpg
  -  正在下载用户 走路摇ZLY_356010767 资源: 2025-10-23_1126901527612489731_2.jpg
  -  正在下载用户 走路摇ZLY_356010767 资源: 2025-10-23_1126901527612489731_3.jpg
  -  正在下载用户 走路摇ZLY_356010767 资源: 2025-10-23_1126901527612489731_4.jpg
  -  正在下载用户 走路摇ZLY_356010767 资源: 2025-10-23_1126901527612489731_5.jpg
  -  正在下载用户 走路摇ZLY_356010767 资源: 2025-10-23_1126901527612489731_6.jpg
  -  正在下载用户 走路摇ZLY_356010767 资源: 2025-10-23_1126901527612489731_7.jpg
  - [提取] 读取原始元数据: metadata\step2\2025-10-23_1126901527612489731.json
  - [生成] 写入内容信息文件: 2025-10-23_1126901527612489731.json
  - 正在保存动态 1118748172148015144 的步骤2元数据...
  -  正在下载用户 走路摇ZLY_356010767 资源: 2025-10-01_1118748172148015144_1.png
  -  正在下载用户 走路摇ZLY_356010767 资源: 2025-10-01_1118748172148015144_2.png
  -  正在下载用户 走路摇ZLY_356010767 资源: 2025-10-01_1118748172148015144_3.png
  -  正在下载用户 走路摇ZLY_356010767 资源: 2025-10-01_1118748172148015144_4.png
  -  正在下载用户 走路摇ZLY_356010767 资源: 2025-10-01_1118748172148015144_5.png
  -  正在下载用户 走路摇ZLY_356010767 资源: 2025-10-01_1118748172148015144_6.png
  -  正在下载用户 走路摇ZLY_356010767 资源: 2025-10-01_1118748172148015144_7.png
  -  正在下载用户 走路摇ZLY_356010767 资源: 2025-10-01_1118748172148015144_8.png
  -  正在下载用户 走路摇ZLY_356010767 资源: 2025-10-01_1118748172148015144_9.png
  - [提取] 读取原始元数据: metadata\step2\2025-10-01_1118748172148015144.json
  - [生成] 写入内容信息文件: 2025-10-01_1118748172148015144.json
  - 正在保存动态 1118392561740808225 的步骤2元数据...
  -  正在下载用户 走路摇ZLY_356010767 资源: 2025-09-30_1118392561740808225_1.png
  -  正在下载用户 走路摇ZLY_356010767 资源: 2025-09-30_1118392561740808225_2.png
  -  正在下载用户 走路摇ZLY_356010767 资源: 2025-09-30_1118392561740808225_3.png
  -  正在下载用户 走路摇ZLY_356010767 资源: 2025-09-30_1118392561740808225_4.png
  -  正在下载用户 走路摇ZLY_356010767 资源: 2025-09-30_1118392561740808225_5.png
  -  正在下载用户 走路摇ZLY_356010767 资源: 2025-09-30_1118392561740808225_6.png
  - [提取] 读取原始元数据: metadata\step2\2025-09-30_1118392561740808225.json
  - [生成] 写入内容信息文件: 2025-09-30_1118392561740808225.json
  - 正在保存动态 1116786806635888642 的步骤2元数据...
  -  正在下载用户 走路摇ZLY_356010767 资源: 2025-09-26_1116786806635888642_1.png
  -  正在下载用户 走路摇ZLY_356010767 资源: 2025-09-26_1116786806635888642_2.png
  -  正在下载用户 走路摇ZLY_356010767 资源: 2025-09-26_1116786806635888642_3.png
  -  正在下载用户 走路摇ZLY_356010767 资源: 2025-09-26_1116786806635888642_4.png
  -  正在下载用户 走路摇ZLY_356010767 资源: 2025-09-26_1116786806635888642_5.png
  - [提取] 读取原始元数据: metadata\step2\2025-09-26_1116786806635888642.json
  - [生成] 写入内容信息文件: 2025-09-26_1116786806635888642.json
  - 正在保存动态 1115418387063767075 的步骤2元数据...
  -  正在下载用户 走路摇ZLY_356010767 资源: 2025-09-22_1115418387063767075_1.png
  -  正在下载用户 走路摇ZLY_356010767 资源: 2025-09-22_1115418387063767075_2.png
  -  正在下载用户 走路摇ZLY_356010767 资源: 2025-09-22_1115418387063767075_3.png
  -  正在下载用户 走路摇ZLY_356010767 资源: 2025-09-22_1115418387063767075_4.png
  -  正在下载用户 走路摇ZLY_356010767 资源: 2025-09-22_1115418387063767075_5.png
  -  正在下载用户 走路摇ZLY_356010767 资源: 2025-09-22_1115418387063767075_6.png
  -  正在下载用户 走路摇ZLY_356010767 资源: 2025-09-22_1115418387063767075_7.png
  -  正在下载用户 走路摇ZLY_356010767 资源: 2025-09-22_1115418387063767075_8.png
  -  正在下载用户 走路摇ZLY_356010767 资源: 2025-09-22_1115418387063767075_9.png
  - [提取] 读取原始元数据: metadata\step2\2025-09-22_1115418387063767075.json
  - [生成] 写入内容信息文件: 2025-09-22_1115418387063767075.json
  - 正在保存动态 1115034266656309303 的步骤2元数据...
  -  正在下载用户 走路摇ZLY_356010767 资源: 2025-09-21_1115034266656309303_1.png
  -  正在下载用户 走路摇ZLY_356010767 资源: 2025-09-21_1115034266656309303_2.png
  -  正在下载用户 走路摇ZLY_356010767 资源: 2025-09-21_1115034266656309303_3.png
  - [提取] 读取原始元数据: metadata\step2\2025-09-21_1115034266656309303.json
  - [生成] 写入内容信息文件: 2025-09-21_1115034266656309303.json
  - 正在保存动态 1114658968145231905 的步骤2元数据...
  -  正在下载用户 走路摇ZLY_356010767 资源: 2025-09-20_1114658968145231905_1.png
  -  正在下载用户 走路摇ZLY_356010767 资源: 2025-09-20_1114658968145231905_2.png
  -  正在下载用户 走路摇ZLY_356010767 资源: 2025-09-20_1114658968145231905_3.png
  -  正在下载用户 走路摇ZLY_356010767 资源: 2025-09-20_1114658968145231905_4.png
  -  正在下载用户 走路摇ZLY_356010767 资源: 2025-09-20_1114658968145231905_5.png
  -  正在下载用户 走路摇ZLY_356010767 资源: 2025-09-20_1114658968145231905_6.png
  - [提取] 读取原始元数据: metadata\step2\2025-09-20_1114658968145231905.json
  - [生成] 写入内容信息文件: 2025-09-20_1114658968145231905.json
  - 正在保存动态 1105394384374857728 的步骤2元数据...
  - 所有 6 张图片均已存在，全部跳过。
  - [提取] 读取原始元数据: metadata\step2\2025-08-26_1105394384374857728.json
  - [生成] 写入内容信息文件: 2025-08-26_1105394384374857728.json
  - 正在保存动态 1104484525628456966 的步骤2元数据...
  - 所有 6 张图片均已存在，全部跳过。
  - [提取] 读取原始元数据: metadata\step2\2025-08-24_1104484525628456966.json
  - [生成] 写入内容信息文件: 2025-08-24_1104484525628456966.json
  - 正在保存动态 1099519444626964481 的步骤2元数据...
  - 所有 9 张图片均已存在，全部跳过。
  - [提取] 读取原始元数据: metadata\step2\2025-08-10_1099519444626964481.json
  - [生成] 写入内容信息文件: 2025-08-10_1099519444626964481.json
  - 正在保存动态 1098758123040014374 的步骤2元数据...
  - 所有 9 张图片均已存在，全部跳过。
  - [提取] 读取原始元数据: metadata\step2\2025-08-08_1098758123040014374.json
  - [生成] 写入内容信息文件: 2025-08-08_1098758123040014374.json
  - 正在保存动态 1096166780311699463 的步骤2元数据...
  - 所有 5 张图片均已存在，全部跳过。
  - [提取] 读取原始元数据: metadata\step2\2025-08-01_1096166780311699463.json
  - [生成] 写入内容信息文件: 2025-08-01_1096166780311699463.json
  - 正在保存动态 1095770822961790985 的步骤2元数据...
  - 所有 6 张图片均已存在，全部跳过。
  - [提取] 读取原始元数据: metadata\step2\2025-07-31_1095770822961790985.json
  - [生成] 写入内容信息文件: 2025-07-31_1095770822961790985.json
  - 正在保存动态 1094241157475467267 的步骤2元数据...
  - 所有 11 张图片均已存在，全部跳过。
  - [提取] 读取原始元数据: metadata\step2\2025-07-27_1094241157475467267.json
  - [生成] 写入内容信息文件: 2025-07-27_1094241157475467267.json
  - 正在保存动态 1093871395133194246 的步骤2元数据...
  - 所有 13 张图片均已存在，全部跳过。
  - [提取] 读取原始元数据: metadata\step2\2025-07-26_1093871395133194246.json
  - [生成] 写入内容信息文件: 2025-07-26_1093871395133194246.json
  - 正在保存动态 1091334826090299449 的步骤2元数据...
  - 所有 9 张图片均已存在，全部跳过。
  - [提取] 读取原始元数据: metadata\step2\2025-07-19_1091334826090299449.json
  - [生成] 写入内容信息文件: 2025-07-19_1091334826090299449.json
  - 正在保存动态 1088353865402679349 的步骤2元数据...
  - 所有 6 张图片均已存在，全部跳过。
  - [提取] 读取原始元数据: metadata\step2\2025-07-11_1088353865402679349.json
  - [生成] 写入内容信息文件: 2025-07-11_1088353865402679349.json
  - 正在保存动态 1086791639776624644 的步骤2元数据...
  - 所有 4 张图片均已存在，全部跳过。
  - [提取] 读取原始元数据: metadata\step2\2025-07-07_1086791639776624644.json
  - [生成] 写入内容信息文件: 2025-07-07_1086791639776624644.json
  - 正在保存动态 1070916495747317785 的步骤2元数据...
  - 所有 4 张图片均已存在，全部跳过。
  - [提取] 读取原始元数据: metadata\step2\2025-05-25_1070916495747317785.json
  - [生成] 写入内容信息文件: 2025-05-25_1070916495747317785.json
  - 正在保存动态 1070136568329535512 的步骤2元数据...
  - 所有 9 张图片均已存在，全部跳过。
  - [提取] 读取原始元数据: metadata\step2\2025-05-23_1070136568329535512.json
  - [生成] 写入内容信息文件: 2025-05-23_1070136568329535512.json
  - 正在保存动态 1069326181061361665 的步骤2元数据...
  - 所有 4 张图片均已存在，全部跳过。
  - [提取] 读取原始元数据: metadata\step2\2025-05-21_1069326181061361665.json
  - [生成] 写入内容信息文件: 2025-05-21_1069326181061361665.json
  - 正在保存动态 1066342909623664641 的步骤2元数据...
  - 所有 18 张图片均已存在，全部跳过。
  - [提取] 读取原始元数据: metadata\step2\2025-05-13_1066342909623664641.json
  - [生成] 写入内容信息文件: 2025-05-13_1066342909623664641.json
  - 正在保存动态 1065328429748977682 的步骤2元数据...
  - 所有 15 张图片均已存在，全部跳过。
  - [提取] 读取原始元数据: metadata\step2\2025-05-10_1065328429748977682.json
  - [生成] 写入内容信息文件: 2025-05-10_1065328429748977682.json
  - 正在保存动态 1064810688631799809 的步骤2元数据...
  - 所有 18 张图片均已存在，全部跳过。
  - [提取] 读取原始元数据: metadata\step2\2025-05-09_1064810688631799809.json
  - [生成] 写入内容信息文件: 2025-05-09_1064810688631799809.json
  - 正在保存动态 1063845785595019264 的步骤2元数据...
  - 所有 8 张图片均已存在，全部跳过。
  - [提取] 读取原始元数据: metadata\step2\2025-05-06_1063845785595019264.json
  - [生成] 写入内容信息文件: 2025-05-06_1063845785595019264.json
  - 正在保存动态 1061965792499728401 的步骤2元数据...
  - 所有 9 张图片均已存在，全部跳过。
  - [提取] 读取原始元数据: metadata\step2\2025-05-01_1061965792499728401.json
  - [生成] 写入内容信息文件: 2025-05-01_1061965792499728401.json
  - 正在保存动态 1058673481055469609 的步骤2元数据...
  - 所有 14 张图片均已存在，全部跳过。
  - [提取] 读取原始元数据: metadata\step2\2025-04-22_1058673481055469609.json
  - [生成] 写入内容信息文件: 2025-04-22_1058673481055469609.json
  - 正在保存动态 1055230965931048984 的步骤2元数据...
  - 所有 6 张图片均已存在，全部跳过。
  - [提取] 读取原始元数据: metadata\step2\2025-04-13_1055230965931048984.json
  - [生成] 写入内容信息文件: 2025-04-13_1055230965931048984.json
  - 正在保存动态 1053692276727873542 的步骤2元数据...
  - 所有 9 张图片均已存在，全部跳过。
  - [提取] 读取原始元数据: metadata\step2\2025-04-09_1053692276727873542.json
  - [生成] 写入内容信息文件: 2025-04-09_1053692276727873542.json
  - 正在保存动态 1052269461425356802 的步骤2元数据...
  - 所有 9 张图片均已存在，全部跳过。
  - [提取] 读取原始元数据: metadata\step2\2025-04-05_1052269461425356802.json
  - [生成] 写入内容信息文件: 2025-04-05_1052269461425356802.json
  - 正在保存动态 1050068986479247380 的步骤2元数据...
  - 所有 9 张图片均已存在，全部跳过。
  - [提取] 读取原始元数据: metadata\step2\2025-03-30_1050068986479247380.json
  - [生成] 写入内容信息文件: 2025-03-30_1050068986479247380.json
  - 正在保存动态 1047458410870603782 的步骤2元数据...
  - 所有 2 张图片均已存在，全部跳过。
  - [提取] 读取原始元数据: metadata\step2\2025-03-23_1047458410870603782.json
  - [生成] 写入内容信息文件: 2025-03-23_1047458410870603782.json
  - 正在保存动态 1041573335016669206 的步骤2元数据...
  - 所有 4 张图片均已存在，全部跳过。
  - [提取] 读取原始元数据: metadata\step2\2025-03-07_1041573335016669206.json
  - [生成] 写入内容信息文件: 2025-03-07_1041573335016669206.json
  - 正在保存动态 1038178700232753160 的步骤2元数据...
  - 所有 2 张图片均已存在，全部跳过。
  - [提取] 读取原始元数据: metadata\step2\2025-02-26_1038178700232753160.json
  - [生成] 写入内容信息文件: 2025-02-26_1038178700232753160.json
  - 正在保存动态 1034917329750720521 的步骤2元数据...
  - 所有 6 张图片均已存在，全部跳过。
  - [提取] 读取原始元数据: metadata\step2\2025-02-17_1034917329750720521.json
  - [生成] 写入内容信息文件: 2025-02-17_1034917329750720521.json
  - 正在保存动态 1033348197797330946 的步骤2元数据...
  - 所有 4 张图片均已存在，全部跳过。
  - [提取] 读取原始元数据: metadata\step2\2025-02-13_1033348197797330946.json
  - [生成] 写入内容信息文件: 2025-02-13_1033348197797330946.json
  - 正在保存动态 1031977802584293376 的步骤2元数据...
  - 所有 6 张图片均已存在，全部跳过。
  - [提取] 读取原始元数据: metadata\step2\2025-02-09_1031977802584293376.json
  - [生成] 写入内容信息文件: 2025-02-09_1031977802584293376.json
  - 正在保存动态 1030730093108920320 的步骤2元数据...
  - 所有 6 张图片均已存在，全部跳过。
  - [提取] 读取原始元数据: metadata\step2\2025-02-06_1030730093108920320.json
  - [生成] 写入内容信息文件: 2025-02-06_1030730093108920320.json
  - 正在保存动态 1026635958444883976 的步骤2元数据...
  - 所有 2 张图片均已存在，全部跳过。
  - [提取] 读取原始元数据: metadata\step2\2025-01-26_1026635958444883976.json
  - [生成] 写入内容信息文件: 2025-01-26_1026635958444883976.json
  - 正在保存动态 1026050262359343111 的步骤2元数据...
  - 所有 1 张图片均已存在，全部跳过。
  - [提取] 读取原始元数据: metadata\step2\2025-01-24_1026050262359343111.json
  - [生成] 写入内容信息文件: 2025-01-24_1026050262359343111.json
  - 正在保存动态 1020683026402639897 的步骤2元数据...
  - 所有 9 张图片均已存在，全部跳过。
  - [提取] 读取原始元数据: metadata\step2\2025-01-10_1020683026402639897.json
  - [生成] 写入内容信息文件: 2025-01-10_1020683026402639897.json
  - 正在保存动态 1019992064975175683 的步骤2元数据...
  - 所有 1 张图片均已存在，全部跳过。
  - [提取] 读取原始元数据: metadata\step2\2025-01-08_1019992064975175683.json
  - [生成] 写入内容信息文件: 2025-01-08_1019992064975175683.json
  - 正在保存动态 1019708197696438280 的步骤2元数据...
  - 所有 2 张图片均已存在，全部跳过。
  - [提取] 读取原始元数据: metadata\step2\2025-01-07_1019708197696438280.json
  - [生成] 写入内容信息文件: 2025-01-07_1019708197696438280.json
  - 正在保存动态 1019692392189526021 的步骤2元数据...
  - 所有 1 张图片均已存在，全部跳过。
  - [提取] 读取原始元数据: metadata\step2\2025-01-07_1019692392189526021.json
  - [生成] 写入内容信息文件: 2025-01-07_1019692392189526021.json
  - 正在保存动态 1019162964488355857 的步骤2元数据...
  - 所有 5 张图片均已存在，全部跳过。
  - [提取] 读取原始元数据: metadata\step2\2025-01-06_1019162964488355857.json
  - [生成] 写入内容信息文件: 2025-01-06_1019162964488355857.json
  - 正在保存动态 1017090423702683655 的步骤2元数据...
  - 所有 1 张图片均已存在，全部跳过。
  - [提取] 读取原始元数据: metadata\step2\2024-12-31_1017090423702683655.json
  - [生成] 写入内容信息文件: 2024-12-31_1017090423702683655.json
  - 正在保存动态 1015572225764360226 的步骤2元数据...
  - 所有 9 张图片均已存在，全部跳过。
  - [提取] 读取原始元数据: metadata\step2\2024-12-27_1015572225764360226.json
  - [生成] 写入内容信息文件: 2024-12-27_1015572225764360226.json
  - 正在保存动态 1013078086712819728 的步骤2元数据...
  - 所有 4 张图片均已存在，全部跳过。
  - [提取] 读取原始元数据: metadata\step2\2024-12-21_1013078086712819728.json
  - [生成] 写入内容信息文件: 2024-12-21_1013078086712819728.json
  - 正在保存动态 1009688180707819527 的步骤2元数据...
  - 所有 2 张图片均已存在，全部跳过。
  - [提取] 读取原始元数据: metadata\step2\2024-12-11_1009688180707819527.json
  - [生成] 写入内容信息文件: 2024-12-11_1009688180707819527.json
  - 正在保存动态 1009291093803532345 的步骤2元数据...
  - 所有 2 张图片均已存在，全部跳过。
  - [提取] 读取原始元数据: metadata\step2\2024-12-10_1009291093803532345.json
  - [生成] 写入内容信息文件: 2024-12-10_1009291093803532345.json
  - 正在保存动态 1005860596051083331 的步骤2元数据...
  - 所有 7 张图片均已存在，全部跳过。
  - [提取] 读取原始元数据: metadata\step2\2024-12-01_1005860596051083331.json
  - [生成] 写入内容信息文件: 2024-12-01_1005860596051083331.json
  - 正在保存动态 1001046951347617794 的步骤2元数据...
  - 所有 4 张图片均已存在，全部跳过。
  - [提取] 读取原始元数据: metadata\step2\2024-11-18_1001046951347617794.json
  - [生成] 写入内容信息文件: 2024-11-18_1001046951347617794.json
  - 正在保存动态 1000309685810626567 的步骤2元数据...
  - 所有 5 张图片均已存在，全部跳过。
  - [提取] 读取原始元数据: metadata\step2\2024-11-16_1000309685810626567.json
  - [生成] 写入内容信息文件: 2024-11-16_1000309685810626567.json
  - 正在保存动态 998070938413039632 的步骤2元数据...
  - 所有 4 张图片均已存在，全部跳过。
  - [提取] 读取原始元数据: metadata\step2\2024-11-10_998070938413039632.json
  - [生成] 写入内容信息文件: 2024-11-10_998070938413039632.json
  - 正在保存动态 994699552340574215 的步骤2元数据...
  - 所有 9 张图片均已存在，全部跳过。
  - [提取] 读取原始元数据: metadata\step2\2024-11-01_994699552340574215.json
  - [生成] 写入内容信息文件: 2024-11-01_994699552340574215.json
  - 正在保存动态 987442736896409625 的步骤2元数据...
  - 所有 9 张图片均已存在，全部跳过。
  - [提取] 读取原始元数据: metadata\step2\2024-10-12_987442736896409625.json
  - [生成] 写入内容信息文件: 2024-10-12_987442736896409625.json
  - 正在保存动态 986556337240408073 的步骤2元数据...
  - 所有 9 张图片均已存在，全部跳过。
  - [提取] 读取原始元数据: metadata\step2\2024-10-10_986556337240408073.json
  - [生成] 写入内容信息文件: 2024-10-10_986556337240408073.json
  - 正在保存动态 982606320279486485 的步骤2元数据...
  - 所有 7 张图片均已存在，全部跳过。
  - [提取] 读取原始元数据: metadata\step2\2024-09-29_982606320279486485.json
  - [生成] 写入内容信息文件: 2024-09-29_982606320279486485.json
  - 正在保存动态 981835579817721906 的步骤2元数据...
  - 所有 5 张图片均已存在，全部跳过。
  - [提取] 读取原始元数据: metadata\step2\2024-09-27_981835579817721906.json
  - [生成] 写入内容信息文件: 2024-09-27_981835579817721906.json
  - 正在保存动态 981441065561096201 的步骤2元数据...
  - 所有 2 张图片均已存在，全部跳过。
  - [提取] 读取原始元数据: metadata\step2\2024-09-26_981441065561096201.json
  - [生成] 写入内容信息文件: 2024-09-26_981441065561096201.json
  - 正在保存动态 979853357911900196 的步骤2元数据...
  - 所有 9 张图片均已存在，全部跳过。
  - [提取] 读取原始元数据: metadata\step2\2024-09-22_979853357911900196.json
  - [生成] 写入内容信息文件: 2024-09-22_979853357911900196.json
  - 正在保存动态 977997317868093457 的步骤2元数据...
  - 所有 9 张图片均已存在，全部跳过。
  - [提取] 读取原始元数据: metadata\step2\2024-09-17_977997317868093457.json
  - [生成] 写入内容信息文件: 2024-09-17_977997317868093457.json
  - 正在保存动态 976287392589676561 的步骤2元数据...
  - 所有 1 张图片均已存在，全部跳过。
  - [提取] 读取原始元数据: metadata\step2\2024-09-12_976287392589676561.json
  - [生成] 写入内容信息文件: 2024-09-12_976287392589676561.json
  - 正在保存动态 974357096861532162 的步骤2元数据...
  - 所有 2 张图片均已存在，全部跳过。
  - [提取] 读取原始元数据: metadata\step2\2024-09-07_974357096861532162.json
  - [生成] 写入内容信息文件: 2024-09-07_974357096861532162.json
  - 正在保存动态 972147791440642050 的步骤2元数据...
  - 所有 6 张图片均已存在，全部跳过。
  - [提取] 读取原始元数据: metadata\step2\2024-09-01_972147791440642050.json
  - [生成] 写入内容信息文件: 2024-09-01_972147791440642050.json
  - 正在保存动态 970268361012281365 的步骤2元数据...
  - 所有 9 张图片均已存在，全部跳过。
  - [提取] 读取原始元数据: metadata\step2\2024-08-27_970268361012281365.json
  - [生成] 写入内容信息文件: 2024-08-27_970268361012281365.json
  - 正在保存动态 969224232996175896 的步骤2元数据...
  - 所有 6 张图片均已存在，全部跳过。
  - [提取] 读取原始元数据: metadata\step2\2024-08-24_969224232996175896.json
  - [生成] 写入内容信息文件: 2024-08-24_969224232996175896.json
  - 正在保存动态 964350261119156311 的步骤2元数据...
  - 所有 2 张图片均已存在，全部跳过。
  - [提取] 读取原始元数据: metadata\step2\2024-08-11_964350261119156311.json
  - [生成] 写入内容信息文件: 2024-08-11_964350261119156311.json
  - 正在保存动态 963890167037296645 的步骤2元数据...
  - 所有 2 张图片均已存在，全部跳过。
  - [提取] 读取原始元数据: metadata\step2\2024-08-10_963890167037296645.json
  - [生成] 写入内容信息文件: 2024-08-10_963890167037296645.json
  - 正在保存动态 962972216816828439 的步骤2元数据...
  - 所有 3 张图片均已存在，全部跳过。
  - [提取] 读取原始元数据: metadata\step2\2024-08-08_962972216816828439.json
  - [生成] 写入内容信息文件: 2024-08-08_962972216816828439.json
  - 正在保存动态 962400599370891267 的步骤2元数据...
  - 所有 2 张图片均已存在，全部跳过。
  - [提取] 读取原始元数据: metadata\step2\2024-08-06_962400599370891267.json
  - [生成] 写入内容信息文件: 2024-08-06_962400599370891267.json
  - 正在保存动态 962115435029856305 的步骤2元数据...
  - 所有 2 张图片均已存在，全部跳过。
  - [提取] 读取原始元数据: metadata\step2\2024-08-05_962115435029856305.json
  - [生成] 写入内容信息文件: 2024-08-05_962115435029856305.json
  - 正在保存动态 954301708637306901 的步骤2元数据...
  - 所有 1 张图片均已存在，全部跳过。
  - [提取] 读取原始元数据: metadata\step2\2024-07-15_954301708637306901.json
  - [生成] 写入内容信息文件: 2024-07-15_954301708637306901.json
  - 正在保存动态 943221543184367671 的步骤2元数据...
  - 所有 9 张图片均已存在，全部跳过。
  - [提取] 读取原始元数据: metadata\step2\2024-06-15_943221543184367671.json
  - [生成] 写入内容信息文件: 2024-06-15_943221543184367671.json
  - 正在保存动态 927983059346653193 的步骤2元数据...
  - 所有 9 张图片均已存在，全部跳过。
  - [提取] 读取原始元数据: metadata\step2\2024-05-05_927983059346653193.json
  - [生成] 写入内容信息文件: 2024-05-05_927983059346653193.json
  - 正在保存动态 916369021102718980 的步骤2元数据...
  - 所有 1 张图片均已存在，全部跳过。
  - [提取] 读取原始元数据: metadata\step2\2024-04-04_916369021102718980.json
  - [生成] 写入内容信息文件: 2024-04-04_916369021102718980.json
  - 正在保存动态 901646517456076833 的步骤2元数据...
  - 所有 2 张图片均已存在，全部跳过。
  - [提取] 读取原始元数据: metadata\step2\2024-02-24_901646517456076833.json
  - [生成] 写入内容信息文件: 2024-02-24_901646517456076833.json
  - 正在保存动态 899125096779612198 的步骤2元数据...
  - 所有 4 张图片均已存在，全部跳过。
  - [提取] 读取原始元数据: metadata\step2\2024-02-17_899125096779612198.json
  - [生成] 写入内容信息文件: 2024-02-17_899125096779612198.json
  - 正在保存动态 883129401620824085 的步骤2元数据...
  - 所有 1 张图片均已存在，全部跳过。
  - [提取] 读取原始元数据: metadata\step2\2024-01-05_883129401620824085.json
  - [生成] 写入内容信息文件: 2024-01-05_883129401620824085.json
  - 正在保存动态 862367134542462992 的步骤2元数据...
  - 所有 7 张图片均已存在，全部跳过。
  - [提取] 读取原始元数据: metadata\step2\2023-11-10_862367134542462992.json
  - [生成] 写入内容信息文件: 2023-11-10_862367134542462992.json
  - 正在保存动态 857768062087069729 的步骤2元数据...
  - 所有 1 张图片均已存在，全部跳过。
  - [提取] 读取原始元数据: metadata\step2\2023-10-29_857768062087069729.json
  - [生成] 写入内容信息文件: 2023-10-29_857768062087069729.json
  - 正在保存动态 841538402888187924 的步骤2元数据...
  - 所有 9 张图片均已存在，全部跳过。
  - [提取] 读取原始元数据: metadata\step2\2023-09-15_841538402888187924.json
  - [生成] 写入内容信息文件: 2023-09-15_841538402888187924.json
  - 正在保存动态 841489710859681796 的步骤2元数据...
  - 所有 1 张图片均已存在，全部跳过。
  - [提取] 读取原始元数据: metadata\step2\2023-09-15_841489710859681796.json
  - [生成] 写入内容信息文件: 2023-09-15_841489710859681796.json
  - 正在保存动态 834889282400288784 的步骤2元数据...
  - 所有 4 张图片均已存在，全部跳过。
  - [提取] 读取原始元数据: metadata\step2\2023-08-28_834889282400288784.json
  - [生成] 写入内容信息文件: 2023-08-28_834889282400288784.json
  - 正在保存动态 833398009643401369 的步骤2元数据...
  - 所有 4 张图片均已存在，全部跳过。
  - [提取] 读取原始元数据: metadata\step2\2023-08-24_833398009643401369.json
  - [生成] 写入内容信息文件: 2023-08-24_833398009643401369.json
  - 正在保存动态 833070990820900912 的步骤2元数据...
  - 所有 1 张图片均已存在，全部跳过。
  - [提取] 读取原始元数据: metadata\step2\2023-08-23_833070990820900912.json
  - [生成] 写入内容信息文件: 2023-08-23_833070990820900912.json
  - 正在保存动态 828875194332348419 的步骤2元数据...
  - 所有 1 张图片均已存在，全部跳过。
  - [提取] 读取原始元数据: metadata\step2\2023-08-12_828875194332348419.json
  - [生成] 写入内容信息文件: 2023-08-12_828875194332348419.json
  - 正在保存动态 825983435801624626 的步骤2元数据...
  - 所有 6 张图片均已存在，全部跳过。
  - [提取] 读取原始元数据: metadata\step2\2023-08-04_825983435801624626.json
  - [生成] 写入内容信息文件: 2023-08-04_825983435801624626.json
  - 正在保存动态 823353451234721795 的步骤2元数据...
  - 所有 8 张图片均已存在，全部跳过。
  - [提取] 读取原始元数据: metadata\step2\2023-07-28_823353451234721795.json
  - [生成] 写入内容信息文件: 2023-07-28_823353451234721795.json
  - 正在保存动态 822553552223207462 的步骤2元数据...
  - 所有 1 张图片均已存在，全部跳过。
  - [提取] 读取原始元数据: metadata\step2\2023-07-26_822553552223207462.json
  - [生成] 写入内容信息文件: 2023-07-26_822553552223207462.json
  - 正在保存动态 821586626229567541 的步骤2元数据...
  - 所有 4 张图片均已存在，全部跳过。
  - [提取] 读取原始元数据: metadata\step2\2023-07-24_821586626229567541.json
  - [生成] 写入内容信息文件: 2023-07-24_821586626229567541.json
  - 正在保存动态 821102373218811906 的步骤2元数据...
  - 所有 9 张图片均已存在，全部跳过。
  - [提取] 读取原始元数据: metadata\step2\2023-07-22_821102373218811906.json
  - [生成] 写入内容信息文件: 2023-07-22_821102373218811906.json
  - 正在保存动态 814789548422725665 的步骤2元数据...
  - 所有 1 张图片均已存在，全部跳过。
  - [提取] 读取原始元数据: metadata\step2\2023-07-05_814789548422725665.json
  - [生成] 写入内容信息文件: 2023-07-05_814789548422725665.json
  - 正在保存动态 809957023025201269 的步骤2元数据...
  - 所有 9 张图片均已存在，全部跳过。
  - [提取] 读取原始元数据: metadata\step2\2023-06-22_809957023025201269.json
  - [生成] 写入内容信息文件: 2023-06-22_809957023025201269.json
  - 正在保存动态 809292621639843847 的步骤2元数据...
  - 所有 1 张图片均已存在，全部跳过。
  - [提取] 读取原始元数据: metadata\step2\2023-06-20_809292621639843847.json
  - [生成] 写入内容信息文件: 2023-06-20_809292621639843847.json
  - 正在保存动态 808594032587440162 的步骤2元数据...
  - 所有 4 张图片均已存在，全部跳过。
  - [提取] 读取原始元数据: metadata\step2\2023-06-18_808594032587440162.json
  - [生成] 写入内容信息文件: 2023-06-18_808594032587440162.json
  - 正在保存动态 800281179221655616 的步骤2元数据...
  - 所有 2 张图片均已存在，全部跳过。
  - [提取] 读取原始元数据: metadata\step2\2023-05-27_800281179221655616.json
  - [生成] 写入内容信息文件: 2023-05-27_800281179221655616.json
  - 正在保存动态 797370591536480273 的步骤2元数据...
  - 所有 6 张图片均已存在，全部跳过。
  - [提取] 读取原始元数据: metadata\step2\2023-05-19_797370591536480273.json
  - [生成] 写入内容信息文件: 2023-05-19_797370591536480273.json
  - 正在保存动态 796594216079720465 的步骤2元数据...
  - 所有 4 张图片均已存在，全部跳过。
  - [提取] 读取原始元数据: metadata\step2\2023-05-17_796594216079720465.json
  - [生成] 写入内容信息文件: 2023-05-17_796594216079720465.json
  - 正在保存动态 789889651861094432 的步骤2元数据...
  - 所有 2 张图片均已存在，全部跳过。
  - [提取] 读取原始元数据: metadata\step2\2023-04-29_789889651861094432.json
  - [生成] 写入内容信息文件: 2023-04-29_789889651861094432.json
  - 正在保存动态 789215792922099778 的步骤2元数据...
  - 所有 9 张图片均已存在，全部跳过。
  - [提取] 读取原始元数据: metadata\step2\2023-04-27_789215792922099778.json
  - [生成] 写入内容信息文件: 2023-04-27_789215792922099778.json
  - 正在保存动态 779803204577656834 的步骤2元数据...
  - 所有 1 张图片均已存在，全部跳过。
  - [提取] 读取原始元数据: metadata\step2\2023-04-02_779803204577656834.json
  - [生成] 写入内容信息文件: 2023-04-02_779803204577656834.json
  - 正在保存动态 772046897405755401 的步骤2元数据...
  - 所有 9 张图片均已存在，全部跳过。
  - [提取] 读取原始元数据: metadata\step2\2023-03-12_772046897405755401.json
  - [生成] 写入内容信息文件: 2023-03-12_772046897405755401.json
  - 正在保存动态 768370890730635287 的步骤2元数据...
  - 所有 3 张图片均已存在，全部跳过。
  - [提取] 读取原始元数据: metadata\step2\2023-03-02_768370890730635287.json
  - [生成] 写入内容信息文件: 2023-03-02_768370890730635287.json
  - 正在保存动态 767224748608323632 的步骤2元数据...
  - 所有 9 张图片均已存在，全部跳过。
  - [提取] 读取原始元数据: metadata\step2\2023-02-27_767224748608323632.json
  - [生成] 写入内容信息文件: 2023-02-27_767224748608323632.json
  - 正在保存动态 759407817971990560 的步骤2元数据...
  - 所有 9 张图片均已存在，全部跳过。
  - [提取] 读取原始元数据: metadata\step2\2023-02-06_759407817971990560.json
  - [生成] 写入内容信息文件: 2023-02-06_759407817971990560.json
  - 正在保存动态 753179084575473697 的步骤2元数据...
  - 所有 4 张图片均已存在，全部跳过。
  - [提取] 读取原始元数据: metadata\step2\2023-01-20_753179084575473697.json
  - [生成] 写入内容信息文件: 2023-01-20_753179084575473697.json
  - 正在保存动态 750673916039528530 的步骤2元数据...
  - 所有 2 张图片均已存在，全部跳过。
  - [提取] 读取原始元数据: metadata\step2\2023-01-13_750673916039528530.json
  - [生成] 写入内容信息文件: 2023-01-13_750673916039528530.json
  - 正在保存动态 749822842506313751 的步骤2元数据...
  - 所有 9 张图片均已存在，全部跳过。
  - [提取] 读取原始元数据: metadata\step2\2023-01-11_749822842506313751.json
  - [生成] 写入内容信息文件: 2023-01-11_749822842506313751.json
  - 正在保存动态 747289962851860486 的步骤2元数据...
  - 所有 1 张图片均已存在，全部跳过。
  - [提取] 读取原始元数据: metadata\step2\2023-01-04_747289962851860486.json
  - [生成] 写入内容信息文件: 2023-01-04_747289962851860486.json
  - 正在保存动态 729577191288864791 的步骤2元数据...
  - 所有 6 张图片均已存在，全部跳过。
  - [提取] 读取原始元数据: metadata\step2\2022-11-18_729577191288864791.json
  - [生成] 写入内容信息文件: 2022-11-18_729577191288864791.json
  - 正在保存动态 724225876785365031 的步骤2元数据...
  - 所有 3 张图片均已存在，全部跳过。
  - [提取] 读取原始元数据: metadata\step2\2022-11-03_724225876785365031.json
  - [生成] 写入内容信息文件: 2022-11-03_724225876785365031.json
  - 正在保存动态 717958828004474950 的步骤2元数据...
  - 所有 1 张图片均已存在，全部跳过。
  - [提取] 读取原始元数据: metadata\step2\2022-10-17_717958828004474950.json
  - [生成] 写入内容信息文件: 2022-10-17_717958828004474950.json
  - 正在保存动态 709307264924647458 的步骤2元数据...
  - 所有 4 张图片均已存在，全部跳过。
  - [提取] 读取原始元数据: metadata\step2\2022-09-24_709307264924647458.json
  - [生成] 写入内容信息文件: 2022-09-24_709307264924647458.json
  - 正在保存动态 699117167188115491 的步骤2元数据...
  - 所有 9 张图片均已存在，全部跳过。
  - [提取] 读取原始元数据: metadata\step2\2022-08-27_699117167188115491.json
  - [生成] 写入内容信息文件: 2022-08-27_699117167188115491.json
  - 正在保存动态 697446149952372775 的步骤2元数据...
  - 所有 1 张图片均已存在，全部跳过。
  - [提取] 读取原始元数据: metadata\step2\2022-08-23_697446149952372775.json
  - [生成] 写入内容信息文件: 2022-08-23_697446149952372775.json
  - 正在保存动态 695263271455817749 的步骤2元数据...
  - 所有 9 张图片均已存在，全部跳过。
  - [提取] 读取原始元数据: metadata\step2\2022-08-17_695263271455817749.json
  - [生成] 写入内容信息文件: 2022-08-17_695263271455817749.json
  - 正在保存动态 694638195046875145 的步骤2元数据...
  - 所有 9 张图片均已存在，全部跳过。
  - [提取] 读取原始元数据: metadata\step2\2022-08-15_694638195046875145.json
  - [生成] 写入内容信息文件: 2022-08-15_694638195046875145.json
  - 正在保存动态 692749890952888329 的步骤2元数据...
  - 所有 3 张图片均已存在，全部跳过。
  - [提取] 读取原始元数据: metadata\step2\2022-08-10_692749890952888329.json
  - [生成] 写入内容信息文件: 2022-08-10_692749890952888329.json
  - 正在保存动态 690063470679293972 的步骤2元数据...
  - 所有 6 张图片均已存在，全部跳过。
  - [提取] 读取原始元数据: metadata\step2\2022-08-03_690063470679293972.json
  - [生成] 写入内容信息文件: 2022-08-03_690063470679293972.json
  - 正在保存动态 686897126132678695 的步骤2元数据...
  - 所有 1 张图片均已存在，全部跳过。
  - [提取] 读取原始元数据: metadata\step2\2022-07-26_686897126132678695.json
  - [生成] 写入内容信息文件: 2022-07-26_686897126132678695.json
  - 正在保存动态 685776852894089300 的步骤2元数据...
  - 所有 3 张图片均已存在，全部跳过。
  - [提取] 读取原始元数据: metadata\step2\2022-07-23_685776852894089300.json
  - [生成] 写入内容信息文件: 2022-07-23_685776852894089300.json
  - 正在保存动态 681211079153418248 的步骤2元数据...
  - 所有 9 张图片均已存在，全部跳过。
  - [提取] 读取原始元数据: metadata\step2\2022-07-10_681211079153418248.json
  - [生成] 写入内容信息文件: 2022-07-10_681211079153418248.json
  - 正在保存动态 676729370996375572 的步骤2元数据...
  - 所有 1 张图片均已存在，全部跳过。
  - [提取] 读取原始元数据: metadata\step2\2022-06-28_676729370996375572.json
  - [生成] 写入内容信息文件: 2022-06-28_676729370996375572.json
  - 正在保存动态 668938613770158117 的步骤2元数据...
  - 所有 9 张图片均已存在，全部跳过。
  - [提取] 读取原始元数据: metadata\step2\2022-06-07_668938613770158117.json
  - [生成] 写入内容信息文件: 2022-06-07_668938613770158117.json
  - 正在保存动态 667376499802767385 的步骤2元数据...
  - 所有 1 张图片均已存在，全部跳过。
  - [提取] 读取原始元数据: metadata\step2\2022-06-03_667376499802767385.json
  - [生成] 写入内容信息文件: 2022-06-03_667376499802767385.json
  - 正在保存动态 666370107371421736 的步骤2元数据...
  - 所有 2 张图片均已存在，全部跳过。
  - [提取] 读取原始元数据: metadata\step2\2022-05-31_666370107371421736.json
  - [生成] 写入内容信息文件: 2022-05-31_666370107371421736.json
  - 正在保存动态 663336176836411414 的步骤2元数据...
  - 所有 1 张图片均已存在，全部跳过。
  - [提取] 读取原始元数据: metadata\step2\2022-05-23_663336176836411414.json
  - [生成] 写入内容信息文件: 2022-05-23_663336176836411414.json
  - 正在保存动态 662449588218626057 的步骤2元数据...
  - 所有 1 张图片均已存在，全部跳过。
  - [提取] 读取原始元数据: metadata\step2\2022-05-21_662449588218626057.json
  - [生成] 写入内容信息文件: 2022-05-21_662449588218626057.json
  - 正在保存动态 662320782147321879 的步骤2元数据...
  - 所有 1 张图片均已存在，全部跳过。
  - [提取] 读取原始元数据: metadata\step2\2022-05-20_662320782147321879.json
  - [生成] 写入内容信息文件: 2022-05-20_662320782147321879.json
  - 正在保存动态 659362369983479844 的步骤2元数据...
  - 所有 1 张图片均已存在，全部跳过。
  - [提取] 读取原始元数据: metadata\step2\2022-05-12_659362369983479844.json
  - [生成] 写入内容信息文件: 2022-05-12_659362369983479844.json
  - 正在保存动态 653694039634214961 的步骤2元数据...
  - 所有 5 张图片均已存在，全部跳过。
  - [提取] 读取原始元数据: metadata\step2\2022-04-27_653694039634214961.json
  - [生成] 写入内容信息文件: 2022-04-27_653694039634214961.json
  - 正在保存动态 653351889654513669 的步骤2元数据...
  - 所有 6 张图片均已存在，全部跳过。
  - [提取] 读取原始元数据: metadata\step2\2022-04-26_653351889654513669.json
  - [生成] 写入内容信息文件: 2022-04-26_653351889654513669.json
  - 正在保存动态 648172777664151559 的步骤2元数据...
  - 所有 1 张图片均已存在，全部跳过。
  - [提取] 读取原始元数据: metadata\step2\2022-04-12_648172777664151559.json
  - [生成] 写入内容信息文件: 2022-04-12_648172777664151559.json
  - 正在保存动态 643772514937339910 的步骤2元数据...
  - 所有 9 张图片均已存在，全部跳过。
  - [提取] 读取原始元数据: metadata\step2\2022-03-31_643772514937339910.json
  - [生成] 写入内容信息文件: 2022-03-31_643772514937339910.json
  - 正在保存动态 641128842301276177 的步骤2元数据...
  - 所有 2 张图片均已存在，全部跳过。
  - [提取] 读取原始元数据: metadata\step2\2022-03-24_641128842301276177.json
  - [生成] 写入内容信息文件: 2022-03-24_641128842301276177.json
  - 正在保存动态 640666162656444453 的步骤2元数据...
  - 所有 6 张图片均已存在，全部跳过。
  - [提取] 读取原始元数据: metadata\step2\2022-03-23_640666162656444453.json
  - [生成] 写入内容信息文件: 2022-03-23_640666162656444453.json
  - 正在保存动态 633987449859604489 的步骤2元数据...
  - 所有 9 张图片均已存在，全部跳过。
  - [提取] 读取原始元数据: metadata\step2\2022-03-05_633987449859604489.json
  - [生成] 写入内容信息文件: 2022-03-05_633987449859604489.json
  - 正在保存动态 633764515273506825 的步骤2元数据...
  - 所有 3 张图片均已存在，全部跳过。
  - [提取] 读取原始元数据: metadata\step2\2022-03-04_633764515273506825.json
  - [生成] 写入内容信息文件: 2022-03-04_633764515273506825.json
  - 正在保存动态 632343031438114840 的步骤2元数据...
  - 所有 4 张图片均已存在，全部跳过。
  - [提取] 读取原始元数据: metadata\step2\2022-03-01_632343031438114840.json
  - [生成] 写入内容信息文件: 2022-03-01_632343031438114840.json
  - 正在保存动态 632275798021111826 的步骤2元数据...
  - 所有 1 张图片均已存在，全部跳过。
  - [提取] 读取原始元数据: metadata\step2\2022-02-28_632275798021111826.json
  - [生成] 写入内容信息文件: 2022-02-28_632275798021111826.json
  - 正在保存动态 632275604729757731 的步骤2元数据...
  - 所有 9 张图片均已存在，全部跳过。
  - [提取] 读取原始元数据: metadata\step2\2022-02-28_632275604729757731.json
  - [生成] 写入内容信息文件: 2022-02-28_632275604729757731.json
  - 正在保存动态 631096399981707265 的步骤2元数据...
  - 所有 2 张图片均已存在，全部跳过。
  - [提取] 读取原始元数据: metadata\step2\2022-02-25_631096399981707265.json
  - [生成] 写入内容信息文件: 2022-02-25_631096399981707265.json
  - 正在保存动态 630489027206709289 的步骤2元数据...
  - 所有 1 张图片均已存在，全部跳过。
  - [提取] 读取原始元数据: metadata\step2\2022-02-24_630489027206709289.json
  - [生成] 写入内容信息文件: 2022-02-24_630489027206709289.json
  - 正在保存动态 629564861827950127 的步骤2元数据...
  - 所有 2 张图片均已存在，全部跳过。
  - [提取] 读取原始元数据: metadata\step2\2022-02-21_629564861827950127.json
  - [生成] 写入内容信息文件: 2022-02-21_629564861827950127.json
  - 正在保存动态 629386844020847395 的步骤2元数据...
  - 所有 4 张图片均已存在，全部跳过。
  - [提取] 读取原始元数据: metadata\step2\2022-02-21_629386844020847395.json
  - [生成] 写入内容信息文件: 2022-02-21_629386844020847395.json
  - 正在保存动态 627730979514388252 的步骤2元数据...
  - 所有 2 张图片均已存在，全部跳过。
  - [提取] 读取原始元数据: metadata\step2\2022-02-16_627730979514388252.json
  - [生成] 写入内容信息文件: 2022-02-16_627730979514388252.json
  - 正在保存动态 626755446410884740 的步骤2元数据...
  - 所有 9 张图片均已存在，全部跳过。
  - [提取] 读取原始元数据: metadata\step2\2022-02-13_626755446410884740.json
  - [生成] 写入内容信息文件: 2022-02-13_626755446410884740.json
  - 正在保存动态 625999403319402490 的步骤2元数据...
  - 所有 1 张图片均已存在，全部跳过。
  - [提取] 读取原始元数据: metadata\step2\2022-02-11_625999403319402490.json
  - [生成] 写入内容信息文件: 2022-02-11_625999403319402490.json
  - 正在保存动态 624082649612211513 的步骤2元数据...
  - 所有 6 张图片均已存在，全部跳过。
  - [提取] 读取原始元数据: metadata\step2\2022-02-06_624082649612211513.json
  - [生成] 写入内容信息文件: 2022-02-06_624082649612211513.json
  - 正在保存动态 624061617157169099 的步骤2元数据...
  - 所有 1 张图片均已存在，全部跳过。
  - [提取] 读取原始元数据: metadata\step2\2022-02-06_624061617157169099.json
  - [生成] 写入内容信息文件: 2022-02-06_624061617157169099.json
  - 正在保存动态 621089366637154410 的步骤2元数据...
  - 所有 1 张图片均已存在，全部跳过。
  - [提取] 读取原始元数据: metadata\step2\2022-01-29_621089366637154410.json
  - [生成] 写入内容信息文件: 2022-01-29_621089366637154410.json
  - 正在保存动态 621063858831374014 的步骤2元数据...
  - 所有 4 张图片均已存在，全部跳过。
  - [提取] 读取原始元数据: metadata\step2\2022-01-29_621063858831374014.json
  - [生成] 写入内容信息文件: 2022-01-29_621063858831374014.json
  - 正在保存动态 619966138199871248 的步骤2元数据...
  - 所有 1 张图片均已存在，全部跳过。
  - [提取] 读取原始元数据: metadata\step2\2022-01-26_619966138199871248.json
  - [生成] 写入内容信息文件: 2022-01-26_619966138199871248.json
  - 正在保存动态 619918635859056657 的步骤2元数据...
  - 所有 4 张图片均已存在，全部跳过。
  - [提取] 读取原始元数据: metadata\step2\2022-01-26_619918635859056657.json
  - [生成] 写入内容信息文件: 2022-01-26_619918635859056657.json
  - 正在保存动态 619585483838554603 的步骤2元数据...
  - 所有 1 张图片均已存在，全部跳过。
  - [提取] 读取原始元数据: metadata\step2\2022-01-25_619585483838554603.json
  - [生成] 写入内容信息文件: 2022-01-25_619585483838554603.json
  - 正在保存动态 618105360804231444 的步骤2元数据...
  - 所有 2 张图片均已存在，全部跳过。
  - [提取] 读取原始元数据: metadata\step2\2022-01-21_618105360804231444.json
  - [生成] 写入内容信息文件: 2022-01-21_618105360804231444.json
  - 正在保存动态 617739962159963810 的步骤2元数据...
  - 所有 2 张图片均已存在，全部跳过。
  - [提取] 读取原始元数据: metadata\step2\2022-01-20_617739962159963810.json
  - [生成] 写入内容信息文件: 2022-01-20_617739962159963810.json
  - 正在保存动态 613680698372654731 的步骤2元数据...
  - 所有 9 张图片均已存在，全部跳过。
  - [提取] 读取原始元数据: metadata\step2\2022-01-09_613680698372654731.json
  - [生成] 写入内容信息文件: 2022-01-09_613680698372654731.json
  - 正在保存动态 613354272270079600 的步骤2元数据...
  - 所有 6 张图片均已存在，全部跳过。
  - [提取] 读取原始元数据: metadata\step2\2022-01-08_613354272270079600.json
  - [生成] 写入内容信息文件: 2022-01-08_613354272270079600.json
  - 正在保存动态 612203886759432634 的步骤2元数据...
  - 所有 1 张图片均已存在，全部跳过。
  - [提取] 读取原始元数据: metadata\step2\2022-01-05_612203886759432634.json
  - [生成] 写入内容信息文件: 2022-01-05_612203886759432634.json
  - 正在保存动态 610827792124105764 的步骤2元数据...
  - 所有 2 张图片均已存在，全部跳过。
  - [提取] 读取原始元数据: metadata\step2\2022-01-02_610827792124105764.json
  - [生成] 写入内容信息文件: 2022-01-02_610827792124105764.json
  - 正在保存动态 607675195935909137 的步骤2元数据...
  - 所有 9 张图片均已存在，全部跳过。
  - [提取] 读取原始元数据: metadata\step2\2021-12-24_607675195935909137.json
  - [生成] 写入内容信息文件: 2021-12-24_607675195935909137.json
  - 正在保存动态 605507203811847039 的步骤2元数据...
  - 所有 2 张图片均已存在，全部跳过。
  - [提取] 读取原始元数据: metadata\step2\2021-12-18_605507203811847039.json
  - [生成] 写入内容信息文件: 2021-12-18_605507203811847039.json
  - 正在保存动态 604439754117408595 的步骤2元数据...
  - 所有 1 张图片均已存在，全部跳过。
  - [提取] 读取原始元数据: metadata\step2\2021-12-15_604439754117408595.json
  - [生成] 写入内容信息文件: 2021-12-15_604439754117408595.json
  - 正在保存动态 597722532637291176 的步骤2元数据...
  - 所有 1 张图片均已存在，全部跳过。
  - [提取] 读取原始元数据: metadata\step2\2021-11-27_597722532637291176.json
  - [生成] 写入内容信息文件: 2021-11-27_597722532637291176.json
  - 正在保存动态 597635211664945489 的步骤2元数据...
  - 所有 9 张图片均已存在，全部跳过。
  - [提取] 读取原始元数据: metadata\step2\2021-11-27_597635211664945489.json
  - [生成] 写入内容信息文件: 2021-11-27_597635211664945489.json
  - 正在保存动态 594415858795588322 的步骤2元数据...
  - 所有 9 张图片均已存在，全部跳过。
  - [提取] 读取原始元数据: metadata\step2\2021-11-18_594415858795588322.json
  - [生成] 写入内容信息文件: 2021-11-18_594415858795588322.json
  - 正在保存动态 588400666902818707 的步骤2元数据...
  - 所有 1 张图片均已存在，全部跳过。
  - [提取] 读取原始元数据: metadata\step2\2021-11-02_588400666902818707.json
  - [生成] 写入内容信息文件: 2021-11-02_588400666902818707.json
  - 正在保存动态 588104636283510144 的步骤2元数据...
  - 所有 9 张图片均已存在，全部跳过。
  - [提取] 读取原始元数据: metadata\step2\2021-11-01_588104636283510144.json
  - [生成] 写入内容信息文件: 2021-11-01_588104636283510144.json
  - 正在保存动态 587630600742764003 的步骤2元数据...
  - 所有 1 张图片均已存在，全部跳过。
  - [提取] 读取原始元数据: metadata\step2\2021-10-31_587630600742764003.json
  - [生成] 写入内容信息文件: 2021-10-31_587630600742764003.json
  - 正在保存动态 586908831483757701 的步骤2元数据...
  - 所有 2 张图片均已存在，全部跳过。
  - [提取] 读取原始元数据: metadata\step2\2021-10-29_586908831483757701.json
  - [生成] 写入内容信息文件: 2021-10-29_586908831483757701.json
  - 正在保存动态 586179185257988172 的步骤2元数据...
  - 所有 9 张图片均已存在，全部跳过。
  - [提取] 读取原始元数据: metadata\step2\2021-10-27_586179185257988172.json
  - [生成] 写入内容信息文件: 2021-10-27_586179185257988172.json
  - 正在保存动态 582510737727666955 的步骤2元数据...
  - 所有 1 张图片均已存在，全部跳过。
  - [提取] 读取原始元数据: metadata\step2\2021-10-17_582510737727666955.json
  - [生成] 写入内容信息文件: 2021-10-17_582510737727666955.json
  - 正在保存动态 582169571301962224 的步骤2元数据...
  - 所有 1 张图片均已存在，全部跳过。
  - [提取] 读取原始元数据: metadata\step2\2021-10-16_582169571301962224.json
  - [生成] 写入内容信息文件: 2021-10-16_582169571301962224.json
  - 正在保存动态 581490446770552970 的步骤2元数据...
  - 所有 9 张图片均已存在，全部跳过。
  - [提取] 读取原始元数据: metadata\step2\2021-10-14_581490446770552970.json
  - [生成] 写入内容信息文件: 2021-10-14_581490446770552970.json
  - 正在保存动态 580649268838290029 的步骤2元数据...
  - 所有 1 张图片均已存在，全部跳过。
  - [提取] 读取原始元数据: metadata\step2\2021-10-12_580649268838290029.json
  - [生成] 写入内容信息文件: 2021-10-12_580649268838290029.json
  - 正在保存动态 580339468551086893 的步骤2元数据...
  - 所有 2 张图片均已存在，全部跳过。
  - [提取] 读取原始元数据: metadata\step2\2021-10-11_580339468551086893.json
  - [生成] 写入内容信息文件: 2021-10-11_580339468551086893.json
  - 正在保存动态 579879915639878384 的步骤2元数据...
  - 所有 1 张图片均已存在，全部跳过。
  - [提取] 读取原始元数据: metadata\step2\2021-10-10_579879915639878384.json
  - [生成] 写入内容信息文件: 2021-10-10_579879915639878384.json
  - 正在保存动态 579251531863994378 的步骤2元数据...
  - 所有 9 张图片均已存在，全部跳过。
  - [提取] 读取原始元数据: metadata\step2\2021-10-08_579251531863994378.json
  - [生成] 写入内容信息文件: 2021-10-08_579251531863994378.json
  - 正在保存动态 576897451703441724 的步骤2元数据...
  - 所有 1 张图片均已存在，全部跳过。
  - [提取] 读取原始元数据: metadata\step2\2021-10-02_576897451703441724.json
  - [生成] 写入内容信息文件: 2021-10-02_576897451703441724.json
  - 正在保存动态 576089078728216297 的步骤2元数据...
  - 所有 1 张图片均已存在，全部跳过。
  - [提取] 读取原始元数据: metadata\step2\2021-09-30_576089078728216297.json
  - [生成] 写入内容信息文件: 2021-09-30_576089078728216297.json
  - 正在保存动态 574846566165053598 的步骤2元数据...
  - 所有 2 张图片均已存在，全部跳过。
  - [提取] 读取原始元数据: metadata\step2\2021-09-27_574846566165053598.json
  - [生成] 写入内容信息文件: 2021-09-27_574846566165053598.json
  - 正在保存动态 574727977818007627 的步骤2元数据...
  - 所有 9 张图片均已存在，全部跳过。
  - [提取] 读取原始元数据: metadata\step2\2021-09-26_574727977818007627.json
  - [生成] 写入内容信息文件: 2021-09-26_574727977818007627.json
  - 正在保存动态 574343887483505878 的步骤2元数据...
  - 所有 9 张图片均已存在，全部跳过。
  - [提取] 读取原始元数据: metadata\step2\2021-09-25_574343887483505878.json
  - [生成] 写入内容信息文件: 2021-09-25_574343887483505878.json
  - 正在保存动态 573635973794176753 的步骤2元数据...
  - 所有 9 张图片均已存在，全部跳过。
  - [提取] 读取原始元数据: metadata\step2\2021-09-23_573635973794176753.json
  - [生成] 写入内容信息文件: 2021-09-23_573635973794176753.json
  - 正在保存动态 572845931740141430 的步骤2元数据...
  - 所有 1 张图片均已存在，全部跳过。
  - [提取] 读取原始元数据: metadata\step2\2021-09-21_572845931740141430.json
  - [生成] 写入内容信息文件: 2021-09-21_572845931740141430.json
  - 正在保存动态 572396901501296633 的步骤2元数据...
  - 所有 3 张图片均已存在，全部跳过。
  - [提取] 读取原始元数据: metadata\step2\2021-09-20_572396901501296633.json
  - [生成] 写入内容信息文件: 2021-09-20_572396901501296633.json
  - 正在保存动态 572065179701881270 的步骤2元数据...
  - 所有 9 张图片均已存在，全部跳过。
  - [提取] 读取原始元数据: metadata\step2\2021-09-19_572065179701881270.json
  - [生成] 写入内容信息文件: 2021-09-19_572065179701881270.json
  - 正在保存动态 570592401051084579 的步骤2元数据...
  - 所有 6 张图片均已存在，全部跳过。
  - [提取] 读取原始元数据: metadata\step2\2021-09-15_570592401051084579.json
  - [生成] 写入内容信息文件: 2021-09-15_570592401051084579.json
  - 正在保存动态 569984615932178397 的步骤2元数据...
  - 所有 2 张图片均已存在，全部跳过。
  - [提取] 读取原始元数据: metadata\step2\2021-09-13_569984615932178397.json
  - [生成] 写入内容信息文件: 2021-09-13_569984615932178397.json
  - 正在保存动态 569555428442052569 的步骤2元数据...
  - 所有 1 张图片均已存在，全部跳过。
  - [提取] 读取原始元数据: metadata\step2\2021-09-12_569555428442052569.json
  - [生成] 写入内容信息文件: 2021-09-12_569555428442052569.json
  - 正在保存动态 568046804005646134 的步骤2元数据...
  - 所有 4 张图片均已存在，全部跳过。
  - [提取] 读取原始元数据: metadata\step2\2021-09-08_568046804005646134.json
  - [生成] 写入内容信息文件: 2021-09-08_568046804005646134.json
  - 正在保存动态 567562297331312297 的步骤2元数据...
  - 所有 2 张图片均已存在，全部跳过。
  - [提取] 读取原始元数据: metadata\step2\2021-09-07_567562297331312297.json
  - [生成] 写入内容信息文件: 2021-09-07_567562297331312297.json
  - 正在保存动态 566630560015414625 的步骤2元数据...
  - 所有 9 张图片均已存在，全部跳过。
  - [提取] 读取原始元数据: metadata\step2\2021-09-04_566630560015414625.json
  - [生成] 写入内容信息文件: 2021-09-04_566630560015414625.json
  - 正在保存动态 565169059949824566 的步骤2元数据...
  - 所有 1 张图片均已存在，全部跳过。
  - [提取] 读取原始元数据: metadata\step2\2021-09-01_565169059949824566.json
  - [生成] 写入内容信息文件: 2021-09-01_565169059949824566.json
  - 正在保存动态 564678505967268021 的步骤2元数据...
  - 所有 1 张图片均已存在，全部跳过。
  - [提取] 读取原始元数据: metadata\step2\2021-08-30_564678505967268021.json
  - [生成] 写入内容信息文件: 2021-08-30_564678505967268021.json
  - 正在保存动态 564349378325463292 的步骤2元数据...
  - 所有 3 张图片均已存在，全部跳过。
  - [提取] 读取原始元数据: metadata\step2\2021-08-29_564349378325463292.json
  - [生成] 写入内容信息文件: 2021-08-29_564349378325463292.json
  - 正在保存动态 563888682958547486 的步骤2元数据...
  - 所有 6 张图片均已存在，全部跳过。
  - [提取] 读取原始元数据: metadata\step2\2021-08-28_563888682958547486.json
  - [生成] 写入内容信息文件: 2021-08-28_563888682958547486.json
  - 正在保存动态 563584521961661097 的步骤2元数据...
  - 所有 9 张图片均已存在，全部跳过。
  - [提取] 读取原始元数据: metadata\step2\2021-08-27_563584521961661097.json
  - [生成] 写入内容信息文件: 2021-08-27_563584521961661097.json
  - 正在保存动态 562801076974884756 的步骤2元数据...
  - 所有 4 张图片均已存在，全部跳过。
  - [提取] 读取原始元数据: metadata\step2\2021-08-25_562801076974884756.json
  - [生成] 写入内容信息文件: 2021-08-25_562801076974884756.json
  - 正在保存动态 560197953135150346 的步骤2元数据...
  - 所有 1 张图片均已存在，全部跳过。
  - [提取] 读取原始元数据: metadata\step2\2021-08-18_560197953135150346.json
  - [生成] 写入内容信息文件: 2021-08-18_560197953135150346.json
  - 正在保存动态 559879992402631240 的步骤2元数据...
  - 所有 1 张图片均已存在，全部跳过。
  - [提取] 读取原始元数据: metadata\step2\2021-08-17_559879992402631240.json
  - [生成] 写入内容信息文件: 2021-08-17_559879992402631240.json
  - 正在保存动态 559435751057793139 的步骤2元数据...
  - 所有 9 张图片均已存在，全部跳过。
  - [提取] 读取原始元数据: metadata\step2\2021-08-16_559435751057793139.json
  - [生成] 写入内容信息文件: 2021-08-16_559435751057793139.json
  - 正在保存动态 559047580504173575 的步骤2元数据...
  - 所有 4 张图片均已存在，全部跳过。
  - [提取] 读取原始元数据: metadata\step2\2021-08-15_559047580504173575.json
  - [生成] 写入内容信息文件: 2021-08-15_559047580504173575.json
  - 正在保存动态 558682478220763732 的步骤2元数据...
  - 所有 4 张图片均已存在，全部跳过。
  - [提取] 读取原始元数据: metadata\step2\2021-08-14_558682478220763732.json
  - [生成] 写入内容信息文件: 2021-08-14_558682478220763732.json
  - 正在保存动态 557274665244001602 的步骤2元数据...
  - 所有 9 张图片均已存在，全部跳过。
  - [提取] 读取原始元数据: metadata\step2\2021-08-10_557274665244001602.json
  - [生成] 写入内容信息文件: 2021-08-10_557274665244001602.json
  - 正在保存动态 556647350911907445 的步骤2元数据...
  - 所有 1 张图片均已存在，全部跳过。
  - [提取] 读取原始元数据: metadata\step2\2021-08-09_556647350911907445.json
  - [生成] 写入内容信息文件: 2021-08-09_556647350911907445.json
  - 正在保存动态 556411625922548944 的步骤2元数据...
  - 所有 9 张图片均已存在，全部跳过。
  - [提取] 读取原始元数据: metadata\step2\2021-08-08_556411625922548944.json
  - [生成] 写入内容信息文件: 2021-08-08_556411625922548944.json
  - 正在保存动态 556202478203569714 的步骤2元数据...
  - 所有 1 张图片均已存在，全部跳过。
  - [提取] 读取原始元数据: metadata\step2\2021-08-07_556202478203569714.json
  - [生成] 写入内容信息文件: 2021-08-07_556202478203569714.json
  - 正在保存动态 556184705620309951 的步骤2元数据...
  - 所有 9 张图片均已存在，全部跳过。
  - [提取] 读取原始元数据: metadata\step2\2021-08-07_556184705620309951.json
  - [生成] 写入内容信息文件: 2021-08-07_556184705620309951.json
  - 正在保存动态 554976771844848207 的步骤2元数据...
  - 所有 9 张图片均已存在，全部跳过。
  - [提取] 读取原始元数据: metadata\step2\2021-08-04_554976771844848207.json
  - [生成] 写入内容信息文件: 2021-08-04_554976771844848207.json
  - 正在保存动态 554223816836755240 的步骤2元数据...
  - 所有 9 张图片均已存在，全部跳过。
  - [提取] 读取原始元数据: metadata\step2\2021-08-02_554223816836755240.json
  - [生成] 写入内容信息文件: 2021-08-02_554223816836755240.json
  - 正在保存动态 553158523211831301 的步骤2元数据...
  - 所有 3 张图片均已存在，全部跳过。
  - [提取] 读取原始元数据: metadata\step2\2021-07-30_553158523211831301.json
  - [生成] 写入内容信息文件: 2021-07-30_553158523211831301.json
  - 正在保存动态 552788550428552108 的步骤2元数据...
  - 所有 4 张图片均已存在，全部跳过。
  - [提取] 读取原始元数据: metadata\step2\2021-07-29_552788550428552108.json
  - [生成] 写入内容信息文件: 2021-07-29_552788550428552108.json
  - 正在保存动态 552478702901594916 的步骤2元数据...
  - 所有 1 张图片均已存在，全部跳过。
  - [提取] 读取原始元数据: metadata\step2\2021-07-28_552478702901594916.json
  - [生成] 写入内容信息文件: 2021-07-28_552478702901594916.json
  - 正在保存动态 552120008706765950 的步骤2元数据...
  - 所有 1 张图片均已存在，全部跳过。
  - [提取] 读取原始元数据: metadata\step2\2021-07-27_552120008706765950.json
  - [生成] 写入内容信息文件: 2021-07-27_552120008706765950.json
  - 正在保存动态 551402508650432270 的步骤2元数据...
  - 所有 1 张图片均已存在，全部跳过。
  - [提取] 读取原始元数据: metadata\step2\2021-07-25_551402508650432270.json
  - [生成] 写入内容信息文件: 2021-07-25_551402508650432270.json
  - 正在保存动态 550615017802601314 的步骤2元数据...
  - 所有 1 张图片均已存在，全部跳过。
  - [提取] 读取原始元数据: metadata\step2\2021-07-23_550615017802601314.json
  - [生成] 写入内容信息文件: 2021-07-23_550615017802601314.json
  - 正在保存动态 549921105707525951 的步骤2元数据...
  - 所有 1 张图片均已存在，全部跳过。
  - [提取] 读取原始元数据: metadata\step2\2021-07-21_549921105707525951.json
  - [生成] 写入内容信息文件: 2021-07-21_549921105707525951.json
  - 正在保存动态 549517726678662222 的步骤2元数据...
  - 所有 1 张图片均已存在，全部跳过。
  - [提取] 读取原始元数据: metadata\step2\2021-07-20_549517726678662222.json
  - [生成] 写入内容信息文件: 2021-07-20_549517726678662222.json
  - 正在保存动态 549150094658968956 的步骤2元数据...
  - 所有 1 张图片均已存在，全部跳过。
  - [提取] 读取原始元数据: metadata\step2\2021-07-19_549150094658968956.json
  - [生成] 写入内容信息文件: 2021-07-19_549150094658968956.json
  - 正在保存动态 548775818318631604 的步骤2元数据...
  - 所有 1 张图片均已存在，全部跳过。
  - [提取] 读取原始元数据: metadata\step2\2021-07-18_548775818318631604.json
  - [生成] 写入内容信息文件: 2021-07-18_548775818318631604.json
  - 正在保存动态 548404149033929437 的步骤2元数据...
  - 所有 1 张图片均已存在，全部跳过。
  - [提取] 读取原始元数据: metadata\step2\2021-07-17_548404149033929437.json
  - [生成] 写入内容信息文件: 2021-07-17_548404149033929437.json
  - 正在保存动态 548040296576719131 的步骤2元数据...
  - 所有 1 张图片均已存在，全部跳过。
  - [提取] 读取原始元数据: metadata\step2\2021-07-16_548040296576719131.json
  - [生成] 写入内容信息文件: 2021-07-16_548040296576719131.json
  - 正在保存动态 547954706470804065 的步骤2元数据...
  - 所有 3 张图片均已存在，全部跳过。
  - [提取] 读取原始元数据: metadata\step2\2021-07-16_547954706470804065.json
  - [生成] 写入内容信息文件: 2021-07-16_547954706470804065.json
  - 正在保存动态 547659393116375029 的步骤2元数据...
  - 所有 1 张图片均已存在，全部跳过。
  - [提取] 读取原始元数据: metadata\step2\2021-07-15_547659393116375029.json
  - [生成] 写入内容信息文件: 2021-07-15_547659393116375029.json
  - 正在保存动态 547268873211364194 的步骤2元数据...
  -  正在下载用户 走路摇ZLY_356010767 资源: 2021-07-14_547268873211364194_1.jpg
  - 下载失败 (状态码 Unknown): 401 Client Error: Unauthorized for url: https://i0.hdslb.com/bfs/private/b831a13fc203bb75953a9b1e5ca7fe517ebeb21a.jpg
  - 5秒后重试... (尝试 2/3)
  - 下载失败 (状态码 Unknown): 401 Client Error: Unauthorized for url: https://i0.hdslb.com/bfs/private/b831a13fc203bb75953a9b1e5ca7fe517ebeb21a.jpg
  - 5秒后重试... (尝试 3/3)
  - 下载失败 (状态码 Unknown): 401 Client Error: Unauthorized for url: https://i0.hdslb.com/bfs/private/b831a13fc203bb75953a9b1e5ca7fe517ebeb21a.jpg
  - 所有重试均失败，跳过此文件。
  - [提取] 读取原始元数据: metadata\step2\2021-07-14_547268873211364194.json
  - [生成] 写入内容信息文件: 2021-07-14_547268873211364194.json
  - 正在保存动态 547234294430432586 的步骤2元数据...
  - 所有 9 张图片均已存在，全部跳过。
  - [提取] 读取原始元数据: metadata\step2\2021-07-14_547234294430432586.json
  - [生成] 写入内容信息文件: 2021-07-14_547234294430432586.json
  - 正在保存动态 546918365227754623 的步骤2元数据...
  - 所有 1 张图片均已存在，全部跳过。
  - [提取] 读取原始元数据: metadata\step2\2021-07-13_546918365227754623.json
  - [生成] 写入内容信息文件: 2021-07-13_546918365227754623.json
  - 正在保存动态 546630606710533635 的步骤2元数据...
  - 所有 1 张图片均已存在，全部跳过。
  - [提取] 读取原始元数据: metadata\step2\2021-07-13_546630606710533635.json
  - [生成] 写入内容信息文件: 2021-07-13_546630606710533635.json
  - 正在保存动态 546554143405179906 的步骤2元数据...
  - 所有 1 张图片均已存在，全部跳过。
  - [提取] 读取原始元数据: metadata\step2\2021-07-12_546554143405179906.json
  - [生成] 写入内容信息文件: 2021-07-12_546554143405179906.json
  - 正在保存动态 546432870715101869 的步骤2元数据...
  - 所有 9 张图片均已存在，全部跳过。
  - [提取] 读取原始元数据: metadata\step2\2021-07-12_546432870715101869.json
  - [生成] 写入内容信息文件: 2021-07-12_546432870715101869.json
  - 正在保存动态 484485131475048724 的步骤2元数据...
  - 所有 9 张图片均已存在，全部跳过。
  - [提取] 读取原始元数据: metadata\step2\2021-01-26_484485131475048724.json
  - [生成] 写入内容信息文件: 2021-01-26_484485131475048724.json
  - 正在保存动态 484436237560779879 的步骤2元数据...
  - 所有 1 张图片均已存在，全部跳过。
  - [提取] 读取原始元数据: metadata\step2\2021-01-26_484436237560779879.json
  - [生成] 写入内容信息文件: 2021-01-26_484436237560779879.json
  - 正在保存动态 242671119717838217 的步骤2元数据...
  - 所有 1 张图片均已存在，全部跳过。
  - [提取] 读取原始元数据: metadata\step2\2019-04-15_242671119717838217.json
  - [生成] 写入内容信息文件: 2019-04-15_242671119717838217.json
  - 正在保存动态 240254255725558695 的步骤2元数据...
  - 所有 9 张图片均已存在，全部跳过。
  - [提取] 读取原始元数据: metadata\step2\2019-04-09_240254255725558695.json
  - [生成] 写入内容信息文件: 2019-04-09_240254255725558695.json
  - 正在保存动态 238607011214053576 的步骤2元数据...
  - 所有 9 张图片均已存在，全部跳过。
  - [提取] 读取原始元数据: metadata\step2\2019-04-04_238607011214053576.json
  - [生成] 写入内容信息文件: 2019-04-04_238607011214053576.json
  - 正在保存动态 211719352004445265 的步骤2元数据...
  - 所有 1 张图片均已存在，全部跳过。
  - [提取] 读取原始元数据: metadata\step2\2019-01-22_211719352004445265.json
  - [生成] 写入内容信息文件: 2019-01-22_211719352004445265.json
  - 正在保存动态 181429318483427843 的步骤2元数据...
  - 所有 2 张图片均已存在，全部跳过。
  - [提取] 读取原始元数据: metadata\step2\2018-11-01_181429318483427843.json
  - [生成] 写入内容信息文件: 2018-11-01_181429318483427843.json
  - 正在保存动态 181429103736111054 的步骤2元数据...
  - 所有 1 张图片均已存在，全部跳过。
  - [提取] 读取原始元数据: metadata\step2\2018-11-01_181429103736111054.json
  - [生成] 写入内容信息文件: 2018-11-01_181429103736111054.json

  - 将 1 个未下载的项目信息保存到 'undownloaded.json'...

>>>>>>>>> 完成用户 '走路摇ZLY_356010767' 的处理，总耗时: 0h 15m 9.52s <<<<<<<<<
  - 本次处理动态数: 245
  - 成功下载图片数: 79
  - 成功下载实况图片(live photo)数: 0
  - 下载失败项目数: 2
>>>>>>>>>>>>>>>>>>>>>>>>>>>>>>>>>>>>>>>>>>>>>>>>>>>>>>>>>>>>>>>>

所有任务已完成！
详细运行日志已保存到: c:\Computer\my_github\github_python\gallery-dl-assitance\gallery-dl-assistance\log\run_log_2025-12-14_13-46-04.log
处理摘要日志已保存到: c:\Computer\my_github\github_python\gallery-dl-assitance\gallery-dl-assistance\log\processing_time_log.json
