程序启动于: 2025-12-13_19-10-52
----------------------------------------
正在从 'config.py' 的 USERS_ID 列表读取用户 ID...

>>>>>>>>> 开始处理用户ID: 560647 (https://space.bilibili.com/560647/article) <<<<<<<<<

[步骤1] 使用 'ITERATIVE' 模式，正在准备迭代获取动态 URL...

[步骤2] 开始处理用户 560647 的动态...

用户识别为: '坂坂白'
文件将保存至: C:\Base1.5-美女图片\bili\gallery-dl\bilibili_images\坂坂白
  - 步骤2元数据 '2025-11-28_1140207860308770824.json' 已存在，跳过保存。
  - 所有 3 张图片均已存在，全部跳过。
  - 正在从本地元数据 '2025-11-28_1140207860308770824.json' 中提取内容...
  - 正在创建最终内容JSON文件: 2025-11-28_1140207860308770824.json
  - 步骤2元数据 '2025-11-26_1139480189732913170.json' 已存在，跳过保存。
  - 所有 4 张图片均已存在，全部跳过。
  - 正在从本地元数据 '2025-11-26_1139480189732913170.json' 中提取内容...
  - 正在创建最终内容JSON文件: 2025-11-26_1139480189732913170.json
  - 步骤2元数据 '2025-11-22_1137966591733923842.json' 已存在，跳过保存。
  - 所有 6 张图片均已存在，全部跳过。
  - 正在从本地元数据 '2025-11-22_1137966591733923842.json' 中提取内容...
  - 正在创建最终内容JSON文件: 2025-11-22_1137966591733923842.json
  - 步骤2元数据 '2025-11-19_1136851850121707544.json' 已存在，跳过保存。
  - 所有 1 张图片均已存在，全部跳过。
  - 正在从本地元数据 '2025-11-19_1136851850121707544.json' 中提取内容...
  - 正在创建最终内容JSON文件: 2025-11-19_1136851850121707544.json
  - 步骤2元数据 '2025-11-15_1135330074513375273.json' 已存在，跳过保存。
  - 所有 1 张图片均已存在，全部跳过。
  - 正在从本地元数据 '2025-11-15_1135330074513375273.json' 中提取内容...
  - 正在创建最终内容JSON文件: 2025-11-15_1135330074513375273.json
  - 步骤2元数据 '2025-11-14_1134995213101563911.json' 已存在，跳过保存。
  - 所有 1 张图片均已存在，全部跳过。
  - 正在从本地元数据 '2025-11-14_1134995213101563911.json' 中提取内容...
  - 正在创建最终内容JSON文件: 2025-11-14_1134995213101563911.json
  - 步骤2元数据 '2025-11-08_1132885967554740233.json' 已存在，跳过保存。
  - 所有 1 张图片均已存在，全部跳过。
  - 正在从本地元数据 '2025-11-08_1132885967554740233.json' 中提取内容...
  - 正在创建最终内容JSON文件: 2025-11-08_1132885967554740233.json
  - 步骤2元数据 '2025-10-30_1129416557393346561.json' 已存在，跳过保存。
  - 所有 1 张图片均已存在，全部跳过。
  - 正在从本地元数据 '2025-10-30_1129416557393346561.json' 中提取内容...
  - 正在创建最终内容JSON文件: 2025-10-30_1129416557393346561.json
  - 步骤2元数据 '2025-10-26_1127948009290596375.json' 已存在，跳过保存。
  - 所有 1 张图片均已存在，全部跳过。
  - 正在从本地元数据 '2025-10-26_1127948009290596375.json' 中提取内容...
  - 正在创建最终内容JSON文件: 2025-10-26_1127948009290596375.json
  - 步骤2元数据 '2025-10-25_1127659284373438481.json' 已存在，跳过保存。
  - 所有 2 张图片均已存在，全部跳过。
  - 正在从本地元数据 '2025-10-25_1127659284373438481.json' 中提取内容...
  - 正在创建最终内容JSON文件: 2025-10-25_1127659284373438481.json
  - 步骤2元数据 '2025-10-25_1127519418780221461.json' 已存在，跳过保存。
  - 所有 1 张图片均已存在，全部跳过。
  - 正在从本地元数据 '2025-10-25_1127519418780221461.json' 中提取内容...
  - 正在创建最终内容JSON文件: 2025-10-25_1127519418780221461.json
  - 步骤2元数据 '2025-10-08_1121297888087900178.json' 已存在，跳过保存。
  - 所有 2 张图片均已存在，全部跳过。
  - 正在从本地元数据 '2025-10-08_1121297888087900178.json' 中提取内容...
  - 正在创建最终内容JSON文件: 2025-10-08_1121297888087900178.json
  - 步骤2元数据 '2025-10-07_1120930518027730949.json' 已存在，跳过保存。
  - 所有 1 张图片均已存在，全部跳过。
  - 正在从本地元数据 '2025-10-07_1120930518027730949.json' 中提取内容...
  - 正在创建最终内容JSON文件: 2025-10-07_1120930518027730949.json
  - 步骤2元数据 '2025-10-06_1120567172376035346.json' 已存在，跳过保存。
  - 所有 2 张图片均已存在，全部跳过。
  - 正在从本地元数据 '2025-10-06_1120567172376035346.json' 中提取内容...
  - 正在创建最终内容JSON文件: 2025-10-06_1120567172376035346.json
  - 步骤2元数据 '2025-10-05_1120118270991532049.json' 已存在，跳过保存。
  - 正在从本地元数据 '2025-10-05_1120118270991532049.json' 中提取内容...
  - 正在创建最终内容JSON文件: 2025-10-05_1120118270991532049.json
  - 步骤2元数据 '2025-10-02_1119090584131207176.json' 已存在，跳过保存。
  - 所有 1 张图片均已存在，全部跳过。
  - 正在从本地元数据 '2025-10-02_1119090584131207176.json' 中提取内容...
  - 正在创建最终内容JSON文件: 2025-10-02_1119090584131207176.json
  - 步骤2元数据 '2025-10-01_1118627049803612162.json' 已存在，跳过保存。
  - 所有 1 张图片均已存在，全部跳过。
  - 正在从本地元数据 '2025-10-01_1118627049803612162.json' 中提取内容...
  - 正在创建最终内容JSON文件: 2025-10-01_1118627049803612162.json
  - 步骤2元数据 '2025-09-12_1111642861693042690.json' 已存在，跳过保存。
  - 所有 1 张图片均已存在，全部跳过。
  - 正在从本地元数据 '2025-09-12_1111642861693042690.json' 中提取内容...
  - 正在创建最终内容JSON文件: 2025-09-12_1111642861693042690.json
  - 步骤2元数据 '2025-09-08_1110185227140988930.json' 已存在，跳过保存。
  - 所有 2 张图片均已存在，全部跳过。
  - 正在从本地元数据 '2025-09-08_1110185227140988930.json' 中提取内容...
  - 正在创建最终内容JSON文件: 2025-09-08_1110185227140988930.json
  - 步骤2元数据 '2025-09-02_1107957930105241609.json' 已存在，跳过保存。
  - 所有 1 张图片均已存在，全部跳过。
  - 正在从本地元数据 '2025-09-02_1107957930105241609.json' 中提取内容...
  - 正在创建最终内容JSON文件: 2025-09-02_1107957930105241609.json
  - 步骤2元数据 '2025-08-29_1106441183891030032.json' 已存在，跳过保存。
  - 所有 1 张图片均已存在，全部跳过。
  - 正在从本地元数据 '2025-08-29_1106441183891030032.json' 中提取内容...
  - 正在创建最终内容JSON文件: 2025-08-29_1106441183891030032.json
  - 步骤2元数据 '2025-08-25_1104931262372511767.json' 已存在，跳过保存。
  - 所有 1 张图片均已存在，全部跳过。
  - 正在从本地元数据 '2025-08-25_1104931262372511767.json' 中提取内容...
  - 正在创建最终内容JSON文件: 2025-08-25_1104931262372511767.json
  - 步骤2元数据 '2025-08-22_1103877848602509361.json' 已存在，跳过保存。
  - 所有 1 张图片均已存在，全部跳过。
  - 正在从本地元数据 '2025-08-22_1103877848602509361.json' 中提取内容...
  - 正在创建最终内容JSON文件: 2025-08-22_1103877848602509361.json
  - 步骤2元数据 '2025-08-20_1103222479538618388.json' 已存在，跳过保存。
  - 所有 1 张图片均已存在，全部跳过。
  - 正在从本地元数据 '2025-08-20_1103222479538618388.json' 中提取内容...
  - 正在创建最终内容JSON文件: 2025-08-20_1103222479538618388.json
  - 步骤2元数据 '2025-08-18_1102438811207467008.json' 已存在，跳过保存。
  - 所有 1 张图片均已存在，全部跳过。
  - 正在从本地元数据 '2025-08-18_1102438811207467008.json' 中提取内容...
  - 正在创建最终内容JSON文件: 2025-08-18_1102438811207467008.json
  - 步骤2元数据 '2025-08-18_1102293748683898898.json' 已存在，跳过保存。
  - 所有 1 张图片均已存在，全部跳过。
  - 正在从本地元数据 '2025-08-18_1102293748683898898.json' 中提取内容...
  - 正在创建最终内容JSON文件: 2025-08-18_1102293748683898898.json
  - 步骤2元数据 '2025-08-14_1100926909742579763.json' 已存在，跳过保存。
  - 所有 6 张图片均已存在，全部跳过。
  - 正在从本地元数据 '2025-08-14_1100926909742579763.json' 中提取内容...
  - 正在创建最终内容JSON文件: 2025-08-14_1100926909742579763.json
  - 步骤2元数据 '2025-08-12_1100135854061387778.json' 已存在，跳过保存。
  - 所有 3 张图片均已存在，全部跳过。
  - 正在从本地元数据 '2025-08-12_1100135854061387778.json' 中提取内容...
  - 正在创建最终内容JSON文件: 2025-08-12_1100135854061387778.json
  - 步骤2元数据 '2025-08-10_1099461793321844736.json' 已存在，跳过保存。
  - 所有 1 张图片均已存在，全部跳过。
  - 正在从本地元数据 '2025-08-10_1099461793321844736.json' 中提取内容...
  - 正在创建最终内容JSON文件: 2025-08-10_1099461793321844736.json
  - 步骤2元数据 '2025-08-10_1099327528305164293.json' 已存在，跳过保存。
  - 所有 1 张图片均已存在，全部跳过。
  - 正在从本地元数据 '2025-08-10_1099327528305164293.json' 中提取内容...
  - 正在创建最终内容JSON文件: 2025-08-10_1099327528305164293.json
  - 步骤2元数据 '2025-08-09_1099064105121087492.json' 已存在，跳过保存。
  - 所有 1 张图片均已存在，全部跳过。
  - 正在从本地元数据 '2025-08-09_1099064105121087492.json' 中提取内容...
  - 正在创建最终内容JSON文件: 2025-08-09_1099064105121087492.json
  - 步骤2元数据 '2025-08-08_1098637619132104712.json' 已存在，跳过保存。
  - 所有 1 张图片均已存在，全部跳过。
  - 正在从本地元数据 '2025-08-08_1098637619132104712.json' 中提取内容...
  - 正在创建最终内容JSON文件: 2025-08-08_1098637619132104712.json
  - 步骤2元数据 '2025-07-29_1095011086194704392.json' 已存在，跳过保存。
  - 所有 2 张图片均已存在，全部跳过。
  - 正在从本地元数据 '2025-07-29_1095011086194704392.json' 中提取内容...
  - 正在创建最终内容JSON文件: 2025-07-29_1095011086194704392.json
  - 步骤2元数据 '2025-07-23_1092681800895954962.json' 已存在，跳过保存。
  - 所有 1 张图片均已存在，全部跳过。
  - 正在从本地元数据 '2025-07-23_1092681800895954962.json' 中提取内容...
  - 正在创建最终内容JSON文件: 2025-07-23_1092681800895954962.json
  - 步骤2元数据 '2025-07-20_1091668476361179137.json' 已存在，跳过保存。
  - 所有 1 张图片均已存在，全部跳过。
  - 正在从本地元数据 '2025-07-20_1091668476361179137.json' 中提取内容...
  - 正在创建最终内容JSON文件: 2025-07-20_1091668476361179137.json
  - 步骤2元数据 '2025-07-20_1091540739731488793.json' 已存在，跳过保存。
  - 所有 1 张图片均已存在，全部跳过。
  - 正在从本地元数据 '2025-07-20_1091540739731488793.json' 中提取内容...
  - 正在创建最终内容JSON文件: 2025-07-20_1091540739731488793.json
  - 步骤2元数据 '2025-07-14_1089444039800913937.json' 已存在，跳过保存。
  - 所有 3 张图片均已存在，全部跳过。
  - 正在从本地元数据 '2025-07-14_1089444039800913937.json' 中提取内容...
  - 正在创建最终内容JSON文件: 2025-07-14_1089444039800913937.json
  - 步骤2元数据 '2025-07-13_1088906692129718293.json' 已存在，跳过保存。
  - 所有 1 张图片均已存在，全部跳过。
  - 正在从本地元数据 '2025-07-13_1088906692129718293.json' 中提取内容...
  - 正在创建最终内容JSON文件: 2025-07-13_1088906692129718293.json
  - 步骤2元数据 '2025-07-07_1086834121325412359.json' 已存在，跳过保存。
  - 所有 1 张图片均已存在，全部跳过。
  - 正在从本地元数据 '2025-07-07_1086834121325412359.json' 中提取内容...
  - 正在创建最终内容JSON文件: 2025-07-07_1086834121325412359.json
  - 步骤2元数据 '2025-07-04_1085724069822726149.json' 已存在，跳过保存。
  - 所有 3 张图片均已存在，全部跳过。
  - 正在从本地元数据 '2025-07-04_1085724069822726149.json' 中提取内容...
  - 正在创建最终内容JSON文件: 2025-07-04_1085724069822726149.json
  - 步骤2元数据 '2025-07-02_1084895115392057368.json' 已存在，跳过保存。
  - 正在从本地元数据 '2025-07-02_1084895115392057368.json' 中提取内容...
  - 正在创建最终内容JSON文件: 2025-07-02_1084895115392057368.json
  - 步骤2元数据 '2025-06-28_1083562816495943685.json' 已存在，跳过保存。
  - 所有 1 张图片均已存在，全部跳过。
  - 正在从本地元数据 '2025-06-28_1083562816495943685.json' 中提取内容...
  - 正在创建最终内容JSON文件: 2025-06-28_1083562816495943685.json
  - 步骤2元数据 '2025-06-19_1079875153273290759.json' 已存在，跳过保存。
  - 所有 1 张图片均已存在，全部跳过。
  - 正在从本地元数据 '2025-06-19_1079875153273290759.json' 中提取内容...
  - 正在创建最终内容JSON文件: 2025-06-19_1079875153273290759.json
  - 步骤2元数据 '2025-06-16_1079071049530736649.json' 已存在，跳过保存。
  - 所有 1 张图片均已存在，全部跳过。
  - 正在从本地元数据 '2025-06-16_1079071049530736649.json' 中提取内容...
  - 正在创建最终内容JSON文件: 2025-06-16_1079071049530736649.json
  - 步骤2元数据 '2025-06-15_1078653853552869385.json' 已存在，跳过保存。
  - 所有 1 张图片均已存在，全部跳过。
  - 正在从本地元数据 '2025-06-15_1078653853552869385.json' 中提取内容...
  - 正在创建最终内容JSON文件: 2025-06-15_1078653853552869385.json
  - 步骤2元数据 '2025-06-08_1075993275941257219.json' 已存在，跳过保存。
  - 所有 4 张图片均已存在，全部跳过。
  - 正在从本地元数据 '2025-06-08_1075993275941257219.json' 中提取内容...
  - 正在创建最终内容JSON文件: 2025-06-08_1075993275941257219.json
  - 步骤2元数据 '2025-06-06_1075219005013229570.json' 已存在，跳过保存。
  - 所有 1 张图片均已存在，全部跳过。
  - 正在从本地元数据 '2025-06-06_1075219005013229570.json' 中提取内容...
  - 正在创建最终内容JSON文件: 2025-06-06_1075219005013229570.json
  - 步骤2元数据 '2025-06-01_1073502409654796294.json' 已存在，跳过保存。
  - 所有 1 张图片均已存在，全部跳过。
  - 正在从本地元数据 '2025-06-01_1073502409654796294.json' 中提取内容...
  - 正在创建最终内容JSON文件: 2025-06-01_1073502409654796294.json
  - 步骤2元数据 '2025-05-27_1071542435722559489.json' 已存在，跳过保存。
  - 所有 2 张图片均已存在，全部跳过。
  - 正在从本地元数据 '2025-05-27_1071542435722559489.json' 中提取内容...
  - 正在创建最终内容JSON文件: 2025-05-27_1071542435722559489.json
  - 步骤2元数据 '2025-05-26_1071199190494740485.json' 已存在，跳过保存。
  - 正在从本地元数据 '2025-05-26_1071199190494740485.json' 中提取内容...
  - 正在创建最终内容JSON文件: 2025-05-26_1071199190494740485.json
  - 步骤2元数据 '2025-05-25_1070900746095951889.json' 已存在，跳过保存。
  - 所有 4 张图片均已存在，全部跳过。
  - 正在从本地元数据 '2025-05-25_1070900746095951889.json' 中提取内容...
  - 正在创建最终内容JSON文件: 2025-05-25_1070900746095951889.json
  - 步骤2元数据 '2025-05-24_1070517119621267475.json' 已存在，跳过保存。
  - 所有 1 张图片均已存在，全部跳过。
  - 正在从本地元数据 '2025-05-24_1070517119621267475.json' 中提取内容...
  - 正在创建最终内容JSON文件: 2025-05-24_1070517119621267475.json
  - 步骤2元数据 '2025-05-18_1068322056316125192.json' 已存在，跳过保存。
  - 所有 9 张图片均已存在，全部跳过。
  - 正在从本地元数据 '2025-05-18_1068322056316125192.json' 中提取内容...
  - 正在创建最终内容JSON文件: 2025-05-18_1068322056316125192.json
  - 步骤2元数据 '2025-05-18_1068156115983794176.json' 已存在，跳过保存。
  - 所有 1 张图片均已存在，全部跳过。
  - 正在从本地元数据 '2025-05-18_1068156115983794176.json' 中提取内容...
  - 正在创建最终内容JSON文件: 2025-05-18_1068156115983794176.json
  - 步骤2元数据 '2025-05-16_1067531297022279680.json' 已存在，跳过保存。
  - 所有 2 张图片均已存在，全部跳过。
  - 正在从本地元数据 '2025-05-16_1067531297022279680.json' 中提取内容...
  - 正在创建最终内容JSON文件: 2025-05-16_1067531297022279680.json
  - 步骤2元数据 '2025-05-14_1066728812437307393.json' 已存在，跳过保存。
  - 所有 1 张图片均已存在，全部跳过。
  - 正在从本地元数据 '2025-05-14_1066728812437307393.json' 中提取内容...
  - 正在创建最终内容JSON文件: 2025-05-14_1066728812437307393.json
  - 步骤2元数据 '2025-05-13_1066401458655592449.json' 已存在，跳过保存。
  - 所有 1 张图片均已存在，全部跳过。
  - 正在从本地元数据 '2025-05-13_1066401458655592449.json' 中提取内容...
  - 正在创建最终内容JSON文件: 2025-05-13_1066401458655592449.json
  - 步骤2元数据 '2025-05-12_1066037713555161113.json' 已存在，跳过保存。
  - 所有 1 张图片均已存在，全部跳过。
  - 正在从本地元数据 '2025-05-12_1066037713555161113.json' 中提取内容...
  - 正在创建最终内容JSON文件: 2025-05-12_1066037713555161113.json
  - 步骤2元数据 '2025-05-03_1062764141037486119.json' 已存在，跳过保存。
  - 所有 1 张图片均已存在，全部跳过。
  - 正在从本地元数据 '2025-05-03_1062764141037486119.json' 中提取内容...
  - 正在创建最终内容JSON文件: 2025-05-03_1062764141037486119.json
  - 步骤2元数据 '2025-05-02_1062216897757446149.json' 已存在，跳过保存。
  - 所有 1 张图片均已存在，全部跳过。
  - 正在从本地元数据 '2025-05-02_1062216897757446149.json' 中提取内容...
  - 正在创建最终内容JSON文件: 2025-05-02_1062216897757446149.json
  - 步骤2元数据 '2025-04-23_1059016395496357897.json' 已存在，跳过保存。
  - 所有 4 张图片均已存在，全部跳过。
  - 正在从本地元数据 '2025-04-23_1059016395496357897.json' 中提取内容...
  - 正在创建最终内容JSON文件: 2025-04-23_1059016395496357897.json
  - 步骤2元数据 '2025-04-20_1057949229275676677.json' 已存在，跳过保存。
  - 所有 6 张图片均已存在，全部跳过。
  - 正在从本地元数据 '2025-04-20_1057949229275676677.json' 中提取内容...
  - 正在创建最终内容JSON文件: 2025-04-20_1057949229275676677.json
  - 步骤2元数据 '2025-04-19_1057550583326572577.json' 已存在，跳过保存。
  - 所有 2 张图片均已存在，全部跳过。
  - 正在从本地元数据 '2025-04-19_1057550583326572577.json' 中提取内容...
  - 正在创建最终内容JSON文件: 2025-04-19_1057550583326572577.json
  - 步骤2元数据 '2025-04-14_1055708304329670658.json' 已存在，跳过保存。
  - 所有 1 张图片均已存在，全部跳过。
  - 正在从本地元数据 '2025-04-14_1055708304329670658.json' 中提取内容...
  - 正在创建最终内容JSON文件: 2025-04-14_1055708304329670658.json
  - 步骤2元数据 '2025-04-13_1055333817560072196.json' 已存在，跳过保存。
  - 所有 1 张图片均已存在，全部跳过。
  - 正在从本地元数据 '2025-04-13_1055333817560072196.json' 中提取内容...
  - 正在创建最终内容JSON文件: 2025-04-13_1055333817560072196.json
  - 步骤2元数据 '2025-04-08_1053429205690220561.json' 已存在，跳过保存。
  - 所有 1 张图片均已存在，全部跳过。
  - 正在从本地元数据 '2025-04-08_1053429205690220561.json' 中提取内容...
  - 正在创建最终内容JSON文件: 2025-04-08_1053429205690220561.json
  - 步骤2元数据 '2025-04-05_1052325566624038921.json' 已存在，跳过保存。
  - 所有 2 张图片均已存在，全部跳过。
  - 正在从本地元数据 '2025-04-05_1052325566624038921.json' 中提取内容...
  - 正在创建最终内容JSON文件: 2025-04-05_1052325566624038921.json
  - 步骤2元数据 '2025-04-05_1052201845753118744.json' 已存在，跳过保存。
  - 所有 1 张图片均已存在，全部跳过。
  - 正在从本地元数据 '2025-04-05_1052201845753118744.json' 中提取内容...
  - 正在创建最终内容JSON文件: 2025-04-05_1052201845753118744.json
  - 步骤2元数据 '2025-04-04_1051827028302495750.json' 已存在，跳过保存。
  - 所有 1 张图片均已存在，全部跳过。
  - 正在从本地元数据 '2025-04-04_1051827028302495750.json' 中提取内容...
  - 正在创建最终内容JSON文件: 2025-04-04_1051827028302495750.json
  - 步骤2元数据 '2025-03-25_1048133811694469121.json' 已存在，跳过保存。
  - 所有 1 张图片均已存在，全部跳过。
  - 正在从本地元数据 '2025-03-25_1048133811694469121.json' 中提取内容...
  - 正在创建最终内容JSON文件: 2025-03-25_1048133811694469121.json
  - 步骤2元数据 '2025-03-23_1047425086224596993.json' 已存在，跳过保存。
  - 所有 1 张图片均已存在，全部跳过。
  - 正在从本地元数据 '2025-03-23_1047425086224596993.json' 中提取内容...
  - 正在创建最终内容JSON文件: 2025-03-23_1047425086224596993.json
  - 步骤2元数据 '2025-03-22_1047160894179508245.json' 已存在，跳过保存。
  - 所有 4 张图片均已存在，全部跳过。
  - 正在从本地元数据 '2025-03-22_1047160894179508245.json' 中提取内容...
  - 正在创建最终内容JSON文件: 2025-03-22_1047160894179508245.json
  - 步骤2元数据 '2025-03-22_1047003303288766472.json' 已存在，跳过保存。
  - 所有 1 张图片均已存在，全部跳过。
  - 正在从本地元数据 '2025-03-22_1047003303288766472.json' 中提取内容...
  - 正在创建最终内容JSON文件: 2025-03-22_1047003303288766472.json
  - 步骤2元数据 '2025-03-16_1044921369395986451.json' 已存在，跳过保存。
  - 所有 4 张图片均已存在，全部跳过。
  - 正在从本地元数据 '2025-03-16_1044921369395986451.json' 中提取内容...
  - 正在创建最终内容JSON文件: 2025-03-16_1044921369395986451.json
  - 步骤2元数据 '2025-03-16_1044775894542974983.json' 已存在，跳过保存。
  - 所有 1 张图片均已存在，全部跳过。
  - 正在从本地元数据 '2025-03-16_1044775894542974983.json' 中提取内容...
  - 正在创建最终内容JSON文件: 2025-03-16_1044775894542974983.json
  - 步骤2元数据 '2025-03-15_1044406231054155777.json' 已存在，跳过保存。
  - 所有 1 张图片均已存在，全部跳过。
  - 正在从本地元数据 '2025-03-15_1044406231054155777.json' 中提取内容...
  - 正在创建最终内容JSON文件: 2025-03-15_1044406231054155777.json
  - 步骤2元数据 '2025-03-10_1042633294294810629.json' 已存在，跳过保存。
  - 所有 1 张图片均已存在，全部跳过。
  - 正在从本地元数据 '2025-03-10_1042633294294810629.json' 中提取内容...
  - 正在创建最终内容JSON文件: 2025-03-10_1042633294294810629.json
  - 步骤2元数据 '2025-03-06_1041173160061304833.json' 已存在，跳过保存。
  - 所有 3 张图片均已存在，全部跳过。
  - 正在从本地元数据 '2025-03-06_1041173160061304833.json' 中提取内容...
  - 正在创建最终内容JSON文件: 2025-03-06_1041173160061304833.json
  - 步骤2元数据 '2025-03-05_1040819516733390852.json' 已存在，跳过保存。
  - 所有 1 张图片均已存在，全部跳过。
  - 正在从本地元数据 '2025-03-05_1040819516733390852.json' 中提取内容...
  - 正在创建最终内容JSON文件: 2025-03-05_1040819516733390852.json
  - 步骤2元数据 '2025-03-03_1039998392013422616.json' 已存在，跳过保存。
  - 所有 6 张图片均已存在，全部跳过。
  - 正在从本地元数据 '2025-03-03_1039998392013422616.json' 中提取内容...
  - 正在创建最终内容JSON文件: 2025-03-03_1039998392013422616.json
  - 步骤2元数据 '2025-02-28_1038945596733390871.json' 已存在，跳过保存。
  - 所有 1 张图片均已存在，全部跳过。
  - 正在从本地元数据 '2025-02-28_1038945596733390871.json' 中提取内容...
  - 正在创建最终内容JSON文件: 2025-02-28_1038945596733390871.json
  - 步骤2元数据 '2025-02-26_1038127860697530373.json' 已存在，跳过保存。
  - 所有 1 张图片均已存在，全部跳过。
  - 正在从本地元数据 '2025-02-26_1038127860697530373.json' 中提取内容...
  - 正在创建最终内容JSON文件: 2025-02-26_1038127860697530373.json
  - 步骤2元数据 '2025-02-24_1037467294770397202.json' 已存在，跳过保存。
  - 所有 1 张图片均已存在，全部跳过。
  - 正在从本地元数据 '2025-02-24_1037467294770397202.json' 中提取内容...
  - 正在创建最终内容JSON文件: 2025-02-24_1037467294770397202.json
  - 步骤2元数据 '2025-02-23_1036996493299417105.json' 已存在，跳过保存。
  - 所有 1 张图片均已存在，全部跳过。
  - 正在从本地元数据 '2025-02-23_1036996493299417105.json' 中提取内容...
  - 正在创建最终内容JSON文件: 2025-02-23_1036996493299417105.json
  - 步骤2元数据 '2025-02-22_1036656426400874516.json' 已存在，跳过保存。
  - 所有 2 张图片均已存在，全部跳过。
  - 正在从本地元数据 '2025-02-22_1036656426400874516.json' 中提取内容...
  - 正在创建最终内容JSON文件: 2025-02-22_1036656426400874516.json
  - 步骤2元数据 '2025-02-16_1034422858713923607.json' 已存在，跳过保存。
  - 所有 1 张图片均已存在，全部跳过。
  - 正在从本地元数据 '2025-02-16_1034422858713923607.json' 中提取内容...
  - 正在创建最终内容JSON文件: 2025-02-16_1034422858713923607.json
  - 步骤2元数据 '2025-02-14_1033701351450738691.json' 已存在，跳过保存。
  - 所有 1 张图片均已存在，全部跳过。
  - 正在从本地元数据 '2025-02-14_1033701351450738691.json' 中提取内容...
  - 正在创建最终内容JSON文件: 2025-02-14_1033701351450738691.json
  - 步骤2元数据 '2025-02-09_1031925554297700356.json' 已存在，跳过保存。
  - 所有 3 张图片均已存在，全部跳过。
  - 正在从本地元数据 '2025-02-09_1031925554297700356.json' 中提取内容...
  - 正在创建最终内容JSON文件: 2025-02-09_1031925554297700356.json
  - 步骤2元数据 '2025-02-09_1031774143821905944.json' 已存在，跳过保存。
  - 所有 1 张图片均已存在，全部跳过。
  - 正在从本地元数据 '2025-02-09_1031774143821905944.json' 中提取内容...
  - 正在创建最终内容JSON文件: 2025-02-09_1031774143821905944.json
  - 步骤2元数据 '2025-02-08_1031561349668274178.json' 已存在，跳过保存。
  - 所有 1 张图片均已存在，全部跳过。
  - 正在从本地元数据 '2025-02-08_1031561349668274178.json' 中提取内容...
  - 正在创建最终内容JSON文件: 2025-02-08_1031561349668274178.json
  - 步骤2元数据 '2025-02-08_1031413890523594759.json' 已存在，跳过保存。
  - 所有 1 张图片均已存在，全部跳过。
  - 正在从本地元数据 '2025-02-08_1031413890523594759.json' 中提取内容...
  - 正在创建最终内容JSON文件: 2025-02-08_1031413890523594759.json
  - 步骤2元数据 '2025-02-07_1031030770893848598.json' 已存在，跳过保存。
  - 所有 1 张图片均已存在，全部跳过。
  - 正在从本地元数据 '2025-02-07_1031030770893848598.json' 中提取内容...
  - 正在创建最终内容JSON文件: 2025-02-07_1031030770893848598.json
  - 步骤2元数据 '2025-02-06_1030783397912379416.json' 已存在，跳过保存。
  - 所有 3 张图片均已存在，全部跳过。
  - 正在从本地元数据 '2025-02-06_1030783397912379416.json' 中提取内容...
  - 正在创建最终内容JSON文件: 2025-02-06_1030783397912379416.json
  - 步骤2元数据 '2025-02-04_1030011609485934617.json' 已存在，跳过保存。
  - 所有 3 张图片均已存在，全部跳过。
  - 正在从本地元数据 '2025-02-04_1030011609485934617.json' 中提取内容...
  - 正在创建最终内容JSON文件: 2025-02-04_1030011609485934617.json
  - 步骤2元数据 '2025-02-04_1029936756778074118.json' 已存在，跳过保存。
  - 所有 1 张图片均已存在，全部跳过。
  - 正在从本地元数据 '2025-02-04_1029936756778074118.json' 中提取内容...
  - 正在创建最终内容JSON文件: 2025-02-04_1029936756778074118.json
  - 步骤2元数据 '2025-02-03_1029562746718388225.json' 已存在，跳过保存。
  - 所有 1 张图片均已存在，全部跳过。
  - 正在从本地元数据 '2025-02-03_1029562746718388225.json' 中提取内容...
  - 正在创建最终内容JSON文件: 2025-02-03_1029562746718388225.json
  - 步骤2元数据 '2025-02-02_1029191206285869091.json' 已存在，跳过保存。
  - 所有 1 张图片均已存在，全部跳过。
  - 正在从本地元数据 '2025-02-02_1029191206285869091.json' 中提取内容...
  - 正在创建最终内容JSON文件: 2025-02-02_1029191206285869091.json
  - 步骤2元数据 '2025-01-29_1027538279532068931.json' 已存在，跳过保存。
  - 所有 1 张图片均已存在，全部跳过。
  - 正在从本地元数据 '2025-01-29_1027538279532068931.json' 中提取内容...
  - 正在创建最终内容JSON文件: 2025-01-29_1027538279532068931.json
  - 步骤2元数据 '2025-01-26_1026756462382153749.json' 已存在，跳过保存。
  - 所有 1 张图片均已存在，全部跳过。
  - 正在从本地元数据 '2025-01-26_1026756462382153749.json' 中提取内容...
  - 正在创建最终内容JSON文件: 2025-01-26_1026756462382153749.json
  - 步骤2元数据 '2025-01-22_1025294446882717753.json' 已存在，跳过保存。
  - 所有 6 张图片均已存在，全部跳过。
  - 正在从本地元数据 '2025-01-22_1025294446882717753.json' 中提取内容...
  - 正在创建最终内容JSON文件: 2025-01-22_1025294446882717753.json


程序被用户中断。正在退出...
