程序启动于: 2025-12-14_12-28-48
----------------------------------------
正在从 'config.py' 的 USERS_ID 列表读取用户 ID...

>>>>>>>>> 开始处理用户ID: 3461567555307880 (https://space.bilibili.com/3461567555307880/article) <<<<<<<<<

[步骤1] 使用 'ITERATIVE' 模式，正在准备迭代获取动态 URL...

[步骤2] 开始处理用户 3461567555307880 的动态...

用户识别为: '羲拉C3C_3461567555307880'
文件将保存至: C:\Base1.5-美女图片\bili\gallery-dl\bilibili_images\羲拉C3C_3461567555307880
  - 正在保存动态 1141729992363737143 的步骤2元数据...
  - [提取] 读取原始元数据: metadata\step2\2025-12-02_1141729992363737143.json
  - [生成] 写入内容信息文件: 2025-12-02_1141729992363737143.json
  - 正在保存动态 1141076349922836481 的步骤2元数据...
  -  正在下载用户 羲拉C3C_3461567555307880 图片: 2025-11-30_1141076349922836481_1.png
  - [提取] 读取原始元数据: metadata\step2\2025-11-30_1141076349922836481.json
  - [生成] 写入内容信息文件: 2025-11-30_1141076349922836481.json
  - 正在保存动态 1136552039979941890 的步骤2元数据...
  -  正在下载用户 羲拉C3C_3461567555307880 图片: 2025-11-18_1136552039979941890_1.png
  - [提取] 读取原始元数据: metadata\step2\2025-11-18_1136552039979941890.json
  - [生成] 写入内容信息文件: 2025-11-18_1136552039979941890.json
  - 正在保存动态 1132921353784000516 的步骤2元数据...
  -  正在下载用户 羲拉C3C_3461567555307880 图片: 2025-11-08_1132921353784000516_1.png
  - [提取] 读取原始元数据: metadata\step2\2025-11-08_1132921353784000516.json
  - [生成] 写入内容信息文件: 2025-11-08_1132921353784000516.json
  - 正在保存动态 1132184053942845445 的步骤2元数据...
  -  正在下载用户 羲拉C3C_3461567555307880 图片: 2025-11-07_1132184053942845445_1.jpg
  - [提取] 读取原始元数据: metadata\step2\2025-11-07_1132184053942845445.json
  - [生成] 写入内容信息文件: 2025-11-07_1132184053942845445.json
  - 正在保存动态 1130204774104301605 的步骤2元数据...
  -  正在下载用户 羲拉C3C_3461567555307880 图片: 2025-11-01_1130204774104301605_1.jpg
  - [提取] 读取原始元数据: metadata\step2\2025-11-01_1130204774104301605.json
  - [生成] 写入内容信息文件: 2025-11-01_1130204774104301605.json
  - 正在保存动态 1129841007507013634 的步骤2元数据...
  -  正在下载用户 羲拉C3C_3461567555307880 图片: 2025-10-31_1129841007507013634_1.jpg
  -  正在下载用户 羲拉C3C_3461567555307880 图片: 2025-10-31_1129841007507013634_2.jpg
  -  正在下载用户 羲拉C3C_3461567555307880 图片: 2025-10-31_1129841007507013634_3.jpg
  -  正在下载用户 羲拉C3C_3461567555307880 图片: 2025-10-31_1129841007507013634_4.jpg
  -  正在下载用户 羲拉C3C_3461567555307880 图片: 2025-10-31_1129841007507013634_5.jpg
  -  正在下载用户 羲拉C3C_3461567555307880 图片: 2025-10-31_1129841007507013634_6.jpg
  - [提取] 读取原始元数据: metadata\step2\2025-10-31_1129841007507013634.json
  - [生成] 写入内容信息文件: 2025-10-31_1129841007507013634.json
  - 正在保存动态 1128846640981999639 的步骤2元数据...
  -  正在下载用户 羲拉C3C_3461567555307880 图片: 2025-10-29_1128846640981999639_1.png
  -  正在下载用户 羲拉C3C_3461567555307880 图片: 2025-10-29_1128846640981999639_2.png
  -  正在下载用户 羲拉C3C_3461567555307880 图片: 2025-10-29_1128846640981999639_3.png
  - [提取] 读取原始元数据: metadata\step2\2025-10-29_1128846640981999639.json
  - [生成] 写入内容信息文件: 2025-10-29_1128846640981999639.json
  - 正在保存动态 1128004157357162521 的步骤2元数据...
  -  正在下载用户 羲拉C3C_3461567555307880 图片: 2025-10-26_1128004157357162521_1.png
  -  正在下载用户 羲拉C3C_3461567555307880 图片: 2025-10-26_1128004157357162521_2.png
  -  正在下载用户 羲拉C3C_3461567555307880 图片: 2025-10-26_1128004157357162521_3.png
  -  正在下载用户 羲拉C3C_3461567555307880 图片: 2025-10-26_1128004157357162521_4.png
  -  正在下载用户 羲拉C3C_3461567555307880 图片: 2025-10-26_1128004157357162521_5.png
  -  正在下载用户 羲拉C3C_3461567555307880 图片: 2025-10-26_1128004157357162521_6.png
  -  正在下载用户 羲拉C3C_3461567555307880 图片: 2025-10-26_1128004157357162521_7.png
  -  正在下载用户 羲拉C3C_3461567555307880 图片: 2025-10-26_1128004157357162521_8.jpg
  -  正在下载用户 羲拉C3C_3461567555307880 图片: 2025-10-26_1128004157357162521_9.jpg
  - [提取] 读取原始元数据: metadata\step2\2025-10-26_1128004157357162521.json
  - [生成] 写入内容信息文件: 2025-10-26_1128004157357162521.json
  - 正在保存动态 1127757085104144390 的步骤2元数据...
  -  正在下载用户 羲拉C3C_3461567555307880 图片: 2025-10-26_1127757085104144390_1.jpg
  - [提取] 读取原始元数据: metadata\step2\2025-10-26_1127757085104144390.json
  - [生成] 写入内容信息文件: 2025-10-26_1127757085104144390.json
  - 正在保存动态 1127585209067241476 的步骤2元数据...
  -  正在下载用户 羲拉C3C_3461567555307880 图片: 2025-10-25_1127585209067241476_1.png
  -  正在下载用户 羲拉C3C_3461567555307880 图片: 2025-10-25_1127585209067241476_2.png
  -  正在下载用户 羲拉C3C_3461567555307880 图片: 2025-10-25_1127585209067241476_3.png
  - [提取] 读取原始元数据: metadata\step2\2025-10-25_1127585209067241476.json
  - [生成] 写入内容信息文件: 2025-10-25_1127585209067241476.json
  - 正在保存动态 1126152618446422041 的步骤2元数据...
  -  正在下载用户 羲拉C3C_3461567555307880 图片: 2025-10-21_1126152618446422041_1.jpg
  - [提取] 读取原始元数据: metadata\step2\2025-10-21_1126152618446422041.json
  - [生成] 写入内容信息文件: 2025-10-21_1126152618446422041.json
  - 正在保存动态 1125763606084845591 的步骤2元数据...
  -  正在下载用户 羲拉C3C_3461567555307880 图片: 2025-10-20_1125763606084845591_1.png
  - [提取] 读取原始元数据: metadata\step2\2025-10-20_1125763606084845591.json
  - [生成] 写入内容信息文件: 2025-10-20_1125763606084845591.json
  - 正在保存动态 1125397584692641817 的步骤2元数据...
  -  正在下载用户 羲拉C3C_3461567555307880 图片: 2025-10-19_1125397584692641817_1.jpg
  -  正在下载用户 羲拉C3C_3461567555307880 图片: 2025-10-19_1125397584692641817_2.jpg
  -  正在下载用户 羲拉C3C_3461567555307880 图片: 2025-10-19_1125397584692641817_3.jpg
  -  正在下载用户 羲拉C3C_3461567555307880 图片: 2025-10-19_1125397584692641817_4.jpg
  -  正在下载用户 羲拉C3C_3461567555307880 图片: 2025-10-19_1125397584692641817_5.jpg
  -  正在下载用户 羲拉C3C_3461567555307880 图片: 2025-10-19_1125397584692641817_6.jpg
  -  正在下载用户 羲拉C3C_3461567555307880 图片: 2025-10-19_1125397584692641817_7.jpg
  -  正在下载用户 羲拉C3C_3461567555307880 图片: 2025-10-19_1125397584692641817_8.jpg
  -  正在下载用户 羲拉C3C_3461567555307880 图片: 2025-10-19_1125397584692641817_9.jpg
  - [提取] 读取原始元数据: metadata\step2\2025-10-19_1125397584692641817.json
  - [生成] 写入内容信息文件: 2025-10-19_1125397584692641817.json
  - 正在保存动态 1124958600391819299 的步骤2元数据...
  -  正在下载用户 羲拉C3C_3461567555307880 图片: 2025-10-18_1124958600391819299_1.png
  - [提取] 读取原始元数据: metadata\step2\2025-10-18_1124958600391819299.json
  - [生成] 写入内容信息文件: 2025-10-18_1124958600391819299.json
  - 正在保存动态 1122535246704672785 的步骤2元数据...
  -  正在下载用户 羲拉C3C_3461567555307880 图片: 2025-10-12_1122535246704672785_1.png
  - [提取] 读取原始元数据: metadata\step2\2025-10-12_1122535246704672785.json
  - [生成] 写入内容信息文件: 2025-10-12_1122535246704672785.json
  - 正在保存动态 1122023247888515094 的步骤2元数据...
  -  正在下载用户 羲拉C3C_3461567555307880 图片: 2025-10-10_1122023247888515094_1.png
  - [提取] 读取原始元数据: metadata\step2\2025-10-10_1122023247888515094.json
  - [生成] 写入内容信息文件: 2025-10-10_1122023247888515094.json
  - 正在保存动态 1121248311253139481 的步骤2元数据...
  -  正在下载用户 羲拉C3C_3461567555307880 图片: 2025-10-08_1121248311253139481_1.png
  - [提取] 读取原始元数据: metadata\step2\2025-10-08_1121248311253139481.json
  - [生成] 写入内容信息文件: 2025-10-08_1121248311253139481.json
  - 正在保存动态 1118373453434454025 的步骤2元数据...
  -  正在下载用户 羲拉C3C_3461567555307880 图片: 2025-09-30_1118373453434454025_1.png
  - [提取] 读取原始元数据: metadata\step2\2025-09-30_1118373453434454025.json
  - [生成] 写入内容信息文件: 2025-09-30_1118373453434454025.json
  - 正在保存动态 1117934284422774785 的步骤2元数据...
  -  正在下载用户 羲拉C3C_3461567555307880 图片: 2025-09-29_1117934284422774785_1.png
  -  正在下载用户 羲拉C3C_3461567555307880 图片: 2025-09-29_1117934284422774785_2.jpg
  -  正在下载用户 羲拉C3C_3461567555307880 图片: 2025-09-29_1117934284422774785_3.png
  -  正在下载用户 羲拉C3C_3461567555307880 图片: 2025-09-29_1117934284422774785_4.png
  -  正在下载用户 羲拉C3C_3461567555307880 图片: 2025-09-29_1117934284422774785_5.jpg
  -  正在下载用户 羲拉C3C_3461567555307880 图片: 2025-09-29_1117934284422774785_6.png
  - [提取] 读取原始元数据: metadata\step2\2025-09-29_1117934284422774785.json
  - [生成] 写入内容信息文件: 2025-09-29_1117934284422774785.json
  - 正在保存动态 1116517516435259411 的步骤2元数据...
  -  正在下载用户 羲拉C3C_3461567555307880 图片: 2025-09-25_1116517516435259411_1.png
  - [提取] 读取原始元数据: metadata\step2\2025-09-25_1116517516435259411.json
  - [生成] 写入内容信息文件: 2025-09-25_1116517516435259411.json
  - 正在保存动态 1114231451404992515 的步骤2元数据...
  -  正在下载用户 羲拉C3C_3461567555307880 图片: 2025-09-19_1114231451404992515_1.png
  - [提取] 读取原始元数据: metadata\step2\2025-09-19_1114231451404992515.json
  - [生成] 写入内容信息文件: 2025-09-19_1114231451404992515.json
  - 正在保存动态 1112425872946626566 的步骤2元数据...
  -  正在下载用户 羲拉C3C_3461567555307880 图片: 2025-09-14_1112425872946626566_1.jpg
  -  正在下载用户 羲拉C3C_3461567555307880 图片: 2025-09-14_1112425872946626566_2.jpg
  -  正在下载用户 羲拉C3C_3461567555307880 图片: 2025-09-14_1112425872946626566_3.jpg
  - [提取] 读取原始元数据: metadata\step2\2025-09-14_1112425872946626566.json
  - [生成] 写入内容信息文件: 2025-09-14_1112425872946626566.json
  - 正在保存动态 1110920263517601800 的步骤2元数据...
  -  正在下载用户 羲拉C3C_3461567555307880 图片: 2025-09-10_1110920263517601800_1.png
  -  正在下载用户 羲拉C3C_3461567555307880 图片: 2025-09-10_1110920263517601800_2.png
  -  正在下载用户 羲拉C3C_3461567555307880 图片: 2025-09-10_1110920263517601800_3.png
  -  正在下载用户 羲拉C3C_3461567555307880 图片: 2025-09-10_1110920263517601800_4.png
  - [提取] 读取原始元数据: metadata\step2\2025-09-10_1110920263517601800.json
  - [生成] 写入内容信息文件: 2025-09-10_1110920263517601800.json
  - 正在保存动态 1109787178171367426 的步骤2元数据...
  -  正在下载用户 羲拉C3C_3461567555307880 图片: 2025-09-07_1109787178171367426_1.png
  - [提取] 读取原始元数据: metadata\step2\2025-09-07_1109787178171367426.json
  - [生成] 写入内容信息文件: 2025-09-07_1109787178171367426.json
  - 正在保存动态 1107318044374335528 的步骤2元数据...
  -  正在下载用户 羲拉C3C_3461567555307880 图片: 2025-08-31_1107318044374335528_1.png
  - [提取] 读取原始元数据: metadata\step2\2025-08-31_1107318044374335528.json
  - [生成] 写入内容信息文件: 2025-08-31_1107318044374335528.json
  - 正在保存动态 1106591035319910419 的步骤2元数据...
  - 所有 6 张图片均已存在，全部跳过。
  - [提取] 读取原始元数据: metadata\step2\2025-08-30_1106591035319910419.json
  - [生成] 写入内容信息文件: 2025-08-30_1106591035319910419.json
  - 正在保存动态 1105713367307255847 的步骤2元数据...
  - 所有 1 张图片均已存在，全部跳过。
  - [提取] 读取原始元数据: metadata\step2\2025-08-27_1105713367307255847.json
  - [生成] 写入内容信息文件: 2025-08-27_1105713367307255847.json
  - 正在保存动态 1105094080296124417 的步骤2元数据...
  - 所有 1 张图片均已存在，全部跳过。
  - [提取] 读取原始元数据: metadata\step2\2025-08-26_1105094080296124417.json
  - [生成] 写入内容信息文件: 2025-08-26_1105094080296124417.json
  - 正在保存动态 1104260293990547474 的步骤2元数据...
  - 所有 2 张图片均已存在，全部跳过。
  - [提取] 读取原始元数据: metadata\step2\2025-08-23_1104260293990547474.json
  - [生成] 写入内容信息文件: 2025-08-23_1104260293990547474.json
  - 正在保存动态 1103837054982160388 的步骤2元数据...
  - 所有 1 张图片均已存在，全部跳过。
  - [提取] 读取原始元数据: metadata\step2\2025-08-22_1103837054982160388.json
  - [生成] 写入内容信息文件: 2025-08-22_1103837054982160388.json
  - 正在保存动态 1103117158396723221 的步骤2元数据...
  - 所有 1 张图片均已存在，全部跳过。
  - [提取] 读取原始元数据: metadata\step2\2025-08-20_1103117158396723221.json
  - [生成] 写入内容信息文件: 2025-08-20_1103117158396723221.json
  - 正在保存动态 1094567678056595475 的步骤2元数据...
  - 所有 1 张图片均已存在，全部跳过。
  - [提取] 读取原始元数据: metadata\step2\2025-07-28_1094567678056595475.json
  - [生成] 写入内容信息文件: 2025-07-28_1094567678056595475.json
  - 正在保存动态 1094552250545602567 的步骤2元数据...
  - 所有 12 张图片均已存在，全部跳过。
  - [提取] 读取原始元数据: metadata\step2\2025-07-28_1094552250545602567.json
  - [生成] 写入内容信息文件: 2025-07-28_1094552250545602567.json
  - 正在保存动态 1089334067117162497 的步骤2元数据...
  - 所有 1 张图片均已存在，全部跳过。
  - [提取] 读取原始元数据: metadata\step2\2025-07-14_1089334067117162497.json
  - [生成] 写入内容信息文件: 2025-07-14_1089334067117162497.json
  - 正在保存动态 1088324552263467016 的步骤2元数据...
  - [Live Photo] 发现实况视频 (P1)，正在下载...
  -  正在下载用户 羲拉C3C_3461567555307880 图片: 2025-07-11_1088324552263467016_1.mp4
  - [Live Photo] 发现实况视频 (P2)，正在下载...
  -  正在下载用户 羲拉C3C_3461567555307880 图片: 2025-07-11_1088324552263467016_2.mp4
  - [Live Photo] 发现实况视频 (P3)，正在下载...
  -  正在下载用户 羲拉C3C_3461567555307880 图片: 2025-07-11_1088324552263467016_3.mp4
  - 所有 4 张图片均已存在，全部跳过。
  - [提取] 读取原始元数据: metadata\step2\2025-07-11_1088324552263467016.json
  - [生成] 写入内容信息文件: 2025-07-11_1088324552263467016.json
  - 正在保存动态 1084825322122117123 的步骤2元数据...
  - 所有 1 张图片均已存在，全部跳过。
  - [提取] 读取原始元数据: metadata\step2\2025-07-02_1084825322122117123.json
  - [生成] 写入内容信息文件: 2025-07-02_1084825322122117123.json
  - 正在保存动态 1083569387794858003 的步骤2元数据...
  - 所有 1 张图片均已存在，全部跳过。
  - [提取] 读取原始元数据: metadata\step2\2025-06-29_1083569387794858003.json
  - [生成] 写入内容信息文件: 2025-06-29_1083569387794858003.json
  - 正在保存动态 1081648798680219657 的步骤2元数据...
  - 所有 1 张图片均已存在，全部跳过。
  - [提取] 读取原始元数据: metadata\step2\2025-06-23_1081648798680219657.json
  - [生成] 写入内容信息文件: 2025-06-23_1081648798680219657.json
  - 正在保存动态 1080818946577268753 的步骤2元数据...
  - 所有 1 张图片均已存在，全部跳过。
  - [提取] 读取原始元数据: metadata\step2\2025-06-21_1080818946577268753.json
  - [生成] 写入内容信息文件: 2025-06-21_1080818946577268753.json
  - 正在保存动态 1073082482116526112 的步骤2元数据...
  - 所有 1 张图片均已存在，全部跳过。
  - [提取] 读取原始元数据: metadata\step2\2025-05-31_1073082482116526112.json
  - [生成] 写入内容信息文件: 2025-05-31_1073082482116526112.json
  - 正在保存动态 1069783590773981206 的步骤2元数据...
  - [提取] 读取原始元数据: metadata\step2\2025-05-22_1069783590773981206.json
  - [生成] 写入内容信息文件: 2025-05-22_1069783590773981206.json
  - 正在保存动态 1069117419861049378 的步骤2元数据...
  - 所有 6 张图片均已存在，全部跳过。
  - [提取] 读取原始元数据: metadata\step2\2025-05-21_1069117419861049378.json
  - [生成] 写入内容信息文件: 2025-05-21_1069117419861049378.json
  - 正在保存动态 1067881087728877600 的步骤2元数据...
  - 所有 1 张图片均已存在，全部跳过。
  - [提取] 读取原始元数据: metadata\step2\2025-05-17_1067881087728877600.json
  - [生成] 写入内容信息文件: 2025-05-17_1067881087728877600.json
  - 正在保存动态 1067816783487959041 的步骤2元数据...
  - 所有 1 张图片均已存在，全部跳过。
  - [提取] 读取原始元数据: metadata\step2\2025-05-17_1067816783487959041.json
  - [生成] 写入内容信息文件: 2025-05-17_1067816783487959041.json
  - 正在保存动态 1063447612083929089 的步骤2元数据...
  - 所有 9 张图片均已存在，全部跳过。
  - [提取] 读取原始元数据: metadata\step2\2025-05-05_1063447612083929089.json
  - [生成] 写入内容信息文件: 2025-05-05_1063447612083929089.json
  - 正在保存动态 1062333239852531712 的步骤2元数据...
  - 所有 1 张图片均已存在，全部跳过。
  - [提取] 读取原始元数据: metadata\step2\2025-05-02_1062333239852531712.json
  - [生成] 写入内容信息文件: 2025-05-02_1062333239852531712.json
  - 正在保存动态 1061947714989719590 的步骤2元数据...
  - 所有 1 张图片均已存在，全部跳过。
  - [提取] 读取原始元数据: metadata\step2\2025-05-01_1061947714989719590.json
  - [生成] 写入内容信息文件: 2025-05-01_1061947714989719590.json
  - 正在保存动态 1059822054095716372 的步骤2元数据...
  - 所有 1 张图片均已存在，全部跳过。
  - [提取] 读取原始元数据: metadata\step2\2025-04-26_1059822054095716372.json
  - [生成] 写入内容信息文件: 2025-04-26_1059822054095716372.json
  - 正在保存动态 1057220381943791623 的步骤2元数据...
  - 所有 1 张图片均已存在，全部跳过。
  - [提取] 读取原始元数据: metadata\step2\2025-04-18_1057220381943791623.json
  - [生成] 写入内容信息文件: 2025-04-18_1057220381943791623.json
  - 正在保存动态 1051317464760057856 的步骤2元数据...
  - 所有 1 张图片均已存在，全部跳过。
  - [提取] 读取原始元数据: metadata\step2\2025-04-03_1051317464760057856.json
  - [生成] 写入内容信息文件: 2025-04-03_1051317464760057856.json
  - 正在保存动态 1050076949338128384 的步骤2元数据...
  - 所有 1 张图片均已存在，全部跳过。
  - [提取] 读取原始元数据: metadata\step2\2025-03-30_1050076949338128384.json
  - [生成] 写入内容信息文件: 2025-03-30_1050076949338128384.json
  - 正在保存动态 1049421047751770145 的步骤2元数据...
  - 所有 1 张图片均已存在，全部跳过。
  - [提取] 读取原始元数据: metadata\step2\2025-03-28_1049421047751770145.json
  - [生成] 写入内容信息文件: 2025-03-28_1049421047751770145.json
  - 正在保存动态 1041959482636107777 的步骤2元数据...
  - 所有 6 张图片均已存在，全部跳过。
  - [提取] 读取原始元数据: metadata\step2\2025-03-08_1041959482636107777.json
  - [生成] 写入内容信息文件: 2025-03-08_1041959482636107777.json
  - 正在保存动态 1038947628259213349 的步骤2元数据...
  - 所有 1 张图片均已存在，全部跳过。
  - [提取] 读取原始元数据: metadata\step2\2025-02-28_1038947628259213349.json
  - [生成] 写入内容信息文件: 2025-02-28_1038947628259213349.json
  - 正在保存动态 1028976780056199175 的步骤2元数据...
  - 所有 1 张图片均已存在，全部跳过。
  - [提取] 读取原始元数据: metadata\step2\2025-02-01_1028976780056199175.json
  - [生成] 写入内容信息文件: 2025-02-01_1028976780056199175.json
  - 正在保存动态 1028605982625759238 的步骤2元数据...
  - 所有 2 张图片均已存在，全部跳过。
  - [提取] 读取原始元数据: metadata\step2\2025-01-31_1028605982625759238.json
  - [生成] 写入内容信息文件: 2025-01-31_1028605982625759238.json
  - 正在保存动态 1027538455651942421 的步骤2元数据...
  - 所有 1 张图片均已存在，全部跳过。
  - [提取] 读取原始元数据: metadata\step2\2025-01-29_1027538455651942421.json
  - [生成] 写入内容信息文件: 2025-01-29_1027538455651942421.json
  - 正在保存动态 1026688335576301576 的步骤2元数据...
  - 所有 9 张图片均已存在，全部跳过。
  - [提取] 读取原始元数据: metadata\step2\2025-01-26_1026688335576301576.json
  - [生成] 写入内容信息文件: 2025-01-26_1026688335576301576.json
  - 正在保存动态 1025528788907196423 的步骤2元数据...
  - 所有 4 张图片均已存在，全部跳过。
  - [提取] 读取原始元数据: metadata\step2\2025-01-23_1025528788907196423.json
  - [生成] 写入内容信息文件: 2025-01-23_1025528788907196423.json
  - 正在保存动态 1021143373895958545 的步骤2元数据...
  - 所有 1 张图片均已存在，全部跳过。
  - [提取] 读取原始元数据: metadata\step2\2025-01-11_1021143373895958545.json
  - [生成] 写入内容信息文件: 2025-01-11_1021143373895958545.json
  - 正在保存动态 1020796026982760466 的步骤2元数据...
  - 所有 1 张图片均已存在，全部跳过。
  - [提取] 读取原始元数据: metadata\step2\2025-01-10_1020796026982760466.json
  - [生成] 写入内容信息文件: 2025-01-10_1020796026982760466.json
  - 正在保存动态 1018134135140515848 的步骤2元数据...
  - 所有 3 张图片均已存在，全部跳过。
  - [提取] 读取原始元数据: metadata\step2\2025-01-03_1018134135140515848.json
  - [生成] 写入内容信息文件: 2025-01-03_1018134135140515848.json
  - 正在保存动态 1017157665710669828 的步骤2元数据...
  - 所有 1 张图片均已存在，全部跳过。
  - [提取] 读取原始元数据: metadata\step2\2025-01-01_1017157665710669828.json
  - [生成] 写入内容信息文件: 2025-01-01_1017157665710669828.json
  - 正在保存动态 1014916594741018629 的步骤2元数据...
  - 所有 1 张图片均已存在，全部跳过。
  - [提取] 读取原始元数据: metadata\step2\2024-12-25_1014916594741018629.json
  - [生成] 写入内容信息文件: 2024-12-25_1014916594741018629.json
  - 正在保存动态 1012296063385600006 的步骤2元数据...
  - 所有 1 张图片均已存在，全部跳过。
  - [提取] 读取原始元数据: metadata\step2\2024-12-18_1012296063385600006.json
  - [生成] 写入内容信息文件: 2024-12-18_1012296063385600006.json
  - 正在保存动态 1011056114919276550 的步骤2元数据...
  - 所有 6 张图片均已存在，全部跳过。
  - [提取] 读取原始元数据: metadata\step2\2024-12-15_1011056114919276550.json
  - [生成] 写入内容信息文件: 2024-12-15_1011056114919276550.json
  - 正在保存动态 1001886385526800403 的步骤2元数据...
  - 所有 2 张图片均已存在，全部跳过。
  - [提取] 读取原始元数据: metadata\step2\2024-11-20_1001886385526800403.json
  - [生成] 写入内容信息文件: 2024-11-20_1001886385526800403.json
  - 正在保存动态 994380779867865093 的步骤2元数据...
  - 所有 9 张图片均已存在，全部跳过。
  - [提取] 读取原始元数据: metadata\step2\2024-10-31_994380779867865093.json
  - [生成] 写入内容信息文件: 2024-10-31_994380779867865093.json
  - 正在保存动态 990067180947111945 的步骤2元数据...
  - 所有 1 张图片均已存在，全部跳过。
  - [提取] 读取原始元数据: metadata\step2\2024-10-20_990067180947111945.json
  - [生成] 写入内容信息文件: 2024-10-20_990067180947111945.json
  - 正在保存动态 978205855677677570 的步骤2元数据...
  - 所有 4 张图片均已存在，全部跳过。
  - [提取] 读取原始元数据: metadata\step2\2024-09-18_978205855677677570.json
  - [生成] 写入内容信息文件: 2024-09-18_978205855677677570.json
  - 正在保存动态 964090432816414722 的步骤2元数据...
  - 所有 1 张图片均已存在，全部跳过。
  - [提取] 读取原始元数据: metadata\step2\2024-08-11_964090432816414722.json
  - [生成] 写入内容信息文件: 2024-08-11_964090432816414722.json
  - 正在保存动态 955012499743178761 的步骤2元数据...
  - 所有 4 张图片均已存在，全部跳过。
  - [提取] 读取原始元数据: metadata\step2\2024-07-17_955012499743178761.json
  - [生成] 写入内容信息文件: 2024-07-17_955012499743178761.json
  - 正在保存动态 954299930521894935 的步骤2元数据...
  - 所有 1 张图片均已存在，全部跳过。
  - [提取] 读取原始元数据: metadata\step2\2024-07-15_954299930521894935.json
  - [生成] 写入内容信息文件: 2024-07-15_954299930521894935.json
  - 正在保存动态 952503173675745283 的步骤2元数据...
  - 所有 1 张图片均已存在，全部跳过。
  - [提取] 读取原始元数据: metadata\step2\2024-07-10_952503173675745283.json
  - [生成] 写入内容信息文件: 2024-07-10_952503173675745283.json
  - 正在保存动态 949857173150629938 的步骤2元数据...
  - 所有 1 张图片均已存在，全部跳过。
  - [提取] 读取原始元数据: metadata\step2\2024-07-03_949857173150629938.json
  - [生成] 写入内容信息文件: 2024-07-03_949857173150629938.json
  - 正在保存动态 945542595044442112 的步骤2元数据...
  - 所有 1 张图片均已存在，全部跳过。
  - [提取] 读取原始元数据: metadata\step2\2024-06-22_945542595044442112.json
  - [生成] 写入内容信息文件: 2024-06-22_945542595044442112.json
  - 正在保存动态 944329674831429672 的步骤2元数据...
  - 所有 1 张图片均已存在，全部跳过。
  - [提取] 读取原始元数据: metadata\step2\2024-06-18_944329674831429672.json
  - [生成] 写入内容信息文件: 2024-06-18_944329674831429672.json
  - 正在保存动态 943201653214937113 的步骤2元数据...
  - 所有 1 张图片均已存在，全部跳过。
  - [提取] 读取原始元数据: metadata\step2\2024-06-15_943201653214937113.json
  - [生成] 写入内容信息文件: 2024-06-15_943201653214937113.json
  - 正在保存动态 920660140092293121 的步骤2元数据...
  - 所有 1 张图片均已存在，全部跳过。
  - [提取] 读取原始元数据: metadata\step2\2024-04-15_920660140092293121.json
  - [生成] 写入内容信息文件: 2024-04-15_920660140092293121.json
  - 正在保存动态 912878943547162626 的步骤2元数据...
  - 所有 3 张图片均已存在，全部跳过。
  - [提取] 读取原始元数据: metadata\step2\2024-03-26_912878943547162626.json
  - [生成] 写入内容信息文件: 2024-03-26_912878943547162626.json
  - 正在保存动态 910635905463615505 的步骤2元数据...
  - 所有 1 张图片均已存在，全部跳过。
  - [提取] 读取原始元数据: metadata\step2\2024-03-19_910635905463615505.json
  - [生成] 写入内容信息文件: 2024-03-19_910635905463615505.json
  - 正在保存动态 907543554769813522 的步骤2元数据...
  - 所有 1 张图片均已存在，全部跳过。
  - [提取] 读取原始元数据: metadata\step2\2024-03-11_907543554769813522.json
  - [生成] 写入内容信息文件: 2024-03-11_907543554769813522.json
  - 正在保存动态 896176760613240857 的步骤2元数据...
  - 所有 3 张图片均已存在，全部跳过。
  - [提取] 读取原始元数据: metadata\step2\2024-02-10_896176760613240857.json
  - [生成] 写入内容信息文件: 2024-02-10_896176760613240857.json
  - 正在保存动态 888361943064117252 的步骤2元数据...
  - 所有 2 张图片均已存在，全部跳过。
  - [提取] 读取原始元数据: metadata\step2\2024-01-19_888361943064117252.json
  - [生成] 写入内容信息文件: 2024-01-19_888361943064117252.json
  - 正在保存动态 878726905522552837 的步骤2元数据...
  - 所有 1 张图片均已存在，全部跳过。
  - [提取] 读取原始元数据: metadata\step2\2023-12-24_878726905522552837.json
  - [生成] 写入内容信息文件: 2023-12-24_878726905522552837.json
  - 正在保存动态 861865521034821639 的步骤2元数据...
  - 所有 9 张图片均已存在，全部跳过。
  - [提取] 读取原始元数据: metadata\step2\2023-11-09_861865521034821639.json
  - [生成] 写入内容信息文件: 2023-11-09_861865521034821639.json
  - 正在保存动态 855721110754295844 的步骤2元数据...
  - 所有 6 张图片均已存在，全部跳过。
  - [提取] 读取原始元数据: metadata\step2\2023-10-23_855721110754295844.json
  - [生成] 写入内容信息文件: 2023-10-23_855721110754295844.json
  - 正在保存动态 848659063545790518 的步骤2元数据...
  - 所有 1 张图片均已存在，全部跳过。
  - [提取] 读取原始元数据: metadata\step2\2023-10-04_848659063545790518.json
  - [生成] 写入内容信息文件: 2023-10-04_848659063545790518.json
  - 正在保存动态 846808950535880729 的步骤2元数据...
  - 所有 1 张图片均已存在，全部跳过。
  - [提取] 读取原始元数据: metadata\step2\2023-09-29_846808950535880729.json
  - [生成] 写入内容信息文件: 2023-09-29_846808950535880729.json
  - 正在保存动态 836712474548895751 的步骤2元数据...
  - 所有 2 张图片均已存在，全部跳过。
  - [提取] 读取原始元数据: metadata\step2\2023-09-02_836712474548895751.json
  - [生成] 写入内容信息文件: 2023-09-02_836712474548895751.json
  - 正在保存动态 832762564939087890 的步骤2元数据...
  - 所有 1 张图片均已存在，全部跳过。
  - [提取] 读取原始元数据: metadata\step2\2023-08-23_832762564939087890.json
  - [生成] 写入内容信息文件: 2023-08-23_832762564939087890.json
  - 正在保存动态 828986665895723057 的步骤2元数据...
  - 所有 4 张图片均已存在，全部跳过。
  - [提取] 读取原始元数据: metadata\step2\2023-08-12_828986665895723057.json
  - [生成] 写入内容信息文件: 2023-08-12_828986665895723057.json
  - 正在保存动态 798129550918680601 的步骤2元数据...
  - 所有 9 张图片均已存在，全部跳过。
  - [提取] 读取原始元数据: metadata\step2\2023-05-21_798129550918680601.json
  - [生成] 写入内容信息文件: 2023-05-21_798129550918680601.json
  - 正在保存动态 789093751454695432 的步骤2元数据...
  - [提取] 读取原始元数据: metadata\step2\2023-04-27_789093751454695432.json
  - [生成] 写入内容信息文件: 2023-04-27_789093751454695432.json
  - 正在保存动态 789092823741759494 的步骤2元数据...
  - 所有 6 张图片均已存在，全部跳过。
  - [提取] 读取原始元数据: metadata\step2\2023-04-27_789092823741759494.json
  - [生成] 写入内容信息文件: 2023-04-27_789092823741759494.json
  - 正在保存动态 785846790535512097 的步骤2元数据...
  - 所有 1 张图片均已存在，全部跳过。
  - [提取] 读取原始元数据: metadata\step2\2023-04-18_785846790535512097.json
  - [生成] 写入内容信息文件: 2023-04-18_785846790535512097.json
  - 正在保存动态 763176046184890465 的步骤2元数据...
  - 所有 1 张图片均已存在，全部跳过。
  - [提取] 读取原始元数据: metadata\step2\2023-02-16_763176046184890465.json
  - [生成] 写入内容信息文件: 2023-02-16_763176046184890465.json
  - 正在保存动态 756231758336229440 的步骤2元数据...
  - 所有 1 张图片均已存在，全部跳过。
  - [提取] 读取原始元数据: metadata\step2\2023-01-28_756231758336229440.json
  - [生成] 写入内容信息文件: 2023-01-28_756231758336229440.json
  - 正在保存动态 738265343191941154 的步骤2元数据...
  - 所有 1 张图片均已存在，全部跳过。
  - [提取] 读取原始元数据: metadata\step2\2022-12-11_738265343191941154.json
  - [生成] 写入内容信息文件: 2022-12-11_738265343191941154.json

>>>>>>>>> 完成用户 '羲拉C3C_3461567555307880' 的处理，总耗时: 0h 5m 59.32s <<<<<<<<<
  - 本次处理动态数: 100
  - 成功下载图片数: 63
  - 下载失败图片数: 0
>>>>>>>>>>>>>>>>>>>>>>>>>>>>>>>>>>>>>>>>>>>>>>>>>>>>>>>>>>>>>>>>

所有任务已完成！
详细运行日志已保存到: c:\Computer\my_github\github_python\gallery-dl-assitance\gallery-dl-assistance\log\run_log_2025-12-14_12-28-48.log
处理摘要日志已保存到: c:\Computer\my_github\github_python\gallery-dl-assitance\gallery-dl-assistance\log\processing_time_log.json
