程序启动于: 2025-12-14_17-06-59
----------------------------------------
正在从 'config.py' 的 USERS_ID 列表读取用户 ID...

>>>>>>>>> 开始处理用户ID: 498099165 (https://space.bilibili.com/498099165/article) <<<<<<<<<

[步骤1] 使用 'ITERATIVE' 模式，正在准备迭代获取动态 URL...

[步骤2] 开始处理用户 498099165 的动态...
  - 正在保存动态 1128783827072712744 的步骤2元数据...
  -  正在下载用户 一颗小兔娘_498099165 资源: 2025-10-28_1128783827072712744_1.jpg
  -  正在下载用户 一颗小兔娘_498099165 资源: 2025-10-28_1128783827072712744_2.jpg
  -  正在下载用户 一颗小兔娘_498099165 资源: 2025-10-28_1128783827072712744_3.jpg
  -  正在下载用户 一颗小兔娘_498099165 资源: 2025-10-28_1128783827072712744_4.jpg
  - [提取] 读取原始元数据: metadata\step2\2025-10-28_1128783827072712744.json
  - [生成] 写入内容信息文件: 2025-10-28_1128783827072712744.json
  - 正在保存动态 1128250516684406789 的步骤2元数据...
  -  正在下载用户 一颗小兔娘_498099165 资源: 2025-10-27_1128250516684406789_1.png
  - [提取] 读取原始元数据: metadata\step2\2025-10-27_1128250516684406789.json
  - [生成] 写入内容信息文件: 2025-10-27_1128250516684406789.json
  - 正在保存动态 1126331314886148099 的步骤2元数据...
  - [提取] 读取原始元数据: metadata\step2\2025-10-22_1126331314886148099.json
  - [生成] 写入内容信息文件: 2025-10-22_1126331314886148099.json
  - 正在保存动态 1124987337966616583 的步骤2元数据...
  -  正在下载用户 一颗小兔娘_498099165 资源: 2025-10-18_1124987337966616583_1.png
  -  正在下载用户 一颗小兔娘_498099165 资源: 2025-10-18_1124987337966616583_2.png
  -  正在下载用户 一颗小兔娘_498099165 资源: 2025-10-18_1124987337966616583_3.png
  -  正在下载用户 一颗小兔娘_498099165 资源: 2025-10-18_1124987337966616583_4.png
  - [提取] 读取原始元数据: metadata\step2\2025-10-18_1124987337966616583.json
  - [生成] 写入内容信息文件: 2025-10-18_1124987337966616583.json
  - 正在保存动态 1124824339672203264 的步骤2元数据...
  - [提取] 读取原始元数据: metadata\step2\2025-10-18_1124824339672203264.json
  - [生成] 写入内容信息文件: 2025-10-18_1124824339672203264.json
  - 正在保存动态 1121519392406896656 的步骤2元数据...
  -  正在下载用户 一颗小兔娘_498099165 资源: 2025-10-09_1121519392406896656_1.png
  -  正在下载用户 一颗小兔娘_498099165 资源: 2025-10-09_1121519392406896656_2.png
  - [提取] 读取原始元数据: metadata\step2\2025-10-09_1121519392406896656.json
  - [生成] 写入内容信息文件: 2025-10-09_1121519392406896656.json
  - 正在保存动态 1119012918259613702 的步骤2元数据...
  -  正在下载用户 一颗小兔娘_498099165 资源: 2025-10-02_1119012918259613702_1.png
  -  正在下载用户 一颗小兔娘_498099165 资源: 2025-10-02_1119012918259613702_2.png
  -  正在下载用户 一颗小兔娘_498099165 资源: 2025-10-02_1119012918259613702_3.png
  - [提取] 读取原始元数据: metadata\step2\2025-10-02_1119012918259613702.json
  - [生成] 写入内容信息文件: 2025-10-02_1119012918259613702.json
  - 正在保存动态 1118692101381423107 的步骤2元数据...
  -  正在下载用户 一颗小兔娘_498099165 资源: 2025-10-01_1118692101381423107_1.png
  - [提取] 读取原始元数据: metadata\step2\2025-10-01_1118692101381423107.json
  - [生成] 写入内容信息文件: 2025-10-01_1118692101381423107.json
  - 正在保存动态 1112698440146485282 的步骤2元数据...
  -  正在下载用户 一颗小兔娘_498099165 资源: 2025-09-15_1112698440146485282_1.jpg
  -  正在下载用户 一颗小兔娘_498099165 资源: 2025-09-15_1112698440146485282_2.jpg
  -  正在下载用户 一颗小兔娘_498099165 资源: 2025-09-15_1112698440146485282_3.jpg
  -  正在下载用户 一颗小兔娘_498099165 资源: 2025-09-15_1112698440146485282_4.jpg
  -  正在下载用户 一颗小兔娘_498099165 资源: 2025-09-15_1112698440146485282_5.jpg
  - [提取] 读取原始元数据: metadata\step2\2025-09-15_1112698440146485282.json
  - [生成] 写入内容信息文件: 2025-09-15_1112698440146485282.json
  - 正在保存动态 1106849068326322183 的步骤2元数据...
  - [Live Photo] 发现实况视频 (P1)，正在下载...
  -  正在下载用户 一颗小兔娘_498099165 资源: 2025-08-30_1106849068326322183_1.mp4
  - [Live Photo] 发现实况视频 (P2)，正在下载...
  -  正在下载用户 一颗小兔娘_498099165 资源: 2025-08-30_1106849068326322183_2.mp4
  - 所有 2 张图片均已存在，全部跳过。
  - [提取] 读取原始元数据: metadata\step2\2025-08-30_1106849068326322183.json
  - [生成] 写入内容信息文件: 2025-08-30_1106849068326322183.json
  - 正在保存动态 1105701122386952198 的步骤2元数据...
  - [Live Photo] 发现实况视频 (P1)，正在下载...
  -  正在下载用户 一颗小兔娘_498099165 资源: 2025-08-27_1105701122386952198_1.mp4
  - [Live Photo] 发现实况视频 (P2)，正在下载...
  -  正在下载用户 一颗小兔娘_498099165 资源: 2025-08-27_1105701122386952198_2.mp4
  - 所有 2 张图片均已存在，全部跳过。
  - [提取] 读取原始元数据: metadata\step2\2025-08-27_1105701122386952198.json
  - [生成] 写入内容信息文件: 2025-08-27_1105701122386952198.json
  - 正在保存动态 1092271829081391105 的步骤2元数据...
  - 所有 5 张图片均已存在，全部跳过。
  - [提取] 读取原始元数据: metadata\step2\2025-07-22_1092271829081391105.json
  - [生成] 写入内容信息文件: 2025-07-22_1092271829081391105.json
  - 正在保存动态 1091661166310064137 的步骤2元数据...
  - 所有 1 张图片均已存在，全部跳过。
  - [提取] 读取原始元数据: metadata\step2\2025-07-20_1091661166310064137.json
  - [生成] 写入内容信息文件: 2025-07-20_1091661166310064137.json
  - 正在保存动态 1089935955247235074 的步骤2元数据...
  - [提取] 读取原始元数据: metadata\step2\2025-07-16_1089935955247235074.json
  - [生成] 写入内容信息文件: 2025-07-16_1089935955247235074.json
  - 正在保存动态 1087639174286147625 的步骤2元数据...
  - 所有 1 张图片均已存在，全部跳过。
  - [提取] 读取原始元数据: metadata\step2\2025-07-09_1087639174286147625.json
  - [生成] 写入内容信息文件: 2025-07-09_1087639174286147625.json
  - 正在保存动态 1087025861495881732 的步骤2元数据...
  - [Live Photo] 发现实况视频 (P1)，正在下载...
  -  正在下载用户 一颗小兔娘_498099165 资源: 2025-07-08_1087025861495881732_1.mp4
  - [Live Photo] 发现实况视频 (P2)，正在下载...
  -  正在下载用户 一颗小兔娘_498099165 资源: 2025-07-08_1087025861495881732_2.mp4
  - [Live Photo] 发现实况视频 (P3)，正在下载...
  -  正在下载用户 一颗小兔娘_498099165 资源: 2025-07-08_1087025861495881732_3.mp4
  - [Live Photo] 发现实况视频 (P4)，正在下载...
  -  正在下载用户 一颗小兔娘_498099165 资源: 2025-07-08_1087025861495881732_4.mp4
  - [Live Photo] 发现实况视频 (P5)，正在下载...
  -  正在下载用户 一颗小兔娘_498099165 资源: 2025-07-08_1087025861495881732_5.mp4
  - [Live Photo] 发现实况视频 (P6)，正在下载...
  -  正在下载用户 一颗小兔娘_498099165 资源: 2025-07-08_1087025861495881732_6.mp4
  - 所有 6 张图片均已存在，全部跳过。
  - [提取] 读取原始元数据: metadata\step2\2025-07-08_1087025861495881732.json
  - [生成] 写入内容信息文件: 2025-07-08_1087025861495881732.json
  - 正在保存动态 1079464988208267268 的步骤2元数据...
  - 所有 3 张图片均已存在，全部跳过。
  - [提取] 读取原始元数据: metadata\step2\2025-06-17_1079464988208267268.json
  - [生成] 写入内容信息文件: 2025-06-17_1079464988208267268.json
  - 正在保存动态 1079369858954559489 的步骤2元数据...
  - 所有 3 张图片均已存在，全部跳过。
  - [提取] 读取原始元数据: metadata\step2\2025-06-17_1079369858954559489.json
  - [生成] 写入内容信息文件: 2025-06-17_1079369858954559489.json
  - 正在保存动态 1077598391143235603 的步骤2元数据...
  - 所有 4 张图片均已存在，全部跳过。
  - [提取] 读取原始元数据: metadata\step2\2025-06-12_1077598391143235603.json
  - [生成] 写入内容信息文件: 2025-06-12_1077598391143235603.json
  - 正在保存动态 1074052848364290055 的步骤2元数据...
  - 所有 1 张图片均已存在，全部跳过。
  - [提取] 读取原始元数据: metadata\step2\2025-06-03_1074052848364290055.json
  - [生成] 写入内容信息文件: 2025-06-03_1074052848364290055.json
  - 正在保存动态 1072122642818924568 的步骤2元数据...
  - 所有 3 张图片均已存在，全部跳过。
  - [提取] 读取原始元数据: metadata\step2\2025-05-29_1072122642818924568.json
  - [生成] 写入内容信息文件: 2025-05-29_1072122642818924568.json
  - 正在保存动态 1070249702093488133 的步骤2元数据...
  - 所有 6 张图片均已存在，全部跳过。
  - [提取] 读取原始元数据: metadata\step2\2025-05-24_1070249702093488133.json
  - [生成] 写入内容信息文件: 2025-05-24_1070249702093488133.json
  - 正在保存动态 1069186057719775235 的步骤2元数据...
  - 所有 2 张图片均已存在，全部跳过。
  - [提取] 读取原始元数据: metadata\step2\2025-05-21_1069186057719775235.json
  - [生成] 写入内容信息文件: 2025-05-21_1069186057719775235.json
  - 正在保存动态 1068188173620740116 的步骤2元数据...
  - 所有 3 张图片均已存在，全部跳过。
  - [提取] 读取原始元数据: metadata\step2\2025-05-18_1068188173620740116.json
  - [生成] 写入内容信息文件: 2025-05-18_1068188173620740116.json
  - 正在保存动态 1050948969433137158 的步骤2元数据...
  - 所有 2 张图片均已存在，全部跳过。
  - [提取] 读取原始元数据: metadata\step2\2025-04-02_1050948969433137158.json
  - [生成] 写入内容信息文件: 2025-04-02_1050948969433137158.json
  - 正在保存动态 1050743820337020929 的步骤2元数据...
  - 所有 1 张图片均已存在，全部跳过。
  - [提取] 读取原始元数据: metadata\step2\2025-04-01_1050743820337020929.json
  - [生成] 写入内容信息文件: 2025-04-01_1050743820337020929.json
  - 正在保存动态 1049272364564480072 的步骤2元数据...
  - 所有 5 张图片均已存在，全部跳过。
  - [提取] 读取原始元数据: metadata\step2\2025-03-28_1049272364564480072.json
  - [生成] 写入内容信息文件: 2025-03-28_1049272364564480072.json
  - 正在保存动态 1048442220384878593 的步骤2元数据...
  - 所有 5 张图片均已存在，全部跳过。
  - [提取] 读取原始元数据: metadata\step2\2025-03-26_1048442220384878593.json
  - [生成] 写入内容信息文件: 2025-03-26_1048442220384878593.json
  - 正在保存动态 1046818950413811716 的步骤2元数据...
  - 所有 4 张图片均已存在，全部跳过。
  - [提取] 读取原始元数据: metadata\step2\2025-03-21_1046818950413811716.json
  - [生成] 写入内容信息文件: 2025-03-21_1046818950413811716.json
  - 正在保存动态 1044013366073360384 的步骤2元数据...
  - 所有 5 张图片均已存在，全部跳过。
  - [提取] 读取原始元数据: metadata\step2\2025-03-14_1044013366073360384.json
  - [生成] 写入内容信息文件: 2025-03-14_1044013366073360384.json
  - 正在保存动态 1042172740674519074 的步骤2元数据...
  - 所有 2 张图片均已存在，全部跳过。
  - [提取] 读取原始元数据: metadata\step2\2025-03-09_1042172740674519074.json
  - [生成] 写入内容信息文件: 2025-03-09_1042172740674519074.json
  - 正在保存动态 1037257146298793987 的步骤2元数据...
  - 所有 1 张图片均已存在，全部跳过。
  - [提取] 读取原始元数据: metadata\step2\2025-02-24_1037257146298793987.json
  - [生成] 写入内容信息文件: 2025-02-24_1037257146298793987.json
  - 正在保存动态 1035766075388592137 的步骤2元数据...
  - 所有 6 张图片均已存在，全部跳过。
  - [提取] 读取原始元数据: metadata\step2\2025-02-20_1035766075388592137.json
  - [生成] 写入内容信息文件: 2025-02-20_1035766075388592137.json
  - 正在保存动态 1031647339181244418 的步骤2元数据...
  - 所有 1 张图片均已存在，全部跳过。
  - [提取] 读取原始元数据: metadata\step2\2025-02-09_1031647339181244418.json
  - [生成] 写入内容信息文件: 2025-02-09_1031647339181244418.json
  - 正在保存动态 1023780367858925584 的步骤2元数据...
  - 所有 1 张图片均已存在，全部跳过。
  - [提取] 读取原始元数据: metadata\step2\2025-01-18_1023780367858925584.json
  - [生成] 写入内容信息文件: 2025-01-18_1023780367858925584.json
  - 正在保存动态 1016002955162157059 的步骤2元数据...
  - 所有 1 张图片均已存在，全部跳过。
  - [提取] 读取原始元数据: metadata\step2\2024-12-28_1016002955162157059.json
  - [生成] 写入内容信息文件: 2024-12-28_1016002955162157059.json
  - 正在保存动态 1011772124605448249 的步骤2元数据...
  - 所有 1 张图片均已存在，全部跳过。
  - [提取] 读取原始元数据: metadata\step2\2024-12-17_1011772124605448249.json
  - [生成] 写入内容信息文件: 2024-12-17_1011772124605448249.json
  - 正在保存动态 1007050997787262977 的步骤2元数据...
  - 所有 3 张图片均已存在，全部跳过。
  - [提取] 读取原始元数据: metadata\step2\2024-12-04_1007050997787262977.json
  - [生成] 写入内容信息文件: 2024-12-04_1007050997787262977.json
  - 正在保存动态 1005991124411613200 的步骤2元数据...
  - 所有 2 张图片均已存在，全部跳过。
  - [提取] 读取原始元数据: metadata\step2\2024-12-01_1005991124411613200.json
  - [生成] 写入内容信息文件: 2024-12-01_1005991124411613200.json
  - 正在保存动态 1002897060013277233 的步骤2元数据...
  - 所有 2 张图片均已存在，全部跳过。
  - [提取] 读取原始元数据: metadata\step2\2024-11-23_1002897060013277233.json
  - [生成] 写入内容信息文件: 2024-11-23_1002897060013277233.json
  - 正在保存动态 1001127739684552744 的步骤2元数据...
  - 所有 2 张图片均已存在，全部跳过。
  - [提取] 读取原始元数据: metadata\step2\2024-11-18_1001127739684552744.json
  - [生成] 写入内容信息文件: 2024-11-18_1001127739684552744.json
  - 正在保存动态 1000383078220169289 的步骤2元数据...
  - 所有 2 张图片均已存在，全部跳过。
  - [提取] 读取原始元数据: metadata\step2\2024-11-16_1000383078220169289.json
  - [生成] 写入内容信息文件: 2024-11-16_1000383078220169289.json
  - 正在保存动态 996812311157014529 的步骤2元数据...
  - 所有 1 张图片均已存在，全部跳过。
  - [提取] 读取原始元数据: metadata\step2\2024-11-07_996812311157014529.json
  - [生成] 写入内容信息文件: 2024-11-07_996812311157014529.json
  - 正在保存动态 994700806461587457 的步骤2元数据...
  - 所有 3 张图片均已存在，全部跳过。
  - [提取] 读取原始元数据: metadata\step2\2024-11-01_994700806461587457.json
  - [生成] 写入内容信息文件: 2024-11-01_994700806461587457.json
  - 正在保存动态 990863875961257987 的步骤2元数据...
  - 所有 4 张图片均已存在，全部跳过。
  - [提取] 读取原始元数据: metadata\step2\2024-10-22_990863875961257987.json
  - [生成] 写入内容信息文件: 2024-10-22_990863875961257987.json
  - 正在保存动态 982096116819427360 的步骤2元数据...
  - 所有 2 张图片均已存在，全部跳过。
  - [提取] 读取原始元数据: metadata\step2\2024-09-28_982096116819427360.json
  - [生成] 写入内容信息文件: 2024-09-28_982096116819427360.json
  - 正在保存动态 981024900429905958 的步骤2元数据...
  - 所有 6 张图片均已存在，全部跳过。
  - [提取] 读取原始元数据: metadata\step2\2024-09-25_981024900429905958.json
  - [生成] 写入内容信息文件: 2024-09-25_981024900429905958.json
  - 正在保存动态 975147233388265475 的步骤2元数据...
  - 所有 4 张图片均已存在，全部跳过。
  - [提取] 读取原始元数据: metadata\step2\2024-09-09_975147233388265475.json
  - [生成] 写入内容信息文件: 2024-09-09_975147233388265475.json
  - 正在保存动态 974851335931297861 的步骤2元数据...
  - 所有 1 张图片均已存在，全部跳过。
  - [提取] 读取原始元数据: metadata\step2\2024-09-09_974851335931297861.json
  - [生成] 写入内容信息文件: 2024-09-09_974851335931297861.json
  - 正在保存动态 974747887338520598 的步骤2元数据...
  - 所有 4 张图片均已存在，全部跳过。
  - [提取] 读取原始元数据: metadata\step2\2024-09-08_974747887338520598.json
  - [生成] 写入内容信息文件: 2024-09-08_974747887338520598.json
  - 正在保存动态 973622940947972100 的步骤2元数据...
  - 所有 3 张图片均已存在，全部跳过。
  - [提取] 读取原始元数据: metadata\step2\2024-09-05_973622940947972100.json
  - [生成] 写入内容信息文件: 2024-09-05_973622940947972100.json
  - 正在保存动态 973619874275262470 的步骤2元数据...
  - 所有 1 张图片均已存在，全部跳过。
  - [提取] 读取原始元数据: metadata\step2\2024-09-05_973619874275262470.json
  - [生成] 写入内容信息文件: 2024-09-05_973619874275262470.json
  - 正在保存动态 972135847136591889 的步骤2元数据...
  - 所有 2 张图片均已存在，全部跳过。
  - [提取] 读取原始元数据: metadata\step2\2024-09-01_972135847136591889.json
  - [生成] 写入内容信息文件: 2024-09-01_972135847136591889.json
  - 正在保存动态 971911417927041028 的步骤2元数据...
  - 所有 6 张图片均已存在，全部跳过。
  - [提取] 读取原始元数据: metadata\step2\2024-09-01_971911417927041028.json
  - [生成] 写入内容信息文件: 2024-09-01_971911417927041028.json
  - 正在保存动态 964365310700290057 的步骤2元数据...
  - 所有 3 张图片均已存在，全部跳过。
  - [提取] 读取原始元数据: metadata\step2\2024-08-11_964365310700290057.json
  - [生成] 写入内容信息文件: 2024-08-11_964365310700290057.json
  - 正在保存动态 962598189343440905 的步骤2元数据...
  - 所有 1 张图片均已存在，全部跳过。
  - [提取] 读取原始元数据: metadata\step2\2024-08-07_962598189343440905.json
  - [生成] 写入内容信息文件: 2024-08-07_962598189343440905.json
  - 正在保存动态 960860900860887049 的步骤2元数据...
  - 所有 6 张图片均已存在，全部跳过。
  - [提取] 读取原始元数据: metadata\step2\2024-08-02_960860900860887049.json
  - [生成] 写入内容信息文件: 2024-08-02_960860900860887049.json
  - 正在保存动态 958367363134128177 的步骤2元数据...
  - 所有 3 张图片均已存在，全部跳过。
  - [提取] 读取原始元数据: metadata\step2\2024-07-26_958367363134128177.json
  - [生成] 写入内容信息文件: 2024-07-26_958367363134128177.json
  - 正在保存动态 957706419204784182 的步骤2元数据...
  - 所有 2 张图片均已存在，全部跳过。
  - [提取] 读取原始元数据: metadata\step2\2024-07-24_957706419204784182.json
  - [生成] 写入内容信息文件: 2024-07-24_957706419204784182.json
  - 正在保存动态 951878019727753216 的步骤2元数据...
  - 所有 9 张图片均已存在，全部跳过。
  - [提取] 读取原始元数据: metadata\step2\2024-07-09_951878019727753216.json
  - [生成] 写入内容信息文件: 2024-07-09_951878019727753216.json
  - 正在保存动态 948779175030816768 的步骤2元数据...
  - 所有 1 张图片均已存在，全部跳过。
  - [提取] 读取原始元数据: metadata\step2\2024-06-30_948779175030816768.json
  - [生成] 写入内容信息文件: 2024-06-30_948779175030816768.json
  - 正在保存动态 946604663132651545 的步骤2元数据...
  - 所有 1 张图片均已存在，全部跳过。
  - [提取] 读取原始元数据: metadata\step2\2024-06-24_946604663132651545.json
  - [生成] 写入内容信息文件: 2024-06-24_946604663132651545.json
  - 正在保存动态 946415835150286856 的步骤2元数据...
  - 所有 2 张图片均已存在，全部跳过。
  - [提取] 读取原始元数据: metadata\step2\2024-06-24_946415835150286856.json
  - [生成] 写入内容信息文件: 2024-06-24_946415835150286856.json
  - 正在保存动态 946141240480497699 的步骤2元数据...
  - 所有 3 张图片均已存在，全部跳过。
  - [提取] 读取原始元数据: metadata\step2\2024-06-23_946141240480497699.json
  - [生成] 写入内容信息文件: 2024-06-23_946141240480497699.json
  - 正在保存动态 945807671837065221 的步骤2元数据...
  - 所有 2 张图片均已存在，全部跳过。
  - [提取] 读取原始元数据: metadata\step2\2024-06-22_945807671837065221.json
  - [生成] 写入内容信息文件: 2024-06-22_945807671837065221.json
  - 正在保存动态 943855879760904194 的步骤2元数据...
  - 所有 2 张图片均已存在，全部跳过。
  - [提取] 读取原始元数据: metadata\step2\2024-06-17_943855879760904194.json
  - [生成] 写入内容信息文件: 2024-06-17_943855879760904194.json
  - 正在保存动态 939930820866473986 的步骤2元数据...
  - 所有 4 张图片均已存在，全部跳过。
  - [提取] 读取原始元数据: metadata\step2\2024-06-06_939930820866473986.json
  - [生成] 写入内容信息文件: 2024-06-06_939930820866473986.json
  - 正在保存动态 938687371979784197 的步骤2元数据...
  - 所有 4 张图片均已存在，全部跳过。
  - [提取] 读取原始元数据: metadata\step2\2024-06-03_938687371979784197.json
  - [生成] 写入内容信息文件: 2024-06-03_938687371979784197.json
  - 正在保存动态 938404754773508098 的步骤2元数据...
  - 所有 1 张图片均已存在，全部跳过。
  - [提取] 读取原始元数据: metadata\step2\2024-06-02_938404754773508098.json
  - [生成] 写入内容信息文件: 2024-06-02_938404754773508098.json
  - 正在保存动态 938267362831892504 的步骤2元数据...
  - 所有 6 张图片均已存在，全部跳过。
  - [提取] 读取原始元数据: metadata\step2\2024-06-02_938267362831892504.json
  - [生成] 写入内容信息文件: 2024-06-02_938267362831892504.json
  - 正在保存动态 935473538380333095 的步骤2元数据...
  - 所有 4 张图片均已存在，全部跳过。
  - [提取] 读取原始元数据: metadata\step2\2024-05-25_935473538380333095.json
  - [生成] 写入内容信息文件: 2024-05-25_935473538380333095.json
  - 正在保存动态 925083883380146195 的步骤2元数据...
  - 所有 3 张图片均已存在，全部跳过。
  - [提取] 读取原始元数据: metadata\step2\2024-04-27_925083883380146195.json
  - [生成] 写入内容信息文件: 2024-04-27_925083883380146195.json
  - 正在保存动态 924049041073897478 的步骤2元数据...
  - 所有 2 张图片均已存在，全部跳过。
  - [提取] 读取原始元数据: metadata\step2\2024-04-25_924049041073897478.json
  - [生成] 写入内容信息文件: 2024-04-25_924049041073897478.json
  - 正在保存动态 922051035220934694 的步骤2元数据...
  - 所有 6 张图片均已存在，全部跳过。
  - [提取] 读取原始元数据: metadata\step2\2024-04-19_922051035220934694.json
  - [生成] 写入内容信息文件: 2024-04-19_922051035220934694.json
  - 正在保存动态 919261419562598407 的步骤2元数据...
  - 所有 3 张图片均已存在，全部跳过。
  - [提取] 读取原始元数据: metadata\step2\2024-04-12_919261419562598407.json
  - [生成] 写入内容信息文件: 2024-04-12_919261419562598407.json
  - 正在保存动态 918996652022300709 的步骤2元数据...
  - 所有 4 张图片均已存在，全部跳过。
  - [提取] 读取原始元数据: metadata\step2\2024-04-11_918996652022300709.json
  - [生成] 写入内容信息文件: 2024-04-11_918996652022300709.json
  - 正在保存动态 918837656606998528 的步骤2元数据...
  - 所有 4 张图片均已存在，全部跳过。
  - [提取] 读取原始元数据: metadata\step2\2024-04-11_918837656606998528.json
  - [生成] 写入内容信息文件: 2024-04-11_918837656606998528.json
  - 正在保存动态 909742243055665202 的步骤2元数据...
  - 所有 2 张图片均已存在，全部跳过。
  - [提取] 读取原始元数据: metadata\step2\2024-03-17_909742243055665202.json
  - [生成] 写入内容信息文件: 2024-03-17_909742243055665202.json
  - 正在保存动态 908052830530568194 的步骤2元数据...
  - 所有 2 张图片均已存在，全部跳过。
  - [提取] 读取原始元数据: metadata\step2\2024-03-13_908052830530568194.json
  - [生成] 写入内容信息文件: 2024-03-13_908052830530568194.json
  - 正在保存动态 907160929046626352 的步骤2元数据...
  - 所有 4 张图片均已存在，全部跳过。
  - [提取] 读取原始元数据: metadata\step2\2024-03-10_907160929046626352.json
  - [生成] 写入内容信息文件: 2024-03-10_907160929046626352.json
  - 正在保存动态 906267421201924098 的步骤2元数据...
  - 所有 1 张图片均已存在，全部跳过。
  - [提取] 读取原始元数据: metadata\step2\2024-03-08_906267421201924098.json
  - [生成] 写入内容信息文件: 2024-03-08_906267421201924098.json
  - 正在保存动态 904988714976935968 的步骤2元数据...
  - 所有 8 张图片均已存在，全部跳过。
  - [提取] 读取原始元数据: metadata\step2\2024-03-04_904988714976935968.json
  - [生成] 写入内容信息文件: 2024-03-04_904988714976935968.json
  - 正在保存动态 903478664611496068 的步骤2元数据...
  - 所有 1 张图片均已存在，全部跳过。
  - [提取] 读取原始元数据: metadata\step2\2024-02-29_903478664611496068.json
  - [生成] 写入内容信息文件: 2024-02-29_903478664611496068.json
  - 正在保存动态 902898350099005442 的步骤2元数据...
  - 所有 4 张图片均已存在，全部跳过。
  - [提取] 读取原始元数据: metadata\step2\2024-02-28_902898350099005442.json
  - [生成] 写入内容信息文件: 2024-02-28_902898350099005442.json
  - 正在保存动态 902873718473097222 的步骤2元数据...
  - 所有 6 张图片均已存在，全部跳过。
  - [提取] 读取原始元数据: metadata\step2\2024-02-28_902873718473097222.json
  - [生成] 写入内容信息文件: 2024-02-28_902873718473097222.json
  - 正在保存动态 901702768638558227 的步骤2元数据...
  - 所有 2 张图片均已存在，全部跳过。
  - [提取] 读取原始元数据: metadata\step2\2024-02-24_901702768638558227.json
  - [生成] 写入内容信息文件: 2024-02-24_901702768638558227.json
  - 正在保存动态 899394730539876385 的步骤2元数据...
  - 所有 7 张图片均已存在，全部跳过。
  - [提取] 读取原始元数据: metadata\step2\2024-02-18_899394730539876385.json
  - [生成] 写入内容信息文件: 2024-02-18_899394730539876385.json
  - 正在保存动态 897547435035852838 的步骤2元数据...
  - 所有 1 张图片均已存在，全部跳过。
  - [提取] 读取原始元数据: metadata\step2\2024-02-13_897547435035852838.json
  - [生成] 写入内容信息文件: 2024-02-13_897547435035852838.json
  - 正在保存动态 896834109692706820 的步骤2元数据...
  - 所有 9 张图片均已存在，全部跳过。
  - [提取] 读取原始元数据: metadata\step2\2024-02-11_896834109692706820.json
  - [生成] 写入内容信息文件: 2024-02-11_896834109692706820.json
  - 正在保存动态 895319807303352326 的步骤2元数据...
  - 所有 1 张图片均已存在，全部跳过。
  - [提取] 读取原始元数据: metadata\step2\2024-02-07_895319807303352326.json
  - [生成] 写入内容信息文件: 2024-02-07_895319807303352326.json
  - 正在保存动态 893946538755096585 的步骤2元数据...
  - 所有 2 张图片均已存在，全部跳过。
  - [提取] 读取原始元数据: metadata\step2\2024-02-04_893946538755096585.json
  - [生成] 写入内容信息文件: 2024-02-04_893946538755096585.json
  - 正在保存动态 888648821141143601 的步骤2元数据...
  - 所有 2 张图片均已存在，全部跳过。
  - [提取] 读取原始元数据: metadata\step2\2024-01-20_888648821141143601.json
  - [生成] 写入内容信息文件: 2024-01-20_888648821141143601.json
  - 正在保存动态 887998777836699648 的步骤2元数据...
  - 所有 5 张图片均已存在，全部跳过。
  - [提取] 读取原始元数据: metadata\step2\2024-01-18_887998777836699648.json
  - [生成] 写入内容信息文件: 2024-01-18_887998777836699648.json
  - 正在保存动态 887553595858223122 的步骤2元数据...
  - 所有 4 张图片均已存在，全部跳过。
  - [提取] 读取原始元数据: metadata\step2\2024-01-17_887553595858223122.json
  - [生成] 写入内容信息文件: 2024-01-17_887553595858223122.json
  - 正在保存动态 887178971630796819 的步骤2元数据...
  - 所有 8 张图片均已存在，全部跳过。
  - [提取] 读取原始元数据: metadata\step2\2024-01-16_887178971630796819.json
  - [生成] 写入内容信息文件: 2024-01-16_887178971630796819.json
  - 正在保存动态 885554404565975072 的步骤2元数据...
  - 所有 2 张图片均已存在，全部跳过。
  - [提取] 读取原始元数据: metadata\step2\2024-01-12_885554404565975072.json
  - [生成] 写入内容信息文件: 2024-01-12_885554404565975072.json
  - 正在保存动态 884834151443726376 的步骤2元数据...
  - 所有 4 张图片均已存在，全部跳过。
  - [提取] 读取原始元数据: metadata\step2\2024-01-10_884834151443726376.json
  - [生成] 写入内容信息文件: 2024-01-10_884834151443726376.json
  - 正在保存动态 883859228197912627 的步骤2元数据...
  - 所有 2 张图片均已存在，全部跳过。
  - [提取] 读取原始元数据: metadata\step2\2024-01-07_883859228197912627.json
  - [生成] 写入内容信息文件: 2024-01-07_883859228197912627.json
  - 正在保存动态 882768628629372929 的步骤2元数据...
  - 所有 6 张图片均已存在，全部跳过。
  - [提取] 读取原始元数据: metadata\step2\2024-01-04_882768628629372929.json
  - [生成] 写入内容信息文件: 2024-01-04_882768628629372929.json
  - 正在保存动态 882499385730007043 的步骤2元数据...
  - 所有 6 张图片均已存在，全部跳过。
  - [提取] 读取原始元数据: metadata\step2\2024-01-04_882499385730007043.json
  - [生成] 写入内容信息文件: 2024-01-04_882499385730007043.json
  - 正在保存动态 881248223123996752 的步骤2元数据...
  - 所有 7 张图片均已存在，全部跳过。
  - [提取] 读取原始元数据: metadata\step2\2023-12-31_881248223123996752.json
  - [生成] 写入内容信息文件: 2023-12-31_881248223123996752.json
  - 正在保存动态 879463367860813829 的步骤2元数据...
  - 所有 6 张图片均已存在，全部跳过。
  - [提取] 读取原始元数据: metadata\step2\2023-12-26_879463367860813829.json
  - [生成] 写入内容信息文件: 2023-12-26_879463367860813829.json
  - 正在保存动态 878697463514398802 的步骤2元数据...
  - 所有 3 张图片均已存在，全部跳过。
  - [提取] 读取原始元数据: metadata\step2\2023-12-24_878697463514398802.json
  - [生成] 写入内容信息文件: 2023-12-24_878697463514398802.json
  - 正在保存动态 875065231137570822 的步骤2元数据...
  - 所有 3 张图片均已存在，全部跳过。
  - [提取] 读取原始元数据: metadata\step2\2023-12-15_875065231137570822.json
  - [生成] 写入内容信息文件: 2023-12-15_875065231137570822.json
  - 正在保存动态 873873691248689158 的步骤2元数据...
  - 所有 8 张图片均已存在，全部跳过。
  - [提取] 读取原始元数据: metadata\step2\2023-12-11_873873691248689158.json
  - [生成] 写入内容信息文件: 2023-12-11_873873691248689158.json
  - 正在保存动态 872445889508016148 的步骤2元数据...
  - 所有 4 张图片均已存在，全部跳过。
  - [提取] 读取原始元数据: metadata\step2\2023-12-08_872445889508016148.json
  - [生成] 写入内容信息文件: 2023-12-08_872445889508016148.json
  - 正在保存动态 871641085638606950 的步骤2元数据...
  - 所有 4 张图片均已存在，全部跳过。
  - [提取] 读取原始元数据: metadata\step2\2023-12-05_871641085638606950.json
  - [生成] 写入内容信息文件: 2023-12-05_871641085638606950.json
  - 正在保存动态 869336749773422611 的步骤2元数据...
  - 所有 9 张图片均已存在，全部跳过。
  - [提取] 读取原始元数据: metadata\step2\2023-11-29_869336749773422611.json
  - [生成] 写入内容信息文件: 2023-11-29_869336749773422611.json
  - 正在保存动态 863765730510766149 的步骤2元数据...
  - 所有 2 张图片均已存在，全部跳过。
  - [提取] 读取原始元数据: metadata\step2\2023-11-14_863765730510766149.json
  - [生成] 写入内容信息文件: 2023-11-14_863765730510766149.json
  - 正在保存动态 862201769723166737 的步骤2元数据...
  - 所有 4 张图片均已存在，全部跳过。
  - [提取] 读取原始元数据: metadata\step2\2023-11-10_862201769723166737.json
  - [生成] 写入内容信息文件: 2023-11-10_862201769723166737.json
  - 正在保存动态 861493997773783056 的步骤2元数据...
  - 所有 5 张图片均已存在，全部跳过。
  - [提取] 读取原始元数据: metadata\step2\2023-11-08_861493997773783056.json
  - [生成] 写入内容信息文件: 2023-11-08_861493997773783056.json
  - 正在保存动态 860134971337080866 的步骤2元数据...
  - 所有 4 张图片均已存在，全部跳过。
  - [提取] 读取原始元数据: metadata\step2\2023-11-04_860134971337080866.json
  - [生成] 写入内容信息文件: 2023-11-04_860134971337080866.json
  - 正在保存动态 859023631368323073 的步骤2元数据...
  - 所有 2 张图片均已存在，全部跳过。
  - [提取] 读取原始元数据: metadata\step2\2023-11-01_859023631368323073.json
  - [生成] 写入内容信息文件: 2023-11-01_859023631368323073.json
  - 正在保存动态 857750719010177028 的步骤2元数据...
  - 所有 4 张图片均已存在，全部跳过。
  - [提取] 读取原始元数据: metadata\step2\2023-10-29_857750719010177028.json
  - [生成] 写入内容信息文件: 2023-10-29_857750719010177028.json
  - 正在保存动态 856145981816700932 的步骤2元数据...
  - 所有 6 张图片均已存在，全部跳过。
  - [提取] 读取原始元数据: metadata\step2\2023-10-25_856145981816700932.json
  - [生成] 写入内容信息文件: 2023-10-25_856145981816700932.json
  - 正在保存动态 855320209914855446 的步骤2元数据...
  - 所有 9 张图片均已存在，全部跳过。
  - [提取] 读取原始元数据: metadata\step2\2023-10-22_855320209914855446.json
  - [生成] 写入内容信息文件: 2023-10-22_855320209914855446.json
  - 正在保存动态 852002407812431910 的步骤2元数据...
  - 所有 6 张图片均已存在，全部跳过。
  - [提取] 读取原始元数据: metadata\step2\2023-10-13_852002407812431910.json
  - [生成] 写入内容信息文件: 2023-10-13_852002407812431910.json
  - 正在保存动态 851934629176803330 的步骤2元数据...
  - 所有 4 张图片均已存在，全部跳过。
  - [提取] 读取原始元数据: metadata\step2\2023-10-13_851934629176803330.json
  - [生成] 写入内容信息文件: 2023-10-13_851934629176803330.json
  - 正在保存动态 850366411817615398 的步骤2元数据...
  - 所有 9 张图片均已存在，全部跳过。
  - [提取] 读取原始元数据: metadata\step2\2023-10-09_850366411817615398.json
  - [生成] 写入内容信息文件: 2023-10-09_850366411817615398.json
  - 正在保存动态 849967091525091331 的步骤2元数据...
  - 所有 7 张图片均已存在，全部跳过。
  - [提取] 读取原始元数据: metadata\step2\2023-10-08_849967091525091331.json
  - [生成] 写入内容信息文件: 2023-10-08_849967091525091331.json
  - 正在保存动态 849800485437177906 的步骤2元数据...
  - 所有 4 张图片均已存在，全部跳过。
  - [提取] 读取原始元数据: metadata\step2\2023-10-08_849800485437177906.json
  - [生成] 写入内容信息文件: 2023-10-08_849800485437177906.json
  - 正在保存动态 849394447833628739 的步骤2元数据...
  - 所有 2 张图片均已存在，全部跳过。
  - [提取] 读取原始元数据: metadata\step2\2023-10-06_849394447833628739.json
  - [生成] 写入内容信息文件: 2023-10-06_849394447833628739.json
  - 正在保存动态 847220992502661144 的步骤2元数据...
  - 所有 3 张图片均已存在，全部跳过。
  - [提取] 读取原始元数据: metadata\step2\2023-10-01_847220992502661144.json
  - [生成] 写入内容信息文件: 2023-10-01_847220992502661144.json
  - 正在保存动态 844873195886477345 的步骤2元数据...
  - 所有 4 张图片均已存在，全部跳过。
  - [提取] 读取原始元数据: metadata\step2\2023-09-24_844873195886477345.json
  - [生成] 写入内容信息文件: 2023-09-24_844873195886477345.json
  - 正在保存动态 842432219951661062 的步骤2元数据...
  - 所有 3 张图片均已存在，全部跳过。
  - [提取] 读取原始元数据: metadata\step2\2023-09-18_842432219951661062.json
  - [生成] 写入内容信息文件: 2023-09-18_842432219951661062.json
  - 正在保存动态 841271672524767239 的步骤2元数据...
  - 所有 2 张图片均已存在，全部跳过。
  - [提取] 读取原始元数据: metadata\step2\2023-09-15_841271672524767239.json
  - [生成] 写入内容信息文件: 2023-09-15_841271672524767239.json
  - 正在保存动态 840483717840371729 的步骤2元数据...
  - 所有 5 张图片均已存在，全部跳过。
  - [提取] 读取原始元数据: metadata\step2\2023-09-12_840483717840371729.json
  - [生成] 写入内容信息文件: 2023-09-12_840483717840371729.json
  - 正在保存动态 837894625664434212 的步骤2元数据...
  - 所有 9 张图片均已存在，全部跳过。
  - [提取] 读取原始元数据: metadata\step2\2023-09-05_837894625664434212.json
  - [生成] 写入内容信息文件: 2023-09-05_837894625664434212.json
  - 正在保存动态 834980709386944518 的步骤2元数据...
  - 所有 6 张图片均已存在，全部跳过。
  - [提取] 读取原始元数据: metadata\step2\2023-08-29_834980709386944518.json
  - [生成] 写入内容信息文件: 2023-08-29_834980709386944518.json
  - 正在保存动态 829186373288198150 的步骤2元数据...
  - 所有 4 张图片均已存在，全部跳过。
  - [提取] 读取原始元数据: metadata\step2\2023-08-13_829186373288198150.json
  - [生成] 写入内容信息文件: 2023-08-13_829186373288198150.json
  - 正在保存动态 827101454431944722 的步骤2元数据...
  - 所有 2 张图片均已存在，全部跳过。
  - [提取] 读取原始元数据: metadata\step2\2023-08-07_827101454431944722.json
  - [生成] 写入内容信息文件: 2023-08-07_827101454431944722.json
  - 正在保存动态 825860114409848946 的步骤2元数据...
  - 所有 4 张图片均已存在，全部跳过。
  - [提取] 读取原始元数据: metadata\step2\2023-08-04_825860114409848946.json
  - [生成] 写入内容信息文件: 2023-08-04_825860114409848946.json
  - 正在保存动态 824550523033092136 的步骤2元数据...
  - 所有 4 张图片均已存在，全部跳过。
  - [提取] 读取原始元数据: metadata\step2\2023-07-31_824550523033092136.json
  - [生成] 写入内容信息文件: 2023-07-31_824550523033092136.json
  - 正在保存动态 823426074836729888 的步骤2元数据...
  - 所有 1 张图片均已存在，全部跳过。
  - [提取] 读取原始元数据: metadata\step2\2023-07-28_823426074836729888.json
  - [生成] 写入内容信息文件: 2023-07-28_823426074836729888.json
  - 正在保存动态 818584353892204584 的步骤2元数据...
  - 所有 2 张图片均已存在，全部跳过。
  - [提取] 读取原始元数据: metadata\step2\2023-07-15_818584353892204584.json
  - [生成] 写入内容信息文件: 2023-07-15_818584353892204584.json
  - 正在保存动态 817002388607991827 的步骤2元数据...
  - 所有 2 张图片均已存在，全部跳过。
  - [提取] 读取原始元数据: metadata\step2\2023-07-11_817002388607991827.json
  - [生成] 写入内容信息文件: 2023-07-11_817002388607991827.json
  - 正在保存动态 815606696035483721 的步骤2元数据...
  - 所有 2 张图片均已存在，全部跳过。
  - [提取] 读取原始元数据: metadata\step2\2023-07-07_815606696035483721.json
  - [生成] 写入内容信息文件: 2023-07-07_815606696035483721.json
  - 正在保存动态 811950094263779364 的步骤2元数据...
  - 所有 4 张图片均已存在，全部跳过。
  - [提取] 读取原始元数据: metadata\step2\2023-06-28_811950094263779364.json
  - [生成] 写入内容信息文件: 2023-06-28_811950094263779364.json
  - 正在保存动态 807038081643315222 的步骤2元数据...
  - 所有 1 张图片均已存在，全部跳过。
  - [提取] 读取原始元数据: metadata\step2\2023-06-14_807038081643315222.json
  - [生成] 写入内容信息文件: 2023-06-14_807038081643315222.json
  - 正在保存动态 801188022649356320 的步骤2元数据...
  - 所有 3 张图片均已存在，全部跳过。
  - [提取] 读取原始元数据: metadata\step2\2023-05-30_801188022649356320.json
  - [生成] 写入内容信息文件: 2023-05-30_801188022649356320.json
  - 正在保存动态 793758459624423449 的步骤2元数据...
  - 所有 2 张图片均已存在，全部跳过。
  - [提取] 读取原始元数据: metadata\step2\2023-05-10_793758459624423449.json
  - [生成] 写入内容信息文件: 2023-05-10_793758459624423449.json
  - 正在保存动态 793750848933986336 的步骤2元数据...
  - 所有 2 张图片均已存在，全部跳过。
  - [提取] 读取原始元数据: metadata\step2\2023-05-09_793750848933986336.json
  - [生成] 写入内容信息文件: 2023-05-09_793750848933986336.json
  - 正在保存动态 792899693794295877 的步骤2元数据...
  - 所有 9 张图片均已存在，全部跳过。
  - [提取] 读取原始元数据: metadata\step2\2023-05-07_792899693794295877.json
  - [生成] 写入内容信息文件: 2023-05-07_792899693794295877.json
  - 正在保存动态 788977813122187271 的步骤2元数据...
  - 所有 6 张图片均已存在，全部跳过。
  - [提取] 读取原始元数据: metadata\step2\2023-04-27_788977813122187271.json
  - [生成] 写入内容信息文件: 2023-04-27_788977813122187271.json
  - 正在保存动态 786353549405585444 的步骤2元数据...
  - 所有 4 张图片均已存在，全部跳过。
  - [提取] 读取原始元数据: metadata\step2\2023-04-20_786353549405585444.json
  - [生成] 写入内容信息文件: 2023-04-20_786353549405585444.json
  - 正在保存动态 780378322213273602 的步骤2元数据...
  - 所有 3 张图片均已存在，全部跳过。
  - [提取] 读取原始元数据: metadata\step2\2023-04-03_780378322213273602.json
  - [生成] 写入内容信息文件: 2023-04-03_780378322213273602.json
  - 正在保存动态 777854371796877320 的步骤2元数据...
  - 所有 4 张图片均已存在，全部跳过。
  - [提取] 读取原始元数据: metadata\step2\2023-03-28_777854371796877320.json
  - [生成] 写入内容信息文件: 2023-03-28_777854371796877320.json
  - 正在保存动态 774361558334570496 的步骤2元数据...
  - 所有 2 张图片均已存在，全部跳过。
  - [提取] 读取原始元数据: metadata\step2\2023-03-18_774361558334570496.json
  - [生成] 写入内容信息文件: 2023-03-18_774361558334570496.json
  - 正在保存动态 773653292446122053 的步骤2元数据...
  - 所有 3 张图片均已存在，全部跳过。
  - [提取] 读取原始元数据: metadata\step2\2023-03-16_773653292446122053.json
  - [生成] 写入内容信息文件: 2023-03-16_773653292446122053.json
  - 正在保存动态 772893761877311494 的步骤2元数据...
  - 所有 3 张图片均已存在，全部跳过。
  - [提取] 读取原始元数据: metadata\step2\2023-03-14_772893761877311494.json
  - [生成] 写入内容信息文件: 2023-03-14_772893761877311494.json
  - 正在保存动态 770188482209382425 的步骤2元数据...
  - 所有 4 张图片均已存在，全部跳过。
  - [提取] 读取原始元数据: metadata\step2\2023-03-07_770188482209382425.json
  - [生成] 写入内容信息文件: 2023-03-07_770188482209382425.json
  - 正在保存动态 761481965024051202 的步骤2元数据...
  - 所有 2 张图片均已存在，全部跳过。
  - [提取] 读取原始元数据: metadata\step2\2023-02-12_761481965024051202.json
  - [生成] 写入内容信息文件: 2023-02-12_761481965024051202.json
  - 正在保存动态 758888397512114233 的步骤2元数据...
  - 所有 4 张图片均已存在，全部跳过。
  - [提取] 读取原始元数据: metadata\step2\2023-02-05_758888397512114233.json
  - [生成] 写入内容信息文件: 2023-02-05_758888397512114233.json
  - 正在保存动态 755564165837357076 的步骤2元数据...
  - 所有 9 张图片均已存在，全部跳过。
  - [提取] 读取原始元数据: metadata\step2\2023-01-27_755564165837357076.json
  - [生成] 写入内容信息文件: 2023-01-27_755564165837357076.json
  - 正在保存动态 752952696834621440 的步骤2元数据...
  - 所有 6 张图片均已存在，全部跳过。
  - [提取] 读取原始元数据: metadata\step2\2023-01-20_752952696834621440.json
  - [生成] 写入内容信息文件: 2023-01-20_752952696834621440.json
  - 正在保存动态 750189641302278163 的步骤2元数据...
  - 所有 4 张图片均已存在，全部跳过。
  - [提取] 读取原始元数据: metadata\step2\2023-01-12_750189641302278163.json
  - [生成] 写入内容信息文件: 2023-01-12_750189641302278163.json
  - 正在保存动态 747600690842435625 的步骤2元数据...
  - 所有 4 张图片均已存在，全部跳过。
  - [提取] 读取原始元数据: metadata\step2\2023-01-05_747600690842435625.json
  - [生成] 写入内容信息文件: 2023-01-05_747600690842435625.json
  - 正在保存动态 740153616997810176 的步骤2元数据...
  - 所有 1 张图片均已存在，全部跳过。
  - [提取] 读取原始元数据: metadata\step2\2022-12-16_740153616997810176.json
  - [生成] 写入内容信息文件: 2022-12-16_740153616997810176.json
  - 正在保存动态 728652566421831703 的步骤2元数据...
  - 所有 5 张图片均已存在，全部跳过。
  - [提取] 读取原始元数据: metadata\step2\2022-11-15_728652566421831703.json
  - [生成] 写入内容信息文件: 2022-11-15_728652566421831703.json
  - 正在保存动态 724270248093548578 的步骤2元数据...
  - 所有 5 张图片均已存在，全部跳过。
  - [提取] 读取原始元数据: metadata\step2\2022-11-03_724270248093548578.json
  - [生成] 写入内容信息文件: 2022-11-03_724270248093548578.json
  - 正在保存动态 721239513017352209 的步骤2元数据...
  - 所有 4 张图片均已存在，全部跳过。
  - [提取] 读取原始元数据: metadata\step2\2022-10-26_721239513017352209.json
  - [生成] 写入内容信息文件: 2022-10-26_721239513017352209.json

>>>>>>>>> 完成用户 '一颗小兔娘_498099165' 的处理，总耗时: 0h 8m 44.86s <<<<<<<<<
  - 本次处理动态数: 161
  - 成功下载图片数: 20
  - 成功下载实况图片(live photo)数: 10
  - 下载失败项目数: 0
>>>>>>>>>>>>>>>>>>>>>>>>>>>>>>>>>>>>>>>>>>>>>>>>>>>>>>>>>>>>>>>>

所有任务已完成！
详细运行日志已保存到: c:\Computer\my_github\github_python\gallery-dl-assitance\gallery-dl-assistance\log\2025-12\run_log_2025-12-14_17-06-59.log
处理摘要日志已保存到: c:\Computer\my_github\github_python\gallery-dl-assitance\gallery-dl-assistance\log\processing_time_log.json
