程序启动于: 2025-12-13_17-18-59
----------------------------------------
正在从 'config.py' 的 USERS_ID 列表读取用户 ID...

>>>>>>>>> 开始处理用户ID: 35117822 (https://space.bilibili.com/35117822/article) <<<<<<<<<

[步骤1] 使用 'ITERATIVE' 模式，正在准备迭代获取动态 URL...

[步骤2] 开始处理用户 35117822 的动态...

用户识别为: '好喜欢蜜桃四季春'
文件将保存至: C:\Base1.5-美女图片\bili\gallery-dl\bilibili_images\好喜欢蜜桃四季春
  - 正在保存动态 1144737216847675413 的步骤2元数据...
  -  正在下载用户 好喜欢蜜桃四季春 图片: 2025-12-10_1144737216847675413_1.png
  - 下载失败: 412 Client Error: Precondition Failed for url: http://i0.hdslb.com/bfs/new_dyn/c3791cc032e3ba616acc6146f0e81a6f35117822.png
  - 5秒后重试... (尝试 2/3)
  - 下载失败: 412 Client Error: Precondition Failed for url: http://i0.hdslb.com/bfs/new_dyn/c3791cc032e3ba616acc6146f0e81a6f35117822.png
  - 5秒后重试... (尝试 3/3)
  - 下载失败: 412 Client Error: Precondition Failed for url: http://i0.hdslb.com/bfs/new_dyn/c3791cc032e3ba616acc6146f0e81a6f35117822.png
  - 所有重试均失败，跳过此图片。
  -  正在下载用户 好喜欢蜜桃四季春 图片: 2025-12-10_1144737216847675413_2.png
  - 下载失败: 412 Client Error: Precondition Failed for url: http://i0.hdslb.com/bfs/new_dyn/1171622d4f07d298c42711deeba1fe5c35117822.png
  - 5秒后重试... (尝试 2/3)
  - 下载失败: 412 Client Error: Precondition Failed for url: http://i0.hdslb.com/bfs/new_dyn/1171622d4f07d298c42711deeba1fe5c35117822.png
  - 5秒后重试... (尝试 3/3)


程序被用户中断。正在退出...
