程序启动于: 2025-12-14_17-49-13
----------------------------------------
正在从 'config.py' 的 USERS_ID 列表读取用户 ID...

>>>>>>>>> 开始处理用户ID: 210752 (https://space.bilibili.com/210752/article) <<<<<<<<<

[步骤1] 使用 'ITERATIVE' 模式，正在准备迭代获取动态 URL...

  - 检测到 'undownloaded.json'，正在尝试重新下载 真栗_210752 的失败项目...
  -  正在下载用户 真栗 资源: 2022-07-10_681173511081820192_1.jpg
  - 下载失败 (状态码 Unknown): 404 Client Error: Not Found for url: https://i0.hdslb.com/bfs/new_dyn/de217976227df36efc7bd9ee70cb1535210752.jpg
  - 5秒后重试... (尝试 2/3)
  - 下载失败 (状态码 Unknown): 404 Client Error: Not Found for url: https://i0.hdslb.com/bfs/new_dyn/de217976227df36efc7bd9ee70cb1535210752.jpg
  - 5秒后重试... (尝试 3/3)
  - 下载失败 (状态码 Unknown): 404 Client Error: Not Found for url: https://i0.hdslb.com/bfs/new_dyn/de217976227df36efc7bd9ee70cb1535210752.jpg
  - 所有重试均失败，跳过此文件。
  - 重试完成: 0 个成功 (图片:0/实况图片:0), 1 个失败。

[步骤2] 开始处理用户 210752 的动态...
  - 正在保存动态 1145447488438665236 的步骤2元数据...
  -  正在下载用户 真栗_210752 资源: 2025-12-12_1145447488438665236_1.jpg
  -  正在下载用户 真栗_210752 资源: 2025-12-12_1145447488438665236_2.png
  - [提取] 读取原始元数据: metadata\step2\2025-12-12_1145447488438665236.json
  - [生成] 写入内容信息文件: 2025-12-12_1145447488438665236.json
  - 正在保存动态 1144407234495643654 的步骤2元数据...
  -  正在下载用户 真栗_210752 资源: 2025-12-09_1144407234495643654_1.jpg
  - [提取] 读取原始元数据: metadata\step2\2025-12-09_1144407234495643654.json
  - [生成] 写入内容信息文件: 2025-12-09_1144407234495643654.json
  - 正在保存动态 1143196070907478025 的步骤2元数据...
  -  正在下载用户 真栗_210752 资源: 2025-12-06_1143196070907478025_1.jpg
  -  正在下载用户 真栗_210752 资源: 2025-12-06_1143196070907478025_2.png
  - [提取] 读取原始元数据: metadata\step2\2025-12-06_1143196070907478025.json
  - [生成] 写入内容信息文件: 2025-12-06_1143196070907478025.json
  - 正在保存动态 1142562597600493609 的步骤2元数据...
  -  正在下载用户 真栗_210752 资源: 2025-12-04_1142562597600493609_1.jpg
  -  正在下载用户 真栗_210752 资源: 2025-12-04_1142562597600493609_2.jpg
  -  正在下载用户 真栗_210752 资源: 2025-12-04_1142562597600493609_3.jpg
  - [提取] 读取原始元数据: metadata\step2\2025-12-04_1142562597600493609.json
  - [生成] 写入内容信息文件: 2025-12-04_1142562597600493609.json
  - 正在保存动态 1138010383222571009 的步骤2元数据...
  -  正在下载用户 真栗_210752 资源: 2025-11-22_1138010383222571009_1.jpg
  -  正在下载用户 真栗_210752 资源: 2025-11-22_1138010383222571009_2.jpg
  -  正在下载用户 真栗_210752 资源: 2025-11-22_1138010383222571009_3.jpg
  - [提取] 读取原始元数据: metadata\step2\2025-11-22_1138010383222571009.json
  - [生成] 写入内容信息文件: 2025-11-22_1138010383222571009.json
  - 正在保存动态 1135418589518495781 的步骤2元数据...
  -  正在下载用户 真栗_210752 资源: 2025-11-15_1135418589518495781_1.jpg
  -  正在下载用户 真栗_210752 资源: 2025-11-15_1135418589518495781_2.jpg
  -  正在下载用户 真栗_210752 资源: 2025-11-15_1135418589518495781_3.jpg
  -  正在下载用户 真栗_210752 资源: 2025-11-15_1135418589518495781_4.jpg
  -  正在下载用户 真栗_210752 资源: 2025-11-15_1135418589518495781_5.jpg
  -  正在下载用户 真栗_210752 资源: 2025-11-15_1135418589518495781_6.jpg
  - [提取] 读取原始元数据: metadata\step2\2025-11-15_1135418589518495781.json
  - [生成] 写入内容信息文件: 2025-11-15_1135418589518495781.json
  - 正在保存动态 1135375090051973141 的步骤2元数据...
  -  正在下载用户 真栗_210752 资源: 2025-11-15_1135375090051973141_1.jpg
  - [提取] 读取原始元数据: metadata\step2\2025-11-15_1135375090051973141.json
  - [生成] 写入内容信息文件: 2025-11-15_1135375090051973141.json
  - 正在保存动态 1134787624406351875 的步骤2元数据...
  -  正在下载用户 真栗_210752 资源: 2025-11-14_1134787624406351875_1.jpg
  -  正在下载用户 真栗_210752 资源: 2025-11-14_1134787624406351875_2.jpg
  -  正在下载用户 真栗_210752 资源: 2025-11-14_1134787624406351875_3.jpg
  -  正在下载用户 真栗_210752 资源: 2025-11-14_1134787624406351875_4.jpg
  -  正在下载用户 真栗_210752 资源: 2025-11-14_1134787624406351875_5.jpg
  -  正在下载用户 真栗_210752 资源: 2025-11-14_1134787624406351875_6.jpg
  -  正在下载用户 真栗_210752 资源: 2025-11-14_1134787624406351875_7.jpg
  -  正在下载用户 真栗_210752 资源: 2025-11-14_1134787624406351875_8.jpg
  -  正在下载用户 真栗_210752 资源: 2025-11-14_1134787624406351875_9.png
  - [提取] 读取原始元数据: metadata\step2\2025-11-14_1134787624406351875.json
  - [生成] 写入内容信息文件: 2025-11-14_1134787624406351875.json
  - 正在保存动态 1134422221514604550 的步骤2元数据...
  -  正在下载用户 真栗_210752 资源: 2025-11-13_1134422221514604550_1.jpg
  -  正在下载用户 真栗_210752 资源: 2025-11-13_1134422221514604550_2.jpg
  -  正在下载用户 真栗_210752 资源: 2025-11-13_1134422221514604550_3.jpg
  -  正在下载用户 真栗_210752 资源: 2025-11-13_1134422221514604550_4.jpg
  - [提取] 读取原始元数据: metadata\step2\2025-11-13_1134422221514604550.json
  - [生成] 写入内容信息文件: 2025-11-13_1134422221514604550.json
  - 正在保存动态 1132835750760415241 的步骤2元数据...
  - [提取] 读取原始元数据: metadata\step2\2025-11-08_1132835750760415241.json
  - [生成] 写入内容信息文件: 2025-11-08_1132835750760415241.json
  - 正在保存动态 1128727249472716807 的步骤2元数据...
  -  正在下载用户 真栗_210752 资源: 2025-10-28_1128727249472716807_1.png
  - [提取] 读取原始元数据: metadata\step2\2025-10-28_1128727249472716807.json
  - [生成] 写入内容信息文件: 2025-10-28_1128727249472716807.json
  - 正在保存动态 1126856670949933080 的步骤2元数据...
  -  正在下载用户 真栗_210752 资源: 2025-10-23_1126856670949933080_1.png
  - [提取] 读取原始元数据: metadata\step2\2025-10-23_1126856670949933080.json
  - [生成] 写入内容信息文件: 2025-10-23_1126856670949933080.json
  - 正在保存动态 1125734035247595525 的步骤2元数据...
  -  正在下载用户 真栗_210752 资源: 2025-10-20_1125734035247595525_1.jpg
  -  正在下载用户 真栗_210752 资源: 2025-10-20_1125734035247595525_2.jpg
  -  正在下载用户 真栗_210752 资源: 2025-10-20_1125734035247595525_3.jpg
  -  正在下载用户 真栗_210752 资源: 2025-10-20_1125734035247595525_4.jpg
  -  正在下载用户 真栗_210752 资源: 2025-10-20_1125734035247595525_5.jpg
  -  正在下载用户 真栗_210752 资源: 2025-10-20_1125734035247595525_6.jpg
  -  正在下载用户 真栗_210752 资源: 2025-10-20_1125734035247595525_7.jpg
  - [提取] 读取原始元数据: metadata\step2\2025-10-20_1125734035247595525.json
  - [生成] 写入内容信息文件: 2025-10-20_1125734035247595525.json
  - 正在保存动态 1121654190002667529 的步骤2元数据...
  -  正在下载用户 真栗_210752 资源: 2025-10-09_1121654190002667529_1.jpg
  -  正在下载用户 真栗_210752 资源: 2025-10-09_1121654190002667529_2.jpg
  - [提取] 读取原始元数据: metadata\step2\2025-10-09_1121654190002667529.json
  - [生成] 写入内容信息文件: 2025-10-09_1121654190002667529.json
  - 正在保存动态 1121017332239433729 的步骤2元数据...
  -  正在下载用户 真栗_210752 资源: 2025-10-07_1121017332239433729_1.jpg
  - [提取] 读取原始元数据: metadata\step2\2025-10-07_1121017332239433729.json
  - [生成] 写入内容信息文件: 2025-10-07_1121017332239433729.json
  - 正在保存动态 1120628594738987104 的步骤2元数据...
  -  正在下载用户 真栗_210752 资源: 2025-10-06_1120628594738987104_1.jpg
  -  正在下载用户 真栗_210752 资源: 2025-10-06_1120628594738987104_2.jpg
  - [提取] 读取原始元数据: metadata\step2\2025-10-06_1120628594738987104.json
  - [生成] 写入内容信息文件: 2025-10-06_1120628594738987104.json
  - 正在保存动态 1120324657104289811 的步骤2元数据...
  -  正在下载用户 真栗_210752 资源: 2025-10-06_1120324657104289811_1.jpg
  -  正在下载用户 真栗_210752 资源: 2025-10-06_1120324657104289811_2.jpg
  - [提取] 读取原始元数据: metadata\step2\2025-10-06_1120324657104289811.json
  - [生成] 写入内容信息文件: 2025-10-06_1120324657104289811.json
  - 正在保存动态 1119930241645543431 的步骤2元数据...
  -  正在下载用户 真栗_210752 资源: 2025-10-04_1119930241645543431_1.jpg
  -  正在下载用户 真栗_210752 资源: 2025-10-04_1119930241645543431_2.jpg
  -  正在下载用户 真栗_210752 资源: 2025-10-04_1119930241645543431_3.jpg
  -  正在下载用户 真栗_210752 资源: 2025-10-04_1119930241645543431_4.jpg
  -  正在下载用户 真栗_210752 资源: 2025-10-04_1119930241645543431_5.jpg
  -  正在下载用户 真栗_210752 资源: 2025-10-04_1119930241645543431_6.jpg
  -  正在下载用户 真栗_210752 资源: 2025-10-04_1119930241645543431_7.jpg
  -  正在下载用户 真栗_210752 资源: 2025-10-04_1119930241645543431_8.jpg
  -  正在下载用户 真栗_210752 资源: 2025-10-04_1119930241645543431_9.jpg
  - [提取] 读取原始元数据: metadata\step2\2025-10-04_1119930241645543431.json
  - [生成] 写入内容信息文件: 2025-10-04_1119930241645543431.json
  - 正在保存动态 1119510881058685000 的步骤2元数据...
  -  正在下载用户 真栗_210752 资源: 2025-10-03_1119510881058685000_1.jpg
  - [提取] 读取原始元数据: metadata\step2\2025-10-03_1119510881058685000.json
  - [生成] 写入内容信息文件: 2025-10-03_1119510881058685000.json
  - 正在保存动态 1117279563931451393 的步骤2元数据...
  -  正在下载用户 真栗_210752 资源: 2025-09-27_1117279563931451393_1.jpg
  - [提取] 读取原始元数据: metadata\step2\2025-09-27_1117279563931451393.json
  - [生成] 写入内容信息文件: 2025-09-27_1117279563931451393.json
  - 正在保存动态 1116071368160444440 的步骤2元数据...
  -  正在下载用户 真栗_210752 资源: 2025-09-24_1116071368160444440_1.jpg
  - [提取] 读取原始元数据: metadata\step2\2025-09-24_1116071368160444440.json
  - [生成] 写入内容信息文件: 2025-09-24_1116071368160444440.json
  - 正在保存动态 1113605627431616580 的步骤2元数据...
  -  正在下载用户 真栗_210752 资源: 2025-09-17_1113605627431616580_1.jpg
  - [提取] 读取原始元数据: metadata\step2\2025-09-17_1113605627431616580.json
  - [生成] 写入内容信息文件: 2025-09-17_1113605627431616580.json
  - 正在保存动态 1111985101905854517 的步骤2元数据...
  -  正在下载用户 真栗_210752 资源: 2025-09-13_1111985101905854517_1.jpg
  - [提取] 读取原始元数据: metadata\step2\2025-09-13_1111985101905854517.json
  - [生成] 写入内容信息文件: 2025-09-13_1111985101905854517.json
  - 正在保存动态 1109897498649952263 的步骤2元数据...
  -  正在下载用户 真栗_210752 资源: 2025-09-07_1109897498649952263_1.jpg
  -  正在下载用户 真栗_210752 资源: 2025-09-07_1109897498649952263_2.jpg
  -  正在下载用户 真栗_210752 资源: 2025-09-07_1109897498649952263_3.jpg
  -  正在下载用户 真栗_210752 资源: 2025-09-07_1109897498649952263_4.jpg
  -  正在下载用户 真栗_210752 资源: 2025-09-07_1109897498649952263_5.jpg
  -  正在下载用户 真栗_210752 资源: 2025-09-07_1109897498649952263_6.jpg
  - [提取] 读取原始元数据: metadata\step2\2025-09-07_1109897498649952263.json
  - [生成] 写入内容信息文件: 2025-09-07_1109897498649952263.json
  - 正在保存动态 1107557849588826120 的步骤2元数据...
  -  正在下载用户 真栗_210752 资源: 2025-09-01_1107557849588826120_1.jpg
  - [提取] 读取原始元数据: metadata\step2\2025-09-01_1107557849588826120.json
  - [生成] 写入内容信息文件: 2025-09-01_1107557849588826120.json
  - 正在保存动态 1106854918108479513 的步骤2元数据...
  - 所有 3 张图片均已存在，全部跳过。
  - [提取] 读取原始元数据: metadata\step2\2025-08-30_1106854918108479513.json
  - [生成] 写入内容信息文件: 2025-08-30_1106854918108479513.json
  - 正在保存动态 1106239732705132561 的步骤2元数据...
  - 所有 1 张图片均已存在，全部跳过。
  - [提取] 读取原始元数据: metadata\step2\2025-08-29_1106239732705132561.json
  - [生成] 写入内容信息文件: 2025-08-29_1106239732705132561.json
  - 正在保存动态 1103431412557545479 的步骤2元数据...
  - 所有 1 张图片均已存在，全部跳过。
  - [提取] 读取原始元数据: metadata\step2\2025-08-21_1103431412557545479.json
  - [生成] 写入内容信息文件: 2025-08-21_1103431412557545479.json
  - 正在保存动态 1100876001511997444 的步骤2元数据...
  - 所有 1 张图片均已存在，全部跳过。
  - [提取] 读取原始元数据: metadata\step2\2025-08-14_1100876001511997444.json
  - [生成] 写入内容信息文件: 2025-08-14_1100876001511997444.json
  - 正在保存动态 1100496111616917526 的步骤2元数据...
  - 所有 1 张图片均已存在，全部跳过。
  - [提取] 读取原始元数据: metadata\step2\2025-08-13_1100496111616917526.json
  - [生成] 写入内容信息文件: 2025-08-13_1100496111616917526.json
  - 正在保存动态 1099021541990989849 的步骤2元数据...
  - 所有 1 张图片均已存在，全部跳过。
  - [提取] 读取原始元数据: metadata\step2\2025-08-09_1099021541990989849.json
  - [生成] 写入内容信息文件: 2025-08-09_1099021541990989849.json
  - 正在保存动态 1097235956586512385 的步骤2元数据...
  - 所有 6 张图片均已存在，全部跳过。
  - [提取] 读取原始元数据: metadata\step2\2025-08-04_1097235956586512385.json
  - [生成] 写入内容信息文件: 2025-08-04_1097235956586512385.json
  - 正在保存动态 1096096347118895143 的步骤2元数据...
  - 所有 2 张图片均已存在，全部跳过。
  - [提取] 读取原始元数据: metadata\step2\2025-08-01_1096096347118895143.json
  - [生成] 写入内容信息文件: 2025-08-01_1096096347118895143.json
  - 正在保存动态 1094909046339665944 的步骤2元数据...
  - 所有 1 张图片均已存在，全部跳过。
  - [提取] 读取原始元数据: metadata\step2\2025-07-29_1094909046339665944.json
  - [生成] 写入内容信息文件: 2025-07-29_1094909046339665944.json
  - 正在保存动态 1093822333724917779 的步骤2元数据...
  - 所有 2 张图片均已存在，全部跳过。
  - [提取] 读取原始元数据: metadata\step2\2025-07-26_1093822333724917779.json
  - [生成] 写入内容信息文件: 2025-07-26_1093822333724917779.json
  - 正在保存动态 1091230273701412884 的步骤2元数据...
  - 所有 1 张图片均已存在，全部跳过。
  - [提取] 读取原始元数据: metadata\step2\2025-07-19_1091230273701412884.json
  - [生成] 写入内容信息文件: 2025-07-19_1091230273701412884.json
  - 正在保存动态 1089760557417889815 的步骤2元数据...
  - 所有 9 张图片均已存在，全部跳过。
  - [提取] 读取原始元数据: metadata\step2\2025-07-15_1089760557417889815.json
  - [生成] 写入内容信息文件: 2025-07-15_1089760557417889815.json
  - 正在保存动态 1088710081432780816 的步骤2元数据...
  - [Live Photo] 发现实况视频 (P1)，正在下载...
  -  正在下载用户 真栗_210752 资源: 2025-07-12_1088710081432780816_1.mp4
  - [Live Photo] 发现实况视频 (P2)，正在下载...
  -  正在下载用户 真栗_210752 资源: 2025-07-12_1088710081432780816_2.mp4
  - [Live Photo] 发现实况视频 (P3)，正在下载...
  -  正在下载用户 真栗_210752 资源: 2025-07-12_1088710081432780816_3.mp4
  - [Live Photo] 发现实况视频 (P4)，正在下载...
  -  正在下载用户 真栗_210752 资源: 2025-07-12_1088710081432780816_4.mp4
  - [Live Photo] 发现实况视频 (P5)，正在下载...
  -  正在下载用户 真栗_210752 资源: 2025-07-12_1088710081432780816_5.mp4
  - 所有 9 张图片均已存在，全部跳过。
  - [提取] 读取原始元数据: metadata\step2\2025-07-12_1088710081432780816.json
  - [生成] 写入内容信息文件: 2025-07-12_1088710081432780816.json
  - 正在保存动态 1088332377705414665 的步骤2元数据...
  - [Live Photo] 发现实况视频 (P4)，正在下载...
  -  正在下载用户 真栗_210752 资源: 2025-07-11_1088332377705414665_4.mp4
  - [Live Photo] 发现实况视频 (P6)，正在下载...
  -  正在下载用户 真栗_210752 资源: 2025-07-11_1088332377705414665_6.mp4
  - [Live Photo] 发现实况视频 (P8)，正在下载...
  -  正在下载用户 真栗_210752 资源: 2025-07-11_1088332377705414665_8.mp4
  - 所有 9 张图片均已存在，全部跳过。
  - [提取] 读取原始元数据: metadata\step2\2025-07-11_1088332377705414665.json
  - [生成] 写入内容信息文件: 2025-07-11_1088332377705414665.json
  - 正在保存动态 1087943047491092485 的步骤2元数据...
  - 所有 2 张图片均已存在，全部跳过。
  - [提取] 读取原始元数据: metadata\step2\2025-07-10_1087943047491092485.json
  - [生成] 写入内容信息文件: 2025-07-10_1087943047491092485.json
  - 正在保存动态 1087454245853069320 的步骤2元数据...
  - 所有 2 张图片均已存在，全部跳过。
  - [提取] 读取原始元数据: metadata\step2\2025-07-09_1087454245853069320.json
  - [生成] 写入内容信息文件: 2025-07-09_1087454245853069320.json
  - 正在保存动态 1086106180179197959 的步骤2元数据...
  - [Live Photo] 发现实况视频 (P4)，正在下载...
  -  正在下载用户 真栗_210752 资源: 2025-07-05_1086106180179197959_4.mp4
  - [Live Photo] 发现实况视频 (P5)，正在下载...
  -  正在下载用户 真栗_210752 资源: 2025-07-05_1086106180179197959_5.mp4
  - [Live Photo] 发现实况视频 (P6)，正在下载...
  -  正在下载用户 真栗_210752 资源: 2025-07-05_1086106180179197959_6.mp4
  - [Live Photo] 发现实况视频 (P7)，正在下载...
  -  正在下载用户 真栗_210752 资源: 2025-07-05_1086106180179197959_7.mp4
  - [Live Photo] 发现实况视频 (P9)，正在下载...
  -  正在下载用户 真栗_210752 资源: 2025-07-05_1086106180179197959_9.mp4
  - 所有 9 张图片均已存在，全部跳过。
  - [提取] 读取原始元数据: metadata\step2\2025-07-05_1086106180179197959.json
  - [生成] 写入内容信息文件: 2025-07-05_1086106180179197959.json
  - 正在保存动态 1084173264476962818 的步骤2元数据...
  - 所有 4 张图片均已存在，全部跳过。
  - [提取] 读取原始元数据: metadata\step2\2025-06-30_1084173264476962818.json
  - [生成] 写入内容信息文件: 2025-06-30_1084173264476962818.json
  - 正在保存动态 1083787542083403793 的步骤2元数据...
  - 所有 1 张图片均已存在，全部跳过。
  - [提取] 读取原始元数据: metadata\step2\2025-06-29_1083787542083403793.json
  - [生成] 写入内容信息文件: 2025-06-29_1083787542083403793.json
  - 正在保存动态 1081213181663117316 的步骤2元数据...
  - 所有 1 张图片均已存在，全部跳过。
  - [提取] 读取原始元数据: metadata\step2\2025-06-22_1081213181663117316.json
  - [生成] 写入内容信息文件: 2025-06-22_1081213181663117316.json
  - 正在保存动态 1080859933478486022 的步骤2元数据...
  - 所有 1 张图片均已存在，全部跳过。
  - [提取] 读取原始元数据: metadata\step2\2025-06-21_1080859933478486022.json
  - [生成] 写入内容信息文件: 2025-06-21_1080859933478486022.json
  - 正在保存动态 1080433215560220675 的步骤2元数据...
  - 所有 1 张图片均已存在，全部跳过。
  - [提取] 读取原始元数据: metadata\step2\2025-06-20_1080433215560220675.json
  - [生成] 写入内容信息文件: 2025-06-20_1080433215560220675.json
  - 正在保存动态 1078652273052090370 的步骤2元数据...
  - [Live Photo] 发现实况视频 (P4)，正在下载...
  -  正在下载用户 真栗_210752 资源: 2025-06-15_1078652273052090370_4.mp4
  - [Live Photo] 发现实况视频 (P7)，正在下载...
  -  正在下载用户 真栗_210752 资源: 2025-06-15_1078652273052090370_7.mp4
  - [Live Photo] 发现实况视频 (P8)，正在下载...
  -  正在下载用户 真栗_210752 资源: 2025-06-15_1078652273052090370_8.mp4
  - 所有 9 张图片均已存在，全部跳过。
  - [提取] 读取原始元数据: metadata\step2\2025-06-15_1078652273052090370.json
  - [生成] 写入内容信息文件: 2025-06-15_1078652273052090370.json
  - 正在保存动态 1075296554929094697 的步骤2元数据...
  - 所有 1 张图片均已存在，全部跳过。
  - [提取] 读取原始元数据: metadata\step2\2025-06-06_1075296554929094697.json
  - [生成] 写入内容信息文件: 2025-06-06_1075296554929094697.json
  - 正在保存动态 1070100344582701059 的步骤2元数据...
  - 所有 1 张图片均已存在，全部跳过。
  - [提取] 读取原始元数据: metadata\step2\2025-05-23_1070100344582701059.json
  - [生成] 写入内容信息文件: 2025-05-23_1070100344582701059.json
  - 正在保存动态 1067144943224487939 的步骤2元数据...
  - 所有 1 张图片均已存在，全部跳过。
  - [提取] 读取原始元数据: metadata\step2\2025-05-15_1067144943224487939.json
  - [生成] 写入内容信息文件: 2025-05-15_1067144943224487939.json
  - 正在保存动态 1063792553779789830 的步骤2元数据...
  - 所有 1 张图片均已存在，全部跳过。
  - [提取] 读取原始元数据: metadata\step2\2025-05-06_1063792553779789830.json
  - [生成] 写入内容信息文件: 2025-05-06_1063792553779789830.json
  - 正在保存动态 1062640132424728576 的步骤2元数据...
  - 所有 1 张图片均已存在，全部跳过。
  - [提取] 读取原始元数据: metadata\step2\2025-05-03_1062640132424728576.json
  - [生成] 写入内容信息文件: 2025-05-03_1062640132424728576.json
  - 正在保存动态 1061907088902455305 的步骤2元数据...
  - 所有 1 张图片均已存在，全部跳过。
  - [提取] 读取原始元数据: metadata\step2\2025-05-01_1061907088902455305.json
  - [生成] 写入内容信息文件: 2025-05-01_1061907088902455305.json
  - 正在保存动态 1056723664649584641 的步骤2元数据...
  - 所有 1 张图片均已存在，全部跳过。
  - [提取] 读取原始元数据: metadata\step2\2025-04-17_1056723664649584641.json
  - [生成] 写入内容信息文件: 2025-04-17_1056723664649584641.json
  - 正在保存动态 1054884688489873408 的步骤2元数据...
  - 所有 1 张图片均已存在，全部跳过。
  - [提取] 读取原始元数据: metadata\step2\2025-04-12_1054884688489873408.json
  - [生成] 写入内容信息文件: 2025-04-12_1054884688489873408.json
  - 正在保存动态 1053353360860643332 的步骤2元数据...
  - 所有 1 张图片均已存在，全部跳过。
  - [提取] 读取原始元数据: metadata\step2\2025-04-08_1053353360860643332.json
  - [生成] 写入内容信息文件: 2025-04-08_1053353360860643332.json
  - 正在保存动态 1051860451737993217 的步骤2元数据...
  - 所有 1 张图片均已存在，全部跳过。
  - [提取] 读取原始元数据: metadata\step2\2025-04-04_1051860451737993217.json
  - [生成] 写入内容信息文件: 2025-04-04_1051860451737993217.json
  - 正在保存动态 1051160303338782723 的步骤2元数据...
  - 所有 1 张图片均已存在，全部跳过。
  - [提取] 读取原始元数据: metadata\step2\2025-04-02_1051160303338782723.json
  - [生成] 写入内容信息文件: 2025-04-02_1051160303338782723.json
  - 正在保存动态 1049661535854526469 的步骤2元数据...
  - 所有 1 张图片均已存在，全部跳过。
  - [提取] 读取原始元数据: metadata\step2\2025-03-29_1049661535854526469.json
  - [生成] 写入内容信息文件: 2025-03-29_1049661535854526469.json
  - 正在保存动态 1046739356046327826 的步骤2元数据...
  - 所有 1 张图片均已存在，全部跳过。
  - [提取] 读取原始元数据: metadata\step2\2025-03-21_1046739356046327826.json
  - [生成] 写入内容信息文件: 2025-03-21_1046739356046327826.json
  - 正在保存动态 1045962821674729472 的步骤2元数据...
  - 所有 1 张图片均已存在，全部跳过。
  - [提取] 读取原始元数据: metadata\step2\2025-03-19_1045962821674729472.json
  - [生成] 写入内容信息文件: 2025-03-19_1045962821674729472.json
  - 正在保存动态 1043354883159228439 的步骤2元数据...
  - 所有 1 张图片均已存在，全部跳过。
  - [提取] 读取原始元数据: metadata\step2\2025-03-12_1043354883159228439.json
  - [生成] 写入内容信息文件: 2025-03-12_1043354883159228439.json
  - 正在保存动态 1040013926862946309 的步骤2元数据...
  - 所有 1 张图片均已存在，全部跳过。
  - [提取] 读取原始元数据: metadata\step2\2025-03-03_1040013926862946309.json
  - [生成] 写入内容信息文件: 2025-03-03_1040013926862946309.json
  - 正在保存动态 1038920509834657800 的步骤2元数据...
  - 所有 1 张图片均已存在，全部跳过。
  - [提取] 读取原始元数据: metadata\step2\2025-02-28_1038920509834657800.json
  - [生成] 写入内容信息文件: 2025-02-28_1038920509834657800.json
  - 正在保存动态 1036290314792337414 的步骤2元数据...
  - 所有 1 张图片均已存在，全部跳过。
  - [提取] 读取原始元数据: metadata\step2\2025-02-21_1036290314792337414.json
  - [生成] 写入内容信息文件: 2025-02-21_1036290314792337414.json
  - 正在保存动态 1033090766058029056 的步骤2元数据...
  - 所有 3 张图片均已存在，全部跳过。
  - [提取] 读取原始元数据: metadata\step2\2025-02-12_1033090766058029056.json
  - [生成] 写入内容信息文件: 2025-02-12_1033090766058029056.json
  - 正在保存动态 1027536123501477893 的步骤2元数据...
  - 所有 2 张图片均已存在，全部跳过。
  - [提取] 读取原始元数据: metadata\step2\2025-01-29_1027536123501477893.json
  - [生成] 写入内容信息文件: 2025-01-29_1027536123501477893.json
  - 正在保存动态 1017166045187670033 的步骤2元数据...
  - 所有 1 张图片均已存在，全部跳过。
  - [提取] 读取原始元数据: metadata\step2\2025-01-01_1017166045187670033.json
  - [生成] 写入内容信息文件: 2025-01-01_1017166045187670033.json
  - 正在保存动态 1017016760730124292 的步骤2元数据...
  - 所有 1 张图片均已存在，全部跳过。
  - [提取] 读取原始元数据: metadata\step2\2024-12-31_1017016760730124292.json
  - [生成] 写入内容信息文件: 2024-12-31_1017016760730124292.json
  - 正在保存动态 1015179614208655360 的步骤2元数据...
  - 所有 4 张图片均已存在，全部跳过。
  - [提取] 读取原始元数据: metadata\step2\2024-12-26_1015179614208655360.json
  - [生成] 写入内容信息文件: 2024-12-26_1015179614208655360.json
  - 正在保存动态 1014382163357859840 的步骤2元数据...
  - 所有 1 张图片均已存在，全部跳过。
  - [提取] 读取原始元数据: metadata\step2\2024-12-24_1014382163357859840.json
  - [生成] 写入内容信息文件: 2024-12-24_1014382163357859840.json
  - 正在保存动态 1012898638707294213 的步骤2元数据...
  - 所有 5 张图片均已存在，全部跳过。
  - [提取] 读取原始元数据: metadata\step2\2024-12-20_1012898638707294213.json
  - [生成] 写入内容信息文件: 2024-12-20_1012898638707294213.json
  - 正在保存动态 1011473074617319433 的步骤2元数据...
  - 所有 4 张图片均已存在，全部跳过。
  - [提取] 读取原始元数据: metadata\step2\2024-12-16_1011473074617319433.json
  - [生成] 写入内容信息文件: 2024-12-16_1011473074617319433.json
  - 正在保存动态 1002576835872030752 的步骤2元数据...
  - 所有 1 张图片均已存在，全部跳过。
  - [提取] 读取原始元数据: metadata\step2\2024-11-22_1002576835872030752.json
  - [生成] 写入内容信息文件: 2024-11-22_1002576835872030752.json
  - 正在保存动态 1000310312918843446 的步骤2元数据...
  - 所有 1 张图片均已存在，全部跳过。
  - [提取] 读取原始元数据: metadata\step2\2024-11-16_1000310312918843446.json
  - [生成] 写入内容信息文件: 2024-11-16_1000310312918843446.json
  - 正在保存动态 998104868663066625 的步骤2元数据...
  - 所有 1 张图片均已存在，全部跳过。
  - [提取] 读取原始元数据: metadata\step2\2024-11-10_998104868663066625.json
  - [生成] 写入内容信息文件: 2024-11-10_998104868663066625.json
  - 正在保存动态 995929643807670328 的步骤2元数据...
  - 所有 9 张图片均已存在，全部跳过。
  - [提取] 读取原始元数据: metadata\step2\2024-11-04_995929643807670328.json
  - [生成] 写入内容信息文件: 2024-11-04_995929643807670328.json
  - 正在保存动态 995111246395080708 的步骤2元数据...
  - 所有 1 张图片均已存在，全部跳过。
  - [提取] 读取原始元数据: metadata\step2\2024-11-02_995111246395080708.json
  - [生成] 写入内容信息文件: 2024-11-02_995111246395080708.json
  - 正在保存动态 994785211113799686 的步骤2元数据...
  - 所有 9 张图片均已存在，全部跳过。
  - [提取] 读取原始元数据: metadata\step2\2024-11-01_994785211113799686.json
  - [生成] 写入内容信息文件: 2024-11-01_994785211113799686.json
  - 正在保存动态 994738958661320737 的步骤2元数据...
  - 所有 1 张图片均已存在，全部跳过。
  - [提取] 读取原始元数据: metadata\step2\2024-11-01_994738958661320737.json
  - [生成] 写入内容信息文件: 2024-11-01_994738958661320737.json
  - 正在保存动态 990208824714461235 的步骤2元数据...
  - 所有 1 张图片均已存在，全部跳过。
  - [提取] 读取原始元数据: metadata\step2\2024-10-20_990208824714461235.json
  - [生成] 写入内容信息文件: 2024-10-20_990208824714461235.json
  - 正在保存动态 987171093127102465 的步骤2元数据...
  - 所有 1 张图片均已存在，全部跳过。
  - [提取] 读取原始元数据: metadata\step2\2024-10-12_987171093127102465.json
  - [生成] 写入内容信息文件: 2024-10-12_987171093127102465.json
  - 正在保存动态 986934491988623367 的步骤2元数据...
  - 所有 1 张图片均已存在，全部跳过。
  - [提取] 读取原始元数据: metadata\step2\2024-10-11_986934491988623367.json
  - [生成] 写入内容信息文件: 2024-10-11_986934491988623367.json
  - 正在保存动态 985127015116963841 的步骤2元数据...
  - 所有 1 张图片均已存在，全部跳过。
  - [提取] 读取原始元数据: metadata\step2\2024-10-06_985127015116963841.json
  - [生成] 写入内容信息文件: 2024-10-06_985127015116963841.json
  - 正在保存动态 984859996967665665 的步骤2元数据...
  - 所有 1 张图片均已存在，全部跳过。
  - [提取] 读取原始元数据: metadata\step2\2024-10-05_984859996967665665.json
  - [生成] 写入内容信息文件: 2024-10-05_984859996967665665.json
  - 正在保存动态 984091468435030039 的步骤2元数据...
  - 所有 9 张图片均已存在，全部跳过。
  - [提取] 读取原始元数据: metadata\step2\2024-10-03_984091468435030039.json
  - [生成] 写入内容信息文件: 2024-10-03_984091468435030039.json
  - 正在保存动态 983683266129166345 的步骤2元数据...
  - 所有 9 张图片均已存在，全部跳过。
  - [提取] 读取原始元数据: metadata\step2\2024-10-02_983683266129166345.json
  - [生成] 写入内容信息文件: 2024-10-02_983683266129166345.json
  - 正在保存动态 982100145490362376 的步骤2元数据...
  - 所有 4 张图片均已存在，全部跳过。
  - [提取] 读取原始元数据: metadata\step2\2024-09-28_982100145490362376.json
  - [生成] 写入内容信息文件: 2024-09-28_982100145490362376.json
  - 正在保存动态 978152421983256578 的步骤2元数据...
  - 所有 1 张图片均已存在，全部跳过。
  - [提取] 读取原始元数据: metadata\step2\2024-09-17_978152421983256578.json
  - [生成] 写入内容信息文件: 2024-09-17_978152421983256578.json
  - 正在保存动态 976226730486267905 的步骤2元数据...
  - 所有 1 张图片均已存在，全部跳过。
  - [提取] 读取原始元数据: metadata\step2\2024-09-12_976226730486267905.json
  - [生成] 写入内容信息文件: 2024-09-12_976226730486267905.json
  - 正在保存动态 974781095992098841 的步骤2元数据...
  - 所有 2 张图片均已存在，全部跳过。
  - [提取] 读取原始元数据: metadata\step2\2024-09-08_974781095992098841.json
  - [生成] 写入内容信息文件: 2024-09-08_974781095992098841.json
  - 正在保存动态 968581340809134104 的步骤2元数据...
  - 所有 1 张图片均已存在，全部跳过。
  - [提取] 读取原始元数据: metadata\step2\2024-08-23_968581340809134104.json
  - [生成] 写入内容信息文件: 2024-08-23_968581340809134104.json
  - 正在保存动态 966132269068582915 的步骤2元数据...
  - 所有 2 张图片均已存在，全部跳过。
  - [提取] 读取原始元数据: metadata\step2\2024-08-16_966132269068582915.json
  - [生成] 写入内容信息文件: 2024-08-16_966132269068582915.json
  - 正在保存动态 964661762264662064 的步骤2元数据...
  - 所有 1 张图片均已存在，全部跳过。
  - [提取] 读取原始元数据: metadata\step2\2024-08-12_964661762264662064.json
  - [生成] 写入内容信息文件: 2024-08-12_964661762264662064.json
  - 正在保存动态 963944077468893200 的步骤2元数据...
  - 所有 4 张图片均已存在，全部跳过。
  - [提取] 读取原始元数据: metadata\step2\2024-08-10_963944077468893200.json
  - [生成] 写入内容信息文件: 2024-08-10_963944077468893200.json
  - 正在保存动态 959938754202566675 的步骤2元数据...
  - 所有 2 张图片均已存在，全部跳过。
  - [提取] 读取原始元数据: metadata\step2\2024-07-30_959938754202566675.json
  - [生成] 写入内容信息文件: 2024-07-30_959938754202566675.json
  - 正在保存动态 957662589039411220 的步骤2元数据...
  - 所有 9 张图片均已存在，全部跳过。
  - [提取] 读取原始元数据: metadata\step2\2024-07-24_957662589039411220.json
  - [生成] 写入内容信息文件: 2024-07-24_957662589039411220.json
  - 正在保存动态 954004002714943522 的步骤2元数据...
  - 所有 1 张图片均已存在，全部跳过。
  - [提取] 读取原始元数据: metadata\step2\2024-07-14_954004002714943522.json
  - [生成] 写入内容信息文件: 2024-07-14_954004002714943522.json
  - 正在保存动态 953652253520035892 的步骤2元数据...
  - 所有 9 张图片均已存在，全部跳过。
  - [提取] 读取原始元数据: metadata\step2\2024-07-13_953652253520035892.json
  - [生成] 写入内容信息文件: 2024-07-13_953652253520035892.json
  - 正在保存动态 953240615261306920 的步骤2元数据...
  - 所有 1 张图片均已存在，全部跳过。
  - [提取] 读取原始元数据: metadata\step2\2024-07-12_953240615261306920.json
  - [生成] 写入内容信息文件: 2024-07-12_953240615261306920.json
  - 正在保存动态 951816236590694407 的步骤2元数据...
  - 所有 2 张图片均已存在，全部跳过。
  - [提取] 读取原始元数据: metadata\step2\2024-07-08_951816236590694407.json
  - [生成] 写入内容信息文件: 2024-07-08_951816236590694407.json
  - 正在保存动态 950131522812248120 的步骤2元数据...
  - 所有 1 张图片均已存在，全部跳过。
  - [提取] 读取原始元数据: metadata\step2\2024-07-04_950131522812248120.json
  - [生成] 写入内容信息文件: 2024-07-04_950131522812248120.json
  - 正在保存动态 948812512563822616 的步骤2元数据...
  - 所有 9 张图片均已存在，全部跳过。
  - [提取] 读取原始元数据: metadata\step2\2024-06-30_948812512563822616.json
  - [生成] 写入内容信息文件: 2024-06-30_948812512563822616.json
  - 正在保存动态 941026917943869461 的步骤2元数据...
  - 所有 1 张图片均已存在，全部跳过。
  - [提取] 读取原始元数据: metadata\step2\2024-06-09_941026917943869461.json
  - [生成] 写入内容信息文件: 2024-06-09_941026917943869461.json
  - 正在保存动态 940045981823533065 的步骤2元数据...
  - 所有 1 张图片均已存在，全部跳过。
  - [提取] 读取原始元数据: metadata\step2\2024-06-07_940045981823533065.json
  - [生成] 写入内容信息文件: 2024-06-07_940045981823533065.json
  - 正在保存动态 933992715010441251 的步骤2元数据...
  - 所有 9 张图片均已存在，全部跳过。
  - [提取] 读取原始元数据: metadata\step2\2024-05-21_933992715010441251.json
  - [生成] 写入内容信息文件: 2024-05-21_933992715010441251.json
  - 正在保存动态 932891781735907329 的步骤2元数据...
  - 所有 9 张图片均已存在，全部跳过。
  - [提取] 读取原始元数据: metadata\step2\2024-05-18_932891781735907329.json
  - [生成] 写入内容信息文件: 2024-05-18_932891781735907329.json
  - 正在保存动态 927289924623794201 的步骤2元数据...
  - 所有 9 张图片均已存在，全部跳过。
  - [提取] 读取原始元数据: metadata\step2\2024-05-03_927289924623794201.json
  - [生成] 写入内容信息文件: 2024-05-03_927289924623794201.json
  - 正在保存动态 926831492715249687 的步骤2元数据...
  - 所有 9 张图片均已存在，全部跳过。
  - [提取] 读取原始元数据: metadata\step2\2024-05-02_926831492715249687.json
  - [生成] 写入内容信息文件: 2024-05-02_926831492715249687.json
  - 正在保存动态 925306332634939393 的步骤2元数据...
  - 所有 1 张图片均已存在，全部跳过。
  - [提取] 读取原始元数据: metadata\step2\2024-04-28_925306332634939393.json
  - [生成] 写入内容信息文件: 2024-04-28_925306332634939393.json
  - 正在保存动态 924596043838914560 的步骤2元数据...
  - 所有 3 张图片均已存在，全部跳过。
  - [提取] 读取原始元数据: metadata\step2\2024-04-26_924596043838914560.json
  - [生成] 写入内容信息文件: 2024-04-26_924596043838914560.json
  - 正在保存动态 923497597360930839 的步骤2元数据...
  - 所有 5 张图片均已存在，全部跳过。
  - [提取] 读取原始元数据: metadata\step2\2024-04-23_923497597360930839.json
  - [生成] 写入内容信息文件: 2024-04-23_923497597360930839.json
  - 正在保存动态 917515751572635657 的步骤2元数据...
  - 所有 1 张图片均已存在，全部跳过。
  - [提取] 读取原始元数据: metadata\step2\2024-04-07_917515751572635657.json
  - [生成] 写入内容信息文件: 2024-04-07_917515751572635657.json
  - 正在保存动态 917317259658002450 的步骤2元数据...
  - 所有 4 张图片均已存在，全部跳过。
  - [提取] 读取原始元数据: metadata\step2\2024-04-06_917317259658002450.json
  - [生成] 写入内容信息文件: 2024-04-06_917317259658002450.json
  - 正在保存动态 916107247133655095 的步骤2元数据...
  - 所有 6 张图片均已存在，全部跳过。
  - [提取] 读取原始元数据: metadata\step2\2024-04-03_916107247133655095.json
  - [生成] 写入内容信息文件: 2024-04-03_916107247133655095.json
  - 正在保存动态 911995455888424978 的步骤2元数据...
  - 所有 1 张图片均已存在，全部跳过。
  - [提取] 读取原始元数据: metadata\step2\2024-03-23_911995455888424978.json
  - [生成] 写入内容信息文件: 2024-03-23_911995455888424978.json
  - 正在保存动态 906760582230704162 的步骤2元数据...
  - 所有 1 张图片均已存在，全部跳过。
  - [提取] 读取原始元数据: metadata\step2\2024-03-09_906760582230704162.json
  - [生成] 写入内容信息文件: 2024-03-09_906760582230704162.json
  - 正在保存动态 906131227802599444 的步骤2元数据...
  - 所有 3 张图片均已存在，全部跳过。
  - [提取] 读取原始元数据: metadata\step2\2024-03-07_906131227802599444.json
  - [生成] 写入内容信息文件: 2024-03-07_906131227802599444.json
  - 正在保存动态 900187405408010259 的步骤2元数据...
  - 所有 6 张图片均已存在，全部跳过。
  - [提取] 读取原始元数据: metadata\step2\2024-02-20_900187405408010259.json
  - [生成] 写入内容信息文件: 2024-02-20_900187405408010259.json
  - 正在保存动态 896178478623227941 的步骤2元数据...
  - 所有 4 张图片均已存在，全部跳过。
  - [提取] 读取原始元数据: metadata\step2\2024-02-10_896178478623227941.json
  - [生成] 写入内容信息文件: 2024-02-10_896178478623227941.json
  - 正在保存动态 881354016736411650 的步骤2元数据...
  - 所有 1 张图片均已存在，全部跳过。
  - [提取] 读取原始元数据: metadata\step2\2024-01-01_881354016736411650.json
  - [生成] 写入内容信息文件: 2024-01-01_881354016736411650.json
  - 正在保存动态 877980203957092360 的步骤2元数据...
  - 所有 1 张图片均已存在，全部跳过。
  - [提取] 读取原始元数据: metadata\step2\2023-12-22_877980203957092360.json
  - [生成] 写入内容信息文件: 2023-12-22_877980203957092360.json
  - 正在保存动态 872006338234810402 的步骤2元数据...
  - 所有 2 张图片均已存在，全部跳过。
  - [提取] 读取原始元数据: metadata\step2\2023-12-06_872006338234810402.json
  - [生成] 写入内容信息文件: 2023-12-06_872006338234810402.json
  - 正在保存动态 870583037635592229 的步骤2元数据...
  - 所有 6 张图片均已存在，全部跳过。
  - [提取] 读取原始元数据: metadata\step2\2023-12-03_870583037635592229.json
  - [生成] 写入内容信息文件: 2023-12-03_870583037635592229.json
  - 正在保存动态 862657865202008088 的步骤2元数据...
  - 所有 2 张图片均已存在，全部跳过。
  - [提取] 读取原始元数据: metadata\step2\2023-11-11_862657865202008088.json
  - [生成] 写入内容信息文件: 2023-11-11_862657865202008088.json
  - 正在保存动态 856025757064888375 的步骤2元数据...
  - 所有 4 张图片均已存在，全部跳过。
  - [提取] 读取原始元数据: metadata\step2\2023-10-24_856025757064888375.json
  - [生成] 写入内容信息文件: 2023-10-24_856025757064888375.json
  - 正在保存动态 847147406827978753 的步骤2元数据...
  - 所有 6 张图片均已存在，全部跳过。
  - [提取] 读取原始元数据: metadata\step2\2023-09-30_847147406827978753.json
  - [生成] 写入内容信息文件: 2023-09-30_847147406827978753.json
  - 正在保存动态 845969619438010408 的步骤2元数据...
  - 所有 9 张图片均已存在，全部跳过。
  - [提取] 读取原始元数据: metadata\step2\2023-09-27_845969619438010408.json
  - [生成] 写入内容信息文件: 2023-09-27_845969619438010408.json
  - 正在保存动态 842724303488155744 的步骤2元数据...
  - 所有 1 张图片均已存在，全部跳过。
  - [提取] 读取原始元数据: metadata\step2\2023-09-18_842724303488155744.json
  - [生成] 写入内容信息文件: 2023-09-18_842724303488155744.json
  - 正在保存动态 821237677333413925 的步骤2元数据...
  - 所有 9 张图片均已存在，全部跳过。
  - [提取] 读取原始元数据: metadata\step2\2023-07-23_821237677333413925.json
  - [生成] 写入内容信息文件: 2023-07-23_821237677333413925.json
  - 正在保存动态 820860514762489862 的步骤2元数据...
  - 所有 5 张图片均已存在，全部跳过。
  - [提取] 读取原始元数据: metadata\step2\2023-07-22_820860514762489862.json
  - [生成] 写入内容信息文件: 2023-07-22_820860514762489862.json
  - 正在保存动态 818816574203887667 的步骤2元数据...
  - 所有 1 张图片均已存在，全部跳过。
  - [提取] 读取原始元数据: metadata\step2\2023-07-16_818816574203887667.json
  - [生成] 写入内容信息文件: 2023-07-16_818816574203887667.json
  - 正在保存动态 817318936527765525 的步骤2元数据...
  - 所有 1 张图片均已存在，全部跳过。
  - [提取] 读取原始元数据: metadata\step2\2023-07-12_817318936527765525.json
  - [生成] 写入内容信息文件: 2023-07-12_817318936527765525.json
  - 正在保存动态 815294344539930624 的步骤2元数据...
  - 所有 3 张图片均已存在，全部跳过。
  - [提取] 读取原始元数据: metadata\step2\2023-07-07_815294344539930624.json
  - [生成] 写入内容信息文件: 2023-07-07_815294344539930624.json
  - 正在保存动态 813644892653748243 的步骤2元数据...
  - 所有 1 张图片均已存在，全部跳过。
  - [提取] 读取原始元数据: metadata\step2\2023-07-02_813644892653748243.json
  - [生成] 写入内容信息文件: 2023-07-02_813644892653748243.json
  - 正在保存动态 808472682581458963 的步骤2元数据...
  - 所有 1 张图片均已存在，全部跳过。
  - [提取] 读取原始元数据: metadata\step2\2023-06-18_808472682581458963.json
  - [生成] 写入内容信息文件: 2023-06-18_808472682581458963.json
  - 正在保存动态 807697041311399973 的步骤2元数据...
  - 所有 2 张图片均已存在，全部跳过。
  - [提取] 读取原始元数据: metadata\step2\2023-06-16_807697041311399973.json
  - [生成] 写入内容信息文件: 2023-06-16_807697041311399973.json
  - 正在保存动态 804362437285380113 的步骤2元数据...
  - 所有 1 张图片均已存在，全部跳过。
  - [提取] 读取原始元数据: metadata\step2\2023-06-07_804362437285380113.json
  - [生成] 写入内容信息文件: 2023-06-07_804362437285380113.json
  - 正在保存动态 801048496602873910 的步骤2元数据...
  - 所有 1 张图片均已存在，全部跳过。
  - [提取] 读取原始元数据: metadata\step2\2023-05-29_801048496602873910.json
  - [生成] 写入内容信息文件: 2023-05-29_801048496602873910.json
  - 正在保存动态 799905644445433878 的步骤2元数据...
  - 所有 2 张图片均已存在，全部跳过。
  - [提取] 读取原始元数据: metadata\step2\2023-05-26_799905644445433878.json
  - [生成] 写入内容信息文件: 2023-05-26_799905644445433878.json
  - 正在保存动态 797730415324430369 的步骤2元数据...
  - 所有 1 张图片均已存在，全部跳过。
  - [提取] 读取原始元数据: metadata\step2\2023-05-20_797730415324430369.json
  - [生成] 写入内容信息文件: 2023-05-20_797730415324430369.json
  - 正在保存动态 785799000411340819 的步骤2元数据...
  - 所有 1 张图片均已存在，全部跳过。
  - [提取] 读取原始元数据: metadata\step2\2023-04-18_785799000411340819.json
  - [生成] 写入内容信息文件: 2023-04-18_785799000411340819.json
  - 正在保存动态 777308816458907653 的步骤2元数据...
  - 所有 2 张图片均已存在，全部跳过。
  - [提取] 读取原始元数据: metadata\step2\2023-03-26_777308816458907653.json
  - [生成] 写入内容信息文件: 2023-03-26_777308816458907653.json
  - 正在保存动态 776246490660077634 的步骤2元数据...
  - 所有 2 张图片均已存在，全部跳过。
  - [提取] 读取原始元数据: metadata\step2\2023-03-23_776246490660077634.json
  - [生成] 写入内容信息文件: 2023-03-23_776246490660077634.json
  - 正在保存动态 770222120393244675 的步骤2元数据...
  - 所有 1 张图片均已存在，全部跳过。
  - [提取] 读取原始元数据: metadata\step2\2023-03-07_770222120393244675.json
  - [生成] 写入内容信息文件: 2023-03-07_770222120393244675.json
  - 正在保存动态 760944441306382403 的步骤2元数据...
  - 所有 2 张图片均已存在，全部跳过。
  - [提取] 读取原始元数据: metadata\step2\2023-02-10_760944441306382403.json
  - [生成] 写入内容信息文件: 2023-02-10_760944441306382403.json
  - 正在保存动态 745886633831694471 的步骤2元数据...
  - 所有 1 张图片均已存在，全部跳过。
  - [提取] 读取原始元数据: metadata\step2\2023-01-01_745886633831694471.json
  - [生成] 写入内容信息文件: 2023-01-01_745886633831694471.json
  - 正在保存动态 745017293786841107 的步骤2元数据...
  - 所有 6 张图片均已存在，全部跳过。
  - [提取] 读取原始元数据: metadata\step2\2022-12-29_745017293786841107.json
  - [生成] 写入内容信息文件: 2022-12-29_745017293786841107.json
  - 正在保存动态 743241956178526263 的步骤2元数据...
  - 所有 2 张图片均已存在，全部跳过。
  - [提取] 读取原始元数据: metadata\step2\2022-12-24_743241956178526263.json
  - [生成] 写入内容信息文件: 2022-12-24_743241956178526263.json
  - 正在保存动态 737187267738599479 的步骤2元数据...
  - 所有 1 张图片均已存在，全部跳过。
  - [提取] 读取原始元数据: metadata\step2\2022-12-08_737187267738599479.json
  - [生成] 写入内容信息文件: 2022-12-08_737187267738599479.json
  - 正在保存动态 712092723022135302 的步骤2元数据...
  - 所有 2 张图片均已存在，全部跳过。
  - [提取] 读取原始元数据: metadata\step2\2022-10-01_712092723022135302.json
  - [生成] 写入内容信息文件: 2022-10-01_712092723022135302.json
  - 正在保存动态 704920428237291555 的步骤2元数据...
  - 所有 1 张图片均已存在，全部跳过。
  - [提取] 读取原始元数据: metadata\step2\2022-09-12_704920428237291555.json
  - [生成] 写入内容信息文件: 2022-09-12_704920428237291555.json
  - 正在保存动态 699372850897747969 的步骤2元数据...
  - 所有 1 张图片均已存在，全部跳过。
  - [提取] 读取原始元数据: metadata\step2\2022-08-28_699372850897747969.json
  - [生成] 写入内容信息文件: 2022-08-28_699372850897747969.json
  - 正在保存动态 689315669456453682 的步骤2元数据...
  - 所有 1 张图片均已存在，全部跳过。
  - [提取] 读取原始元数据: metadata\step2\2022-08-01_689315669456453682.json
  - [生成] 写入内容信息文件: 2022-08-01_689315669456453682.json
  - 正在保存动态 683753485181648945 的步骤2元数据...
  - 所有 1 张图片均已存在，全部跳过。
  - [提取] 读取原始元数据: metadata\step2\2022-07-17_683753485181648945.json
  - [生成] 写入内容信息文件: 2022-07-17_683753485181648945.json
  - 正在保存动态 670478840597839989 的步骤2元数据...
  - 所有 1 张图片均已存在，全部跳过。
  - [提取] 读取原始元数据: metadata\step2\2022-06-11_670478840597839989.json
  - [生成] 写入内容信息文件: 2022-06-11_670478840597839989.json
  - 正在保存动态 670033705887072264 的步骤2元数据...
  - 所有 1 张图片均已存在，全部跳过。
  - [提取] 读取原始元数据: metadata\step2\2022-06-10_670033705887072264.json
  - [生成] 写入内容信息文件: 2022-06-10_670033705887072264.json
  - 正在保存动态 668903884664602656 的步骤2元数据...
  - 所有 1 张图片均已存在，全部跳过。
  - [提取] 读取原始元数据: metadata\step2\2022-06-07_668903884664602656.json
  - [生成] 写入内容信息文件: 2022-06-07_668903884664602656.json
  - 正在保存动态 578766316523967822 的步骤2元数据...
  - 所有 1 张图片均已存在，全部跳过。
  - [提取] 读取原始元数据: metadata\step2\2021-10-07_578766316523967822.json
  - [生成] 写入内容信息文件: 2021-10-07_578766316523967822.json
  - 正在保存动态 575447831518463278 的步骤2元数据...
  - 所有 2 张图片均已存在，全部跳过。
  - [提取] 读取原始元数据: metadata\step2\2021-09-28_575447831518463278.json
  - [生成] 写入内容信息文件: 2021-09-28_575447831518463278.json
  - 正在保存动态 459978713802074402 的步骤2元数据...
  - 所有 1 张图片均已存在，全部跳过。
  - [提取] 读取原始元数据: metadata\step2\2020-11-21_459978713802074402.json
  - [生成] 写入内容信息文件: 2020-11-21_459978713802074402.json
  - 正在保存动态 453024126657629523 的步骤2元数据...
  - 所有 2 张图片均已存在，全部跳过。
  - [提取] 读取原始元数据: metadata\step2\2020-11-02_453024126657629523.json
  - [生成] 写入内容信息文件: 2020-11-02_453024126657629523.json
  - 正在保存动态 348812242778712554 的步骤2元数据...
  - 所有 2 张图片均已存在，全部跳过。
  - [提取] 读取原始元数据: metadata\step2\2020-01-26_348812242778712554.json
  - [生成] 写入内容信息文件: 2020-01-26_348812242778712554.json
  - 正在保存动态 240750925744456709 的步骤2元数据...
  - 所有 1 张图片均已存在，全部跳过。
  - [提取] 读取原始元数据: metadata\step2\2019-04-10_240750925744456709.json
  - [生成] 写入内容信息文件: 2019-04-10_240750925744456709.json
  - 正在保存动态 204823051865644400 的步骤2元数据...
  - 所有 1 张图片均已存在，全部跳过。
  - [提取] 读取原始元数据: metadata\step2\2019-01-03_204823051865644400.json
  - [生成] 写入内容信息文件: 2019-01-03_204823051865644400.json

  - 将 1 个未下载的项目信息保存到 'undownloaded.json'...

>>>>>>>>> 完成用户 '真栗_210752' 的处理，总耗时: 0h 9m 57.53s <<<<<<<<<
  - 本次处理动态数: 166
  - 成功下载图片数: 68
  - 成功下载实况图片(live photo)数: 16
  - 下载失败项目数: 1
>>>>>>>>>>>>>>>>>>>>>>>>>>>>>>>>>>>>>>>>>>>>>>>>>>>>>>>>>>>>>>>>

所有任务已完成！
详细运行日志已保存到: c:\Computer\my_github\github_python\gallery-dl-assitance\gallery-dl-assistance\log\2025-12\run_log_2025-12-14_17-49-13.log
处理摘要日志已保存到: c:\Computer\my_github\github_python\gallery-dl-assitance\gallery-dl-assistance\log\processing_time_log.json
