程序启动于: 2025-12-14_16-37-29
----------------------------------------
正在从 'config.py' 的 USERS_ID 列表读取用户 ID...

>>>>>>>>> 开始处理用户ID: 21876627 (https://space.bilibili.com/21876627/article) <<<<<<<<<

[步骤1] 使用 'ITERATIVE' 模式，正在准备迭代获取动态 URL...

[步骤2] 开始处理用户 21876627 的动态...
  - 正在保存动态 1135102200712790033 的步骤2元数据...
  -  正在下载用户 谢安然_21876627 资源: 2025-11-14_1135102200712790033_1.jpg
  -  正在下载用户 谢安然_21876627 资源: 2025-11-14_1135102200712790033_2.jpg
  -  正在下载用户 谢安然_21876627 资源: 2025-11-14_1135102200712790033_3.jpg
  -  正在下载用户 谢安然_21876627 资源: 2025-11-14_1135102200712790033_4.jpg
  -  正在下载用户 谢安然_21876627 资源: 2025-11-14_1135102200712790033_5.jpg
  -  正在下载用户 谢安然_21876627 资源: 2025-11-14_1135102200712790033_6.png
  -  正在下载用户 谢安然_21876627 资源: 2025-11-14_1135102200712790033_7.jpg
  -  正在下载用户 谢安然_21876627 资源: 2025-11-14_1135102200712790033_8.jpg
  -  正在下载用户 谢安然_21876627 资源: 2025-11-14_1135102200712790033_9.jpg
  - [提取] 读取原始元数据: metadata\step2\2025-11-14_1135102200712790033.json
  - [生成] 写入内容信息文件: 2025-11-14_1135102200712790033.json
  - 正在保存动态 1126517304106942467 的步骤2元数据...
  -  正在下载用户 谢安然_21876627 资源: 2025-10-22_1126517304106942467_1.png
  -  正在下载用户 谢安然_21876627 资源: 2025-10-22_1126517304106942467_2.jpg
  -  正在下载用户 谢安然_21876627 资源: 2025-10-22_1126517304106942467_3.jpg
  -  正在下载用户 谢安然_21876627 资源: 2025-10-22_1126517304106942467_4.jpg
  -  正在下载用户 谢安然_21876627 资源: 2025-10-22_1126517304106942467_5.jpg
  -  正在下载用户 谢安然_21876627 资源: 2025-10-22_1126517304106942467_6.jpg
  -  正在下载用户 谢安然_21876627 资源: 2025-10-22_1126517304106942467_7.jpg
  -  正在下载用户 谢安然_21876627 资源: 2025-10-22_1126517304106942467_8.jpg
  -  正在下载用户 谢安然_21876627 资源: 2025-10-22_1126517304106942467_9.png
  -  正在下载用户 谢安然_21876627 资源: 2025-10-22_1126517304106942467_10.jpg
  -  正在下载用户 谢安然_21876627 资源: 2025-10-22_1126517304106942467_11.jpg
  -  正在下载用户 谢安然_21876627 资源: 2025-10-22_1126517304106942467_12.png
  -  正在下载用户 谢安然_21876627 资源: 2025-10-22_1126517304106942467_13.jpg
  -  正在下载用户 谢安然_21876627 资源: 2025-10-22_1126517304106942467_14.jpg
  -  正在下载用户 谢安然_21876627 资源: 2025-10-22_1126517304106942467_15.png
  - [提取] 读取原始元数据: metadata\step2\2025-10-22_1126517304106942467.json
  - [生成] 写入内容信息文件: 2025-10-22_1126517304106942467.json
  - 正在保存动态 1119145387926487048 的步骤2元数据...
  -  正在下载用户 谢安然_21876627 资源: 2025-10-02_1119145387926487048_1.jpg
  -  正在下载用户 谢安然_21876627 资源: 2025-10-02_1119145387926487048_2.jpg
  -  正在下载用户 谢安然_21876627 资源: 2025-10-02_1119145387926487048_3.jpg
  -  正在下载用户 谢安然_21876627 资源: 2025-10-02_1119145387926487048_4.jpg
  -  正在下载用户 谢安然_21876627 资源: 2025-10-02_1119145387926487048_5.jpg
  -  正在下载用户 谢安然_21876627 资源: 2025-10-02_1119145387926487048_6.jpg
  -  正在下载用户 谢安然_21876627 资源: 2025-10-02_1119145387926487048_7.png
  -  正在下载用户 谢安然_21876627 资源: 2025-10-02_1119145387926487048_8.jpg
  -  正在下载用户 谢安然_21876627 资源: 2025-10-02_1119145387926487048_9.png
  - [提取] 读取原始元数据: metadata\step2\2025-10-02_1119145387926487048.json
  - [生成] 写入内容信息文件: 2025-10-02_1119145387926487048.json
  - 正在保存动态 1052689814170632209 的步骤2元数据...
  - 所有 3 张图片均已存在，全部跳过。
  - [提取] 读取原始元数据: metadata\step2\2025-04-06_1052689814170632209.json
  - [生成] 写入内容信息文件: 2025-04-06_1052689814170632209.json
  - 正在保存动态 1026713504103530533 的步骤2元数据...
  - 所有 1 张图片均已存在，全部跳过。
  - [提取] 读取原始元数据: metadata\step2\2025-01-26_1026713504103530533.json
  - [生成] 写入内容信息文件: 2025-01-26_1026713504103530533.json
  - 正在保存动态 1003781561322045440 的步骤2元数据...
  - 所有 1 张图片均已存在，全部跳过。
  - [提取] 读取原始元数据: metadata\step2\2024-11-25_1003781561322045440.json
  - [生成] 写入内容信息文件: 2024-11-25_1003781561322045440.json
  - 正在保存动态 1001756243680821255 的步骤2元数据...
  - 所有 1 张图片均已存在，全部跳过。
  - [提取] 读取原始元数据: metadata\step2\2024-11-20_1001756243680821255.json
  - [生成] 写入内容信息文件: 2024-11-20_1001756243680821255.json
  - 正在保存动态 990353165655212032 的步骤2元数据...
  - 所有 1 张图片均已存在，全部跳过。
  - [提取] 读取原始元数据: metadata\step2\2024-10-20_990353165655212032.json
  - [生成] 写入内容信息文件: 2024-10-20_990353165655212032.json
  - 正在保存动态 989229258606903312 的步骤2元数据...
  - 所有 6 张图片均已存在，全部跳过。
  - [提取] 读取原始元数据: metadata\step2\2024-10-17_989229258606903312.json
  - [生成] 写入内容信息文件: 2024-10-17_989229258606903312.json
  - 正在保存动态 988515636929888264 的步骤2元数据...
  - 所有 9 张图片均已存在，全部跳过。
  - [提取] 读取原始元数据: metadata\step2\2024-10-15_988515636929888264.json
  - [生成] 写入内容信息文件: 2024-10-15_988515636929888264.json
  - 正在保存动态 979578879432720418 的步骤2元数据...
  - 所有 9 张图片均已存在，全部跳过。
  - [提取] 读取原始元数据: metadata\step2\2024-09-21_979578879432720418.json
  - [生成] 写入内容信息文件: 2024-09-21_979578879432720418.json
  - 正在保存动态 979190698114809856 的步骤2元数据...
  - 所有 4 张图片均已存在，全部跳过。
  - [提取] 读取原始元数据: metadata\step2\2024-09-20_979190698114809856.json
  - [生成] 写入内容信息文件: 2024-09-20_979190698114809856.json
  - 正在保存动态 975737555168264257 的步骤2元数据...
  - 所有 1 张图片均已存在，全部跳过。
  - [提取] 读取原始元数据: metadata\step2\2024-09-11_975737555168264257.json
  - [生成] 写入内容信息文件: 2024-09-11_975737555168264257.json
  - 正在保存动态 967216159651790880 的步骤2元数据...
  - 所有 9 张图片均已存在，全部跳过。
  - [提取] 读取原始元数据: metadata\step2\2024-08-19_967216159651790880.json
  - [生成] 写入内容信息文件: 2024-08-19_967216159651790880.json
  - 正在保存动态 959467806724718592 的步骤2元数据...
  - 所有 9 张图片均已存在，全部跳过。
  - [提取] 读取原始元数据: metadata\step2\2024-07-29_959467806724718592.json
  - [生成] 写入内容信息文件: 2024-07-29_959467806724718592.json
  - 正在保存动态 959205448690434048 的步骤2元数据...
  - 所有 9 张图片均已存在，全部跳过。
  - [提取] 读取原始元数据: metadata\step2\2024-07-28_959205448690434048.json
  - [生成] 写入内容信息文件: 2024-07-28_959205448690434048.json
  - 正在保存动态 957311939313139752 的步骤2元数据...
  - 所有 9 张图片均已存在，全部跳过。
  - [提取] 读取原始元数据: metadata\step2\2024-07-23_957311939313139752.json
  - [生成] 写入内容信息文件: 2024-07-23_957311939313139752.json
  - 正在保存动态 956602801538990084 的步骤2元数据...
  - 所有 9 张图片均已存在，全部跳过。
  - [提取] 读取原始元数据: metadata\step2\2024-07-21_956602801538990084.json
  - [生成] 写入内容信息文件: 2024-07-21_956602801538990084.json
  - 正在保存动态 956238884708024374 的步骤2元数据...
  - 所有 9 张图片均已存在，全部跳过。
  - [提取] 读取原始元数据: metadata\step2\2024-07-20_956238884708024374.json
  - [生成] 写入内容信息文件: 2024-07-20_956238884708024374.json
  - 正在保存动态 948755608550506536 的步骤2元数据...
  - 所有 9 张图片均已存在，全部跳过。
  - [提取] 读取原始元数据: metadata\step2\2024-06-30_948755608550506536.json
  - [生成] 写入内容信息文件: 2024-06-30_948755608550506536.json
  - 正在保存动态 946196005575983109 的步骤2元数据...
  - 所有 9 张图片均已存在，全部跳过。
  - [提取] 读取原始元数据: metadata\step2\2024-06-23_946196005575983109.json
  - [生成] 写入内容信息文件: 2024-06-23_946196005575983109.json
  - 正在保存动态 941630253485260809 的步骤2元数据...
  - 所有 9 张图片均已存在，全部跳过。
  - [提取] 读取原始元数据: metadata\step2\2024-06-11_941630253485260809.json
  - [生成] 写入内容信息文件: 2024-06-11_941630253485260809.json
  - 正在保存动态 936158611224133639 的步骤2元数据...
  - 所有 9 张图片均已存在，全部跳过。
  - [提取] 读取原始元数据: metadata\step2\2024-05-27_936158611224133639.json
  - [生成] 写入内容信息文件: 2024-05-27_936158611224133639.json
  - 正在保存动态 935300811712364545 的步骤2元数据...
  - 所有 9 张图片均已存在，全部跳过。
  - [提取] 读取原始元数据: metadata\step2\2024-05-25_935300811712364545.json
  - [生成] 写入内容信息文件: 2024-05-25_935300811712364545.json
  - 正在保存动态 934683504661233673 的步骤2元数据...
  - 所有 9 张图片均已存在，全部跳过。
  - [提取] 读取原始元数据: metadata\step2\2024-05-23_934683504661233673.json
  - [生成] 写入内容信息文件: 2024-05-23_934683504661233673.json
  - 正在保存动态 927988488204189718 的步骤2元数据...
  - 所有 9 张图片均已存在，全部跳过。
  - [提取] 读取原始元数据: metadata\step2\2024-05-05_927988488204189718.json
  - [生成] 写入内容信息文件: 2024-05-05_927988488204189718.json
  - 正在保存动态 926559947729141784 的步骤2元数据...
  - 所有 9 张图片均已存在，全部跳过。
  - [提取] 读取原始元数据: metadata\step2\2024-05-01_926559947729141784.json
  - [生成] 写入内容信息文件: 2024-05-01_926559947729141784.json
  - 正在保存动态 925392231980859411 的步骤2元数据...
  - 所有 6 张图片均已存在，全部跳过。
  - [提取] 读取原始元数据: metadata\step2\2024-04-28_925392231980859411.json
  - [生成] 写入内容信息文件: 2024-04-28_925392231980859411.json
  - 正在保存动态 925361651799031849 的步骤2元数据...
  - 所有 9 张图片均已存在，全部跳过。
  - [提取] 读取原始元数据: metadata\step2\2024-04-28_925361651799031849.json
  - [生成] 写入内容信息文件: 2024-04-28_925361651799031849.json
  - 正在保存动态 922868058221969410 的步骤2元数据...
  - 所有 4 张图片均已存在，全部跳过。
  - [提取] 读取原始元数据: metadata\step2\2024-04-21_922868058221969410.json
  - [生成] 写入内容信息文件: 2024-04-21_922868058221969410.json
  - 正在保存动态 920108180990590978 的步骤2元数据...
  - 所有 7 张图片均已存在，全部跳过。
  - [提取] 读取原始元数据: metadata\step2\2024-04-14_920108180990590978.json
  - [生成] 写入内容信息文件: 2024-04-14_920108180990590978.json
  - 正在保存动态 918607132840951842 的步骤2元数据...
  - 所有 9 张图片均已存在，全部跳过。
  - [提取] 读取原始元数据: metadata\step2\2024-04-10_918607132840951842.json
  - [生成] 写入内容信息文件: 2024-04-10_918607132840951842.json
  - 正在保存动态 914909762998501381 的步骤2元数据...
  - 所有 6 张图片均已存在，全部跳过。
  - [提取] 读取原始元数据: metadata\step2\2024-03-31_914909762998501381.json
  - [生成] 写入内容信息文件: 2024-03-31_914909762998501381.json
  - 正在保存动态 909386684160802820 的步骤2元数据...
  - 所有 9 张图片均已存在，全部跳过。
  - [提取] 读取原始元数据: metadata\step2\2024-03-16_909386684160802820.json
  - [生成] 写入内容信息文件: 2024-03-16_909386684160802820.json
  - 正在保存动态 905003146049224738 的步骤2元数据...
  - 所有 9 张图片均已存在，全部跳过。
  - [提取] 读取原始元数据: metadata\step2\2024-03-04_905003146049224738.json
  - [生成] 写入内容信息文件: 2024-03-04_905003146049224738.json
  - 正在保存动态 903832746009296913 的步骤2元数据...
  - 所有 1 张图片均已存在，全部跳过。
  - [提取] 读取原始元数据: metadata\step2\2024-03-01_903832746009296913.json
  - [生成] 写入内容信息文件: 2024-03-01_903832746009296913.json
  - 正在保存动态 898318695201243173 的步骤2元数据...
  - 所有 9 张图片均已存在，全部跳过。
  - [提取] 读取原始元数据: metadata\step2\2024-02-15_898318695201243173.json
  - [生成] 写入内容信息文件: 2024-02-15_898318695201243173.json
  - 正在保存动态 894230526284529746 的步骤2元数据...
  - 所有 9 张图片均已存在，全部跳过。
  - [提取] 读取原始元数据: metadata\step2\2024-02-04_894230526284529746.json
  - [生成] 写入内容信息文件: 2024-02-04_894230526284529746.json
  - 正在保存动态 889757262008025106 的步骤2元数据...
  - 所有 1 张图片均已存在，全部跳过。
  - [提取] 读取原始元数据: metadata\step2\2024-01-23_889757262008025106.json
  - [生成] 写入内容信息文件: 2024-01-23_889757262008025106.json
  - 正在保存动态 889419703314808870 的步骤2元数据...
  - 所有 9 张图片均已存在，全部跳过。
  - [提取] 读取原始元数据: metadata\step2\2024-01-22_889419703314808870.json
  - [生成] 写入内容信息文件: 2024-01-22_889419703314808870.json
  - 正在保存动态 887184378998816839 的步骤2元数据...
  - 所有 6 张图片均已存在，全部跳过。
  - [提取] 读取原始元数据: metadata\step2\2024-01-16_887184378998816839.json
  - [生成] 写入内容信息文件: 2024-01-16_887184378998816839.json
  - 正在保存动态 886833948316925992 的步骤2元数据...
  - 所有 9 张图片均已存在，全部跳过。
  - [提取] 读取原始元数据: metadata\step2\2024-01-15_886833948316925992.json
  - [生成] 写入内容信息文件: 2024-01-15_886833948316925992.json
  - 正在保存动态 881675233033977905 的步骤2元数据...
  - 所有 9 张图片均已存在，全部跳过。
  - [提取] 读取原始元数据: metadata\step2\2024-01-01_881675233033977905.json
  - [生成] 写入内容信息文件: 2024-01-01_881675233033977905.json
  - 正在保存动态 881292087611359321 的步骤2元数据...
  - 所有 9 张图片均已存在，全部跳过。
  - [提取] 读取原始元数据: metadata\step2\2023-12-31_881292087611359321.json
  - [生成] 写入内容信息文件: 2023-12-31_881292087611359321.json
  - 正在保存动态 880904642886631504 的步骤2元数据...
  - 所有 9 张图片均已存在，全部跳过。
  - [提取] 读取原始元数据: metadata\step2\2023-12-30_880904642886631504.json
  - [生成] 写入内容信息文件: 2023-12-30_880904642886631504.json
  - 正在保存动态 879033248327401538 的步骤2元数据...
  - 所有 9 张图片均已存在，全部跳过。
  - [提取] 读取原始元数据: metadata\step2\2023-12-25_879033248327401538.json
  - [生成] 写入内容信息文件: 2023-12-25_879033248327401538.json
  - 正在保存动态 877168772957339673 的步骤2元数据...
  - 所有 1 张图片均已存在，全部跳过。
  - [提取] 读取原始元数据: metadata\step2\2023-12-20_877168772957339673.json
  - [生成] 写入内容信息文件: 2023-12-20_877168772957339673.json
  - 正在保存动态 876424463715926065 的步骤2元数据...
  - 所有 9 张图片均已存在，全部跳过。
  - [提取] 读取原始元数据: metadata\step2\2023-12-18_876424463715926065.json
  - [生成] 写入内容信息文件: 2023-12-18_876424463715926065.json
  - 正在保存动态 875660195764633652 的步骤2元数据...
  - 所有 9 张图片均已存在，全部跳过。
  - [提取] 读取原始元数据: metadata\step2\2023-12-16_875660195764633652.json
  - [生成] 写入内容信息文件: 2023-12-16_875660195764633652.json
  - 正在保存动态 874120046277820416 的步骤2元数据...
  - 所有 9 张图片均已存在，全部跳过。
  - [提取] 读取原始元数据: metadata\step2\2023-12-12_874120046277820416.json
  - [生成] 写入内容信息文件: 2023-12-12_874120046277820416.json
  - 正在保存动态 870864744516419617 的步骤2元数据...
  - 所有 6 张图片均已存在，全部跳过。
  - [提取] 读取原始元数据: metadata\step2\2023-12-03_870864744516419617.json
  - [生成] 写入内容信息文件: 2023-12-03_870864744516419617.json
  - 正在保存动态 870180994326462465 的步骤2元数据...
  - 所有 9 张图片均已存在，全部跳过。
  - [提取] 读取原始元数据: metadata\step2\2023-12-01_870180994326462465.json
  - [生成] 写入内容信息文件: 2023-12-01_870180994326462465.json
  - 正在保存动态 867931956162068487 的步骤2元数据...
  - 所有 9 张图片均已存在，全部跳过。
  - [提取] 读取原始元数据: metadata\step2\2023-11-25_867931956162068487.json
  - [生成] 写入内容信息文件: 2023-11-25_867931956162068487.json
  - 正在保存动态 865666141890019344 的步骤2元数据...
  - 所有 9 张图片均已存在，全部跳过。
  - [提取] 读取原始元数据: metadata\step2\2023-11-19_865666141890019344.json
  - [生成] 写入内容信息文件: 2023-11-19_865666141890019344.json
  - 正在保存动态 862254761019179030 的步骤2元数据...
  - 所有 9 张图片均已存在，全部跳过。
  - [提取] 读取原始元数据: metadata\step2\2023-11-10_862254761019179030.json
  - [生成] 写入内容信息文件: 2023-11-10_862254761019179030.json
  - 正在保存动态 860856182252765284 的步骤2元数据...
  - 所有 9 张图片均已存在，全部跳过。
  - [提取] 读取原始元数据: metadata\step2\2023-11-06_860856182252765284.json
  - [生成] 写入内容信息文件: 2023-11-06_860856182252765284.json
  - 正在保存动态 859048920120033286 的步骤2元数据...
  - 所有 6 张图片均已存在，全部跳过。
  - [提取] 读取原始元数据: metadata\step2\2023-11-01_859048920120033286.json
  - [生成] 写入内容信息文件: 2023-11-01_859048920120033286.json
  - 正在保存动态 858628047944810518 的步骤2元数据...
  - 所有 9 张图片均已存在，全部跳过。
  - [提取] 读取原始元数据: metadata\step2\2023-10-31_858628047944810518.json
  - [生成] 写入内容信息文件: 2023-10-31_858628047944810518.json
  - 正在保存动态 857818059811848212 的步骤2元数据...
  - 所有 9 张图片均已存在，全部跳过。
  - [提取] 读取原始元数据: metadata\step2\2023-10-29_857818059811848212.json
  - [生成] 写入内容信息文件: 2023-10-29_857818059811848212.json
  - 正在保存动态 857743881422241799 的步骤2元数据...
  - 所有 9 张图片均已存在，全部跳过。
  - [提取] 读取原始元数据: metadata\step2\2023-10-29_857743881422241799.json
  - [生成] 写入内容信息文件: 2023-10-29_857743881422241799.json
  - 正在保存动态 857085656231313412 的步骤2元数据...
  - 所有 9 张图片均已存在，全部跳过。
  - [提取] 读取原始元数据: metadata\step2\2023-10-27_857085656231313412.json
  - [生成] 写入内容信息文件: 2023-10-27_857085656231313412.json
  - 正在保存动态 855627012297981976 的步骤2元数据...
  - 所有 1 张图片均已存在，全部跳过。
  - [提取] 读取原始元数据: metadata\step2\2023-10-23_855627012297981976.json
  - [生成] 写入内容信息文件: 2023-10-23_855627012297981976.json
  - 正在保存动态 855196334454472708 的步骤2元数据...
  - 所有 9 张图片均已存在，全部跳过。
  - [提取] 读取原始元数据: metadata\step2\2023-10-22_855196334454472708.json
  - [生成] 写入内容信息文件: 2023-10-22_855196334454472708.json
  - 正在保存动态 851625502957371412 的步骤2元数据...
  - 所有 9 张图片均已存在，全部跳过。
  - [提取] 读取原始元数据: metadata\step2\2023-10-12_851625502957371412.json
  - [生成] 写入内容信息文件: 2023-10-12_851625502957371412.json
  - 正在保存动态 850485773236961316 的步骤2元数据...
  - 所有 6 张图片均已存在，全部跳过。
  - [提取] 读取原始元数据: metadata\step2\2023-10-09_850485773236961316.json
  - [生成] 写入内容信息文件: 2023-10-09_850485773236961316.json
  - 正在保存动态 850443820007948294 的步骤2元数据...
  - 所有 1 张图片均已存在，全部跳过。
  - [提取] 读取原始元数据: metadata\step2\2023-10-09_850443820007948294.json
  - [生成] 写入内容信息文件: 2023-10-09_850443820007948294.json
  - 正在保存动态 850064046116831240 的步骤2元数据...
  - 所有 6 张图片均已存在，全部跳过。
  - [提取] 读取原始元数据: metadata\step2\2023-10-08_850064046116831240.json
  - [生成] 写入内容信息文件: 2023-10-08_850064046116831240.json
  - 正在保存动态 849707632561225745 的步骤2元数据...
  - 所有 3 张图片均已存在，全部跳过。
  - [提取] 读取原始元数据: metadata\step2\2023-10-07_849707632561225745.json
  - [生成] 写入内容信息文件: 2023-10-07_849707632561225745.json
  - 正在保存动态 849637173615394857 的步骤2元数据...
  - 所有 7 张图片均已存在，全部跳过。
  - [提取] 读取原始元数据: metadata\step2\2023-10-07_849637173615394857.json
  - [生成] 写入内容信息文件: 2023-10-07_849637173615394857.json
  - 正在保存动态 848596430037712905 的步骤2元数据...
  - 所有 9 张图片均已存在，全部跳过。
  - [提取] 读取原始元数据: metadata\step2\2023-10-04_848596430037712905.json
  - [生成] 写入内容信息文件: 2023-10-04_848596430037712905.json
  - 正在保存动态 848203449092800519 的步骤2元数据...
  - 所有 9 张图片均已存在，全部跳过。
  - [提取] 读取原始元数据: metadata\step2\2023-10-03_848203449092800519.json
  - [生成] 写入内容信息文件: 2023-10-03_848203449092800519.json
  - 正在保存动态 847863493838241830 的步骤2元数据...
  - 所有 9 张图片均已存在，全部跳过。
  - [提取] 读取原始元数据: metadata\step2\2023-10-02_847863493838241830.json
  - [生成] 写入内容信息文件: 2023-10-02_847863493838241830.json
  - 正在保存动态 847499607029055536 的步骤2元数据...
  - 所有 9 张图片均已存在，全部跳过。
  - [提取] 读取原始元数据: metadata\step2\2023-10-01_847499607029055536.json
  - [生成] 写入内容信息文件: 2023-10-01_847499607029055536.json
  - 正在保存动态 847134083838378005 的步骤2元数据...
  - 所有 9 张图片均已存在，全部跳过。
  - [提取] 读取原始元数据: metadata\step2\2023-09-30_847134083838378005.json
  - [生成] 写入内容信息文件: 2023-09-30_847134083838378005.json
  - 正在保存动态 846738848074432529 的步骤2元数据...
  - 所有 9 张图片均已存在，全部跳过。
  - [提取] 读取原始元数据: metadata\step2\2023-09-29_846738848074432529.json
  - [生成] 写入内容信息文件: 2023-09-29_846738848074432529.json
  - 正在保存动态 840772283805990931 的步骤2元数据...
  - 所有 9 张图片均已存在，全部跳过。
  - [提取] 读取原始元数据: metadata\step2\2023-09-13_840772283805990931.json
  - [生成] 写入内容信息文件: 2023-09-13_840772283805990931.json
  - 正在保存动态 840355504460922886 的步骤2元数据...
  - 所有 1 张图片均已存在，全部跳过。
  - [提取] 读取原始元数据: metadata\step2\2023-09-12_840355504460922886.json
  - [生成] 写入内容信息文件: 2023-09-12_840355504460922886.json
  - 正在保存动态 840064086653796376 的步骤2元数据...
  - 所有 1 张图片均已存在，全部跳过。
  - [提取] 读取原始元数据: metadata\step2\2023-09-11_840064086653796376.json
  - [生成] 写入内容信息文件: 2023-09-11_840064086653796376.json
  - 正在保存动态 832685186791505984 的步骤2元数据...
  - 所有 4 张图片均已存在，全部跳过。
  - [提取] 读取原始元数据: metadata\step2\2023-08-22_832685186791505984.json
  - [生成] 写入内容信息文件: 2023-08-22_832685186791505984.json
  - 正在保存动态 831556989097082882 的步骤2元数据...
  - 所有 9 张图片均已存在，全部跳过。
  - [提取] 读取原始元数据: metadata\step2\2023-08-19_831556989097082882.json
  - [生成] 写入内容信息文件: 2023-08-19_831556989097082882.json
  - 正在保存动态 830401106005721108 的步骤2元数据...
  - 所有 9 张图片均已存在，全部跳过。
  - [提取] 读取原始元数据: metadata\step2\2023-08-16_830401106005721108.json
  - [生成] 写入内容信息文件: 2023-08-16_830401106005721108.json
  - 正在保存动态 829258026242277413 的步骤2元数据...
  - 所有 9 张图片均已存在，全部跳过。
  - [提取] 读取原始元数据: metadata\step2\2023-08-13_829258026242277413.json
  - [生成] 写入内容信息文件: 2023-08-13_829258026242277413.json
  - 正在保存动态 827022603129454675 的步骤2元数据...
  - 所有 9 张图片均已存在，全部跳过。
  - [提取] 读取原始元数据: metadata\step2\2023-08-07_827022603129454675.json
  - [生成] 写入内容信息文件: 2023-08-07_827022603129454675.json
  - 正在保存动态 823670428396421128 的步骤2元数据...
  - 所有 6 张图片均已存在，全部跳过。
  - [提取] 读取原始元数据: metadata\step2\2023-07-29_823670428396421128.json
  - [生成] 写入内容信息文件: 2023-07-29_823670428396421128.json
  - 正在保存动态 822316500100579344 的步骤2元数据...
  - 所有 2 张图片均已存在，全部跳过。
  - [提取] 读取原始元数据: metadata\step2\2023-07-25_822316500100579344.json
  - [生成] 写入内容信息文件: 2023-07-25_822316500100579344.json
  - 正在保存动态 821952750733492257 的步骤2元数据...
  - 所有 9 张图片均已存在，全部跳过。
  - [提取] 读取原始元数据: metadata\step2\2023-07-24_821952750733492257.json
  - [生成] 写入内容信息文件: 2023-07-24_821952750733492257.json
  - 正在保存动态 821229357976518696 的步骤2元数据...
  - 所有 9 张图片均已存在，全部跳过。
  - [提取] 读取原始元数据: metadata\step2\2023-07-23_821229357976518696.json
  - [生成] 写入内容信息文件: 2023-07-23_821229357976518696.json
  - 正在保存动态 814063381380071441 的步骤2元数据...
  - 所有 9 张图片均已存在，全部跳过。
  - [提取] 读取原始元数据: metadata\step2\2023-07-03_814063381380071441.json
  - [生成] 写入内容信息文件: 2023-07-03_814063381380071441.json
  - 正在保存动态 810731345504370739 的步骤2元数据...
  - 所有 9 张图片均已存在，全部跳过。
  - [提取] 读取原始元数据: metadata\step2\2023-06-24_810731345504370739.json
  - [生成] 写入内容信息文件: 2023-06-24_810731345504370739.json
  - 正在保存动态 805555098410287142 的步骤2元数据...
  - 所有 5 张图片均已存在，全部跳过。
  - [提取] 读取原始元数据: metadata\step2\2023-06-10_805555098410287142.json
  - [生成] 写入内容信息文件: 2023-06-10_805555098410287142.json
  - 正在保存动态 805155541658632201 的步骤2元数据...
  - 所有 4 张图片均已存在，全部跳过。
  - [提取] 读取原始元数据: metadata\step2\2023-06-09_805155541658632201.json
  - [生成] 写入内容信息文件: 2023-06-09_805155541658632201.json
  - 正在保存动态 805115972111302681 的步骤2元数据...
  - 所有 9 张图片均已存在，全部跳过。
  - [提取] 读取原始元数据: metadata\step2\2023-06-09_805115972111302681.json
  - [生成] 写入内容信息文件: 2023-06-09_805115972111302681.json
  - 正在保存动态 803639173625938037 的步骤2元数据...
  - 所有 4 张图片均已存在，全部跳过。
  - [提取] 读取原始元数据: metadata\step2\2023-06-05_803639173625938037.json
  - [生成] 写入内容信息文件: 2023-06-05_803639173625938037.json
  - 正在保存动态 797760780725387266 的步骤2元数据...
  - 所有 4 张图片均已存在，全部跳过。
  - [提取] 读取原始元数据: metadata\step2\2023-05-20_797760780725387266.json
  - [生成] 写入内容信息文件: 2023-05-20_797760780725387266.json
  - 正在保存动态 794404731947581472 的步骤2元数据...
  - 所有 9 张图片均已存在，全部跳过。
  - [提取] 读取原始元数据: metadata\step2\2023-05-11_794404731947581472.json
  - [生成] 写入内容信息文件: 2023-05-11_794404731947581472.json
  - 正在保存动态 792079526835257380 的步骤2元数据...
  - 所有 9 张图片均已存在，全部跳过。
  - [提取] 读取原始元数据: metadata\step2\2023-05-05_792079526835257380.json
  - [生成] 写入内容信息文件: 2023-05-05_792079526835257380.json
  - 正在保存动态 792079213302644753 的步骤2元数据...
  - 所有 9 张图片均已存在，全部跳过。
  - [提取] 读取原始元数据: metadata\step2\2023-05-05_792079213302644753.json
  - [生成] 写入内容信息文件: 2023-05-05_792079213302644753.json
  - 正在保存动态 791804717654081543 的步骤2元数据...
  - 所有 1 张图片均已存在，全部跳过。
  - [提取] 读取原始元数据: metadata\step2\2023-05-04_791804717654081543.json
  - [生成] 写入内容信息文件: 2023-05-04_791804717654081543.json
  - 正在保存动态 790738341648662531 的步骤2元数据...
  - 所有 9 张图片均已存在，全部跳过。
  - [提取] 读取原始元数据: metadata\step2\2023-05-01_790738341648662531.json
  - [生成] 写入内容信息文件: 2023-05-01_790738341648662531.json
  - 正在保存动态 790368227134799889 的步骤2元数据...
  - 所有 9 张图片均已存在，全部跳过。
  - [提取] 读取原始元数据: metadata\step2\2023-04-30_790368227134799889.json
  - [生成] 写入内容信息文件: 2023-04-30_790368227134799889.json
  - 正在保存动态 789999766188589080 的步骤2元数据...
  - 所有 9 张图片均已存在，全部跳过。
  - [提取] 读取原始元数据: metadata\step2\2023-04-29_789999766188589080.json
  - [生成] 写入内容信息文件: 2023-04-29_789999766188589080.json
  - 正在保存动态 788512702469242915 的步骤2元数据...
  - 所有 6 张图片均已存在，全部跳过。
  - [提取] 读取原始元数据: metadata\step2\2023-04-25_788512702469242915.json
  - [生成] 写入内容信息文件: 2023-04-25_788512702469242915.json
  - 正在保存动态 784793282277277718 的步骤2元数据...
  - 所有 4 张图片均已存在，全部跳过。
  - [提取] 读取原始元数据: metadata\step2\2023-04-15_784793282277277718.json
  - [生成] 写入内容信息文件: 2023-04-15_784793282277277718.json
  - 正在保存动态 778480500716077075 的步骤2元数据...
  - 所有 3 张图片均已存在，全部跳过。
  - [提取] 读取原始元数据: metadata\step2\2023-03-29_778480500716077075.json
  - [生成] 写入内容信息文件: 2023-03-29_778480500716077075.json
  - 正在保存动态 777661463310368776 的步骤2元数据...
  - 所有 9 张图片均已存在，全部跳过。
  - [提取] 读取原始元数据: metadata\step2\2023-03-27_777661463310368776.json
  - [生成] 写入内容信息文件: 2023-03-27_777661463310368776.json
  - 正在保存动态 774774695558905888 的步骤2元数据...
  - 所有 9 张图片均已存在，全部跳过。
  - [提取] 读取原始元数据: metadata\step2\2023-03-19_774774695558905888.json
  - [生成] 写入内容信息文件: 2023-03-19_774774695558905888.json
  - 正在保存动态 771797291062263893 的步骤2元数据...
  - 所有 6 张图片均已存在，全部跳过。
  - [提取] 读取原始元数据: metadata\step2\2023-03-11_771797291062263893.json
  - [生成] 写入内容信息文件: 2023-03-11_771797291062263893.json
  - 正在保存动态 771082874787987511 的步骤2元数据...
  - 所有 1 张图片均已存在，全部跳过。
  - [提取] 读取原始元数据: metadata\step2\2023-03-09_771082874787987511.json
  - [生成] 写入内容信息文件: 2023-03-09_771082874787987511.json
  - 正在保存动态 769147476627161120 的步骤2元数据...
  - 所有 2 张图片均已存在，全部跳过。
  - [提取] 读取原始元数据: metadata\step2\2023-03-04_769147476627161120.json
  - [生成] 写入内容信息文件: 2023-03-04_769147476627161120.json
  - 正在保存动态 763604671036129318 的步骤2元数据...
  - 所有 5 张图片均已存在，全部跳过。
  - [提取] 读取原始元数据: metadata\step2\2023-02-17_763604671036129318.json
  - [生成] 写入内容信息文件: 2023-02-17_763604671036129318.json
  - 正在保存动态 762851690224287747 的步骤2元数据...
  - 所有 4 张图片均已存在，全部跳过。
  - [提取] 读取原始元数据: metadata\step2\2023-02-15_762851690224287747.json
  - [生成] 写入内容信息文件: 2023-02-15_762851690224287747.json
  - 正在保存动态 760645064905981991 的步骤2元数据...
  - 所有 6 张图片均已存在，全部跳过。
  - [提取] 读取原始元数据: metadata\step2\2023-02-09_760645064905981991.json
  - [生成] 写入内容信息文件: 2023-02-09_760645064905981991.json
  - 正在保存动态 754309069018234886 的步骤2元数据...
  - 所有 9 张图片均已存在，全部跳过。
  - [提取] 读取原始元数据: metadata\step2\2023-01-23_754309069018234886.json
  - [生成] 写入内容信息文件: 2023-01-23_754309069018234886.json
  - 正在保存动态 753591452974448657 的步骤2元数据...
  - 所有 6 张图片均已存在，全部跳过。
  - [提取] 读取原始元数据: metadata\step2\2023-01-21_753591452974448657.json
  - [生成] 写入内容信息文件: 2023-01-21_753591452974448657.json
  - 正在保存动态 753124276494663684 的步骤2元数据...
  - 所有 1 张图片均已存在，全部跳过。
  - [提取] 读取原始元数据: metadata\step2\2023-01-20_753124276494663684.json
  - [生成] 写入内容信息文件: 2023-01-20_753124276494663684.json
  - 正在保存动态 750968787016089687 的步骤2元数据...
  - 所有 1 张图片均已存在，全部跳过。
  - [提取] 读取原始元数据: metadata\step2\2023-01-14_750968787016089687.json
  - [生成] 写入内容信息文件: 2023-01-14_750968787016089687.json
  - 正在保存动态 750256539742240784 的步骤2元数据...
  - 所有 6 张图片均已存在，全部跳过。
  - [提取] 读取原始元数据: metadata\step2\2023-01-12_750256539742240784.json
  - [生成] 写入内容信息文件: 2023-01-12_750256539742240784.json
  - 正在保存动态 749882529669972004 的步骤2元数据...
  - 所有 3 张图片均已存在，全部跳过。
  - [提取] 读取原始元数据: metadata\step2\2023-01-11_749882529669972004.json
  - [生成] 写入内容信息文件: 2023-01-11_749882529669972004.json
  - 正在保存动态 748810626095120385 的步骤2元数据...
  - 所有 4 张图片均已存在，全部跳过。
  - [提取] 读取原始元数据: metadata\step2\2023-01-08_748810626095120385.json
  - [生成] 写入内容信息文件: 2023-01-08_748810626095120385.json
  - 正在保存动态 746938759083196425 的步骤2元数据...
  - 所有 3 张图片均已存在，全部跳过。
  - [提取] 读取原始元数据: metadata\step2\2023-01-03_746938759083196425.json
  - [生成] 写入内容信息文件: 2023-01-03_746938759083196425.json
  - 正在保存动态 745788347800092676 的步骤2元数据...
  - 所有 1 张图片均已存在，全部跳过。
  - [提取] 读取原始元数据: metadata\step2\2022-12-31_745788347800092676.json
  - [生成] 写入内容信息文件: 2022-12-31_745788347800092676.json
  - 正在保存动态 745139786250977285 的步骤2元数据...
  - 所有 6 张图片均已存在，全部跳过。
  - [提取] 读取原始元数据: metadata\step2\2022-12-30_745139786250977285.json
  - [生成] 写入内容信息文件: 2022-12-30_745139786250977285.json
  - 正在保存动态 744709056866811985 的步骤2元数据...
  - 所有 6 张图片均已存在，全部跳过。
  - [提取] 读取原始元数据: metadata\step2\2022-12-28_744709056866811985.json
  - [生成] 写入内容信息文件: 2022-12-28_744709056866811985.json
  - 正在保存动态 743597759862407225 的步骤2元数据...
  - 所有 9 张图片均已存在，全部跳过。
  - [提取] 读取原始元数据: metadata\step2\2022-12-25_743597759862407225.json
  - [生成] 写入内容信息文件: 2022-12-25_743597759862407225.json
  - 正在保存动态 743234100687536215 的步骤2元数据...
  - 所有 2 张图片均已存在，全部跳过。
  - [提取] 读取原始元数据: metadata\step2\2022-12-24_743234100687536215.json
  - [生成] 写入内容信息文件: 2022-12-24_743234100687536215.json
  - 正在保存动态 742817832457207814 的步骤2元数据...
  - 所有 3 张图片均已存在，全部跳过。
  - [提取] 读取原始元数据: metadata\step2\2022-12-23_742817832457207814.json
  - [生成] 写入内容信息文件: 2022-12-23_742817832457207814.json
  - 正在保存动态 733819605352448007 的步骤2元数据...
  - 所有 1 张图片均已存在，全部跳过。
  - [提取] 读取原始元数据: metadata\step2\2022-11-29_733819605352448007.json
  - [生成] 写入内容信息文件: 2022-11-29_733819605352448007.json
  - 正在保存动态 719504595337871397 的步骤2元数据...
  - 所有 1 张图片均已存在，全部跳过。
  - [提取] 读取原始元数据: metadata\step2\2022-10-21_719504595337871397.json
  - [生成] 写入内容信息文件: 2022-10-21_719504595337871397.json
  - 正在保存动态 715265488360308745 的步骤2元数据...
  - 所有 1 张图片均已存在，全部跳过。
  - [提取] 读取原始元数据: metadata\step2\2022-10-10_715265488360308745.json
  - [生成] 写入内容信息文件: 2022-10-10_715265488360308745.json
  - 正在保存动态 710927180555616290 的步骤2元数据...
  - 所有 5 张图片均已存在，全部跳过。
  - [提取] 读取原始元数据: metadata\step2\2022-09-28_710927180555616290.json
  - [生成] 写入内容信息文件: 2022-09-28_710927180555616290.json
  - 正在保存动态 710578974676221956 的步骤2元数据...
  - 所有 9 张图片均已存在，全部跳过。
  - [提取] 读取原始元数据: metadata\step2\2022-09-27_710578974676221956.json
  - [生成] 写入内容信息文件: 2022-09-27_710578974676221956.json
  - 正在保存动态 709097769306947592 的步骤2元数据...
  - 所有 3 张图片均已存在，全部跳过。
  - [提取] 读取原始元数据: metadata\step2\2022-09-23_709097769306947592.json
  - [生成] 写入内容信息文件: 2022-09-23_709097769306947592.json
  - 正在保存动态 704608798272127046 的步骤2元数据...
  - 所有 1 张图片均已存在，全部跳过。
  - [提取] 读取原始元数据: metadata\step2\2022-09-11_704608798272127046.json
  - [生成] 写入内容信息文件: 2022-09-11_704608798272127046.json
  - 正在保存动态 704264058449166376 的步骤2元数据...
  - 所有 6 张图片均已存在，全部跳过。
  - [提取] 读取原始元数据: metadata\step2\2022-09-10_704264058449166376.json
  - [生成] 写入内容信息文件: 2022-09-10_704264058449166376.json
  - 正在保存动态 704255764862074884 的步骤2元数据...
  - 所有 9 张图片均已存在，全部跳过。
  - [提取] 读取原始元数据: metadata\step2\2022-09-10_704255764862074884.json
  - [生成] 写入内容信息文件: 2022-09-10_704255764862074884.json
  - 正在保存动态 703874964466434053 的步骤2元数据...
  - 所有 5 张图片均已存在，全部跳过。
  - [提取] 读取原始元数据: metadata\step2\2022-09-09_703874964466434053.json
  - [生成] 写入内容信息文件: 2022-09-09_703874964466434053.json
  - 正在保存动态 703773663365693527 的步骤2元数据...
  - 所有 1 张图片均已存在，全部跳过。
  - [提取] 读取原始元数据: metadata\step2\2022-09-09_703773663365693527.json
  - [生成] 写入内容信息文件: 2022-09-09_703773663365693527.json
  - 正在保存动态 699070760078016546 的步骤2元数据...
  - 所有 9 张图片均已存在，全部跳过。
  - [提取] 读取原始元数据: metadata\step2\2022-08-27_699070760078016546.json
  - [生成] 写入内容信息文件: 2022-08-27_699070760078016546.json
  - 正在保存动态 697238840441569288 的步骤2元数据...
  - 所有 9 张图片均已存在，全部跳过。
  - [提取] 读取原始元数据: metadata\step2\2022-08-22_697238840441569288.json
  - [生成] 写入内容信息文件: 2022-08-22_697238840441569288.json
  - 正在保存动态 694620778699685921 的步骤2元数据...
  - 所有 1 张图片均已存在，全部跳过。
  - [提取] 读取原始元数据: metadata\step2\2022-08-15_694620778699685921.json
  - [生成] 写入内容信息文件: 2022-08-15_694620778699685921.json
  - 正在保存动态 693753349950930949 的步骤2元数据...
  - 所有 4 张图片均已存在，全部跳过。
  - [提取] 读取原始元数据: metadata\step2\2022-08-13_693753349950930949.json
  - [生成] 写入内容信息文件: 2022-08-13_693753349950930949.json
  - 正在保存动态 693474533545345027 的步骤2元数据...
  - 所有 9 张图片均已存在，全部跳过。
  - [提取] 读取原始元数据: metadata\step2\2022-08-12_693474533545345027.json
  - [生成] 写入内容信息文件: 2022-08-12_693474533545345027.json
  - 正在保存动态 691625584701210656 的步骤2元数据...
  - 所有 9 张图片均已存在，全部跳过。
  - [提取] 读取原始元数据: metadata\step2\2022-08-07_691625584701210656.json
  - [生成] 写入内容信息文件: 2022-08-07_691625584701210656.json
  - 正在保存动态 690512737143357494 的步骤2元数据...
  - 所有 9 张图片均已存在，全部跳过。
  - [提取] 读取原始元数据: metadata\step2\2022-08-04_690512737143357494.json
  - [生成] 写入内容信息文件: 2022-08-04_690512737143357494.json
  - 正在保存动态 689068098968354932 的步骤2元数据...
  - 所有 9 张图片均已存在，全部跳过。
  - [提取] 读取原始元数据: metadata\step2\2022-07-31_689068098968354932.json
  - [生成] 写入内容信息文件: 2022-07-31_689068098968354932.json
  - 正在保存动态 688605406441766951 的步骤2元数据...
  - 所有 9 张图片均已存在，全部跳过。
  - [提取] 读取原始元数据: metadata\step2\2022-07-30_688605406441766951.json
  - [生成] 写入内容信息文件: 2022-07-30_688605406441766951.json
  - 正在保存动态 686813077928149078 的步骤2元数据...
  - 所有 6 张图片均已存在，全部跳过。
  - [提取] 读取原始元数据: metadata\step2\2022-07-25_686813077928149078.json
  - [生成] 写入内容信息文件: 2022-07-25_686813077928149078.json
  - 正在保存动态 683448563986858041 的步骤2元数据...
  - 所有 4 张图片均已存在，全部跳过。
  - [提取] 读取原始元数据: metadata\step2\2022-07-16_683448563986858041.json
  - [生成] 写入内容信息文件: 2022-07-16_683448563986858041.json
  - 正在保存动态 681962771513868321 的步骤2元数据...
  - 所有 3 张图片均已存在，全部跳过。
  - [提取] 读取原始元数据: metadata\step2\2022-07-12_681962771513868321.json
  - [生成] 写入内容信息文件: 2022-07-12_681962771513868321.json
  - 正在保存动态 679781151357796385 的步骤2元数据...
  - 所有 9 张图片均已存在，全部跳过。
  - [提取] 读取原始元数据: metadata\step2\2022-07-06_679781151357796385.json
  - [生成] 写入内容信息文件: 2022-07-06_679781151357796385.json
  - 正在保存动态 677531022283243523 的步骤2元数据...
  - 所有 9 张图片均已存在，全部跳过。
  - [提取] 读取原始元数据: metadata\step2\2022-06-30_677531022283243523.json
  - [生成] 写入内容信息文件: 2022-06-30_677531022283243523.json
  - 正在保存动态 676071841460125767 的步骤2元数据...
  - 所有 6 张图片均已存在，全部跳过。
  - [提取] 读取原始元数据: metadata\step2\2022-06-26_676071841460125767.json
  - [生成] 写入内容信息文件: 2022-06-26_676071841460125767.json
  - 正在保存动态 675270293180121126 的步骤2元数据...
  - 所有 8 张图片均已存在，全部跳过。
  - [提取] 读取原始元数据: metadata\step2\2022-06-24_675270293180121126.json
  - [生成] 写入内容信息文件: 2022-06-24_675270293180121126.json
  - 正在保存动态 673481435163656200 的步骤2元数据...
  - 所有 6 张图片均已存在，全部跳过。
  - [提取] 读取原始元数据: metadata\step2\2022-06-19_673481435163656200.json
  - [生成] 写入内容信息文件: 2022-06-19_673481435163656200.json
  - 正在保存动态 673051010726363173 的步骤2元数据...
  - 所有 9 张图片均已存在，全部跳过。
  - [提取] 读取原始元数据: metadata\step2\2022-06-18_673051010726363173.json
  - [生成] 写入内容信息文件: 2022-06-18_673051010726363173.json
  - 正在保存动态 671585610755997746 的步骤2元数据...
  - 所有 9 张图片均已存在，全部跳过。
  - [提取] 读取原始元数据: metadata\step2\2022-06-14_671585610755997746.json
  - [生成] 写入内容信息文件: 2022-06-14_671585610755997746.json
  - 正在保存动态 669732877783531536 的步骤2元数据...
  - 所有 9 张图片均已存在，全部跳过。
  - [提取] 读取原始元数据: metadata\step2\2022-06-09_669732877783531536.json
  - [生成] 写入内容信息文件: 2022-06-09_669732877783531536.json
  - 正在保存动态 668993035316494353 的步骤2元数据...
  - 所有 5 张图片均已存在，全部跳过。
  - [提取] 读取原始元数据: metadata\step2\2022-06-07_668993035316494353.json
  - [生成] 写入内容信息文件: 2022-06-07_668993035316494353.json
  - 正在保存动态 667136716081987621 的步骤2元数据...
  - 所有 9 张图片均已存在，全部跳过。
  - [提取] 读取原始元数据: metadata\step2\2022-06-02_667136716081987621.json
  - [生成] 写入内容信息文件: 2022-06-02_667136716081987621.json
  - 正在保存动态 666376876231491591 的步骤2元数据...
  - 所有 9 张图片均已存在，全部跳过。
  - [提取] 读取原始元数据: metadata\step2\2022-05-31_666376876231491591.json
  - [生成] 写入内容信息文件: 2022-05-31_666376876231491591.json
  - 正在保存动态 664901756843458630 的步骤2元数据...
  - 所有 9 张图片均已存在，全部跳过。
  - [提取] 读取原始元数据: metadata\step2\2022-05-27_664901756843458630.json
  - [生成] 写入内容信息文件: 2022-05-27_664901756843458630.json
  - 正在保存动态 663807570962546770 的步骤2元数据...
  - 所有 6 张图片均已存在，全部跳过。
  - [提取] 读取原始元数据: metadata\step2\2022-05-24_663807570962546770.json
  - [生成] 写入内容信息文件: 2022-05-24_663807570962546770.json
  - 正在保存动态 661944976798646329 的步骤2元数据...
  - 所有 9 张图片均已存在，全部跳过。
  - [提取] 读取原始元数据: metadata\step2\2022-05-19_661944976798646329.json
  - [生成] 写入内容信息文件: 2022-05-19_661944976798646329.json
  - 正在保存动态 659699280096788503 的步骤2元数据...
  - 所有 4 张图片均已存在，全部跳过。
  - [提取] 读取原始元数据: metadata\step2\2022-05-13_659699280096788503.json
  - [生成] 写入内容信息文件: 2022-05-13_659699280096788503.json
  - 正在保存动态 654144603182596114 的步骤2元数据...
  - 所有 9 张图片均已存在，全部跳过。
  - [提取] 读取原始元数据: metadata\step2\2022-04-28_654144603182596114.json
  - [生成] 写入内容信息文件: 2022-04-28_654144603182596114.json
  - 正在保存动态 653044490259398658 的步骤2元数据...
  - 所有 3 张图片均已存在，全部跳过。
  - [提取] 读取原始元数据: metadata\step2\2022-04-25_653044490259398658.json
  - [生成] 写入内容信息文件: 2022-04-25_653044490259398658.json
  - 正在保存动态 650089067672764423 的步骤2元数据...
  - 所有 9 张图片均已存在，全部跳过。
  - [提取] 读取原始元数据: metadata\step2\2022-04-17_650089067672764423.json
  - [生成] 写入内容信息文件: 2022-04-17_650089067672764423.json
  - 正在保存动态 645980828214493186 的步骤2元数据...
  - 所有 9 张图片均已存在，全部跳过。
  - [提取] 读取原始元数据: metadata\step2\2022-04-06_645980828214493186.json
  - [生成] 写入内容信息文件: 2022-04-06_645980828214493186.json
  - 正在保存动态 644851878875627559 的步骤2元数据...
  - 所有 9 张图片均已存在，全部跳过。
  - [提取] 读取原始元数据: metadata\step2\2022-04-03_644851878875627559.json
  - [生成] 写入内容信息文件: 2022-04-03_644851878875627559.json
  - 正在保存动态 644513091851124773 的步骤2元数据...
  - 所有 9 张图片均已存在，全部跳过。
  - [提取] 读取原始元数据: metadata\step2\2022-04-02_644513091851124773.json
  - [生成] 写入内容信息文件: 2022-04-02_644513091851124773.json
  - 正在保存动态 644146950182010904 的步骤2元数据...
  - 所有 9 张图片均已存在，全部跳过。
  - [提取] 读取原始元数据: metadata\step2\2022-04-01_644146950182010904.json
  - [生成] 写入内容信息文件: 2022-04-01_644146950182010904.json
  - 正在保存动态 641919988176781334 的步骤2元数据...
  - 所有 4 张图片均已存在，全部跳过。
  - [提取] 读取原始元数据: metadata\step2\2022-03-26_641919988176781334.json
  - [生成] 写入内容信息文件: 2022-03-26_641919988176781334.json
  - 正在保存动态 641549087678660648 的步骤2元数据...
  - 所有 6 张图片均已存在，全部跳过。
  - [提取] 读取原始元数据: metadata\step2\2022-03-25_641549087678660648.json
  - [生成] 写入内容信息文件: 2022-03-25_641549087678660648.json
  - 正在保存动态 638189645867253766 的步骤2元数据...
  - 所有 4 张图片均已存在，全部跳过。
  - [提取] 读取原始元数据: metadata\step2\2022-03-16_638189645867253766.json
  - [生成] 写入内容信息文件: 2022-03-16_638189645867253766.json
  - 正在保存动态 636734296188518417 的步骤2元数据...
  - 所有 9 张图片均已存在，全部跳过。
  - [提取] 读取原始元数据: metadata\step2\2022-03-12_636734296188518417.json
  - [生成] 写入内容信息文件: 2022-03-12_636734296188518417.json
  - 正在保存动态 633025089426685988 的步骤2元数据...
  - 所有 9 张图片均已存在，全部跳过。
  - [提取] 读取原始元数据: metadata\step2\2022-03-02_633025089426685988.json
  - [生成] 写入内容信息文件: 2022-03-02_633025089426685988.json
  - 正在保存动态 631145568785137669 的步骤2元数据...
  - 所有 6 张图片均已存在，全部跳过。
  - [提取] 读取原始元数据: metadata\step2\2022-02-25_631145568785137669.json
  - [生成] 写入内容信息文件: 2022-02-25_631145568785137669.json
  - 正在保存动态 630768964583030823 的步骤2元数据...
  - 所有 3 张图片均已存在，全部跳过。
  - [提取] 读取原始元数据: metadata\step2\2022-02-24_630768964583030823.json
  - [生成] 写入内容信息文件: 2022-02-24_630768964583030823.json
  - 正在保存动态 630045855300190210 的步骤2元数据...
  - 所有 9 张图片均已存在，全部跳过。
  - [提取] 读取原始元数据: metadata\step2\2022-02-22_630045855300190210.json
  - [生成] 写入内容信息文件: 2022-02-22_630045855300190210.json
  - 正在保存动态 629658419095886224 的步骤2元数据...
  - 所有 4 张图片均已存在，全部跳过。
  - [提取] 读取原始元数据: metadata\step2\2022-02-21_629658419095886224.json
  - [生成] 写入内容信息文件: 2022-02-21_629658419095886224.json
  - 正在保存动态 627072883145855433 的步骤2元数据...
  - 所有 9 张图片均已存在，全部跳过。
  - [提取] 读取原始元数据: metadata\step2\2022-02-14_627072883145855433.json
  - [生成] 写入内容信息文件: 2022-02-14_627072883145855433.json
  - 正在保存动态 626316749856408263 的步骤2元数据...
  - 所有 9 张图片均已存在，全部跳过。
  - [提取] 读取原始元数据: metadata\step2\2022-02-12_626316749856408263.json
  - [生成] 写入内容信息文件: 2022-02-12_626316749856408263.json
  - 正在保存动态 625595749405218223 的步骤2元数据...
  - 所有 9 张图片均已存在，全部跳过。
  - [提取] 读取原始元数据: metadata\step2\2022-02-10_625595749405218223.json
  - [生成] 写入内容信息文件: 2022-02-10_625595749405218223.json
  - 正在保存动态 624852032870194368 的步骤2元数据...
  - 所有 9 张图片均已存在，全部跳过。
  - [提取] 读取原始元数据: metadata\step2\2022-02-08_624852032870194368.json
  - [生成] 写入内容信息文件: 2022-02-08_624852032870194368.json
  - 正在保存动态 624479985621325348 的步骤2元数据...
  - 所有 6 张图片均已存在，全部跳过。
  - [提取] 读取原始元数据: metadata\step2\2022-02-07_624479985621325348.json
  - [生成] 写入内容信息文件: 2022-02-07_624479985621325348.json
  - 正在保存动态 624164855276636637 的步骤2元数据...
  - 所有 9 张图片均已存在，全部跳过。
  - [提取] 读取原始元数据: metadata\step2\2022-02-06_624164855276636637.json
  - [生成] 写入内容信息文件: 2022-02-06_624164855276636637.json
  - 正在保存动态 623377458931877153 的步骤2元数据...
  - 所有 9 张图片均已存在，全部跳过。
  - [提取] 读取原始元数据: metadata\step2\2022-02-04_623377458931877153.json
  - [生成] 写入内容信息文件: 2022-02-04_623377458931877153.json
  - 正在保存动态 623030833588316320 的步骤2元数据...
  - 所有 9 张图片均已存在，全部跳过。
  - [提取] 读取原始元数据: metadata\step2\2022-02-03_623030833588316320.json
  - [生成] 写入内容信息文件: 2022-02-03_623030833588316320.json
  - 正在保存动态 622310936944373397 的步骤2元数据...
  - 所有 3 张图片均已存在，全部跳过。
  - [提取] 读取原始元数据: metadata\step2\2022-02-02_622310936944373397.json
  - [生成] 写入内容信息文件: 2022-02-02_622310936944373397.json
  - 正在保存动态 621887929910707941 的步骤2元数据...
  - 所有 9 张图片均已存在，全部跳过。
  - [提取] 读取原始元数据: metadata\step2\2022-01-31_621887929910707941.json
  - [生成] 写入内容信息文件: 2022-01-31_621887929910707941.json
  - 正在保存动态 621142800331136294 的步骤2元数据...
  - 所有 9 张图片均已存在，全部跳过。
  - [提取] 读取原始元数据: metadata\step2\2022-01-29_621142800331136294.json
  - [生成] 写入内容信息文件: 2022-01-29_621142800331136294.json
  - 正在保存动态 620382767213752420 的步骤2元数据...
  - 所有 9 张图片均已存在，全部跳过。
  - [提取] 读取原始元数据: metadata\step2\2022-01-27_620382767213752420.json
  - [生成] 写入内容信息文件: 2022-01-27_620382767213752420.json
  - 正在保存动态 620081342111999469 的步骤2元数据...
  - 所有 9 张图片均已存在，全部跳过。
  - [提取] 读取原始元数据: metadata\step2\2022-01-26_620081342111999469.json
  - [生成] 写入内容信息文件: 2022-01-26_620081342111999469.json
  - 正在保存动态 619704329884227374 的步骤2元数据...
  - 所有 4 张图片均已存在，全部跳过。
  - [提取] 读取原始元数据: metadata\step2\2022-01-25_619704329884227374.json
  - [生成] 写入内容信息文件: 2022-01-25_619704329884227374.json
  - 正在保存动态 619288577048646956 的步骤2元数据...
  - 所有 9 张图片均已存在，全部跳过。
  - [提取] 读取原始元数据: metadata\step2\2022-01-24_619288577048646956.json
  - [生成] 写入内容信息文件: 2022-01-24_619288577048646956.json
  - 正在保存动态 618910903393904158 的步骤2元数据...
  - 所有 9 张图片均已存在，全部跳过。
  - [提取] 读取原始元数据: metadata\step2\2022-01-23_618910903393904158.json
  - [生成] 写入内容信息文件: 2022-01-23_618910903393904158.json
  - 正在保存动态 618527238255405484 的步骤2元数据...
  - 所有 9 张图片均已存在，全部跳过。
  - [提取] 读取原始元数据: metadata\step2\2022-01-22_618527238255405484.json
  - [生成] 写入内容信息文件: 2022-01-22_618527238255405484.json
  - 正在保存动态 617795766671606575 的步骤2元数据...
  - 所有 9 张图片均已存在，全部跳过。
  - [提取] 读取原始元数据: metadata\step2\2022-01-20_617795766671606575.json
  - [生成] 写入内容信息文件: 2022-01-20_617795766671606575.json
  - 正在保存动态 617433048092344867 的步骤2元数据...
  - 所有 9 张图片均已存在，全部跳过。
  - [提取] 读取原始元数据: metadata\step2\2022-01-19_617433048092344867.json
  - [生成] 写入内容信息文件: 2022-01-19_617433048092344867.json
  - 正在保存动态 617090502977972474 的步骤2元数据...
  - 所有 4 张图片均已存在，全部跳过。
  - [提取] 读取原始元数据: metadata\step2\2022-01-18_617090502977972474.json
  - [生成] 写入内容信息文件: 2022-01-18_617090502977972474.json
  - 正在保存动态 616339257365181039 的步骤2元数据...
  - 所有 9 张图片均已存在，全部跳过。
  - [提取] 读取原始元数据: metadata\step2\2022-01-16_616339257365181039.json
  - [生成] 写入内容信息文件: 2022-01-16_616339257365181039.json
  - 正在保存动态 615945559188802824 的步骤2元数据...
  - 所有 9 张图片均已存在，全部跳过。
  - [提取] 读取原始元数据: metadata\step2\2022-01-15_615945559188802824.json
  - [生成] 写入内容信息文件: 2022-01-15_615945559188802824.json
  - 正在保存动态 615579250015868894 的步骤2元数据...
  - 所有 9 张图片均已存在，全部跳过。
  - [提取] 读取原始元数据: metadata\step2\2022-01-14_615579250015868894.json
  - [生成] 写入内容信息文件: 2022-01-14_615579250015868894.json
  - 正在保存动态 615514301518782557 的步骤2元数据...
  - 所有 9 张图片均已存在，全部跳过。
  - [提取] 读取原始元数据: metadata\step2\2022-01-14_615514301518782557.json
  - [生成] 写入内容信息文件: 2022-01-14_615514301518782557.json
  - 正在保存动态 614818370793632273 的步骤2元数据...
  - 所有 9 张图片均已存在，全部跳过。
  - [提取] 读取原始元数据: metadata\step2\2022-01-12_614818370793632273.json
  - [生成] 写入内容信息文件: 2022-01-12_614818370793632273.json
  - 正在保存动态 612983517808058120 的步骤2元数据...
  - 所有 9 张图片均已存在，全部跳过。
  - [提取] 读取原始元数据: metadata\step2\2022-01-07_612983517808058120.json
  - [生成] 写入内容信息文件: 2022-01-07_612983517808058120.json
  - 正在保存动态 612592723034850965 的步骤2元数据...
  - 所有 9 张图片均已存在，全部跳过。
  - [提取] 读取原始元数据: metadata\step2\2022-01-06_612592723034850965.json
  - [生成] 写入内容信息文件: 2022-01-06_612592723034850965.json
  - 正在保存动态 612237743986926854 的步骤2元数据...
  - 所有 4 张图片均已存在，全部跳过。
  - [提取] 读取原始元数据: metadata\step2\2022-01-05_612237743986926854.json
  - [生成] 写入内容信息文件: 2022-01-05_612237743986926854.json
  - 正在保存动态 611849925616727582 的步骤2元数据...
  - 所有 9 张图片均已存在，全部跳过。
  - [提取] 读取原始元数据: metadata\step2\2022-01-04_611849925616727582.json
  - [生成] 写入内容信息文件: 2022-01-04_611849925616727582.json
  - 正在保存动态 611431879272765475 的步骤2元数据...
  - 所有 9 张图片均已存在，全部跳过。
  - [提取] 读取原始元数据: metadata\step2\2022-01-03_611431879272765475.json
  - [生成] 写入内容信息文件: 2022-01-03_611431879272765475.json
  - 正在保存动态 611102571246449493 的步骤2元数据...
  - 所有 9 张图片均已存在，全部跳过。
  - [提取] 读取原始元数据: metadata\step2\2022-01-02_611102571246449493.json
  - [生成] 写入内容信息文件: 2022-01-02_611102571246449493.json
  - 正在保存动态 611062975944685872 的步骤2元数据...
  - 所有 6 张图片均已存在，全部跳过。
  - [提取] 读取原始元数据: metadata\step2\2022-01-02_611062975944685872.json
  - [生成] 写入内容信息文件: 2022-01-02_611062975944685872.json
  - 正在保存动态 610667963501822599 的步骤2元数据...
  - 所有 9 张图片均已存在，全部跳过。
  - [提取] 读取原始元数据: metadata\step2\2022-01-01_610667963501822599.json
  - [生成] 写入内容信息文件: 2022-01-01_610667963501822599.json
  - 正在保存动态 610454039776913347 的步骤2元数据...
  - 所有 1 张图片均已存在，全部跳过。
  - [提取] 读取原始元数据: metadata\step2\2022-01-01_610454039776913347.json
  - [生成] 写入内容信息文件: 2022-01-01_610454039776913347.json
  - 正在保存动态 610359447407849845 的步骤2元数据...
  - 所有 1 张图片均已存在，全部跳过。
  - [提取] 读取原始元数据: metadata\step2\2021-12-31_610359447407849845.json
  - [生成] 写入内容信息文件: 2021-12-31_610359447407849845.json
  - 正在保存动态 609999314404848633 的步骤2元数据...
  - 所有 3 张图片均已存在，全部跳过。
  - [提取] 读取原始元数据: metadata\step2\2021-12-30_609999314404848633.json
  - [生成] 写入内容信息文件: 2021-12-30_609999314404848633.json
  - 正在保存动态 609591472901832515 的步骤2元数据...
  - 所有 4 张图片均已存在，全部跳过。
  - [提取] 读取原始元数据: metadata\step2\2021-12-29_609591472901832515.json
  - [生成] 写入内容信息文件: 2021-12-29_609591472901832515.json
  - 正在保存动态 609586598117058065 的步骤2元数据...
  - 所有 4 张图片均已存在，全部跳过。
  - [提取] 读取原始元数据: metadata\step2\2021-12-29_609586598117058065.json
  - [生成] 写入内容信息文件: 2021-12-29_609586598117058065.json
  - 正在保存动态 609292371382102427 的步骤2元数据...
  - 所有 9 张图片均已存在，全部跳过。
  - [提取] 读取原始元数据: metadata\step2\2021-12-28_609292371382102427.json
  - [生成] 写入内容信息文件: 2021-12-28_609292371382102427.json
  - 正在保存动态 608851338368695087 的步骤2元数据...
  - 所有 9 张图片均已存在，全部跳过。
  - [提取] 读取原始元数据: metadata\step2\2021-12-27_608851338368695087.json
  - [生成] 写入内容信息文件: 2021-12-27_608851338368695087.json
  - 正在保存动态 608484384948474968 的步骤2元数据...
  - 所有 9 张图片均已存在，全部跳过。
  - [提取] 读取原始元数据: metadata\step2\2021-12-26_608484384948474968.json
  - [生成] 写入内容信息文件: 2021-12-26_608484384948474968.json
  - 正在保存动态 608202257140470512 的步骤2元数据...
  - 所有 9 张图片均已存在，全部跳过。
  - [提取] 读取原始元数据: metadata\step2\2021-12-25_608202257140470512.json
  - [生成] 写入内容信息文件: 2021-12-25_608202257140470512.json
  - 正在保存动态 607781749776311313 的步骤2元数据...
  - 所有 9 张图片均已存在，全部跳过。
  - [提取] 读取原始元数据: metadata\step2\2021-12-24_607781749776311313.json
  - [生成] 写入内容信息文件: 2021-12-24_607781749776311313.json
  - 正在保存动态 607384134583133953 的步骤2元数据...
  - 所有 9 张图片均已存在，全部跳过。
  - [提取] 读取原始元数据: metadata\step2\2021-12-23_607384134583133953.json
  - [生成] 写入内容信息文件: 2021-12-23_607384134583133953.json
  - 正在保存动态 607039557952302371 的步骤2元数据...
  - 所有 9 张图片均已存在，全部跳过。
  - [提取] 读取原始元数据: metadata\step2\2021-12-22_607039557952302371.json
  - [生成] 写入内容信息文件: 2021-12-22_607039557952302371.json
  - 正在保存动态 606650141855128596 的步骤2元数据...
  - 所有 4 张图片均已存在，全部跳过。
  - [提取] 读取原始元数据: metadata\step2\2021-12-21_606650141855128596.json
  - [生成] 写入内容信息文件: 2021-12-21_606650141855128596.json
  - 正在保存动态 606235054740605258 的步骤2元数据...
  - 所有 9 张图片均已存在，全部跳过。
  - [提取] 读取原始元数据: metadata\step2\2021-12-20_606235054740605258.json
  - [生成] 写入内容信息文件: 2021-12-20_606235054740605258.json
  - 正在保存动态 605814963991194222 的步骤2元数据...
  - 所有 9 张图片均已存在，全部跳过。
  - [提取] 读取原始元数据: metadata\step2\2021-12-19_605814963991194222.json
  - [生成] 写入内容信息文件: 2021-12-19_605814963991194222.json
  - 正在保存动态 605226029485696864 的步骤2元数据...
  - 所有 9 张图片均已存在，全部跳过。
  - [提取] 读取原始元数据: metadata\step2\2021-12-17_605226029485696864.json
  - [生成] 写入内容信息文件: 2021-12-17_605226029485696864.json
  - 正在保存动态 604038432373052959 的步骤2元数据...
  - 所有 9 张图片均已存在，全部跳过。
  - [提取] 读取原始元数据: metadata\step2\2021-12-14_604038432373052959.json
  - [生成] 写入内容信息文件: 2021-12-14_604038432373052959.json
  - 正在保存动态 603285352802711275 的步骤2元数据...
  - 所有 9 张图片均已存在，全部跳过。
  - [提取] 读取原始元数据: metadata\step2\2021-12-12_603285352802711275.json
  - [生成] 写入内容信息文件: 2021-12-12_603285352802711275.json
  - 正在保存动态 602565185575312727 的步骤2元数据...
  - 所有 9 张图片均已存在，全部跳过。
  - [提取] 读取原始元数据: metadata\step2\2021-12-10_602565185575312727.json
  - [生成] 写入内容信息文件: 2021-12-10_602565185575312727.json
  - 正在保存动态 601823659478192400 的步骤2元数据...
  - 所有 9 张图片均已存在，全部跳过。
  - [提取] 读取原始元数据: metadata\step2\2021-12-08_601823659478192400.json
  - [生成] 写入内容信息文件: 2021-12-08_601823659478192400.json
  - 正在保存动态 601095971750445766 的步骤2元数据...
  - 所有 4 张图片均已存在，全部跳过。
  - [提取] 读取原始元数据: metadata\step2\2021-12-06_601095971750445766.json
  - [生成] 写入内容信息文件: 2021-12-06_601095971750445766.json
  - 正在保存动态 599955116776204246 的步骤2元数据...
  - 所有 9 张图片均已存在，全部跳过。
  - [提取] 读取原始元数据: metadata\step2\2021-12-03_599955116776204246.json
  - [生成] 写入内容信息文件: 2021-12-03_599955116776204246.json
  - 正在保存动态 599255406469629089 的步骤2元数据...
  - 所有 9 张图片均已存在，全部跳过。
  - [提取] 读取原始元数据: metadata\step2\2021-12-01_599255406469629089.json
  - [生成] 写入内容信息文件: 2021-12-01_599255406469629089.json
  - 正在保存动态 598459295623989334 的步骤2元数据...
  - 所有 9 张图片均已存在，全部跳过。
  - [提取] 读取原始元数据: metadata\step2\2021-11-29_598459295623989334.json
  - [生成] 写入内容信息文件: 2021-11-29_598459295623989334.json
  - 正在保存动态 598123076996750160 的步骤2元数据...
  - 所有 9 张图片均已存在，全部跳过。
  - [提取] 读取原始元数据: metadata\step2\2021-11-28_598123076996750160.json
  - [生成] 写入内容信息文件: 2021-11-28_598123076996750160.json
  - 正在保存动态 597367055382508223 的步骤2元数据...
  - 所有 9 张图片均已存在，全部跳过。
  - [提取] 读取原始元数据: metadata\step2\2021-11-26_597367055382508223.json
  - [生成] 写入内容信息文件: 2021-11-26_597367055382508223.json
  - 正在保存动态 595864035869067921 的步骤2元数据...
  - 所有 9 张图片均已存在，全部跳过。
  - [提取] 读取原始元数据: metadata\step2\2021-11-22_595864035869067921.json
  - [生成] 写入内容信息文件: 2021-11-22_595864035869067921.json
  - 正在保存动态 595109491720139040 的步骤2元数据...
  - 所有 9 张图片均已存在，全部跳过。
  - [提取] 读取原始元数据: metadata\step2\2021-11-20_595109491720139040.json
  - [生成] 写入内容信息文件: 2021-11-20_595109491720139040.json
  - 正在保存动态 593674212434581934 的步骤2元数据...
  - 所有 6 张图片均已存在，全部跳过。
  - [提取] 读取原始元数据: metadata\step2\2021-11-16_593674212434581934.json
  - [生成] 写入内容信息文件: 2021-11-16_593674212434581934.json
  - 正在保存动态 592921824351170597 的步骤2元数据...
  - 所有 6 张图片均已存在，全部跳过。
  - [提取] 读取原始元数据: metadata\step2\2021-11-14_592921824351170597.json
  - [生成] 写入内容信息文件: 2021-11-14_592921824351170597.json
  - 正在保存动态 592535161334611037 的步骤2元数据...
  - 所有 9 张图片均已存在，全部跳过。
  - [提取] 读取原始元数据: metadata\step2\2021-11-13_592535161334611037.json
  - [生成] 写入内容信息文件: 2021-11-13_592535161334611037.json
  - 正在保存动态 591824451621584276 的步骤2元数据...
  - 所有 9 张图片均已存在，全部跳过。
  - [提取] 读取原始元数据: metadata\step2\2021-11-11_591824451621584276.json
  - [生成] 写入内容信息文件: 2021-11-11_591824451621584276.json
  - 正在保存动态 591072140858549149 的步骤2元数据...
  - 所有 9 张图片均已存在，全部跳过。
  - [提取] 读取原始元数据: metadata\step2\2021-11-09_591072140858549149.json
  - [生成] 写入内容信息文件: 2021-11-09_591072140858549149.json
  - 正在保存动态 590723917789134871 的步骤2元数据...
  - 所有 9 张图片均已存在，全部跳过。
  - [提取] 读取原始元数据: metadata\step2\2021-11-08_590723917789134871.json
  - [生成] 写入内容信息文件: 2021-11-08_590723917789134871.json
  - 正在保存动态 589561261554822938 的步骤2元数据...
  - 所有 9 张图片均已存在，全部跳过。
  - [提取] 读取原始元数据: metadata\step2\2021-11-05_589561261554822938.json
  - [生成] 写入内容信息文件: 2021-11-05_589561261554822938.json
  - 正在保存动态 588817012445666444 的步骤2元数据...
  - 所有 9 张图片均已存在，全部跳过。
  - [提取] 读取原始元数据: metadata\step2\2021-11-03_588817012445666444.json
  - [生成] 写入内容信息文件: 2021-11-03_588817012445666444.json
  - 正在保存动态 587732803782302042 的步骤2元数据...
  - 所有 9 张图片均已存在，全部跳过。
  - [提取] 读取原始元数据: metadata\step2\2021-10-31_587732803782302042.json
  - [生成] 写入内容信息文件: 2021-10-31_587732803782302042.json
  - 正在保存动态 585158344545949713 的步骤2元数据...
  - 所有 9 张图片均已存在，全部跳过。
  - [提取] 读取原始元数据: metadata\step2\2021-10-24_585158344545949713.json
  - [生成] 写入内容信息文件: 2021-10-24_585158344545949713.json
  - 正在保存动态 583999966099014490 的步骤2元数据...
  - 所有 9 张图片均已存在，全部跳过。
  - [提取] 读取原始元数据: metadata\step2\2021-10-21_583999966099014490.json
  - [生成] 写入内容信息文件: 2021-10-21_583999966099014490.json
  - 正在保存动态 582182580751757600 的步骤2元数据...
  - 所有 4 张图片均已存在，全部跳过。
  - [提取] 读取原始元数据: metadata\step2\2021-10-16_582182580751757600.json
  - [生成] 写入内容信息文件: 2021-10-16_582182580751757600.json
  - 正在保存动态 581831660454233351 的步骤2元数据...
  - 所有 1 张图片均已存在，全部跳过。
  - [提取] 读取原始元数据: metadata\step2\2021-10-15_581831660454233351.json
  - [生成] 写入内容信息文件: 2021-10-15_581831660454233351.json
  - 正在保存动态 581798799661279985 的步骤2元数据...
  - 所有 3 张图片均已存在，全部跳过。
  - [提取] 读取原始元数据: metadata\step2\2021-10-15_581798799661279985.json
  - [生成] 写入内容信息文件: 2021-10-15_581798799661279985.json
  - 正在保存动态 581758688960324034 的步骤2元数据...
  - 所有 9 张图片均已存在，全部跳过。
  - [提取] 读取原始元数据: metadata\step2\2021-10-15_581758688960324034.json
  - [生成] 写入内容信息文件: 2021-10-15_581758688960324034.json
  - 正在保存动态 581407206016116196 的步骤2元数据...
  - 所有 4 张图片均已存在，全部跳过。
  - [提取] 读取原始元数据: metadata\step2\2021-10-14_581407206016116196.json
  - [生成] 写入内容信息文件: 2021-10-14_581407206016116196.json
  - 正在保存动态 580632144802538864 的步骤2元数据...
  - 所有 3 张图片均已存在，全部跳过。
  - [提取] 读取原始元数据: metadata\step2\2021-10-12_580632144802538864.json
  - [生成] 写入内容信息文件: 2021-10-12_580632144802538864.json
  - 正在保存动态 580354354914147800 的步骤2元数据...
  - 所有 4 张图片均已存在，全部跳过。
  - [提取] 读取原始元数据: metadata\step2\2021-10-11_580354354914147800.json
  - [生成] 写入内容信息文件: 2021-10-11_580354354914147800.json
  - 正在保存动态 575508072730332861 的步骤2元数据...
  - 所有 9 张图片均已存在，全部跳过。
  - [提取] 读取原始元数据: metadata\step2\2021-09-28_575508072730332861.json
  - [生成] 写入内容信息文件: 2021-09-28_575508072730332861.json
  - 正在保存动态 574378105484118366 的步骤2元数据...
  - 所有 9 张图片均已存在，全部跳过。
  - [提取] 读取原始元数据: metadata\step2\2021-09-25_574378105484118366.json
  - [生成] 写入内容信息文件: 2021-09-25_574378105484118366.json
  - 正在保存动态 574022215911369551 的步骤2元数据...
  - 所有 6 张图片均已存在，全部跳过。
  - [提取] 读取原始元数据: metadata\step2\2021-09-24_574022215911369551.json
  - [生成] 写入内容信息文件: 2021-09-24_574022215911369551.json
  - 正在保存动态 572897110569049569 的步骤2元数据...
  - 所有 4 张图片均已存在，全部跳过。
  - [提取] 读取原始元数据: metadata\step2\2021-09-21_572897110569049569.json
  - [生成] 写入内容信息文件: 2021-09-21_572897110569049569.json
  - 正在保存动态 572191649303945932 的步骤2元数据...
  - 所有 9 张图片均已存在，全部跳过。
  - [提取] 读取原始元数据: metadata\step2\2021-09-19_572191649303945932.json
  - [生成] 写入内容信息文件: 2021-09-19_572191649303945932.json
  - 正在保存动态 571293082013015739 的步骤2元数据...
  - 所有 1 张图片均已存在，全部跳过。
  - [提取] 读取原始元数据: metadata\step2\2021-09-17_571293082013015739.json
  - [生成] 写入内容信息文件: 2021-09-17_571293082013015739.json
  - 正在保存动态 567693435563396860 的步骤2元数据...
  - 所有 9 张图片均已存在，全部跳过。
  - [提取] 读取原始元数据: metadata\step2\2021-09-07_567693435563396860.json
  - [生成] 写入内容信息文件: 2021-09-07_567693435563396860.json
  - 正在保存动态 566607053651859232 的步骤2元数据...
  - 所有 9 张图片均已存在，全部跳过。
  - [提取] 读取原始元数据: metadata\step2\2021-09-04_566607053651859232.json
  - [生成] 写入内容信息文件: 2021-09-04_566607053651859232.json
  - 正在保存动态 563954391656513297 的步骤2元数据...
  - 所有 6 张图片均已存在，全部跳过。
  - [提取] 读取原始元数据: metadata\step2\2021-08-28_563954391656513297.json
  - [生成] 写入内容信息文件: 2021-08-28_563954391656513297.json
  - 正在保存动态 563523615031018796 的步骤2元数据...
  - 所有 1 张图片均已存在，全部跳过。
  - [提取] 读取原始元数据: metadata\step2\2021-08-27_563523615031018796.json
  - [生成] 写入内容信息文件: 2021-08-27_563523615031018796.json
  - 正在保存动态 562853965204737409 的步骤2元数据...
  - 所有 9 张图片均已存在，全部跳过。
  - [提取] 读取原始元数据: metadata\step2\2021-08-25_562853965204737409.json
  - [生成] 写入内容信息文件: 2021-08-25_562853965204737409.json
  - 正在保存动态 561749368335837487 的步骤2元数据...
  - 所有 9 张图片均已存在，全部跳过。
  - [提取] 读取原始元数据: metadata\step2\2021-08-22_561749368335837487.json
  - [生成] 写入内容信息文件: 2021-08-22_561749368335837487.json
  - 正在保存动态 560249239332821396 的步骤2元数据...
  - 所有 9 张图片均已存在，全部跳过。
  - [提取] 读取原始元数据: metadata\step2\2021-08-18_560249239332821396.json
  - [生成] 写入内容信息文件: 2021-08-18_560249239332821396.json
  - 正在保存动态 558770009647779426 的步骤2元数据...
  - 所有 9 张图片均已存在，全部跳过。
  - [提取] 读取原始元数据: metadata\step2\2021-08-14_558770009647779426.json
  - [生成] 写入内容信息文件: 2021-08-14_558770009647779426.json
  - 正在保存动态 557639728875751222 的步骤2元数据...
  - 所有 9 张图片均已存在，全部跳过。
  - [提取] 读取原始元数据: metadata\step2\2021-08-11_557639728875751222.json
  - [生成] 写入内容信息文件: 2021-08-11_557639728875751222.json
  - 正在保存动态 556556752872895103 的步骤2元数据...
  - 所有 9 张图片均已存在，全部跳过。
  - [提取] 读取原始元数据: metadata\step2\2021-08-08_556556752872895103.json
  - [生成] 写入内容信息文件: 2021-08-08_556556752872895103.json
  - 正在保存动态 555072399292566698 的步骤2元数据...
  - 所有 9 张图片均已存在，全部跳过。
  - [提取] 读取原始元数据: metadata\step2\2021-08-04_555072399292566698.json
  - [生成] 写入内容信息文件: 2021-08-04_555072399292566698.json
  - 正在保存动态 554691491526543460 的步骤2元数据...
  - 所有 9 张图片均已存在，全部跳过。
  - [提取] 读取原始元数据: metadata\step2\2021-08-03_554691491526543460.json
  - [生成] 写入内容信息文件: 2021-08-03_554691491526543460.json
  - 正在保存动态 554319375558647367 的步骤2元数据...
  - 所有 9 张图片均已存在，全部跳过。
  - [提取] 读取原始元数据: metadata\step2\2021-08-02_554319375558647367.json
  - [生成] 写入内容信息文件: 2021-08-02_554319375558647367.json
  - 正在保存动态 550201309370952181 的步骤2元数据...
  - 所有 2 张图片均已存在，全部跳过。
  - [提取] 读取原始元数据: metadata\step2\2021-07-22_550201309370952181.json
  - [生成] 写入内容信息文件: 2021-07-22_550201309370952181.json
  - 正在保存动态 549525122606162771 的步骤2元数据...
  - 所有 3 张图片均已存在，全部跳过。
  - [提取] 读取原始元数据: metadata\step2\2021-07-20_549525122606162771.json
  - [生成] 写入内容信息文件: 2021-07-20_549525122606162771.json
  - 正在保存动态 549146688750924476 的步骤2元数据...
  - 所有 6 张图片均已存在，全部跳过。
  - [提取] 读取原始元数据: metadata\step2\2021-07-19_549146688750924476.json
  - [生成] 写入内容信息文件: 2021-07-19_549146688750924476.json
  - 正在保存动态 548039313037587506 的步骤2元数据...
  - 所有 9 张图片均已存在，全部跳过。
  - [提取] 读取原始元数据: metadata\step2\2021-07-16_548039313037587506.json
  - [生成] 写入内容信息文件: 2021-07-16_548039313037587506.json
  - 正在保存动态 546933620952795064 的步骤2元数据...
  - 所有 9 张图片均已存在，全部跳过。
  - [提取] 读取原始元数据: metadata\step2\2021-07-13_546933620952795064.json
  - [生成] 写入内容信息文件: 2021-07-13_546933620952795064.json
  - 正在保存动态 545857950681050899 的步骤2元数据...
  - 所有 6 张图片均已存在，全部跳过。
  - [提取] 读取原始元数据: metadata\step2\2021-07-10_545857950681050899.json
  - [生成] 写入内容信息文件: 2021-07-10_545857950681050899.json
  - 正在保存动态 545398861632987146 的步骤2元数据...
  - 所有 6 张图片均已存在，全部跳过。
  - [提取] 读取原始元数据: metadata\step2\2021-07-09_545398861632987146.json
  - [生成] 写入内容信息文件: 2021-07-09_545398861632987146.json
  - 正在保存动态 539867321709495804 的步骤2元数据...
  - 所有 3 张图片均已存在，全部跳过。
  - [提取] 读取原始元数据: metadata\step2\2021-06-24_539867321709495804.json
  - [生成] 写入内容信息文件: 2021-06-24_539867321709495804.json
  - 正在保存动态 539105604967237931 的步骤2元数据...
  - 所有 4 张图片均已存在，全部跳过。
  - [提取] 读取原始元数据: metadata\step2\2021-06-22_539105604967237931.json
  - [生成] 写入内容信息文件: 2021-06-22_539105604967237931.json
  - 正在保存动态 537275910237737150 的步骤2元数据...
  - 所有 9 张图片均已存在，全部跳过。
  - [提取] 读取原始元数据: metadata\step2\2021-06-17_537275910237737150.json
  - [生成] 写入内容信息文件: 2021-06-17_537275910237737150.json
  - 正在保存动态 532411619259668856 的步骤2元数据...
  - 所有 4 张图片均已存在，全部跳过。
  - [提取] 读取原始元数据: metadata\step2\2021-06-04_532411619259668856.json
  - [生成] 写入内容信息文件: 2021-06-04_532411619259668856.json
  - 正在保存动态 531344268352405635 的步骤2元数据...
  - 所有 3 张图片均已存在，全部跳过。
  - [提取] 读取原始元数据: metadata\step2\2021-06-01_531344268352405635.json
  - [生成] 写入内容信息文件: 2021-06-01_531344268352405635.json
  - 正在保存动态 526754949763011842 的步骤2元数据...
  - 所有 9 张图片均已存在，全部跳过。
  - [提取] 读取原始元数据: metadata\step2\2021-05-20_526754949763011842.json
  - [生成] 写入内容信息文件: 2021-05-20_526754949763011842.json
  - 正在保存动态 526523536928416106 的步骤2元数据...
  - 所有 9 张图片均已存在，全部跳过。
  - [提取] 读取原始元数据: metadata\step2\2021-05-19_526523536928416106.json
  - [生成] 写入内容信息文件: 2021-05-19_526523536928416106.json
  - 正在保存动态 526398506135789440 的步骤2元数据...
  - 所有 9 张图片均已存在，全部跳过。
  - [提取] 读取原始元数据: metadata\step2\2021-05-19_526398506135789440.json
  - [生成] 写入内容信息文件: 2021-05-19_526398506135789440.json
  - 正在保存动态 525005433484828778 的步骤2元数据...
  - 所有 9 张图片均已存在，全部跳过。
  - [提取] 读取原始元数据: metadata\step2\2021-05-15_525005433484828778.json
  - [生成] 写入内容信息文件: 2021-05-15_525005433484828778.json
  - 正在保存动态 523154762150012490 的步骤2元数据...
  - 所有 9 张图片均已存在，全部跳过。
  - [提取] 读取原始元数据: metadata\step2\2021-05-10_523154762150012490.json
  - [生成] 写入内容信息文件: 2021-05-10_523154762150012490.json
  - 正在保存动态 521948499105745033 的步骤2元数据...
  - 所有 9 张图片均已存在，全部跳过。
  - [提取] 读取原始元数据: metadata\step2\2021-05-07_521948499105745033.json
  - [生成] 写入内容信息文件: 2021-05-07_521948499105745033.json
  - 正在保存动态 520084509070123503 的步骤2元数据...
  - 所有 9 张图片均已存在，全部跳过。
  - [提取] 读取原始元数据: metadata\step2\2021-05-02_520084509070123503.json
  - [生成] 写入内容信息文件: 2021-05-02_520084509070123503.json
  - 正在保存动态 518599116101737430 的步骤2元数据...
  - 所有 9 张图片均已存在，全部跳过。
  - [提取] 读取原始元数据: metadata\step2\2021-04-28_518599116101737430.json
  - [生成] 写入内容信息文件: 2021-04-28_518599116101737430.json
  - 正在保存动态 516476461662355294 的步骤2元数据...
  - 所有 3 张图片均已存在，全部跳过。
  - [提取] 读取原始元数据: metadata\step2\2021-04-22_516476461662355294.json
  - [生成] 写入内容信息文件: 2021-04-22_516476461662355294.json
  - 正在保存动态 515723558195644525 的步骤2元数据...
  - 所有 9 张图片均已存在，全部跳过。
  - [提取] 读取原始元数据: metadata\step2\2021-04-20_515723558195644525.json
  - [生成] 写入内容信息文件: 2021-04-20_515723558195644525.json
  - 正在保存动态 515360994229738096 的步骤2元数据...
  - 所有 9 张图片均已存在，全部跳过。
  - [提取] 读取原始元数据: metadata\step2\2021-04-19_515360994229738096.json
  - [生成] 写入内容信息文件: 2021-04-19_515360994229738096.json
  - 正在保存动态 510929820642636132 的步骤2元数据...
  - 所有 9 张图片均已存在，全部跳过。
  - [提取] 读取原始元数据: metadata\step2\2021-04-07_510929820642636132.json
  - [生成] 写入内容信息文件: 2021-04-07_510929820642636132.json
  - 正在保存动态 507204116900981381 的步骤2元数据...
  - 所有 6 张图片均已存在，全部跳过。
  - [提取] 读取原始元数据: metadata\step2\2021-03-28_507204116900981381.json
  - [生成] 写入内容信息文件: 2021-03-28_507204116900981381.json
  - 正在保存动态 506470815661415547 的步骤2元数据...
  - 所有 9 张图片均已存在，全部跳过。
  - [提取] 读取原始元数据: metadata\step2\2021-03-26_506470815661415547.json
  - [生成] 写入内容信息文件: 2021-03-26_506470815661415547.json
  - 正在保存动态 506112920321539168 的步骤2元数据...
  - 所有 6 张图片均已存在，全部跳过。
  - [提取] 读取原始元数据: metadata\step2\2021-03-25_506112920321539168.json
  - [生成] 写入内容信息文件: 2021-03-25_506112920321539168.json
  - 正在保存动态 503842248427241862 的步骤2元数据...
  - 所有 6 张图片均已存在，全部跳过。
  - [提取] 读取原始元数据: metadata\step2\2021-03-19_503842248427241862.json
  - [生成] 写入内容信息文件: 2021-03-19_503842248427241862.json
  - 正在保存动态 502745077555412974 的步骤2元数据...
  - 所有 4 张图片均已存在，全部跳过。
  - [提取] 读取原始元数据: metadata\step2\2021-03-16_502745077555412974.json
  - [生成] 写入内容信息文件: 2021-03-16_502745077555412974.json
  - 正在保存动态 502359002946867254 的步骤2元数据...
  - 所有 9 张图片均已存在，全部跳过。
  - [提取] 读取原始元数据: metadata\step2\2021-03-15_502359002946867254.json
  - [生成] 写入内容信息文件: 2021-03-15_502359002946867254.json
  - 正在保存动态 500918831692016078 的步骤2元数据...
  - 所有 9 张图片均已存在，全部跳过。
  - [提取] 读取原始元数据: metadata\step2\2021-03-11_500918831692016078.json
  - [生成] 写入内容信息文件: 2021-03-11_500918831692016078.json
  - 正在保存动态 500154877266920870 的步骤2元数据...
  - 所有 9 张图片均已存在，全部跳过。
  - [提取] 读取原始元数据: metadata\step2\2021-03-09_500154877266920870.json
  - [生成] 写入内容信息文件: 2021-03-09_500154877266920870.json
  - 正在保存动态 496049678808379031 的步骤2元数据...
  - 所有 9 张图片均已存在，全部跳过。
  - [提取] 读取原始元数据: metadata\step2\2021-02-26_496049678808379031.json
  - [生成] 写入内容信息文件: 2021-02-26_496049678808379031.json
  - 正在保存动态 494244426740731424 的步骤2元数据...
  - 所有 9 张图片均已存在，全部跳过。
  - [提取] 读取原始元数据: metadata\step2\2021-02-21_494244426740731424.json
  - [生成] 写入内容信息文件: 2021-02-21_494244426740731424.json
  - 正在保存动态 492050677711576241 的步骤2元数据...
  - 所有 6 张图片均已存在，全部跳过。
  - [提取] 读取原始元数据: metadata\step2\2021-02-15_492050677711576241.json
  - [生成] 写入内容信息文件: 2021-02-15_492050677711576241.json
  - 正在保存动态 491647573551034980 的步骤2元数据...
  - 所有 9 张图片均已存在，全部跳过。
  - [提取] 读取原始元数据: metadata\step2\2021-02-14_491647573551034980.json
  - [生成] 写入内容信息文件: 2021-02-14_491647573551034980.json
  - 正在保存动态 490503604721195641 的步骤2元数据...
  - 所有 9 张图片均已存在，全部跳过。
  - [提取] 读取原始元数据: metadata\step2\2021-02-11_490503604721195641.json
  - [生成] 写入内容信息文件: 2021-02-11_490503604721195641.json
  - 正在保存动态 490070976957836670 的步骤2元数据...
  - 所有 6 张图片均已存在，全部跳过。
  - [提取] 读取原始元数据: metadata\step2\2021-02-10_490070976957836670.json
  - [生成] 写入内容信息文件: 2021-02-10_490070976957836670.json
  - 正在保存动态 490053440605103143 的步骤2元数据...
  - 所有 1 张图片均已存在，全部跳过。
  - [提取] 读取原始元数据: metadata\step2\2021-02-10_490053440605103143.json
  - [生成] 写入内容信息文件: 2021-02-10_490053440605103143.json
  - 正在保存动态 489805586631245369 的步骤2元数据...
  - 所有 2 张图片均已存在，全部跳过。
  - [提取] 读取原始元数据: metadata\step2\2021-02-09_489805586631245369.json
  - [生成] 写入内容信息文件: 2021-02-09_489805586631245369.json
  - 正在保存动态 489421045328827411 的步骤2元数据...
  - 所有 3 张图片均已存在，全部跳过。
  - [提取] 读取原始元数据: metadata\step2\2021-02-08_489421045328827411.json
  - [生成] 写入内容信息文件: 2021-02-08_489421045328827411.json
  - 正在保存动态 487936623025475723 的步骤2元数据...
  - 所有 4 张图片均已存在，全部跳过。
  - [提取] 读取原始元数据: metadata\step2\2021-02-04_487936623025475723.json
  - [生成] 写入内容信息文件: 2021-02-04_487936623025475723.json
  - 正在保存动态 487544037241733239 的步骤2元数据...
  - 所有 9 张图片均已存在，全部跳过。
  - [提取] 读取原始元数据: metadata\step2\2021-02-03_487544037241733239.json
  - [生成] 写入内容信息文件: 2021-02-03_487544037241733239.json
  - 正在保存动态 486851877494430738 的步骤2元数据...
  - 所有 1 张图片均已存在，全部跳过。
  - [提取] 读取原始元数据: metadata\step2\2021-02-01_486851877494430738.json
  - [生成] 写入内容信息文件: 2021-02-01_486851877494430738.json
  - 正在保存动态 486488312811914941 的步骤2元数据...
  - 所有 4 张图片均已存在，全部跳过。
  - [提取] 读取原始元数据: metadata\step2\2021-01-31_486488312811914941.json
  - [生成] 写入内容信息文件: 2021-01-31_486488312811914941.json
  - 正在保存动态 485682976375819034 的步骤2元数据...
  - 所有 6 张图片均已存在，全部跳过。
  - [提取] 读取原始元数据: metadata\step2\2021-01-29_485682976375819034.json
  - [生成] 写入内容信息文件: 2021-01-29_485682976375819034.json
  - 正在保存动态 485307278405633203 的步骤2元数据...
  - 所有 9 张图片均已存在，全部跳过。
  - [提取] 读取原始元数据: metadata\step2\2021-01-28_485307278405633203.json
  - [生成] 写入内容信息文件: 2021-01-28_485307278405633203.json
  - 正在保存动态 484550792935451321 的步骤2元数据...
  - 所有 4 张图片均已存在，全部跳过。
  - [提取] 读取原始元数据: metadata\step2\2021-01-26_484550792935451321.json
  - [生成] 写入内容信息文件: 2021-01-26_484550792935451321.json
  - 正在保存动态 484217602250739003 的步骤2元数据...
  - 所有 4 张图片均已存在，全部跳过。
  - [提取] 读取原始元数据: metadata\step2\2021-01-25_484217602250739003.json
  - [生成] 写入内容信息文件: 2021-01-25_484217602250739003.json
  - 正在保存动态 483802790016332046 的步骤2元数据...
  - 所有 9 张图片均已存在，全部跳过。
  - [提取] 读取原始元数据: metadata\step2\2021-01-24_483802790016332046.json
  - [生成] 写入内容信息文件: 2021-01-24_483802790016332046.json
  - 正在保存动态 483082004308118318 的步骤2元数据...
  - 所有 4 张图片均已存在，全部跳过。
  - [提取] 读取原始元数据: metadata\step2\2021-01-22_483082004308118318.json
  - [生成] 写入内容信息文件: 2021-01-22_483082004308118318.json
  - 正在保存动态 480823345438712876 的步骤2元数据...
  - 所有 4 张图片均已存在，全部跳过。
  - [提取] 读取原始元数据: metadata\step2\2021-01-16_480823345438712876.json
  - [生成] 写入内容信息文件: 2021-01-16_480823345438712876.json
  - 正在保存动态 479746610022452388 的步骤2元数据...
  - 所有 6 张图片均已存在，全部跳过。
  - [提取] 读取原始元数据: metadata\step2\2021-01-13_479746610022452388.json
  - [生成] 写入内容信息文件: 2021-01-13_479746610022452388.json
  - 正在保存动态 479389685349410592 的步骤2元数据...
  - 所有 9 张图片均已存在，全部跳过。
  - [提取] 读取原始元数据: metadata\step2\2021-01-12_479389685349410592.json
  - [生成] 写入内容信息文件: 2021-01-12_479389685349410592.json
  - 正在保存动态 479294199641140539 的步骤2元数据...
  - 所有 9 张图片均已存在，全部跳过。
  - [提取] 读取原始元数据: metadata\step2\2021-01-12_479294199641140539.json
  - [生成] 写入内容信息文件: 2021-01-12_479294199641140539.json
  - 正在保存动态 478657243102502829 的步骤2元数据...
  - 所有 6 张图片均已存在，全部跳过。
  - [提取] 读取原始元数据: metadata\step2\2021-01-10_478657243102502829.json
  - [生成] 写入内容信息文件: 2021-01-10_478657243102502829.json
  - 正在保存动态 478245484588023797 的步骤2元数据...
  - 所有 6 张图片均已存在，全部跳过。
  - [提取] 读取原始元数据: metadata\step2\2021-01-09_478245484588023797.json
  - [生成] 写入内容信息文件: 2021-01-09_478245484588023797.json
  - 正在保存动态 477941456737877495 的步骤2元数据...
  - 所有 8 张图片均已存在，全部跳过。
  - [提取] 读取原始元数据: metadata\step2\2021-01-08_477941456737877495.json
  - [生成] 写入内容信息文件: 2021-01-08_477941456737877495.json
  - 正在保存动态 477460093983987213 的步骤2元数据...
  - 所有 9 张图片均已存在，全部跳过。
  - [提取] 读取原始元数据: metadata\step2\2021-01-07_477460093983987213.json
  - [生成] 写入内容信息文件: 2021-01-07_477460093983987213.json
  - 正在保存动态 476381408652946712 的步骤2元数据...
  - 所有 7 张图片均已存在，全部跳过。
  - [提取] 读取原始元数据: metadata\step2\2021-01-04_476381408652946712.json
  - [生成] 写入内容信息文件: 2021-01-04_476381408652946712.json
  - 正在保存动态 473793879835798937 的步骤2元数据...
  - 所有 3 张图片均已存在，全部跳过。
  - [提取] 读取原始元数据: metadata\step2\2020-12-28_473793879835798937.json
  - [生成] 写入内容信息文件: 2020-12-28_473793879835798937.json
  - 正在保存动态 473448242341384610 的步骤2元数据...
  - 所有 6 张图片均已存在，全部跳过。
  - [提取] 读取原始元数据: metadata\step2\2020-12-27_473448242341384610.json
  - [生成] 写入内容信息文件: 2020-12-27_473448242341384610.json
  - 正在保存动态 473115970785172545 的步骤2元数据...
  - 所有 9 张图片均已存在，全部跳过。
  - [提取] 读取原始元数据: metadata\step2\2020-12-26_473115970785172545.json
  - [生成] 写入内容信息文件: 2020-12-26_473115970785172545.json
  - 正在保存动态 471956046145364623 的步骤2元数据...
  - 所有 6 张图片均已存在，全部跳过。
  - [提取] 读取原始元数据: metadata\step2\2020-12-23_471956046145364623.json
  - [生成] 写入内容信息文件: 2020-12-23_471956046145364623.json
  - 正在保存动态 471228457210317723 的步骤2元数据...
  - 所有 9 张图片均已存在，全部跳过。
  - [提取] 读取原始元数据: metadata\step2\2020-12-21_471228457210317723.json
  - [生成] 写入内容信息文件: 2020-12-21_471228457210317723.json
  - 正在保存动态 470844302451892442 的步骤2元数据...
  - 所有 9 张图片均已存在，全部跳过。
  - [提取] 读取原始元数据: metadata\step2\2020-12-20_470844302451892442.json
  - [生成] 写入内容信息文件: 2020-12-20_470844302451892442.json
  - 正在保存动态 469741548125499360 的步骤2元数据...
  - 所有 9 张图片均已存在，全部跳过。
  - [提取] 读取原始元数据: metadata\step2\2020-12-17_469741548125499360.json
  - [生成] 写入内容信息文件: 2020-12-17_469741548125499360.json
  - 正在保存动态 468820011355768227 的步骤2元数据...
  - 所有 9 张图片均已存在，全部跳过。
  - [提取] 读取原始元数据: metadata\step2\2020-12-15_468820011355768227.json
  - [生成] 写入内容信息文件: 2020-12-15_468820011355768227.json
  - 正在保存动态 465660568983401866 的步骤2元数据...
  - 所有 9 张图片均已存在，全部跳过。
  - [提取] 读取原始元数据: metadata\step2\2020-12-06_465660568983401866.json
  - [生成] 写入内容信息文件: 2020-12-06_465660568983401866.json
  - 正在保存动态 465094002669124475 的步骤2元数据...
  - 所有 6 张图片均已存在，全部跳过。
  - [提取] 读取原始元数据: metadata\step2\2020-12-05_465094002669124475.json
  - [生成] 写入内容信息文件: 2020-12-05_465094002669124475.json
  - 正在保存动态 464572181324042544 的步骤2元数据...
  - 所有 9 张图片均已存在，全部跳过。
  - [提取] 读取原始元数据: metadata\step2\2020-12-03_464572181324042544.json
  - [生成] 写入内容信息文件: 2020-12-03_464572181324042544.json
  - 正在保存动态 464178208264254243 的步骤2元数据...
  - 所有 4 张图片均已存在，全部跳过。
  - [提取] 读取原始元数据: metadata\step2\2020-12-02_464178208264254243.json
  - [生成] 写入内容信息文件: 2020-12-02_464178208264254243.json
  - 正在保存动态 463811658576991923 的步骤2元数据...
  - 所有 9 张图片均已存在，全部跳过。
  - [提取] 读取原始元数据: metadata\step2\2020-12-01_463811658576991923.json
  - [生成] 写入内容信息文件: 2020-12-01_463811658576991923.json
  - 正在保存动态 459682300924975774 的步骤2元数据...
  - 所有 3 张图片均已存在，全部跳过。
  - [提取] 读取原始元数据: metadata\step2\2020-11-20_459682300924975774.json
  - [生成] 写入内容信息文件: 2020-11-20_459682300924975774.json
  - 正在保存动态 457881446906412856 的步骤2元数据...
  - 所有 9 张图片均已存在，全部跳过。
  - [提取] 读取原始元数据: metadata\step2\2020-11-15_457881446906412856.json
  - [生成] 写入内容信息文件: 2020-11-15_457881446906412856.json
  - 正在保存动态 457364955615248136 的步骤2元数据...
  - 所有 1 张图片均已存在，全部跳过。
  - [提取] 读取原始元数据: metadata\step2\2020-11-14_457364955615248136.json
  - [生成] 写入内容信息文件: 2020-11-14_457364955615248136.json
  - 正在保存动态 455990888205191357 的步骤2元数据...
  - 所有 1 张图片均已存在，全部跳过。
  - [提取] 读取原始元数据: metadata\step2\2020-11-10_455990888205191357.json
  - [生成] 写入内容信息文件: 2020-11-10_455990888205191357.json
  - 正在保存动态 454145168958799247 的步骤2元数据...
  - 所有 9 张图片均已存在，全部跳过。
  - [提取] 读取原始元数据: metadata\step2\2020-11-05_454145168958799247.json
  - [生成] 写入内容信息文件: 2020-11-05_454145168958799247.json
  - 正在保存动态 452324811495288523 的步骤2元数据...
  - 所有 9 张图片均已存在，全部跳过。
  - [提取] 读取原始元数据: metadata\step2\2020-10-31_452324811495288523.json
  - [生成] 写入内容信息文件: 2020-10-31_452324811495288523.json
  - 正在保存动态 450812785436631089 的步骤2元数据...
  - 所有 9 张图片均已存在，全部跳过。
  - [提取] 读取原始元数据: metadata\step2\2020-10-27_450812785436631089.json
  - [生成] 写入内容信息文件: 2020-10-27_450812785436631089.json
  - 正在保存动态 448179940417961089 的步骤2元数据...
  - 所有 9 张图片均已存在，全部跳过。
  - [提取] 读取原始元数据: metadata\step2\2020-10-20_448179940417961089.json
  - [生成] 写入内容信息文件: 2020-10-20_448179940417961089.json
  - 正在保存动态 445120665281358555 的步骤2元数据...
  - 所有 9 张图片均已存在，全部跳过。
  - [提取] 读取原始元数据: metadata\step2\2020-10-12_445120665281358555.json
  - [生成] 写入内容信息文件: 2020-10-12_445120665281358555.json
  - 正在保存动态 442978498806424402 的步骤2元数据...
  - 所有 9 张图片均已存在，全部跳过。
  - [提取] 读取原始元数据: metadata\step2\2020-10-06_442978498806424402.json
  - [生成] 写入内容信息文件: 2020-10-06_442978498806424402.json
  - 正在保存动态 442300705721266771 的步骤2元数据...
  - 所有 9 张图片均已存在，全部跳过。
  - [提取] 读取原始元数据: metadata\step2\2020-10-04_442300705721266771.json
  - [生成] 写入内容信息文件: 2020-10-04_442300705721266771.json
  - 正在保存动态 441452320829508784 的步骤2元数据...
  - 所有 9 张图片均已存在，全部跳过。
  - [提取] 读取原始元数据: metadata\step2\2020-10-02_441452320829508784.json
  - [生成] 写入内容信息文件: 2020-10-02_441452320829508784.json
  - 正在保存动态 439533527006273857 的步骤2元数据...
  - 所有 1 张图片均已存在，全部跳过。
  - [提取] 读取原始元数据: metadata\step2\2020-09-27_439533527006273857.json
  - [生成] 写入内容信息文件: 2020-09-27_439533527006273857.json
  - 正在保存动态 438579533169381272 的步骤2元数据...
  - 所有 9 张图片均已存在，全部跳过。
  - [提取] 读取原始元数据: metadata\step2\2020-09-24_438579533169381272.json
  - [生成] 写入内容信息文件: 2020-09-24_438579533169381272.json
  - 正在保存动态 437804094002157547 的步骤2元数据...
  - 所有 9 张图片均已存在，全部跳过。
  - [提取] 读取原始元数据: metadata\step2\2020-09-22_437804094002157547.json
  - [生成] 写入内容信息文件: 2020-09-22_437804094002157547.json
  - 正在保存动态 436006177741024390 的步骤2元数据...
  - 所有 1 张图片均已存在，全部跳过。
  - [提取] 读取原始元数据: metadata\step2\2020-09-17_436006177741024390.json
  - [生成] 写入内容信息文件: 2020-09-17_436006177741024390.json
  - 正在保存动态 435832364710588199 的步骤2元数据...
  - 所有 9 张图片均已存在，全部跳过。
  - [提取] 读取原始元数据: metadata\step2\2020-09-17_435832364710588199.json
  - [生成] 写入内容信息文件: 2020-09-17_435832364710588199.json
  - 正在保存动态 432655257147199331 的步骤2元数据...
  - 所有 9 张图片均已存在，全部跳过。
  - [提取] 读取原始元数据: metadata\step2\2020-09-08_432655257147199331.json
  - [生成] 写入内容信息文件: 2020-09-08_432655257147199331.json
  - 正在保存动态 431774522557561638 的步骤2元数据...
  - 所有 9 张图片均已存在，全部跳过。
  - [提取] 读取原始元数据: metadata\step2\2020-09-06_431774522557561638.json
  - [生成] 写入内容信息文件: 2020-09-06_431774522557561638.json
  - 正在保存动态 431130870168552710 的步骤2元数据...
  - 所有 6 张图片均已存在，全部跳过。
  - [提取] 读取原始元数据: metadata\step2\2020-09-04_431130870168552710.json
  - [生成] 写入内容信息文件: 2020-09-04_431130870168552710.json
  - 正在保存动态 430362440394990846 的步骤2元数据...
  - 所有 1 张图片均已存在，全部跳过。
  - [提取] 读取原始元数据: metadata\step2\2020-09-02_430362440394990846.json
  - [生成] 写入内容信息文件: 2020-09-02_430362440394990846.json
  - 正在保存动态 425487944571722246 的步骤2元数据...
  - 所有 1 张图片均已存在，全部跳过。
  - [提取] 读取原始元数据: metadata\step2\2020-08-20_425487944571722246.json
  - [生成] 写入内容信息文件: 2020-08-20_425487944571722246.json
  - 正在保存动态 411401461156069872 的步骤2元数据...
  - 所有 1 张图片均已存在，全部跳过。
  - [提取] 读取原始元数据: metadata\step2\2020-07-13_411401461156069872.json
  - [生成] 写入内容信息文件: 2020-07-13_411401461156069872.json
  - 正在保存动态 338053414128396387 的步骤2元数据...
  - 所有 1 张图片均已存在，全部跳过。
  - [提取] 读取原始元数据: metadata\step2\2019-12-28_338053414128396387.json
  - [生成] 写入内容信息文件: 2019-12-28_338053414128396387.json
  - 正在保存动态 194623638407120358 的步骤2元数据...
  - 所有 1 张图片均已存在，全部跳过。
  - [提取] 读取原始元数据: metadata\step2\2018-12-07_194623638407120358.json
  - [生成] 写入内容信息文件: 2018-12-07_194623638407120358.json
  - 正在保存动态 194372571796518994 的步骤2元数据...
  - 所有 2 张图片均已存在，全部跳过。
  - [提取] 读取原始元数据: metadata\step2\2018-12-06_194372571796518994.json
  - [生成] 写入内容信息文件: 2018-12-06_194372571796518994.json
  - 正在保存动态 191407360735184617 的步骤2元数据...
  - 所有 4 张图片均已存在，全部跳过。
  - [提取] 读取原始元数据: metadata\step2\2018-11-28_191407360735184617.json
  - [生成] 写入内容信息文件: 2018-11-28_191407360735184617.json
  - 正在保存动态 189066423170041488 的步骤2元数据...
  - 所有 9 张图片均已存在，全部跳过。
  - [提取] 读取原始元数据: metadata\step2\2018-11-22_189066423170041488.json
  - [生成] 写入内容信息文件: 2018-11-22_189066423170041488.json
  - 正在保存动态 188746783115650655 的步骤2元数据...
  - 所有 2 张图片均已存在，全部跳过。
  - [提取] 读取原始元数据: metadata\step2\2018-11-21_188746783115650655.json
  - [生成] 写入内容信息文件: 2018-11-21_188746783115650655.json
  - 正在保存动态 188304401484681104 的步骤2元数据...
  - 所有 9 张图片均已存在，全部跳过。
  - [提取] 读取原始元数据: metadata\step2\2018-11-20_188304401484681104.json
  - [生成] 写入内容信息文件: 2018-11-20_188304401484681104.json
  - 正在保存动态 150609427737041300 的步骤2元数据...
  - 所有 9 张图片均已存在，全部跳过。
  - [提取] 读取原始元数据: metadata\step2\2018-08-10_150609427737041300.json
  - [生成] 写入内容信息文件: 2018-08-10_150609427737041300.json

>>>>>>>>> 完成用户 '谢安然_21876627' 的处理，总耗时: 0h 22m 9.07s <<<<<<<<<
  - 本次处理动态数: 382
  - 成功下载图片数: 33
  - 成功下载实况图片(live photo)数: 0
  - 下载失败项目数: 0
>>>>>>>>>>>>>>>>>>>>>>>>>>>>>>>>>>>>>>>>>>>>>>>>>>>>>>>>>>>>>>>>

所有任务已完成！
详细运行日志已保存到: c:\Computer\my_github\github_python\gallery-dl-assitance\gallery-dl-assistance\log\run_log_2025-12-14_16-37-29.log
处理摘要日志已保存到: c:\Computer\my_github\github_python\gallery-dl-assitance\gallery-dl-assistance\log\processing_time_log.json
