程序启动于: 2025-12-14_02-30-47
----------------------------------------
正在从 'config.py' 的 USERS_ID 列表读取用户 ID...

>>>>>>>>> 开始处理用户ID: 4096581 (https://space.bilibili.com/4096581/article) <<<<<<<<<

[步骤1] 使用 'ITERATIVE' 模式，正在准备迭代获取动态 URL...

[步骤2] 开始处理用户 4096581 的动态...

用户识别为: '病院坂saki_4096581'
文件将保存至: C:\Base1.5-美女图片\bili\gallery-dl\bilibili_images\病院坂saki_4096581
  - 正在保存动态 1102303017258975268 的步骤2元数据...
  - 所有 9 张图片均已存在，全部跳过。
  - [提取] 读取原始元数据: metadata\step2\2025-08-18_1102303017258975268.json
  - [生成] 写入内容信息文件: 2025-08-18_1102303017258975268.json
  - 正在保存动态 1098274668634177554 的步骤2元数据...
  - 所有 1 张图片均已存在，全部跳过。
  - [提取] 读取原始元数据: metadata\step2\2025-08-07_1098274668634177554.json
  - [生成] 写入内容信息文件: 2025-08-07_1098274668634177554.json
  - 正在保存动态 1047849338821148678 的步骤2元数据...
  - 所有 9 张图片均已存在，全部跳过。
  - [提取] 读取原始元数据: metadata\step2\2025-03-24_1047849338821148678.json
  - [生成] 写入内容信息文件: 2025-03-24_1047849338821148678.json
  - 正在保存动态 1042217206431088644 的步骤2元数据...
  - 所有 2 张图片均已存在，全部跳过。
  - [提取] 读取原始元数据: metadata\step2\2025-03-09_1042217206431088644.json
  - [生成] 写入内容信息文件: 2025-03-09_1042217206431088644.json
  - 正在保存动态 1036916624113795079 的步骤2元数据...
  - 所有 4 张图片均已存在，全部跳过。
  - [提取] 读取原始元数据: metadata\step2\2025-02-23_1036916624113795079.json
  - [生成] 写入内容信息文件: 2025-02-23_1036916624113795079.json
  - 正在保存动态 1025381999793143813 的步骤2元数据...
  - 所有 2 张图片均已存在，全部跳过。
  - [提取] 读取原始元数据: metadata\step2\2025-01-23_1025381999793143813.json
  - [生成] 写入内容信息文件: 2025-01-23_1025381999793143813.json
  - 正在保存动态 1016012644615716884 的步骤2元数据...
  - 所有 1 张图片均已存在，全部跳过。
  - [提取] 读取原始元数据: metadata\step2\2024-12-28_1016012644615716884.json
  - [生成] 写入内容信息文件: 2024-12-28_1016012644615716884.json
  - 正在保存动态 1010373034746314755 的步骤2元数据...
  - 所有 1 张图片均已存在，全部跳过。
  - [提取] 读取原始元数据: metadata\step2\2024-12-13_1010373034746314755.json
  - [生成] 写入内容信息文件: 2024-12-13_1010373034746314755.json
  - 正在保存动态 1006932456667873288 的步骤2元数据...
  - 所有 1 张图片均已存在，全部跳过。
  - [提取] 读取原始元数据: metadata\step2\2024-12-04_1006932456667873288.json
  - [生成] 写入内容信息文件: 2024-12-04_1006932456667873288.json
  - 正在保存动态 991805302674292757 的步骤2元数据...
  - 所有 2 张图片均已存在，全部跳过。
  - [提取] 读取原始元数据: metadata\step2\2024-10-24_991805302674292757.json
  - [生成] 写入内容信息文件: 2024-10-24_991805302674292757.json
  - 正在保存动态 984803634133860371 的步骤2元数据...
  - 所有 2 张图片均已存在，全部跳过。
  - [提取] 读取原始元数据: metadata\step2\2024-10-05_984803634133860371.json
  - [生成] 写入内容信息文件: 2024-10-05_984803634133860371.json
  - 正在保存动态 983727396911841280 的步骤2元数据...
  - 所有 1 张图片均已存在，全部跳过。
  - [提取] 读取原始元数据: metadata\step2\2024-10-02_983727396911841280.json
  - [生成] 写入内容信息文件: 2024-10-02_983727396911841280.json
  - 正在保存动态 983364334785658899 的步骤2元数据...
  - 所有 1 张图片均已存在，全部跳过。
  - [提取] 读取原始元数据: metadata\step2\2024-10-01_983364334785658899.json
  - [生成] 写入内容信息文件: 2024-10-01_983364334785658899.json
  - 正在保存动态 982836410259079172 的步骤2元数据...
  - 所有 5 张图片均已存在，全部跳过。
  - [提取] 读取原始元数据: metadata\step2\2024-09-30_982836410259079172.json
  - [生成] 写入内容信息文件: 2024-09-30_982836410259079172.json
  - 正在保存动态 975520844023332866 的步骤2元数据...
  - 所有 1 张图片均已存在，全部跳过。
  - [提取] 读取原始元数据: metadata\step2\2024-09-10_975520844023332866.json
  - [生成] 写入内容信息文件: 2024-09-10_975520844023332866.json
  - 正在保存动态 967262034200625168 的步骤2元数据...
  - 所有 9 张图片均已存在，全部跳过。
  - [提取] 读取原始元数据: metadata\step2\2024-08-19_967262034200625168.json
  - [生成] 写入内容信息文件: 2024-08-19_967262034200625168.json
  - 正在保存动态 962137949250519047 的步骤2元数据...
  - 所有 1 张图片均已存在，全部跳过。
  - [提取] 读取原始元数据: metadata\step2\2024-08-05_962137949250519047.json
  - [生成] 写入内容信息文件: 2024-08-05_962137949250519047.json
  - 正在保存动态 955032054714597383 的步骤2元数据...
  - 所有 9 张图片均已存在，全部跳过。
  - [提取] 读取原始元数据: metadata\step2\2024-07-17_955032054714597383.json
  - [生成] 写入内容信息文件: 2024-07-17_955032054714597383.json
  - 正在保存动态 946564127270109203 的步骤2元数据...
  - 所有 3 张图片均已存在，全部跳过。
  - [提取] 读取原始元数据: metadata\step2\2024-06-24_946564127270109203.json
  - [生成] 写入内容信息文件: 2024-06-24_946564127270109203.json
  - 正在保存动态 945695959746084866 的步骤2元数据...
  - 所有 1 张图片均已存在，全部跳过。
  - [提取] 读取原始元数据: metadata\step2\2024-06-22_945695959746084866.json
  - [生成] 写入内容信息文件: 2024-06-22_945695959746084866.json
  - 正在保存动态 939525882761969680 的步骤2元数据...
  - 所有 9 张图片均已存在，全部跳过。
  - [提取] 读取原始元数据: metadata\step2\2024-06-05_939525882761969680.json
  - [生成] 写入内容信息文件: 2024-06-05_939525882761969680.json
  - 正在保存动态 929071528617705495 的步骤2元数据...
  - 所有 4 张图片均已存在，全部跳过。
  - [提取] 读取原始元数据: metadata\step2\2024-05-08_929071528617705495.json
  - [生成] 写入内容信息文件: 2024-05-08_929071528617705495.json
  - 正在保存动态 926861106518949895 的步骤2元数据...
  - 所有 3 张图片均已存在，全部跳过。
  - [提取] 读取原始元数据: metadata\step2\2024-05-02_926861106518949895.json
  - [生成] 写入内容信息文件: 2024-05-02_926861106518949895.json
  - 正在保存动态 910241477150376036 的步骤2元数据...
  - 所有 5 张图片均已存在，全部跳过。
  - [提取] 读取原始元数据: metadata\step2\2024-03-18_910241477150376036.json
  - [生成] 写入内容信息文件: 2024-03-18_910241477150376036.json
  - 正在保存动态 908630353306976352 的步骤2元数据...
  - 所有 6 张图片均已存在，全部跳过。
  - [提取] 读取原始元数据: metadata\step2\2024-03-14_908630353306976352.json
  - [生成] 写入内容信息文件: 2024-03-14_908630353306976352.json
  - 正在保存动态 905736052156661795 的步骤2元数据...
  - 所有 2 张图片均已存在，全部跳过。
  - [提取] 读取原始元数据: metadata\step2\2024-03-06_905736052156661795.json
  - [生成] 写入内容信息文件: 2024-03-06_905736052156661795.json
  - 正在保存动态 897987888214441992 的步骤2元数据...
  - 所有 2 张图片均已存在，全部跳过。
  - [提取] 读取原始元数据: metadata\step2\2024-02-14_897987888214441992.json
  - [生成] 写入内容信息文件: 2024-02-14_897987888214441992.json
  - 正在保存动态 896884906231070772 的步骤2元数据...
  - 所有 1 张图片均已存在，全部跳过。
  - [提取] 读取原始元数据: metadata\step2\2024-02-11_896884906231070772.json
  - [生成] 写入内容信息文件: 2024-02-11_896884906231070772.json
  - 正在保存动态 894114570759569432 的步骤2元数据...
  - 所有 3 张图片均已存在，全部跳过。
  - [提取] 读取原始元数据: metadata\step2\2024-02-04_894114570759569432.json
  - [生成] 写入内容信息文件: 2024-02-04_894114570759569432.json
  - 正在保存动态 880921346014445618 的步骤2元数据...
  - 所有 3 张图片均已存在，全部跳过。
  - [提取] 读取原始元数据: metadata\step2\2023-12-30_880921346014445618.json
  - [生成] 写入内容信息文件: 2023-12-30_880921346014445618.json
  - 正在保存动态 880059715449520179 的步骤2元数据...
  - 所有 1 张图片均已存在，全部跳过。
  - [提取] 读取原始元数据: metadata\step2\2023-12-28_880059715449520179.json
  - [生成] 写入内容信息文件: 2023-12-28_880059715449520179.json
  - 正在保存动态 877905969733959696 的步骤2元数据...
  - 所有 2 张图片均已存在，全部跳过。
  - [提取] 读取原始元数据: metadata\step2\2023-12-22_877905969733959696.json
  - [生成] 写入内容信息文件: 2023-12-22_877905969733959696.json
  - 正在保存动态 877074425411797045 的步骤2元数据...
  - 所有 1 张图片均已存在，全部跳过。
  - [提取] 读取原始元数据: metadata\step2\2023-12-20_877074425411797045.json
  - [生成] 写入内容信息文件: 2023-12-20_877074425411797045.json
  - 正在保存动态 875351172889706582 的步骤2元数据...
  - 所有 4 张图片均已存在，全部跳过。
  - [提取] 读取原始元数据: metadata\step2\2023-12-15_875351172889706582.json
  - [生成] 写入内容信息文件: 2023-12-15_875351172889706582.json
  - 正在保存动态 869749521916100617 的步骤2元数据...
  - 所有 2 张图片均已存在，全部跳过。
  - [提取] 读取原始元数据: metadata\step2\2023-11-30_869749521916100617.json
  - [生成] 写入内容信息文件: 2023-11-30_869749521916100617.json
  - 正在保存动态 868960695337615378 的步骤2元数据...
  - 所有 2 张图片均已存在，全部跳过。
  - [提取] 读取原始元数据: metadata\step2\2023-11-28_868960695337615378.json
  - [生成] 写入内容信息文件: 2023-11-28_868960695337615378.json
  - 正在保存动态 866451626978705475 的步骤2元数据...
  - 所有 1 张图片均已存在，全部跳过。
  - [提取] 读取原始元数据: metadata\step2\2023-11-21_866451626978705475.json
  - [生成] 写入内容信息文件: 2023-11-21_866451626978705475.json
  - 正在保存动态 865973846225715218 的步骤2元数据...
  - 所有 1 张图片均已存在，全部跳过。
  - [提取] 读取原始元数据: metadata\step2\2023-11-20_865973846225715218.json
  - [生成] 写入内容信息文件: 2023-11-20_865973846225715218.json
  - 正在保存动态 864934593238663207 的步骤2元数据...
  - 所有 9 张图片均已存在，全部跳过。
  - [提取] 读取原始元数据: metadata\step2\2023-11-17_864934593238663207.json
  - [生成] 写入内容信息文件: 2023-11-17_864934593238663207.json
  - 正在保存动态 859780198691766345 的步骤2元数据...
  - 所有 2 张图片均已存在，全部跳过。
  - [提取] 读取原始元数据: metadata\step2\2023-11-03_859780198691766345.json
  - [生成] 写入内容信息文件: 2023-11-03_859780198691766345.json
  - 正在保存动态 858965782460104704 的步骤2元数据...
  - 所有 2 张图片均已存在，全部跳过。
  - [提取] 读取原始元数据: metadata\step2\2023-11-01_858965782460104704.json
  - [生成] 写入内容信息文件: 2023-11-01_858965782460104704.json
  - 正在保存动态 858603862723919893 的步骤2元数据...
  - 所有 9 张图片均已存在，全部跳过。
  - [提取] 读取原始元数据: metadata\step2\2023-10-31_858603862723919893.json
  - [生成] 写入内容信息文件: 2023-10-31_858603862723919893.json
  - 正在保存动态 855485153826308098 的步骤2元数据...
  - 所有 2 张图片均已存在，全部跳过。
  - [提取] 读取原始元数据: metadata\step2\2023-10-23_855485153826308098.json
  - [生成] 写入内容信息文件: 2023-10-23_855485153826308098.json
  - 正在保存动态 854538577390862372 的步骤2元数据...
  - 所有 2 张图片均已存在，全部跳过。
  - [提取] 读取原始元数据: metadata\step2\2023-10-20_854538577390862372.json
  - [生成] 写入内容信息文件: 2023-10-20_854538577390862372.json
  - 正在保存动态 850762029854621737 的步骤2元数据...
  - 所有 3 张图片均已存在，全部跳过。
  - [提取] 读取原始元数据: metadata\step2\2023-10-10_850762029854621737.json
  - [生成] 写入内容信息文件: 2023-10-10_850762029854621737.json
  - 正在保存动态 848169325577633873 的步骤2元数据...
  - 所有 2 张图片均已存在，全部跳过。
  - [提取] 读取原始元数据: metadata\step2\2023-10-03_848169325577633873.json
  - [生成] 写入内容信息文件: 2023-10-03_848169325577633873.json
  - 正在保存动态 847159583078088743 的步骤2元数据...
  - 所有 1 张图片均已存在，全部跳过。
  - [提取] 读取原始元数据: metadata\step2\2023-09-30_847159583078088743.json
  - [生成] 写入内容信息文件: 2023-09-30_847159583078088743.json
  - 正在保存动态 842659067249819650 的步骤2元数据...
  - 所有 6 张图片均已存在，全部跳过。
  - [提取] 读取原始元数据: metadata\step2\2023-09-18_842659067249819650.json
  - [生成] 写入内容信息文件: 2023-09-18_842659067249819650.json
  - 正在保存动态 841573333866643459 的步骤2元数据...
  - 所有 3 张图片均已存在，全部跳过。
  - [提取] 读取原始元数据: metadata\step2\2023-09-15_841573333866643459.json
  - [生成] 写入内容信息文件: 2023-09-15_841573333866643459.json
  - 正在保存动态 840074171231764579 的步骤2元数据...
  - 所有 4 张图片均已存在，全部跳过。
  - [提取] 读取原始元数据: metadata\step2\2023-09-11_840074171231764579.json
  - [生成] 写入内容信息文件: 2023-09-11_840074171231764579.json
  - 正在保存动态 833771216535814149 的步骤2元数据...
  - 所有 9 张图片均已存在，全部跳过。
  - [提取] 读取原始元数据: metadata\step2\2023-08-25_833771216535814149.json
  - [生成] 写入内容信息文件: 2023-08-25_833771216535814149.json
  - 正在保存动态 832676390700580920 的步骤2元数据...
  - 所有 4 张图片均已存在，全部跳过。
  - [提取] 读取原始元数据: metadata\step2\2023-08-22_832676390700580920.json
  - [生成] 写入内容信息文件: 2023-08-22_832676390700580920.json
  - 正在保存动态 831106051887595553 的步骤2元数据...
  - 所有 1 张图片均已存在，全部跳过。
  - [提取] 读取原始元数据: metadata\step2\2023-08-18_831106051887595553.json
  - [生成] 写入内容信息文件: 2023-08-18_831106051887595553.json
  - 正在保存动态 830358611594051621 的步骤2元数据...
  - 所有 1 张图片均已存在，全部跳过。
  - [提取] 读取原始元数据: metadata\step2\2023-08-16_830358611594051621.json
  - [生成] 写入内容信息文件: 2023-08-16_830358611594051621.json
  - 正在保存动态 829936218764476499 的步骤2元数据...
  - 所有 1 张图片均已存在，全部跳过。
  - [提取] 读取原始元数据: metadata\step2\2023-08-15_829936218764476499.json
  - [生成] 写入内容信息文件: 2023-08-15_829936218764476499.json
  - 正在保存动态 828698714132447240 的步骤2元数据...
  - 所有 3 张图片均已存在，全部跳过。
  - [提取] 读取原始元数据: metadata\step2\2023-08-12_828698714132447240.json
  - [生成] 写入内容信息文件: 2023-08-12_828698714132447240.json
  - 正在保存动态 828565291212472336 的步骤2元数据...
  - 所有 9 张图片均已存在，全部跳过。
  - [提取] 读取原始元数据: metadata\step2\2023-08-11_828565291212472336.json
  - [生成] 写入内容信息文件: 2023-08-11_828565291212472336.json
  - 正在保存动态 827851914069671958 的步骤2元数据...
  - 所有 3 张图片均已存在，全部跳过。
  - [提取] 读取原始元数据: metadata\step2\2023-08-09_827851914069671958.json
  - [生成] 写入内容信息文件: 2023-08-09_827851914069671958.json
  - 正在保存动态 827063882069573656 的步骤2元数据...
  - 所有 9 张图片均已存在，全部跳过。
  - [提取] 读取原始元数据: metadata\step2\2023-08-07_827063882069573656.json
  - [生成] 写入内容信息文件: 2023-08-07_827063882069573656.json
  - 正在保存动态 824805279031885830 的步骤2元数据...
  - 所有 9 张图片均已存在，全部跳过。
  - [提取] 读取原始元数据: metadata\step2\2023-08-01_824805279031885830.json
  - [生成] 写入内容信息文件: 2023-08-01_824805279031885830.json
  - 正在保存动态 821482254235598853 的步骤2元数据...
  - 所有 4 张图片均已存在，全部跳过。
  - [提取] 读取原始元数据: metadata\step2\2023-07-23_821482254235598853.json
  - [生成] 写入内容信息文件: 2023-07-23_821482254235598853.json
  - 正在保存动态 814021217432371201 的步骤2元数据...
  - 所有 3 张图片均已存在，全部跳过。
  - [提取] 读取原始元数据: metadata\step2\2023-07-03_814021217432371201.json
  - [生成] 写入内容信息文件: 2023-07-03_814021217432371201.json
  - 正在保存动态 812986426667827248 的步骤2元数据...
  - 所有 3 张图片均已存在，全部跳过。
  - [提取] 读取原始元数据: metadata\step2\2023-06-30_812986426667827248.json
  - [生成] 写入内容信息文件: 2023-06-30_812986426667827248.json
  - 正在保存动态 812658639310422073 的步骤2元数据...
  - 所有 3 张图片均已存在，全部跳过。
  - [提取] 读取原始元数据: metadata\step2\2023-06-29_812658639310422073.json
  - [生成] 写入内容信息文件: 2023-06-29_812658639310422073.json
  - 正在保存动态 808084464528785412 的步骤2元数据...
  - 所有 2 张图片均已存在，全部跳过。
  - [提取] 读取原始元数据: metadata\step2\2023-06-17_808084464528785412.json
  - [生成] 写入内容信息文件: 2023-06-17_808084464528785412.json
  - 正在保存动态 807677207391502369 的步骤2元数据...
  - 所有 2 张图片均已存在，全部跳过。
  - [提取] 读取原始元数据: metadata\step2\2023-06-16_807677207391502369.json
  - [生成] 写入内容信息文件: 2023-06-16_807677207391502369.json
  - 正在保存动态 806993538535391232 的步骤2元数据...
  - 所有 1 张图片均已存在，全部跳过。
  - [提取] 读取原始元数据: metadata\step2\2023-06-14_806993538535391232.json
  - [生成] 写入内容信息文件: 2023-06-14_806993538535391232.json
  - 正在保存动态 803023344039362627 的步骤2元数据...
  - 所有 2 张图片均已存在，全部跳过。
  - [提取] 读取原始元数据: metadata\step2\2023-06-03_803023344039362627.json
  - [生成] 写入内容信息文件: 2023-06-03_803023344039362627.json
  - 正在保存动态 802245052756656169 的步骤2元数据...
  - 所有 3 张图片均已存在，全部跳过。
  - [提取] 读取原始元数据: metadata\step2\2023-06-01_802245052756656169.json
  - [生成] 写入内容信息文件: 2023-06-01_802245052756656169.json
  - 正在保存动态 800741500928393237 的步骤2元数据...
  - 所有 2 张图片均已存在，全部跳过。
  - [提取] 读取原始元数据: metadata\step2\2023-05-28_800741500928393237.json
  - [生成] 写入内容信息文件: 2023-05-28_800741500928393237.json
  - 正在保存动态 792142692926619673 的步骤2元数据...
  - 所有 3 张图片均已存在，全部跳过。
  - [提取] 读取原始元数据: metadata\step2\2023-05-05_792142692926619673.json
  - [生成] 写入内容信息文件: 2023-05-05_792142692926619673.json
  - 正在保存动态 791466415958786103 的步骤2元数据...
  - 所有 3 张图片均已存在，全部跳过。
  - [提取] 读取原始元数据: metadata\step2\2023-05-03_791466415958786103.json
  - [生成] 写入内容信息文件: 2023-05-03_791466415958786103.json
  - 正在保存动态 790925941572370435 的步骤2元数据...
  - 所有 1 张图片均已存在，全部跳过。
  - [提取] 读取原始元数据: metadata\step2\2023-05-02_790925941572370435.json
  - [生成] 写入内容信息文件: 2023-05-02_790925941572370435.json
  - 正在保存动态 789122252872351744 的步骤2元数据...
  - 所有 5 张图片均已存在，全部跳过。
  - [提取] 读取原始元数据: metadata\step2\2023-04-27_789122252872351744.json
  - [生成] 写入内容信息文件: 2023-04-27_789122252872351744.json
  - 正在保存动态 787931370095640601 的步骤2元数据...
  - 所有 9 张图片均已存在，全部跳过。
  - [提取] 读取原始元数据: metadata\step2\2023-04-24_787931370095640601.json
  - [生成] 写入内容信息文件: 2023-04-24_787931370095640601.json
  - 正在保存动态 787416424965472277 的步骤2元数据...
  - 所有 6 张图片均已存在，全部跳过。
  - [提取] 读取原始元数据: metadata\step2\2023-04-22_787416424965472277.json
  - [生成] 写入内容信息文件: 2023-04-22_787416424965472277.json
  - 正在保存动态 787026227230670868 的步骤2元数据...
  - 所有 2 张图片均已存在，全部跳过。
  - [提取] 读取原始元数据: metadata\step2\2023-04-21_787026227230670868.json
  - [生成] 写入内容信息文件: 2023-04-21_787026227230670868.json
  - 正在保存动态 786198376577237030 的步骤2元数据...
  - 所有 9 张图片均已存在，全部跳过。
  - [提取] 读取原始元数据: metadata\step2\2023-04-19_786198376577237030.json
  - [生成] 写入内容信息文件: 2023-04-19_786198376577237030.json
  - 正在保存动态 785799270980649000 的步骤2元数据...
  - 所有 6 张图片均已存在，全部跳过。
  - [提取] 读取原始元数据: metadata\step2\2023-04-18_785799270980649000.json
  - [生成] 写入内容信息文件: 2023-04-18_785799270980649000.json
  - 正在保存动态 785071673510461448 的步骤2元数据...
  - 所有 1 张图片均已存在，全部跳过。
  - [提取] 读取原始元数据: metadata\step2\2023-04-16_785071673510461448.json
  - [生成] 写入内容信息文件: 2023-04-16_785071673510461448.json
  - 正在保存动态 784016073611542576 的步骤2元数据...
  - 所有 1 张图片均已存在，全部跳过。
  - [提取] 读取原始元数据: metadata\step2\2023-04-13_784016073611542576.json
  - [生成] 写入内容信息文件: 2023-04-13_784016073611542576.json
  - 正在保存动态 783082437887393796 的步骤2元数据...
  - 所有 1 张图片均已存在，全部跳过。
  - [提取] 读取原始元数据: metadata\step2\2023-04-11_783082437887393796.json
  - [生成] 写入内容信息文件: 2023-04-11_783082437887393796.json
  - 正在保存动态 782624641623523352 的步骤2元数据...
  - 所有 2 张图片均已存在，全部跳过。
  - [提取] 读取原始元数据: metadata\step2\2023-04-10_782624641623523352.json
  - [生成] 写入内容信息文件: 2023-04-10_782624641623523352.json
  - 正在保存动态 781975564678332422 的步骤2元数据...
  - 所有 6 张图片均已存在，全部跳过。
  - [提取] 读取原始元数据: metadata\step2\2023-04-08_781975564678332422.json
  - [生成] 写入内容信息文件: 2023-04-08_781975564678332422.json
  - 正在保存动态 780300291222274100 的步骤2元数据...
  - 所有 7 张图片均已存在，全部跳过。
  - [提取] 读取原始元数据: metadata\step2\2023-04-03_780300291222274100.json
  - [生成] 写入内容信息文件: 2023-04-03_780300291222274100.json
  - 正在保存动态 779165526500835349 的步骤2元数据...
  - 所有 9 张图片均已存在，全部跳过。
  - [提取] 读取原始元数据: metadata\step2\2023-03-31_779165526500835349.json
  - [生成] 写入内容信息文件: 2023-03-31_779165526500835349.json
  - 正在保存动态 777749106442371112 的步骤2元数据...
  - 所有 9 张图片均已存在，全部跳过。
  - [提取] 读取原始元数据: metadata\step2\2023-03-27_777749106442371112.json
  - [生成] 写入内容信息文件: 2023-03-27_777749106442371112.json
  - 正在保存动态 776956736487555089 的步骤2元数据...
  - 所有 4 张图片均已存在，全部跳过。
  - [提取] 读取原始元数据: metadata\step2\2023-03-25_776956736487555089.json
  - [生成] 写入内容信息文件: 2023-03-25_776956736487555089.json
  - 正在保存动态 776560809251700832 的步骤2元数据...
  - 所有 8 张图片均已存在，全部跳过。
  - [提取] 读取原始元数据: metadata\step2\2023-03-24_776560809251700832.json
  - [生成] 写入内容信息文件: 2023-03-24_776560809251700832.json
  - 正在保存动态 775385366896050259 的步骤2元数据...
  - 所有 4 张图片均已存在，全部跳过。
  - [提取] 读取原始元数据: metadata\step2\2023-03-21_775385366896050259.json
  - [生成] 写入内容信息文件: 2023-03-21_775385366896050259.json
  - 正在保存动态 774999232129007635 的步骤2元数据...
  - 所有 9 张图片均已存在，全部跳过。
  - [提取] 读取原始元数据: metadata\step2\2023-03-20_774999232129007635.json
  - [生成] 写入内容信息文件: 2023-03-20_774999232129007635.json
  - 正在保存动态 774758988836241457 的步骤2元数据...
  - 所有 1 张图片均已存在，全部跳过。
  - [提取] 读取原始元数据: metadata\step2\2023-03-19_774758988836241457.json
  - [生成] 写入内容信息文件: 2023-03-19_774758988836241457.json
  - 正在保存动态 774465822959599619 的步骤2元数据...
  - 所有 8 张图片均已存在，全部跳过。
  - [提取] 读取原始元数据: metadata\step2\2023-03-19_774465822959599619.json
  - [生成] 写入内容信息文件: 2023-03-19_774465822959599619.json
  - 正在保存动态 773762741109260312 的步骤2元数据...
  - 所有 1 张图片均已存在，全部跳过。
  - [提取] 读取原始元数据: metadata\step2\2023-03-17_773762741109260312.json
  - [生成] 写入内容信息文件: 2023-03-17_773762741109260312.json
  - 正在保存动态 773187593473884183 的步骤2元数据...
  - 所有 9 张图片均已存在，全部跳过。
  - [提取] 读取原始元数据: metadata\step2\2023-03-15_773187593473884183.json
  - [生成] 写入内容信息文件: 2023-03-15_773187593473884183.json
  - 正在保存动态 772667833713688581 的步骤2元数据...
  - 所有 2 张图片均已存在，全部跳过。
  - [提取] 读取原始元数据: metadata\step2\2023-03-14_772667833713688581.json
  - [生成] 写入内容信息文件: 2023-03-14_772667833713688581.json
  - 正在保存动态 770712614237896720 的步骤2元数据...
  - 所有 2 张图片均已存在，全部跳过。
  - [提取] 读取原始元数据: metadata\step2\2023-03-08_770712614237896720.json
  - [生成] 写入内容信息文件: 2023-03-08_770712614237896720.json
  - 正在保存动态 770440420725358597 的步骤2元数据...
  - 所有 2 张图片均已存在，全部跳过。
  - [提取] 读取原始元数据: metadata\step2\2023-03-08_770440420725358597.json
  - [生成] 写入内容信息文件: 2023-03-08_770440420725358597.json
  - 正在保存动态 769507287511334947 的步骤2元数据...
  - 所有 4 张图片均已存在，全部跳过。
  - [提取] 读取原始元数据: metadata\step2\2023-03-05_769507287511334947.json
  - [生成] 写入内容信息文件: 2023-03-05_769507287511334947.json
  - 正在保存动态 769351332943364098 的步骤2元数据...
  - 所有 4 张图片均已存在，全部跳过。
  - [提取] 读取原始元数据: metadata\step2\2023-03-05_769351332943364098.json
  - [生成] 写入内容信息文件: 2023-03-05_769351332943364098.json
  - 正在保存动态 769147661336969249 的步骤2元数据...
  - 所有 4 张图片均已存在，全部跳过。
  - [提取] 读取原始元数据: metadata\step2\2023-03-04_769147661336969249.json
  - [生成] 写入内容信息文件: 2023-03-04_769147661336969249.json
  - 正在保存动态 768254028968624149 的步骤2元数据...
  - 所有 2 张图片均已存在，全部跳过。
  - [提取] 读取原始元数据: metadata\step2\2023-03-02_768254028968624149.json
  - [生成] 写入内容信息文件: 2023-03-02_768254028968624149.json
  - 正在保存动态 764649297239081001 的步骤2元数据...
  - 所有 2 张图片均已存在，全部跳过。
  - [提取] 读取原始元数据: metadata\step2\2023-02-20_764649297239081001.json
  - [生成] 写入内容信息文件: 2023-02-20_764649297239081001.json
  - 正在保存动态 763147806773870609 的步骤2元数据...
  - 所有 9 张图片均已存在，全部跳过。
  - [提取] 读取原始元数据: metadata\step2\2023-02-16_763147806773870609.json
  - [生成] 写入内容信息文件: 2023-02-16_763147806773870609.json
  - 正在保存动态 762341761646329856 的步骤2元数据...
  - 所有 4 张图片均已存在，全部跳过。
  - [提取] 读取原始元数据: metadata\step2\2023-02-14_762341761646329856.json
  - [生成] 写入内容信息文件: 2023-02-14_762341761646329856.json
  - 正在保存动态 762119986741248017 的步骤2元数据...
  - 所有 4 张图片均已存在，全部跳过。
  - [提取] 读取原始元数据: metadata\step2\2023-02-13_762119986741248017.json
  - [生成] 写入内容信息文件: 2023-02-13_762119986741248017.json
  - 正在保存动态 757735851628167168 的步骤2元数据...
  - 所有 3 张图片均已存在，全部跳过。
  - [提取] 读取原始元数据: metadata\step2\2023-02-01_757735851628167168.json
  - [生成] 写入内容信息文件: 2023-02-01_757735851628167168.json
  - 正在保存动态 757012587686658119 的步骤2元数据...
  - 所有 1 张图片均已存在，全部跳过。
  - [提取] 读取原始元数据: metadata\step2\2023-01-30_757012587686658119.json
  - [生成] 写入内容信息文件: 2023-01-30_757012587686658119.json
  - 正在保存动态 756815006316625955 的步骤2元数据...
  - 所有 6 张图片均已存在，全部跳过。
  - [提取] 读取原始元数据: metadata\step2\2023-01-30_756815006316625955.json
  - [生成] 写入内容信息文件: 2023-01-30_756815006316625955.json
  - 正在保存动态 752425850379436176 的步骤2元数据...
  - 所有 9 张图片均已存在，全部跳过。
  - [提取] 读取原始元数据: metadata\step2\2023-01-18_752425850379436176.json
  - [生成] 写入内容信息文件: 2023-01-18_752425850379436176.json
  - 正在保存动态 749233237988999170 的步骤2元数据...
  - 所有 8 张图片均已存在，全部跳过。
  - [提取] 读取原始元数据: metadata\step2\2023-01-10_749233237988999170.json
  - [生成] 写入内容信息文件: 2023-01-10_749233237988999170.json
  - 正在保存动态 742393206205841442 的步骤2元数据...
  - 所有 3 张图片均已存在，全部跳过。
  - [提取] 读取原始元数据: metadata\step2\2022-12-22_742393206205841442.json
  - [生成] 写入内容信息文件: 2022-12-22_742393206205841442.json
  - 正在保存动态 740566346168795155 的步骤2元数据...
  - 所有 3 张图片均已存在，全部跳过。
  - [提取] 读取原始元数据: metadata\step2\2022-12-17_740566346168795155.json
  - [生成] 写入内容信息文件: 2022-12-17_740566346168795155.json
  - 正在保存动态 740042544847519746 的步骤2元数据...
  - 所有 7 张图片均已存在，全部跳过。
  - [提取] 读取原始元数据: metadata\step2\2022-12-16_740042544847519746.json
  - [生成] 写入内容信息文件: 2022-12-16_740042544847519746.json
  - 正在保存动态 739877386162536503 的步骤2元数据...
  - 所有 9 张图片均已存在，全部跳过。
  - [提取] 读取原始元数据: metadata\step2\2022-12-15_739877386162536503.json
  - [生成] 写入内容信息文件: 2022-12-15_739877386162536503.json
  - 正在保存动态 739507924495237155 的步骤2元数据...
  - 所有 3 张图片均已存在，全部跳过。
  - [提取] 读取原始元数据: metadata\step2\2022-12-14_739507924495237155.json
  - [生成] 写入内容信息文件: 2022-12-14_739507924495237155.json
  - 正在保存动态 738806479007514643 的步骤2元数据...
  - 所有 1 张图片均已存在，全部跳过。
  - [提取] 读取原始元数据: metadata\step2\2022-12-12_738806479007514643.json
  - [生成] 写入内容信息文件: 2022-12-12_738806479007514643.json
  - 正在保存动态 736624103045201939 的步骤2元数据...
  - 所有 5 张图片均已存在，全部跳过。
  - [提取] 读取原始元数据: metadata\step2\2022-12-07_736624103045201939.json
  - [生成] 写入内容信息文件: 2022-12-07_736624103045201939.json
  - 正在保存动态 733863229334224932 的步骤2元数据...
  - 所有 6 张图片均已存在，全部跳过。
  - [提取] 读取原始元数据: metadata\step2\2022-11-29_733863229334224932.json
  - [生成] 写入内容信息文件: 2022-11-29_733863229334224932.json
  - 正在保存动态 732423423156813847 的步骤2元数据...
  - 所有 8 张图片均已存在，全部跳过。
  - [提取] 读取原始元数据: metadata\step2\2022-11-25_732423423156813847.json
  - [生成] 写入内容信息文件: 2022-11-25_732423423156813847.json
  - 正在保存动态 731139137736802306 的步骤2元数据...
  - 所有 5 张图片均已存在，全部跳过。
  - [提取] 读取原始元数据: metadata\step2\2022-11-22_731139137736802306.json
  - [生成] 写入内容信息文件: 2022-11-22_731139137736802306.json
  - 正在保存动态 729985801576775687 的步骤2元数据...
  - 所有 1 张图片均已存在，全部跳过。
  - [提取] 读取原始元数据: metadata\step2\2022-11-19_729985801576775687.json
  - [生成] 写入内容信息文件: 2022-11-19_729985801576775687.json
  - 正在保存动态 729700130436939784 的步骤2元数据...
  - 所有 5 张图片均已存在，全部跳过。
  - [提取] 读取原始元数据: metadata\step2\2022-11-18_729700130436939784.json
  - [生成] 写入内容信息文件: 2022-11-18_729700130436939784.json
  - 正在保存动态 729197954252931081 的步骤2元数据...
  - 所有 1 张图片均已存在，全部跳过。
  - [提取] 读取原始元数据: metadata\step2\2022-11-17_729197954252931081.json
  - [生成] 写入内容信息文件: 2022-11-17_729197954252931081.json
  - 正在保存动态 726997049821626376 的步骤2元数据...
  - 所有 5 张图片均已存在，全部跳过。
  - [提取] 读取原始元数据: metadata\step2\2022-11-11_726997049821626376.json
  - [生成] 写入内容信息文件: 2022-11-11_726997049821626376.json
  - 正在保存动态 726846618592084049 的步骤2元数据...
  - 所有 8 张图片均已存在，全部跳过。
  - [提取] 读取原始元数据: metadata\step2\2022-11-10_726846618592084049.json
  - [生成] 写入内容信息文件: 2022-11-10_726846618592084049.json
  - 正在保存动态 726377801430597653 的步骤2元数据...
  - 所有 3 张图片均已存在，全部跳过。
  - [提取] 读取原始元数据: metadata\step2\2022-11-09_726377801430597653.json
  - [生成] 写入内容信息文件: 2022-11-09_726377801430597653.json
  - 正在保存动态 726377410592768039 的步骤2元数据...
  - 所有 3 张图片均已存在，全部跳过。
  - [提取] 读取原始元数据: metadata\step2\2022-11-09_726377410592768039.json
  - [生成] 写入内容信息文件: 2022-11-09_726377410592768039.json
  - 正在保存动态 725652686389641238 的步骤2元数据...
  - 所有 9 张图片均已存在，全部跳过。
  - [提取] 读取原始元数据: metadata\step2\2022-11-07_725652686389641238.json
  - [生成] 写入内容信息文件: 2022-11-07_725652686389641238.json
  - 正在保存动态 723351923948781586 的步骤2元数据...
  - 所有 7 张图片均已存在，全部跳过。
  - [提取] 读取原始元数据: metadata\step2\2022-11-01_723351923948781586.json
  - [生成] 写入内容信息文件: 2022-11-01_723351923948781586.json
  - 正在保存动态 723183513986138145 的步骤2元数据...
  - 所有 9 张图片均已存在，全部跳过。
  - [提取] 读取原始元数据: metadata\step2\2022-10-31_723183513986138145.json
  - [生成] 写入内容信息文件: 2022-10-31_723183513986138145.json
  - 正在保存动态 721727842190098438 的步骤2元数据...
  - 所有 9 张图片均已存在，全部跳过。
  - [提取] 读取原始元数据: metadata\step2\2022-10-27_721727842190098438.json
  - [生成] 写入内容信息文件: 2022-10-27_721727842190098438.json
  - 正在保存动态 720152327943618632 的步骤2元数据...
  - 所有 1 张图片均已存在，全部跳过。
  - [提取] 读取原始元数据: metadata\step2\2022-10-23_720152327943618632.json
  - [生成] 写入内容信息文件: 2022-10-23_720152327943618632.json
  - 正在保存动态 720038545665818642 的步骤2元数据...
  - 所有 9 张图片均已存在，全部跳过。
  - [提取] 读取原始元数据: metadata\step2\2022-10-23_720038545665818642.json
  - [生成] 写入内容信息文件: 2022-10-23_720038545665818642.json
  - 正在保存动态 718196631745331225 的步骤2元数据...
  - 所有 6 张图片均已存在，全部跳过。
  - [提取] 读取原始元数据: metadata\step2\2022-10-18_718196631745331225.json
  - [生成] 写入内容信息文件: 2022-10-18_718196631745331225.json
  - 正在保存动态 717375661637894164 的步骤2元数据...
  - 所有 3 张图片均已存在，全部跳过。
  - [提取] 读取原始元数据: metadata\step2\2022-10-16_717375661637894164.json
  - [生成] 写入内容信息文件: 2022-10-16_717375661637894164.json
  - 正在保存动态 716606385763123201 的步骤2元数据...
  - 所有 5 张图片均已存在，全部跳过。
  - [提取] 读取原始元数据: metadata\step2\2022-10-14_716606385763123201.json
  - [生成] 写入内容信息文件: 2022-10-14_716606385763123201.json
  - 正在保存动态 714088817664983080 的步骤2元数据...
  - 所有 9 张图片均已存在，全部跳过。
  - [提取] 读取原始元数据: metadata\step2\2022-10-07_714088817664983080.json
  - [生成] 写入内容信息文件: 2022-10-07_714088817664983080.json
  - 正在保存动态 709827643163279411 的步骤2元数据...
  - 所有 3 张图片均已存在，全部跳过。
  - [提取] 读取原始元数据: metadata\step2\2022-09-25_709827643163279411.json
  - [生成] 写入内容信息文件: 2022-09-25_709827643163279411.json
  - 正在保存动态 706513719376478359 的步骤2元数据...
  - 所有 6 张图片均已存在，全部跳过。
  - [提取] 读取原始元数据: metadata\step2\2022-09-16_706513719376478359.json
  - [生成] 写入内容信息文件: 2022-09-16_706513719376478359.json
  - 正在保存动态 705223287856168981 的步骤2元数据...
  - 所有 9 张图片均已存在，全部跳过。
  - [提取] 读取原始元数据: metadata\step2\2022-09-13_705223287856168981.json
  - [生成] 写入内容信息文件: 2022-09-13_705223287856168981.json
  - 正在保存动态 701980574655447043 的步骤2元数据...
  - 所有 2 张图片均已存在，全部跳过。
  - [提取] 读取原始元数据: metadata\step2\2022-09-04_701980574655447043.json
  - [生成] 写入内容信息文件: 2022-09-04_701980574655447043.json
  - 正在保存动态 700909873658855445 的步骤2元数据...
  - 所有 2 张图片均已存在，全部跳过。
  - [提取] 读取原始元数据: metadata\step2\2022-09-01_700909873658855445.json
  - [生成] 写入内容信息文件: 2022-09-01_700909873658855445.json
  - 正在保存动态 697871106919366664 的步骤2元数据...
  - 所有 4 张图片均已存在，全部跳过。
  - [提取] 读取原始元数据: metadata\step2\2022-08-24_697871106919366664.json
  - [生成] 写入内容信息文件: 2022-08-24_697871106919366664.json
  - 正在保存动态 693900139045060725 的步骤2元数据...
  - 所有 1 张图片均已存在，全部跳过。
  - [提取] 读取原始元数据: metadata\step2\2022-08-13_693900139045060725.json
  - [生成] 写入内容信息文件: 2022-08-13_693900139045060725.json
  - 正在保存动态 690554918024511528 的步骤2元数据...
  - 所有 1 张图片均已存在，全部跳过。
  - [提取] 读取原始元数据: metadata\step2\2022-08-04_690554918024511528.json
  - [生成] 写入内容信息文件: 2022-08-04_690554918024511528.json
  - 正在保存动态 688292475125628952 的步骤2元数据...
  - 所有 4 张图片均已存在，全部跳过。
  - [提取] 读取原始元数据: metadata\step2\2022-07-29_688292475125628952.json
  - [生成] 写入内容信息文件: 2022-07-29_688292475125628952.json
  - 正在保存动态 684105165690634249 的步骤2元数据...
  - 所有 1 张图片均已存在，全部跳过。
  - [提取] 读取原始元数据: metadata\step2\2022-07-18_684105165690634249.json
  - [生成] 写入内容信息文件: 2022-07-18_684105165690634249.json
  - 正在保存动态 681954323306905602 的步骤2元数据...
  - 所有 3 张图片均已存在，全部跳过。
  - [提取] 读取原始元数据: metadata\step2\2022-07-12_681954323306905602.json
  - [生成] 写入内容信息文件: 2022-07-12_681954323306905602.json
  - 正在保存动态 679393431768793232 的步骤2元数据...
  - 所有 2 张图片均已存在，全部跳过。
  - [提取] 读取原始元数据: metadata\step2\2022-07-05_679393431768793232.json
  - [生成] 写入内容信息文件: 2022-07-05_679393431768793232.json
  - 正在保存动态 674953887230197794 的步骤2元数据...
  - 所有 3 张图片均已存在，全部跳过。
  - [提取] 读取原始元数据: metadata\step2\2022-06-23_674953887230197794.json
  - [生成] 写入内容信息文件: 2022-06-23_674953887230197794.json
  - 正在保存动态 670428061200547875 的步骤2元数据...
  - 所有 1 张图片均已存在，全部跳过。
  - [提取] 读取原始元数据: metadata\step2\2022-06-11_670428061200547875.json
  - [生成] 写入内容信息文件: 2022-06-11_670428061200547875.json
  - 正在保存动态 670409876298530833 的步骤2元数据...
  - 所有 9 张图片均已存在，全部跳过。
  - [提取] 读取原始元数据: metadata\step2\2022-06-11_670409876298530833.json
  - [生成] 写入内容信息文件: 2022-06-11_670409876298530833.json
  - 正在保存动态 668622942263836753 的步骤2元数据...
  - 所有 2 张图片均已存在，全部跳过。
  - [提取] 读取原始元数据: metadata\step2\2022-06-06_668622942263836753.json
  - [生成] 写入内容信息文件: 2022-06-06_668622942263836753.json
  - 正在保存动态 667622180541956098 的步骤2元数据...
  - 所有 1 张图片均已存在，全部跳过。
  - [提取] 读取原始元数据: metadata\step2\2022-06-04_667622180541956098.json
  - [生成] 写入内容信息文件: 2022-06-04_667622180541956098.json
  - 正在保存动态 667332012533612563 的步骤2元数据...
  - 所有 7 张图片均已存在，全部跳过。
  - [提取] 读取原始元数据: metadata\step2\2022-06-03_667332012533612563.json
  - [生成] 写入内容信息文件: 2022-06-03_667332012533612563.json
  - 正在保存动态 666617574804422693 的步骤2元数据...
  - 所有 5 张图片均已存在，全部跳过。
  - [提取] 读取原始元数据: metadata\step2\2022-06-01_666617574804422693.json
  - [生成] 写入内容信息文件: 2022-06-01_666617574804422693.json
  - 正在保存动态 665775662429110277 的步骤2元数据...
  - 所有 2 张图片均已存在，全部跳过。
  - [提取] 读取原始元数据: metadata\step2\2022-05-30_665775662429110277.json
  - [生成] 写入内容信息文件: 2022-05-30_665775662429110277.json
  - 正在保存动态 662550253652672537 的步骤2元数据...
  - 所有 6 张图片均已存在，全部跳过。
  - [提取] 读取原始元数据: metadata\step2\2022-05-21_662550253652672537.json
  - [生成] 写入内容信息文件: 2022-05-21_662550253652672537.json
  - 正在保存动态 661664764548612119 的步骤2元数据...
  - 所有 2 张图片均已存在，全部跳过。
  - [提取] 读取原始元数据: metadata\step2\2022-05-19_661664764548612119.json
  - [生成] 写入内容信息文件: 2022-05-19_661664764548612119.json
  - 正在保存动态 660310745990299673 的步骤2元数据...
  - 所有 6 张图片均已存在，全部跳过。
  - [提取] 读取原始元数据: metadata\step2\2022-05-15_660310745990299673.json
  - [生成] 写入内容信息文件: 2022-05-15_660310745990299673.json
  - 正在保存动态 657183150814789641 的步骤2元数据...
  - 所有 3 张图片均已存在，全部跳过。
  - [提取] 读取原始元数据: metadata\step2\2022-05-06_657183150814789641.json
  - [生成] 写入内容信息文件: 2022-05-06_657183150814789641.json
  - 正在保存动态 656866822172180489 的步骤2元数据...
  - 所有 6 张图片均已存在，全部跳过。
  - [提取] 读取原始元数据: metadata\step2\2022-05-06_656866822172180489.json
  - [生成] 写入内容信息文件: 2022-05-06_656866822172180489.json
  - 正在保存动态 654429368119984137 的步骤2元数据...
  - 所有 9 张图片均已存在，全部跳过。
  - [提取] 读取原始元数据: metadata\step2\2022-04-29_654429368119984137.json
  - [生成] 写入内容信息文件: 2022-04-29_654429368119984137.json
  - 正在保存动态 652482936182931460 的步骤2元数据...
  - 所有 1 张图片均已存在，全部跳过。
  - [提取] 读取原始元数据: metadata\step2\2022-04-24_652482936182931460.json
  - [生成] 写入内容信息文件: 2022-04-24_652482936182931460.json
  - 正在保存动态 648506389333803048 的步骤2元数据...
  - 所有 6 张图片均已存在，全部跳过。
  - [提取] 读取原始元数据: metadata\step2\2022-04-13_648506389333803048.json
  - [生成] 写入内容信息文件: 2022-04-13_648506389333803048.json
  - 正在保存动态 647689250241773572 的步骤2元数据...
  - 所有 6 张图片均已存在，全部跳过。
  - [提取] 读取原始元数据: metadata\step2\2022-04-11_647689250241773572.json
  - [生成] 写入内容信息文件: 2022-04-11_647689250241773572.json
  - 正在保存动态 638363785296347154 的步骤2元数据...
  - 所有 1 张图片均已存在，全部跳过。
  - [提取] 读取原始元数据: metadata\step2\2022-03-17_638363785296347154.json
  - [生成] 写入内容信息文件: 2022-03-17_638363785296347154.json
  - 正在保存动态 637076218529710087 的步骤2元数据...
  - 所有 5 张图片均已存在，全部跳过。
  - [提取] 读取原始元数据: metadata\step2\2022-03-13_637076218529710087.json
  - [生成] 写入内容信息文件: 2022-03-13_637076218529710087.json
  - 正在保存动态 634446328459427843 的步骤2元数据...
  - 所有 6 张图片均已存在，全部跳过。
  - [提取] 读取原始元数据: metadata\step2\2022-03-06_634446328459427843.json
  - [生成] 写入内容信息文件: 2022-03-06_634446328459427843.json
  - 正在保存动态 634088372995883011 的步骤2元数据...
  - 所有 1 张图片均已存在，全部跳过。
  - [提取] 读取原始元数据: metadata\step2\2022-03-05_634088372995883011.json
  - [生成] 写入内容信息文件: 2022-03-05_634088372995883011.json
  - 正在保存动态 631466140842852358 的步骤2元数据...
  - 所有 2 张图片均已存在，全部跳过。
  - [提取] 读取原始元数据: metadata\step2\2022-02-26_631466140842852358.json
  - [生成] 写入内容信息文件: 2022-02-26_631466140842852358.json
  - 正在保存动态 625937315266291753 的步骤2元数据...
  - 所有 2 张图片均已存在，全部跳过。
  - [提取] 读取原始元数据: metadata\step2\2022-02-11_625937315266291753.json
  - [生成] 写入内容信息文件: 2022-02-11_625937315266291753.json
  - 正在保存动态 625123758274729212 的步骤2元数据...
  - 所有 2 张图片均已存在，全部跳过。
  - [提取] 读取原始元数据: metadata\step2\2022-02-09_625123758274729212.json
  - [生成] 写入内容信息文件: 2022-02-09_625123758274729212.json
  - 正在保存动态 622254397994217074 的步骤2元数据...
  - 所有 9 张图片均已存在，全部跳过。
  - [提取] 读取原始元数据: metadata\step2\2022-02-01_622254397994217074.json
  - [生成] 写入内容信息文件: 2022-02-01_622254397994217074.json
  - 正在保存动态 621955987963854184 的步骤2元数据...
  - 所有 2 张图片均已存在，全部跳过。
  - [提取] 读取原始元数据: metadata\step2\2022-02-01_621955987963854184.json
  - [生成] 写入内容信息文件: 2022-02-01_621955987963854184.json
  - 正在保存动态 616557811065602110 的步骤2元数据...
  - 所有 1 张图片均已存在，全部跳过。
  - [提取] 读取原始元数据: metadata\step2\2022-01-17_616557811065602110.json
  - [生成] 写入内容信息文件: 2022-01-17_616557811065602110.json
  - 正在保存动态 616243677160112180 的步骤2元数据...
  - 所有 1 张图片均已存在，全部跳过。
  - [提取] 读取原始元数据: metadata\step2\2022-01-16_616243677160112180.json
  - [生成] 写入内容信息文件: 2022-01-16_616243677160112180.json
  - 正在保存动态 613253211687760338 的步骤2元数据...
  - 所有 1 张图片均已存在，全部跳过。
  - [提取] 读取原始元数据: metadata\step2\2022-01-08_613253211687760338.json
  - [生成] 写入内容信息文件: 2022-01-08_613253211687760338.json
  - 正在保存动态 612996282448905001 的步骤2元数据...
  - 所有 1 张图片均已存在，全部跳过。
  - [提取] 读取原始元数据: metadata\step2\2022-01-07_612996282448905001.json
  - [生成] 写入内容信息文件: 2022-01-07_612996282448905001.json
  - 正在保存动态 610519606746948170 的步骤2元数据...
  - 所有 1 张图片均已存在，全部跳过。
  - [提取] 读取原始元数据: metadata\step2\2022-01-01_610519606746948170.json
  - [生成] 写入内容信息文件: 2022-01-01_610519606746948170.json
  - 正在保存动态 608845209447175258 的步骤2元数据...
  - 所有 5 张图片均已存在，全部跳过。
  - [提取] 读取原始元数据: metadata\step2\2021-12-27_608845209447175258.json
  - [生成] 写入内容信息文件: 2021-12-27_608845209447175258.json
  - 正在保存动态 608060815277089354 的步骤2元数据...
  - 所有 2 张图片均已存在，全部跳过。
  - [提取] 读取原始元数据: metadata\step2\2021-12-25_608060815277089354.json
  - [生成] 写入内容信息文件: 2021-12-25_608060815277089354.json
  - 正在保存动态 607836901448796734 的步骤2元数据...
  - 所有 1 张图片均已存在，全部跳过。
  - [提取] 读取原始元数据: metadata\step2\2021-12-24_607836901448796734.json
  - [生成] 写入内容信息文件: 2021-12-24_607836901448796734.json
  - 正在保存动态 606260171712613192 的步骤2元数据...
  - 所有 9 张图片均已存在，全部跳过。
  - [提取] 读取原始元数据: metadata\step2\2021-12-20_606260171712613192.json
  - [生成] 写入内容信息文件: 2021-12-20_606260171712613192.json
  - 正在保存动态 604494639507116545 的步骤2元数据...
  - 所有 7 张图片均已存在，全部跳过。
  - [提取] 读取原始元数据: metadata\step2\2021-12-15_604494639507116545.json
  - [生成] 写入内容信息文件: 2021-12-15_604494639507116545.json
  - 正在保存动态 602957376221547536 的步骤2元数据...
  - 所有 2 张图片均已存在，全部跳过。
  - [提取] 读取原始元数据: metadata\step2\2021-12-11_602957376221547536.json
  - [生成] 写入内容信息文件: 2021-12-11_602957376221547536.json
  - 正在保存动态 602801932762781499 的步骤2元数据...
  - 所有 1 张图片均已存在，全部跳过。
  - [提取] 读取原始元数据: metadata\step2\2021-12-11_602801932762781499.json
  - [生成] 写入内容信息文件: 2021-12-11_602801932762781499.json
  - 正在保存动态 601868528993481763 的步骤2元数据...
  - 所有 9 张图片均已存在，全部跳过。
  - [提取] 读取原始元数据: metadata\step2\2021-12-08_601868528993481763.json
  - [生成] 写入内容信息文件: 2021-12-08_601868528993481763.json
  - 正在保存动态 599182533758863944 的步骤2元数据...
  - 所有 9 张图片均已存在，全部跳过。
  - [提取] 读取原始元数据: metadata\step2\2021-12-01_599182533758863944.json
  - [生成] 写入内容信息文件: 2021-12-01_599182533758863944.json
  - 正在保存动态 598876032007229763 的步骤2元数据...
  - 所有 1 张图片均已存在，全部跳过。
  - [提取] 读取原始元数据: metadata\step2\2021-11-30_598876032007229763.json
  - [生成] 写入内容信息文件: 2021-11-30_598876032007229763.json
  - 正在保存动态 595904747863438276 的步骤2元数据...
  - 所有 4 张图片均已存在，全部跳过。
  - [提取] 读取原始元数据: metadata\step2\2021-11-22_595904747863438276.json
  - [生成] 写入内容信息文件: 2021-11-22_595904747863438276.json
  - 正在保存动态 592748964804471753 的步骤2元数据...
  - 所有 1 张图片均已存在，全部跳过。
  - [提取] 读取原始元数据: metadata\step2\2021-11-14_592748964804471753.json
  - [生成] 写入内容信息文件: 2021-11-14_592748964804471753.json
  - 正在保存动态 592623826643344911 的步骤2元数据...
  - 所有 2 张图片均已存在，全部跳过。
  - [提取] 读取原始元数据: metadata\step2\2021-11-14_592623826643344911.json
  - [生成] 写入内容信息文件: 2021-11-14_592623826643344911.json
  - 正在保存动态 591812133659458646 的步骤2元数据...
  - 所有 6 张图片均已存在，全部跳过。
  - [提取] 读取原始元数据: metadata\step2\2021-11-11_591812133659458646.json
  - [生成] 写入内容信息文件: 2021-11-11_591812133659458646.json
  - 正在保存动态 588612752389159315 的步骤2元数据...
  - 所有 9 张图片均已存在，全部跳过。
  - [提取] 读取原始元数据: metadata\step2\2021-11-03_588612752389159315.json
  - [生成] 写入内容信息文件: 2021-11-03_588612752389159315.json
  - 正在保存动态 586625973531333087 的步骤2元数据...
  - 所有 1 张图片均已存在，全部跳过。
  - [提取] 读取原始元数据: metadata\step2\2021-10-28_586625973531333087.json
  - [生成] 写入内容信息文件: 2021-10-28_586625973531333087.json
  - 正在保存动态 586620836745161224 的步骤2元数据...
  - 所有 1 张图片均已存在，全部跳过。
  - [提取] 读取原始元数据: metadata\step2\2021-10-28_586620836745161224.json
  - [生成] 写入内容信息文件: 2021-10-28_586620836745161224.json
  - 正在保存动态 582903731532979743 的步骤2元数据...
  - 所有 1 张图片均已存在，全部跳过。
  - [提取] 读取原始元数据: metadata\step2\2021-10-18_582903731532979743.json
  - [生成] 写入内容信息文件: 2021-10-18_582903731532979743.json
  - 正在保存动态 582778464515148840 的步骤2元数据...
  - 所有 6 张图片均已存在，全部跳过。
  - [提取] 读取原始元数据: metadata\step2\2021-10-18_582778464515148840.json
  - [生成] 写入内容信息文件: 2021-10-18_582778464515148840.json
  - 正在保存动态 582601413083131856 的步骤2元数据...
  - 所有 1 张图片均已存在，全部跳过。
  - [提取] 读取原始元数据: metadata\step2\2021-10-17_582601413083131856.json
  - [生成] 写入内容信息文件: 2021-10-17_582601413083131856.json
  - 正在保存动态 581449799209210000 的步骤2元数据...
  - 所有 9 张图片均已存在，全部跳过。
  - [提取] 读取原始元数据: metadata\step2\2021-10-14_581449799209210000.json
  - [生成] 写入内容信息文件: 2021-10-14_581449799209210000.json
  - 正在保存动态 580949353907533380 的步骤2元数据...
  - 所有 1 张图片均已存在，全部跳过。
  - [提取] 读取原始元数据: metadata\step2\2021-10-13_580949353907533380.json
  - [生成] 写入内容信息文件: 2021-10-13_580949353907533380.json
  - 正在保存动态 580061768852471019 的步骤2元数据...
  - 所有 1 张图片均已存在，全部跳过。
  - [提取] 读取原始元数据: metadata\step2\2021-10-11_580061768852471019.json
  - [生成] 写入内容信息文件: 2021-10-11_580061768852471019.json
  - 正在保存动态 579914339803071758 的步骤2元数据...
  - 所有 2 张图片均已存在，全部跳过。
  - [提取] 读取原始元数据: metadata\step2\2021-10-10_579914339803071758.json
  - [生成] 写入内容信息文件: 2021-10-10_579914339803071758.json
  - 正在保存动态 579327419637226935 的步骤2元数据...
  - 所有 5 张图片均已存在，全部跳过。
  - [提取] 读取原始元数据: metadata\step2\2021-10-09_579327419637226935.json
  - [生成] 写入内容信息文件: 2021-10-09_579327419637226935.json
  - 正在保存动态 577072952655493104 的步骤2元数据...
  - 所有 1 张图片均已存在，全部跳过。
  - [提取] 读取原始元数据: metadata\step2\2021-10-03_577072952655493104.json
  - [生成] 写入内容信息文件: 2021-10-03_577072952655493104.json
  - 正在保存动态 574701056961757801 的步骤2元数据...
  - 所有 4 张图片均已存在，全部跳过。
  - [提取] 读取原始元数据: metadata\step2\2021-09-26_574701056961757801.json
  - [生成] 写入内容信息文件: 2021-09-26_574701056961757801.json
  - 正在保存动态 573903704875656297 的步骤2元数据...
  - 所有 2 张图片均已存在，全部跳过。
  - [提取] 读取原始元数据: metadata\step2\2021-09-24_573903704875656297.json
  - [生成] 写入内容信息文件: 2021-09-24_573903704875656297.json
  - 正在保存动态 573539530300841301 的步骤2元数据...
  - 所有 3 张图片均已存在，全部跳过。
  - [提取] 读取原始元数据: metadata\step2\2021-09-23_573539530300841301.json
  - [生成] 写入内容信息文件: 2021-09-23_573539530300841301.json
  - 正在保存动态 570320675648709380 的步骤2元数据...
  - 所有 2 张图片均已存在，全部跳过。
  - [提取] 读取原始元数据: metadata\step2\2021-09-14_570320675648709380.json
  - [生成] 写入内容信息文件: 2021-09-14_570320675648709380.json
  - 正在保存动态 566148969623098792 的步骤2元数据...
  - 所有 2 张图片均已存在，全部跳过。
  - [提取] 读取原始元数据: metadata\step2\2021-09-03_566148969623098792.json
  - [生成] 写入内容信息文件: 2021-09-03_566148969623098792.json
  - 正在保存动态 564058166662593543 的步骤2元数据...
  - 所有 6 张图片均已存在，全部跳过。
  - [提取] 读取原始元数据: metadata\step2\2021-08-29_564058166662593543.json
  - [生成] 写入内容信息文件: 2021-08-29_564058166662593543.json
  - 正在保存动态 547838570552356266 的步骤2元数据...
  - 所有 1 张图片均已存在，全部跳过。
  - [提取] 读取原始元数据: metadata\step2\2021-07-16_547838570552356266.json
  - [生成] 写入内容信息文件: 2021-07-16_547838570552356266.json
  - 正在保存动态 547330596185845355 的步骤2元数据...
  - 所有 2 张图片均已存在，全部跳过。
  - [提取] 读取原始元数据: metadata\step2\2021-07-14_547330596185845355.json
  - [生成] 写入内容信息文件: 2021-07-14_547330596185845355.json
  - 正在保存动态 544533309754748182 的步骤2元数据...
  - 所有 3 张图片均已存在，全部跳过。
  - [提取] 读取原始元数据: metadata\step2\2021-07-07_544533309754748182.json
  - [生成] 写入内容信息文件: 2021-07-07_544533309754748182.json
  - 正在保存动态 536157827178260574 的步骤2元数据...
  - 所有 2 张图片均已存在，全部跳过。
  - [提取] 读取原始元数据: metadata\step2\2021-06-14_536157827178260574.json
  - [生成] 写入内容信息文件: 2021-06-14_536157827178260574.json
  - 正在保存动态 533165459031127603 的步骤2元数据...
  - 所有 3 张图片均已存在，全部跳过。
  - [提取] 读取原始元数据: metadata\step2\2021-06-06_533165459031127603.json
  - [生成] 写入内容信息文件: 2021-06-06_533165459031127603.json
  - 正在保存动态 532762170193987891 的步骤2元数据...
  - 所有 2 张图片均已存在，全部跳过。
  - [提取] 读取原始元数据: metadata\step2\2021-06-05_532762170193987891.json
  - [生成] 写入内容信息文件: 2021-06-05_532762170193987891.json
  - 正在保存动态 524259260226527206 的步骤2元数据...
  - 所有 2 张图片均已存在，全部跳过。
  - [提取] 读取原始元数据: metadata\step2\2021-05-13_524259260226527206.json
  - [生成] 写入内容信息文件: 2021-05-13_524259260226527206.json
  - 正在保存动态 520210940024271447 的步骤2元数据...
  - 所有 2 张图片均已存在，全部跳过。
  - [提取] 读取原始元数据: metadata\step2\2021-05-02_520210940024271447.json
  - [生成] 写入内容信息文件: 2021-05-02_520210940024271447.json
  - 正在保存动态 514668765758603989 的步骤2元数据...
  - 所有 1 张图片均已存在，全部跳过。
  - [提取] 读取原始元数据: metadata\step2\2021-04-17_514668765758603989.json
  - [生成] 写入内容信息文件: 2021-04-17_514668765758603989.json
  - 正在保存动态 504002798595394953 的步骤2元数据...
  - 所有 2 张图片均已存在，全部跳过。
  - [提取] 读取原始元数据: metadata\step2\2021-03-20_504002798595394953.json
  - [生成] 写入内容信息文件: 2021-03-20_504002798595394953.json
  - 正在保存动态 499445005075694842 的步骤2元数据...
  - 所有 2 张图片均已存在，全部跳过。
  - [提取] 读取原始元数据: metadata\step2\2021-03-07_499445005075694842.json
  - [生成] 写入内容信息文件: 2021-03-07_499445005075694842.json
  - 正在保存动态 498972704704508969 的步骤2元数据...
  - 所有 2 张图片均已存在，全部跳过。
  - [提取] 读取原始元数据: metadata\step2\2021-03-06_498972704704508969.json
  - [生成] 写入内容信息文件: 2021-03-06_498972704704508969.json
  - 正在保存动态 498647872026240955 的步骤2元数据...
  - 所有 1 张图片均已存在，全部跳过。
  - [提取] 读取原始元数据: metadata\step2\2021-03-05_498647872026240955.json
  - [生成] 写入内容信息文件: 2021-03-05_498647872026240955.json
  - 正在保存动态 495999749815262081 的步骤2元数据...
  - 所有 1 张图片均已存在，全部跳过。
  - [提取] 读取原始元数据: metadata\step2\2021-02-26_495999749815262081.json
  - [生成] 写入内容信息文件: 2021-02-26_495999749815262081.json
  - 正在保存动态 491237825079609654 的步骤2元数据...
  - 所有 1 张图片均已存在，全部跳过。
  - [提取] 读取原始元数据: metadata\step2\2021-02-13_491237825079609654.json
  - [生成] 写入内容信息文件: 2021-02-13_491237825079609654.json
  - 正在保存动态 489923066877751402 的步骤2元数据...
  - 所有 1 张图片均已存在，全部跳过。
  - [提取] 读取原始元数据: metadata\step2\2021-02-10_489923066877751402.json
  - [生成] 写入内容信息文件: 2021-02-10_489923066877751402.json
  - 正在保存动态 471906048434339473 的步骤2元数据...
  - 所有 2 张图片均已存在，全部跳过。
  - [提取] 读取原始元数据: metadata\step2\2020-12-23_471906048434339473.json
  - [生成] 写入内容信息文件: 2020-12-23_471906048434339473.json
  - 正在保存动态 460433443463248788 的步骤2元数据...
  - 所有 3 张图片均已存在，全部跳过。
  - [提取] 读取原始元数据: metadata\step2\2020-11-22_460433443463248788.json
  - [生成] 写入内容信息文件: 2020-11-22_460433443463248788.json
  - 正在保存动态 458306975090856593 的步骤2元数据...
  - 所有 1 张图片均已存在，全部跳过。
  - [提取] 读取原始元数据: metadata\step2\2020-11-17_458306975090856593.json
  - [生成] 写入内容信息文件: 2020-11-17_458306975090856593.json
  - 正在保存动态 455934314898785369 的步骤2元数据...
  - 所有 2 张图片均已存在，全部跳过。
  - [提取] 读取原始元数据: metadata\step2\2020-11-10_455934314898785369.json
  - [生成] 写入内容信息文件: 2020-11-10_455934314898785369.json
  - 正在保存动态 452928172799088450 的步骤2元数据...
  - 所有 1 张图片均已存在，全部跳过。
  - [提取] 读取原始元数据: metadata\step2\2020-11-02_452928172799088450.json
  - [生成] 写入内容信息文件: 2020-11-02_452928172799088450.json
  - 正在保存动态 452627563739431706 的步骤2元数据...
  - 所有 1 张图片均已存在，全部跳过。
  - [提取] 读取原始元数据: metadata\step2\2020-11-01_452627563739431706.json
  - [生成] 写入内容信息文件: 2020-11-01_452627563739431706.json
  - 正在保存动态 447466211342708013 的步骤2元数据...
  - 所有 1 张图片均已存在，全部跳过。
  - [提取] 读取原始元数据: metadata\step2\2020-10-18_447466211342708013.json
  - [生成] 写入内容信息文件: 2020-10-18_447466211342708013.json
  - 正在保存动态 445020480870903855 的步骤2元数据...
  - 所有 2 张图片均已存在，全部跳过。
  - [提取] 读取原始元数据: metadata\step2\2020-10-12_445020480870903855.json
  - [生成] 写入内容信息文件: 2020-10-12_445020480870903855.json
  - 正在保存动态 444448863675749632 的步骤2元数据...
  - 所有 2 张图片均已存在，全部跳过。
  - [提取] 读取原始元数据: metadata\step2\2020-10-10_444448863675749632.json
  - [生成] 写入内容信息文件: 2020-10-10_444448863675749632.json
  - 正在保存动态 444037070799941809 的步骤2元数据...
  - 所有 1 张图片均已存在，全部跳过。
  - [提取] 读取原始元数据: metadata\step2\2020-10-09_444037070799941809.json
  - [生成] 写入内容信息文件: 2020-10-09_444037070799941809.json
  - 正在保存动态 443868991549415994 的步骤2元数据...
  - 所有 1 张图片均已存在，全部跳过。
  - [提取] 读取原始元数据: metadata\step2\2020-10-09_443868991549415994.json
  - [生成] 写入内容信息文件: 2020-10-09_443868991549415994.json
  - 正在保存动态 439457299929702002 的步骤2元数据...
  - 所有 3 张图片均已存在，全部跳过。
  - [提取] 读取原始元数据: metadata\step2\2020-09-27_439457299929702002.json
  - [生成] 写入内容信息文件: 2020-09-27_439457299929702002.json
  - 正在保存动态 438163286416574041 的步骤2元数据...
  - 所有 2 张图片均已存在，全部跳过。
  - [提取] 读取原始元数据: metadata\step2\2020-09-23_438163286416574041.json
  - [生成] 写入内容信息文件: 2020-09-23_438163286416574041.json
  - 正在保存动态 436693256547749971 的步骤2元数据...
  - 所有 1 张图片均已存在，全部跳过。
  - [提取] 读取原始元数据: metadata\step2\2020-09-19_436693256547749971.json
  - [生成] 写入内容信息文件: 2020-09-19_436693256547749971.json
  - 正在保存动态 429167537541791975 的步骤2元数据...
  - 所有 2 张图片均已存在，全部跳过。
  - [提取] 读取原始元数据: metadata\step2\2020-08-30_429167537541791975.json
  - [生成] 写入内容信息文件: 2020-08-30_429167537541791975.json
  - 正在保存动态 427225946033844015 的步骤2元数据...
  - 所有 4 张图片均已存在，全部跳过。
  - [提取] 读取原始元数据: metadata\step2\2020-08-25_427225946033844015.json
  - [生成] 写入内容信息文件: 2020-08-25_427225946033844015.json
  - 正在保存动态 425865025514726822 的步骤2元数据...
  - 所有 2 张图片均已存在，全部跳过。
  - [提取] 读取原始元数据: metadata\step2\2020-08-21_425865025514726822.json
  - [生成] 写入内容信息文件: 2020-08-21_425865025514726822.json
  - 正在保存动态 424040493343953539 的步骤2元数据...
  - 所有 1 张图片均已存在，全部跳过。
  - [提取] 读取原始元数据: metadata\step2\2020-08-16_424040493343953539.json
  - [生成] 写入内容信息文件: 2020-08-16_424040493343953539.json
  - 正在保存动态 422142289602228261 的步骤2元数据...
  - 所有 2 张图片均已存在，全部跳过。
  - [提取] 读取原始元数据: metadata\step2\2020-08-11_422142289602228261.json
  - [生成] 写入内容信息文件: 2020-08-11_422142289602228261.json
  - 正在保存动态 421658684875549439 的步骤2元数据...
  - 所有 9 张图片均已存在，全部跳过。
  - [提取] 读取原始元数据: metadata\step2\2020-08-10_421658684875549439.json
  - [生成] 写入内容信息文件: 2020-08-10_421658684875549439.json
  - 正在保存动态 416212138062907376 的步骤2元数据...
  - 所有 3 张图片均已存在，全部跳过。
  - [提取] 读取原始元数据: metadata\step2\2020-07-26_416212138062907376.json
  - [生成] 写入内容信息文件: 2020-07-26_416212138062907376.json
  - 正在保存动态 411121059918303922 的步骤2元数据...
  - 所有 1 张图片均已存在，全部跳过。
  - [提取] 读取原始元数据: metadata\step2\2020-07-12_411121059918303922.json
  - [生成] 写入内容信息文件: 2020-07-12_411121059918303922.json
  - 正在保存动态 405499222605662764 的步骤2元数据...
  - 所有 2 张图片均已存在，全部跳过。
  - [提取] 读取原始元数据: metadata\step2\2020-06-27_405499222605662764.json
  - [生成] 写入内容信息文件: 2020-06-27_405499222605662764.json
  - 正在保存动态 398681846785995474 的步骤2元数据...
  - 所有 2 张图片均已存在，全部跳过。
  - [提取] 读取原始元数据: metadata\step2\2020-06-09_398681846785995474.json
  - [生成] 写入内容信息文件: 2020-06-09_398681846785995474.json
  - 正在保存动态 398681679282270625 的步骤2元数据...
  - 所有 1 张图片均已存在，全部跳过。
  - [提取] 读取原始元数据: metadata\step2\2020-06-09_398681679282270625.json
  - [生成] 写入内容信息文件: 2020-06-09_398681679282270625.json
  - 正在保存动态 394913906340357384 的步骤2元数据...
  - 所有 1 张图片均已存在，全部跳过。
  - [提取] 读取原始元数据: metadata\step2\2020-05-30_394913906340357384.json
  - [生成] 写入内容信息文件: 2020-05-30_394913906340357384.json
  - 正在保存动态 393886502916363324 的步骤2元数据...
  - 所有 2 张图片均已存在，全部跳过。
  - [提取] 读取原始元数据: metadata\step2\2020-05-27_393886502916363324.json
  - [生成] 写入内容信息文件: 2020-05-27_393886502916363324.json
  - 正在保存动态 383234155099053061 的步骤2元数据...
  - 所有 1 张图片均已存在，全部跳过。
  - [提取] 读取原始元数据: metadata\step2\2020-04-28_383234155099053061.json
  - [生成] 写入内容信息文件: 2020-04-28_383234155099053061.json
  - 正在保存动态 376931964900955856 的步骤2元数据...
  - 所有 2 张图片均已存在，全部跳过。
  - [提取] 读取原始元数据: metadata\step2\2020-04-11_376931964900955856.json
  - [生成] 写入内容信息文件: 2020-04-11_376931964900955856.json
  - 正在保存动态 375836207072345515 的步骤2元数据...
  - 所有 4 张图片均已存在，全部跳过。
  - [提取] 读取原始元数据: metadata\step2\2020-04-08_375836207072345515.json
  - [生成] 写入内容信息文件: 2020-04-08_375836207072345515.json
  - 正在保存动态 370952970987778343 的步骤2元数据...
  - 所有 1 张图片均已存在，全部跳过。
  - [提取] 读取原始元数据: metadata\step2\2020-03-26_370952970987778343.json
  - [生成] 写入内容信息文件: 2020-03-26_370952970987778343.json
  - 正在保存动态 336794305808919750 的步骤2元数据...
  - 所有 1 张图片均已存在，全部跳过。
  - [提取] 读取原始元数据: metadata\step2\2019-12-25_336794305808919750.json
  - [生成] 写入内容信息文件: 2019-12-25_336794305808919750.json
  - 正在保存动态 333215434115849769 的步骤2元数据...
  - 所有 9 张图片均已存在，全部跳过。
  - [提取] 读取原始元数据: metadata\step2\2019-12-15_333215434115849769.json
  - [生成] 写入内容信息文件: 2019-12-15_333215434115849769.json
  - 正在保存动态 329738134105916178 的步骤2元数据...
  - 所有 1 张图片均已存在，全部跳过。
  - [提取] 读取原始元数据: metadata\step2\2019-12-06_329738134105916178.json
  - [生成] 写入内容信息文件: 2019-12-06_329738134105916178.json
  - 正在保存动态 328734881284642577 的步骤2元数据...
  - 所有 1 张图片均已存在，全部跳过。
  - [提取] 读取原始元数据: metadata\step2\2019-12-03_328734881284642577.json
  - [生成] 写入内容信息文件: 2019-12-03_328734881284642577.json
  - 正在保存动态 319105092158756840 的步骤2元数据...
  - 所有 1 张图片均已存在，全部跳过。
  - [提取] 读取原始元数据: metadata\step2\2019-11-07_319105092158756840.json
  - [生成] 写入内容信息文件: 2019-11-07_319105092158756840.json
  - 正在保存动态 319058878310444092 的步骤2元数据...
  - 所有 1 张图片均已存在，全部跳过。
  - [提取] 读取原始元数据: metadata\step2\2019-11-07_319058878310444092.json
  - [生成] 写入内容信息文件: 2019-11-07_319058878310444092.json
  - 正在保存动态 318820928536100676 的步骤2元数据...
  - 所有 6 张图片均已存在，全部跳过。
  - [提取] 读取原始元数据: metadata\step2\2019-11-07_318820928536100676.json
  - [生成] 写入内容信息文件: 2019-11-07_318820928536100676.json
  - 正在保存动态 304816478995141668 的步骤2元数据...
  - 所有 1 张图片均已存在，全部跳过。
  - [提取] 读取原始元数据: metadata\step2\2019-09-30_304816478995141668.json
  - [生成] 写入内容信息文件: 2019-09-30_304816478995141668.json
  - 正在保存动态 304712781303602583 的步骤2元数据...
  - 所有 3 张图片均已存在，全部跳过。
  - [提取] 读取原始元数据: metadata\step2\2019-09-30_304712781303602583.json
  - [生成] 写入内容信息文件: 2019-09-30_304712781303602583.json
  - 正在保存动态 304590078386751917 的步骤2元数据...
  - 所有 7 张图片均已存在，全部跳过。
  - [提取] 读取原始元数据: metadata\step2\2019-09-29_304590078386751917.json
  - [生成] 写入内容信息文件: 2019-09-29_304590078386751917.json
  - 正在保存动态 299702152196825521 的步骤2元数据...
  - 所有 2 张图片均已存在，全部跳过。
  - [提取] 读取原始元数据: metadata\step2\2019-09-16_299702152196825521.json
  - [生成] 写入内容信息文件: 2019-09-16_299702152196825521.json
  - 正在保存动态 298148864392021637 的步骤2元数据...
  - 所有 1 张图片均已存在，全部跳过。
  - [提取] 读取原始元数据: metadata\step2\2019-09-12_298148864392021637.json
  - [生成] 写入内容信息文件: 2019-09-12_298148864392021637.json
  - 正在保存动态 296344174965984549 的步骤2元数据...
  - 所有 1 张图片均已存在，全部跳过。
  - [提取] 读取原始元数据: metadata\step2\2019-09-07_296344174965984549.json
  - [生成] 写入内容信息文件: 2019-09-07_296344174965984549.json
  - 正在保存动态 291694705368771647 的步骤2元数据...
  - 所有 4 张图片均已存在，全部跳过。
  - [提取] 读取原始元数据: metadata\step2\2019-08-26_291694705368771647.json
  - [生成] 写入内容信息文件: 2019-08-26_291694705368771647.json
  - 正在保存动态 290201121899031055 的步骤2元数据...
  - 所有 2 张图片均已存在，全部跳过。
  - [提取] 读取原始元数据: metadata\step2\2019-08-22_290201121899031055.json
  - [生成] 写入内容信息文件: 2019-08-22_290201121899031055.json
  - 正在保存动态 285019084941243384 的步骤2元数据...
  - 所有 6 张图片均已存在，全部跳过。
  - [提取] 读取原始元数据: metadata\step2\2019-08-08_285019084941243384.json
  - [生成] 写入内容信息文件: 2019-08-08_285019084941243384.json
  - 正在保存动态 283827510690589719 的步骤2元数据...
  - 所有 1 张图片均已存在，全部跳过。
  - [提取] 读取原始元数据: metadata\step2\2019-08-04_283827510690589719.json
  - [生成] 写入内容信息文件: 2019-08-04_283827510690589719.json
  - 正在保存动态 282444604237615858 的步骤2元数据...
  - 所有 9 张图片均已存在，全部跳过。
  - [提取] 读取原始元数据: metadata\step2\2019-08-01_282444604237615858.json
  - [生成] 写入内容信息文件: 2019-08-01_282444604237615858.json
  - 正在保存动态 278651177452845532 的步骤2元数据...
  - 所有 2 张图片均已存在，全部跳过。
  - [提取] 读取原始元数据: metadata\step2\2019-07-21_278651177452845532.json
  - [生成] 写入内容信息文件: 2019-07-21_278651177452845532.json
  - 正在保存动态 271278440883440293 的步骤2元数据...
  - 所有 2 张图片均已存在，全部跳过。
  - [提取] 读取原始元数据: metadata\step2\2019-07-02_271278440883440293.json
  - [生成] 写入内容信息文件: 2019-07-02_271278440883440293.json
  - 正在保存动态 269705666809704580 的步骤2元数据...
  - 所有 2 张图片均已存在，全部跳过。
  - [提取] 读取原始元数据: metadata\step2\2019-06-27_269705666809704580.json
  - [生成] 写入内容信息文件: 2019-06-27_269705666809704580.json
  - 正在保存动态 262822376126831602 的步骤2元数据...
  - 所有 7 张图片均已存在，全部跳过。
  - [提取] 读取原始元数据: metadata\step2\2019-06-09_262822376126831602.json
  - [生成] 写入内容信息文件: 2019-06-09_262822376126831602.json
  - 正在保存动态 260104559481494163 的步骤2元数据...
  - 所有 1 张图片均已存在，全部跳过。
  - [提取] 读取原始元数据: metadata\step2\2019-06-01_260104559481494163.json
  - [生成] 写入内容信息文件: 2019-06-01_260104559481494163.json
  - 正在保存动态 259936926904084537 的步骤2元数据...
  - 所有 1 张图片均已存在，全部跳过。
  - [提取] 读取原始元数据: metadata\step2\2019-06-01_259936926904084537.json
  - [生成] 写入内容信息文件: 2019-06-01_259936926904084537.json
  - 正在保存动态 257543045276478787 的步骤2元数据...
  - 所有 1 张图片均已存在，全部跳过。
  - [提取] 读取原始元数据: metadata\step2\2019-05-26_257543045276478787.json
  - [生成] 写入内容信息文件: 2019-05-26_257543045276478787.json
  - 正在保存动态 255343403549339211 的步骤2元数据...
  - 所有 9 张图片均已存在，全部跳过。
  - [提取] 读取原始元数据: metadata\step2\2019-05-20_255343403549339211.json
  - [生成] 写入内容信息文件: 2019-05-20_255343403549339211.json
  - 正在保存动态 253631588495608889 的步骤2元数据...
  - 所有 6 张图片均已存在，全部跳过。
  - [提取] 读取原始元数据: metadata\step2\2019-05-15_253631588495608889.json
  - [生成] 写入内容信息文件: 2019-05-15_253631588495608889.json
  - 正在保存动态 252595663857005079 的步骤2元数据...
  - 所有 1 张图片均已存在，全部跳过。
  - [提取] 读取原始元数据: metadata\step2\2019-05-12_252595663857005079.json
  - [生成] 写入内容信息文件: 2019-05-12_252595663857005079.json
  - 正在保存动态 251830283509822128 的步骤2元数据...
  - 所有 1 张图片均已存在，全部跳过。
  - [提取] 读取原始元数据: metadata\step2\2019-05-10_251830283509822128.json
  - [生成] 写入内容信息文件: 2019-05-10_251830283509822128.json
  - 正在保存动态 251634699286818477 的步骤2元数据...
  - 所有 5 张图片均已存在，全部跳过。
  - [提取] 读取原始元数据: metadata\step2\2019-05-10_251634699286818477.json
  - [生成] 写入内容信息文件: 2019-05-10_251634699286818477.json
  - 正在保存动态 251401259222839983 的步骤2元数据...
  - 所有 1 张图片均已存在，全部跳过。
  - [提取] 读取原始元数据: metadata\step2\2019-05-09_251401259222839983.json
  - [生成] 写入内容信息文件: 2019-05-09_251401259222839983.json
  - 正在保存动态 250413975091270100 的步骤2元数据...
  - 所有 1 张图片均已存在，全部跳过。
  - [提取] 读取原始元数据: metadata\step2\2019-05-06_250413975091270100.json
  - [生成] 写入内容信息文件: 2019-05-06_250413975091270100.json
  - 正在保存动态 250070854449500384 的步骤2元数据...
  - 所有 1 张图片均已存在，全部跳过。
  - [提取] 读取原始元数据: metadata\step2\2019-05-05_250070854449500384.json
  - [生成] 写入内容信息文件: 2019-05-05_250070854449500384.json

>>>>>>>>> 完成用户 '病院坂saki_4096581' 的处理，总耗时: 0h 15m 46.48s <<<<<<<<<
  - 本次处理动态数: 293
  - 成功下载图片数: 0
  - 下载失败图片数: 0
>>>>>>>>>>>>>>>>>>>>>>>>>>>>>>>>>>>>>>>>>>>>>>>>>>>>>>>>>>>>>>>>

所有任务已完成！
详细运行日志已保存到: c:\Computer\my_github\github_python\gallery-dl-assitance\gallery-dl-assistance\log\run_log_2025-12-14_02-30-47.log
处理摘要日志已保存到: c:\Computer\my_github\github_python\gallery-dl-assitance\gallery-dl-assistance\log\processing_time_log.json
