程序启动于: 2025-12-13_18-49-00
----------------------------------------
正在从 'config.py' 的 USERS_ID 列表读取用户 ID...

>>>>>>>>> 开始处理用户ID: 35117822 (https://space.bilibili.com/35117822/article) <<<<<<<<<

[步骤1] 使用 'ITERATIVE' 模式，正在准备迭代获取动态 URL...

[步骤2] 开始处理用户 35117822 的动态...

用户识别为: '好喜欢蜜桃四季春'
文件将保存至: C:\Base1.5-美女图片\bili\gallery-dl\bilibili_images\好喜欢蜜桃四季春
  - 步骤2元数据 '2025-12-10_1144737216847675413.json' 已存在，跳过保存。
  - 所有 2 张图片均已存在，全部跳过。
  - 正在从本地元数据 '2025-12-10_1144737216847675413.json' 中提取内容...
  - 正在创建最终内容JSON文件: 2025-12-10_1144737216847675413.json
  - 步骤2元数据 '2025-12-10_1144644471303962625.json' 已存在，跳过保存。
  - 所有 1 张图片均已存在，全部跳过。
  - 正在从本地元数据 '2025-12-10_1144644471303962625.json' 中提取内容...
  - 正在创建最终内容JSON文件: 2025-12-10_1144644471303962625.json
  - 步骤2元数据 '2025-09-15_1112875908149018626.json' 已存在，跳过保存。
  - 所有 1 张图片均已存在，全部跳过。
  - 正在从本地元数据 '2025-09-15_1112875908149018626.json' 中提取内容...
  - 正在创建最终内容JSON文件: 2025-09-15_1112875908149018626.json
  - 步骤2元数据 '2025-08-09_1099122847368871975.json' 已存在，跳过保存。
  - 正在从本地元数据 '2025-08-09_1099122847368871975.json' 中提取内容...
  - 正在创建最终内容JSON文件: 2025-08-09_1099122847368871975.json
  - 步骤2元数据 '2025-07-02_1085007085167443990.json' 已存在，跳过保存。
  - 所有 1 张图片均已存在，全部跳过。
  - 正在从本地元数据 '2025-07-02_1085007085167443990.json' 中提取内容...
  - 正在创建最终内容JSON文件: 2025-07-02_1085007085167443990.json
  - 步骤2元数据 '2025-06-07_1075409624276926471.json' 已存在，跳过保存。
  - 所有 1 张图片均已存在，全部跳过。
  - 正在从本地元数据 '2025-06-07_1075409624276926471.json' 中提取内容...
  - 正在创建最终内容JSON文件: 2025-06-07_1075409624276926471.json
  - 步骤2元数据 '2025-06-03_1074260862235050000.json' 已存在，跳过保存。
  - 所有 1 张图片均已存在，全部跳过。
  - 正在从本地元数据 '2025-06-03_1074260862235050000.json' 中提取内容...
  - 正在创建最终内容JSON文件: 2025-06-03_1074260862235050000.json
  - 步骤2元数据 '2025-05-11_1065701692489596937.json' 已存在，跳过保存。
  - 所有 1 张图片均已存在，全部跳过。
  - 正在从本地元数据 '2025-05-11_1065701692489596937.json' 中提取内容...
  - 正在创建最终内容JSON文件: 2025-05-11_1065701692489596937.json
  - 步骤2元数据 '2025-05-06_1063892467608190981.json' 已存在，跳过保存。
  - 所有 1 张图片均已存在，全部跳过。
  - 正在从本地元数据 '2025-05-06_1063892467608190981.json' 中提取内容...
  - 正在创建最终内容JSON文件: 2025-05-06_1063892467608190981.json
  - 步骤2元数据 '2025-04-16_1056433024242024454.json' 已存在，跳过保存。
  - 所有 2 张图片均已存在，全部跳过。
  - 正在从本地元数据 '2025-04-16_1056433024242024454.json' 中提取内容...
  - 正在创建最终内容JSON文件: 2025-04-16_1056433024242024454.json
  - 步骤2元数据 '2025-03-07_1041274345193734150.json' 已存在，跳过保存。
  - 所有 4 张图片均已存在，全部跳过。
  - 正在从本地元数据 '2025-03-07_1041274345193734150.json' 中提取内容...
  - 正在创建最终内容JSON文件: 2025-03-07_1041274345193734150.json
  - 步骤2元数据 '2025-03-01_1039407799663067158.json' 已存在，跳过保存。
  - 所有 2 张图片均已存在，全部跳过。
  - 正在从本地元数据 '2025-03-01_1039407799663067158.json' 中提取内容...
  - 正在创建最终内容JSON文件: 2025-03-01_1039407799663067158.json
  - 步骤2元数据 '2024-11-12_998628768780124162.json' 已存在，跳过保存。
  - 所有 12 张图片均已存在，全部跳过。
  - 正在从本地元数据 '2024-11-12_998628768780124162.json' 中提取内容...
  - 正在创建最终内容JSON文件: 2024-11-12_998628768780124162.json
  - 步骤2元数据 '2024-10-27_992884756808990741.json' 已存在，跳过保存。
  - 所有 2 张图片均已存在，全部跳过。
  - 正在从本地元数据 '2024-10-27_992884756808990741.json' 中提取内容...
  - 正在创建最终内容JSON文件: 2024-10-27_992884756808990741.json
  - 步骤2元数据 '2024-09-23_980405853926457347.json' 已存在，跳过保存。
  - 所有 4 张图片均已存在，全部跳过。
  - 正在从本地元数据 '2024-09-23_980405853926457347.json' 中提取内容...
  - 正在创建最终内容JSON文件: 2024-09-23_980405853926457347.json
  - 步骤2元数据 '2024-08-15_965583131728936966.json' 已存在，跳过保存。
  - 所有 4 张图片均已存在，全部跳过。
  - 正在从本地元数据 '2024-08-15_965583131728936966.json' 中提取内容...
  - 正在创建最终内容JSON文件: 2024-08-15_965583131728936966.json
  - 步骤2元数据 '2024-07-23_957063892091011074.json' 已存在，跳过保存。
  - 所有 9 张图片均已存在，全部跳过。
  - 正在从本地元数据 '2024-07-23_957063892091011074.json' 中提取内容...
  - 正在创建最终内容JSON文件: 2024-07-23_957063892091011074.json
  - 步骤2元数据 '2024-07-11_952850898518802469.json' 已存在，跳过保存。
  - 所有 9 张图片均已存在，全部跳过。
  - 正在从本地元数据 '2024-07-11_952850898518802469.json' 中提取内容...
  - 正在创建最终内容JSON文件: 2024-07-11_952850898518802469.json
  - 步骤2元数据 '2024-05-20_933621290529456133.json' 已存在，跳过保存。
  - 所有 2 张图片均已存在，全部跳过。
  - 正在从本地元数据 '2024-05-20_933621290529456133.json' 中提取内容...
  - 正在创建最终内容JSON文件: 2024-05-20_933621290529456133.json
  - 步骤2元数据 '2021-08-25_562786087536824211.json' 已存在，跳过保存。
  - 所有 5 张图片均已存在，全部跳过。
  - 正在从本地元数据 '2021-08-25_562786087536824211.json' 中提取内容...
  - 正在创建最终内容JSON文件: 2021-08-25_562786087536824211.json
  - 步骤2元数据 '2021-08-25_562785774006306547.json' 已存在，跳过保存。
  - 所有 9 张图片均已存在，全部跳过。
  - 正在从本地元数据 '2021-08-25_562785774006306547.json' 中提取内容...
  - 正在创建最终内容JSON文件: 2021-08-25_562785774006306547.json

>>>>>>>>> 完成用户 '好喜欢蜜桃四季春' 的处理，总耗时: 0h 0m 14.55s <<<<<<<<<
  - 本次处理动态数: 21
  - 成功下载图片数: 0
  - 下载失败图片数: 0
>>>>>>>>>>>>>>>>>>>>>>>>>>>>>>>>>>>>>>>>>>>>>>>>>>>>>>>>>>>>>>>>

>>>>>>>>> 开始处理用户ID: 10982073 (https://space.bilibili.com/10982073/article) <<<<<<<<<

[步骤1] 使用 'ITERATIVE' 模式，正在准备迭代获取动态 URL...

  - 检测到 'undownloaded.json'，正在尝试重新下载 明前奶粉罐 的失败项目...
  -  正在下载用户 明前奶粉罐 图片: 2024-06-16_943593796613963785_1.png
  - 下载失败 (状态码 Unknown): 404 Client Error: Not Found for url: http://i0.hdslb.com/bfs/new_dyn/56b6384f1edcac67c2100cf79421925e10982073.png
  - 5秒后重试... (尝试 2/3)
  - 下载失败 (状态码 Unknown): 404 Client Error: Not Found for url: http://i0.hdslb.com/bfs/new_dyn/56b6384f1edcac67c2100cf79421925e10982073.png
  - 5秒后重试... (尝试 3/3)
  - 下载失败 (状态码 Unknown): 404 Client Error: Not Found for url: http://i0.hdslb.com/bfs/new_dyn/56b6384f1edcac67c2100cf79421925e10982073.png
  - 所有重试均失败，跳过此图片。
  -  正在下载用户 明前奶粉罐 图片: 2024-06-16_943593796613963785_2.jpg
  - 下载失败 (状态码 Unknown): 404 Client Error: Not Found for url: http://i0.hdslb.com/bfs/new_dyn/c74201ee011891f3cc8c8ad1c4077f1810982073.jpg
  - 5秒后重试... (尝试 2/3)
  - 下载失败 (状态码 Unknown): 404 Client Error: Not Found for url: http://i0.hdslb.com/bfs/new_dyn/c74201ee011891f3cc8c8ad1c4077f1810982073.jpg
  - 5秒后重试... (尝试 3/3)
  - 下载失败 (状态码 Unknown): 404 Client Error: Not Found for url: http://i0.hdslb.com/bfs/new_dyn/c74201ee011891f3cc8c8ad1c4077f1810982073.jpg
  - 所有重试均失败，跳过此图片。
  - 重试完成: 0 个成功, 2 个失败。

[步骤2] 开始处理用户 10982073 的动态...

用户识别为: '明前奶粉罐'
文件将保存至: C:\Base1.5-美女图片\bili\gallery-dl\bilibili_images\明前奶粉罐
  - 步骤2元数据 '2025-12-02_1141756677043781635.json' 已存在，跳过保存。
  - 所有 3 张图片均已存在，全部跳过。
  - 正在从本地元数据 '2025-12-02_1141756677043781635.json' 中提取内容...
  - 正在创建最终内容JSON文件: 2025-12-02_1141756677043781635.json
  - 步骤2元数据 '2025-10-05_1120106172103262216.json' 已存在，跳过保存。
  - 所有 2 张图片均已存在，全部跳过。
  - 正在从本地元数据 '2025-10-05_1120106172103262216.json' 中提取内容...
  - 正在创建最终内容JSON文件: 2025-10-05_1120106172103262216.json
  - 步骤2元数据 '2025-07-31_1095651358459035656.json' 已存在，跳过保存。
  - 所有 2 张图片均已存在，全部跳过。
  - 正在从本地元数据 '2025-07-31_1095651358459035656.json' 中提取内容...
  - 正在创建最终内容JSON文件: 2025-07-31_1095651358459035656.json
  - 步骤2元数据 '2025-07-19_1091149085976559655.json' 已存在，跳过保存。
  - 所有 3 张图片均已存在，全部跳过。
  - 正在从本地元数据 '2025-07-19_1091149085976559655.json' 中提取内容...
  - 正在创建最终内容JSON文件: 2025-07-19_1091149085976559655.json
  - 步骤2元数据 '2025-07-15_1089830316251545606.json' 已存在，跳过保存。
  - 所有 6 张图片均已存在，全部跳过。
  - 正在从本地元数据 '2025-07-15_1089830316251545606.json' 中提取内容...
  - 正在创建最终内容JSON文件: 2025-07-15_1089830316251545606.json
  - 步骤2元数据 '2025-06-28_1083488552248934405.json' 已存在，跳过保存。
  - 所有 1 张图片均已存在，全部跳过。
  - 正在从本地元数据 '2025-06-28_1083488552248934405.json' 中提取内容...
  - 正在创建最终内容JSON文件: 2025-06-28_1083488552248934405.json
  - 步骤2元数据 '2025-05-28_1071990082954592265.json' 已存在，跳过保存。
  - 所有 3 张图片均已存在，全部跳过。
  - 正在从本地元数据 '2025-05-28_1071990082954592265.json' 中提取内容...
  - 正在创建最终内容JSON文件: 2025-05-28_1071990082954592265.json
  - 步骤2元数据 '2025-05-01_1061930354708840487.json' 已存在，跳过保存。
  - 所有 1 张图片均已存在，全部跳过。
  - 正在从本地元数据 '2025-05-01_1061930354708840487.json' 中提取内容...
  - 正在创建最终内容JSON文件: 2025-05-01_1061930354708840487.json
  - 步骤2元数据 '2025-04-27_1060493902939684889.json' 已存在，跳过保存。
  - 所有 2 张图片均已存在，全部跳过。
  - 正在从本地元数据 '2025-04-27_1060493902939684889.json' 中提取内容...
  - 正在创建最终内容JSON文件: 2025-04-27_1060493902939684889.json
  - 步骤2元数据 '2025-04-02_1051255595759304706.json' 已存在，跳过保存。
  - 所有 1 张图片均已存在，全部跳过。
  - 正在从本地元数据 '2025-04-02_1051255595759304706.json' 中提取内容...
  - 正在创建最终内容JSON文件: 2025-04-02_1051255595759304706.json
  - 步骤2元数据 '2025-03-30_1049994872540364806.json' 已存在，跳过保存。
  - 所有 2 张图片均已存在，全部跳过。
  - 正在从本地元数据 '2025-03-30_1049994872540364806.json' 中提取内容...
  - 正在创建最终内容JSON文件: 2025-03-30_1049994872540364806.json
  - 步骤2元数据 '2025-03-04_1040339330800812035.json' 已存在，跳过保存。
  - 所有 3 张图片均已存在，全部跳过。
  - 正在从本地元数据 '2025-03-04_1040339330800812035.json' 中提取内容...
  - 正在创建最终内容JSON文件: 2025-03-04_1040339330800812035.json
  - 步骤2元数据 '2025-01-28_1027506316426346505.json' 已存在，跳过保存。
  - 所有 1 张图片均已存在，全部跳过。
  - 正在从本地元数据 '2025-01-28_1027506316426346505.json' 中提取内容...
  - 正在创建最终内容JSON文件: 2025-01-28_1027506316426346505.json
  - 步骤2元数据 '2025-01-12_1021425042119983107.json' 已存在，跳过保存。
  - 所有 1 张图片均已存在，全部跳过。
  - 正在从本地元数据 '2025-01-12_1021425042119983107.json' 中提取内容...
  - 正在创建最终内容JSON文件: 2025-01-12_1021425042119983107.json
  - 步骤2元数据 '2025-01-05_1018921656040554516.json' 已存在，跳过保存。
  - 所有 4 张图片均已存在，全部跳过。
  - 正在从本地元数据 '2025-01-05_1018921656040554516.json' 中提取内容...
  - 正在创建最终内容JSON文件: 2025-01-05_1018921656040554516.json
  - 步骤2元数据 '2024-11-14_999357388509151240.json' 已存在，跳过保存。
  - 所有 2 张图片均已存在，全部跳过。
  - 正在从本地元数据 '2024-11-14_999357388509151240.json' 中提取内容...
  - 正在创建最终内容JSON文件: 2024-11-14_999357388509151240.json
  - 步骤2元数据 '2024-11-01_994748003820503041.json' 已存在，跳过保存。
  - 所有 1 张图片均已存在，全部跳过。
  - 正在从本地元数据 '2024-11-01_994748003820503041.json' 中提取内容...
  - 正在创建最终内容JSON文件: 2024-11-01_994748003820503041.json
  - 步骤2元数据 '2024-10-27_992836507158970404.json' 已存在，跳过保存。
  - 所有 3 张图片均已存在，全部跳过。
  - 正在从本地元数据 '2024-10-27_992836507158970404.json' 中提取内容...
  - 正在创建最终内容JSON文件: 2024-10-27_992836507158970404.json
  - 步骤2元数据 '2024-10-26_992647283803684900.json' 已存在，跳过保存。
  - 所有 4 张图片均已存在，全部跳过。
  - 正在从本地元数据 '2024-10-26_992647283803684900.json' 中提取内容...
  - 正在创建最终内容JSON文件: 2024-10-26_992647283803684900.json
  - 步骤2元数据 '2024-10-17_989226123304894487.json' 已存在，跳过保存。
  - 所有 3 张图片均已存在，全部跳过。
  - 正在从本地元数据 '2024-10-17_989226123304894487.json' 中提取内容...
  - 正在创建最终内容JSON文件: 2024-10-17_989226123304894487.json
  - 步骤2元数据 '2024-10-14_988134681887113252.json' 已存在，跳过保存。
  - 所有 3 张图片均已存在，全部跳过。
  - 正在从本地元数据 '2024-10-14_988134681887113252.json' 中提取内容...
  - 正在创建最终内容JSON文件: 2024-10-14_988134681887113252.json
  - 步骤2元数据 '2024-09-30_982829272019238916.json' 已存在，跳过保存。
  - 所有 2 张图片均已存在，全部跳过。
  - 正在从本地元数据 '2024-09-30_982829272019238916.json' 中提取内容...
  - 正在创建最终内容JSON文件: 2024-09-30_982829272019238916.json
  - 步骤2元数据 '2024-08-28_970691879136919574.json' 已存在，跳过保存。
  - 所有 4 张图片均已存在，全部跳过。
  - 正在从本地元数据 '2024-08-28_970691879136919574.json' 中提取内容...
  - 正在创建最终内容JSON文件: 2024-08-28_970691879136919574.json
  - 步骤2元数据 '2024-08-03_961469261521354761.json' 已存在，跳过保存。
  - 所有 5 张图片均已存在，全部跳过。
  - 正在从本地元数据 '2024-08-03_961469261521354761.json' 中提取内容...
  - 正在创建最终内容JSON文件: 2024-08-03_961469261521354761.json
  - 步骤2元数据 '2024-07-27_958760627487113218.json' 已存在，跳过保存。
  - 所有 2 张图片均已存在，全部跳过。
  - 正在从本地元数据 '2024-07-27_958760627487113218.json' 中提取内容...
  - 正在创建最终内容JSON文件: 2024-07-27_958760627487113218.json
  - 步骤2元数据 '2024-07-14_954039676746858518.json' 已存在，跳过保存。
  - 所有 1 张图片均已存在，全部跳过。
  - 正在从本地元数据 '2024-07-14_954039676746858518.json' 中提取内容...
  - 正在创建最终内容JSON文件: 2024-07-14_954039676746858518.json
  - 步骤2元数据 '2024-07-06_950968672047857683.json' 已存在，跳过保存。
  - 所有 3 张图片均已存在，全部跳过。
  - 正在从本地元数据 '2024-07-06_950968672047857683.json' 中提取内容...
  - 正在创建最终内容JSON文件: 2024-07-06_950968672047857683.json
  - 步骤2元数据 '2024-06-29_948338623053299713.json' 已存在，跳过保存。
  - 所有 2 张图片均已存在，全部跳过。
  - 正在从本地元数据 '2024-06-29_948338623053299713.json' 中提取内容...
  - 正在创建最终内容JSON文件: 2024-06-29_948338623053299713.json
  - 步骤2元数据 '2024-06-16_943593796613963785.json' 已存在，跳过保存。
  -  正在下载用户 明前奶粉罐 图片: 2024-06-16_943593796613963785_1.png
  - 下载失败 (状态码 Unknown): 404 Client Error: Not Found for url: http://i0.hdslb.com/bfs/new_dyn/56b6384f1edcac67c2100cf79421925e10982073.png
  - 5秒后重试... (尝试 2/3)
  - 下载失败 (状态码 Unknown): 404 Client Error: Not Found for url: http://i0.hdslb.com/bfs/new_dyn/56b6384f1edcac67c2100cf79421925e10982073.png
  - 5秒后重试... (尝试 3/3)
  - 下载失败 (状态码 Unknown): 404 Client Error: Not Found for url: http://i0.hdslb.com/bfs/new_dyn/56b6384f1edcac67c2100cf79421925e10982073.png
  - 所有重试均失败，跳过此图片。
  -  正在下载用户 明前奶粉罐 图片: 2024-06-16_943593796613963785_2.jpg
  - 下载失败 (状态码 Unknown): 404 Client Error: Not Found for url: http://i0.hdslb.com/bfs/new_dyn/c74201ee011891f3cc8c8ad1c4077f1810982073.jpg
  - 5秒后重试... (尝试 2/3)
  - 下载失败 (状态码 Unknown): 404 Client Error: Not Found for url: http://i0.hdslb.com/bfs/new_dyn/c74201ee011891f3cc8c8ad1c4077f1810982073.jpg
  - 5秒后重试... (尝试 3/3)
  - 下载失败 (状态码 Unknown): 404 Client Error: Not Found for url: http://i0.hdslb.com/bfs/new_dyn/c74201ee011891f3cc8c8ad1c4077f1810982073.jpg
  - 所有重试均失败，跳过此图片。
  - 正在从本地元数据 '2024-06-16_943593796613963785.json' 中提取内容...
  - 正在创建最终内容JSON文件: 2024-06-16_943593796613963785.json
  - 步骤2元数据 '2024-05-31_937644489479028738.json' 已存在，跳过保存。
  - 所有 2 张图片均已存在，全部跳过。
  - 正在从本地元数据 '2024-05-31_937644489479028738.json' 中提取内容...
  - 正在创建最终内容JSON文件: 2024-05-31_937644489479028738.json
  - 步骤2元数据 '2024-05-29_936885315393552392.json' 已存在，跳过保存。
  - 所有 2 张图片均已存在，全部跳过。
  - 正在从本地元数据 '2024-05-29_936885315393552392.json' 中提取内容...
  - 正在创建最终内容JSON文件: 2024-05-29_936885315393552392.json
  - 步骤2元数据 '2024-04-29_925727540092338192.json' 已存在，跳过保存。
  - 所有 1 张图片均已存在，全部跳过。
  - 正在从本地元数据 '2024-04-29_925727540092338192.json' 中提取内容...
  - 正在创建最终内容JSON文件: 2024-04-29_925727540092338192.json
  - 步骤2元数据 '2024-02-15_898376647199162374.json' 已存在，跳过保存。
  - 所有 2 张图片均已存在，全部跳过。
  - 正在从本地元数据 '2024-02-15_898376647199162374.json' 中提取内容...
  - 正在创建最终内容JSON文件: 2024-02-15_898376647199162374.json
  - 步骤2元数据 '2024-02-05_894502032616980483.json' 已存在，跳过保存。
  - 所有 8 张图片均已存在，全部跳过。
  - 正在从本地元数据 '2024-02-05_894502032616980483.json' 中提取内容...
  - 正在创建最终内容JSON文件: 2024-02-05_894502032616980483.json
  - 步骤2元数据 '2024-01-21_889084979369213976.json' 已存在，跳过保存。
  - 所有 1 张图片均已存在，全部跳过。
  - 正在从本地元数据 '2024-01-21_889084979369213976.json' 中提取内容...
  - 正在创建最终内容JSON文件: 2024-01-21_889084979369213976.json

  - 将 2 个未下载的图片信息保存到 'undownloaded.json'...

>>>>>>>>> 完成用户 '明前奶粉罐' 的处理，总耗时: 0h 1m 15.81s <<<<<<<<<
  - 本次处理动态数: 35
  - 成功下载图片数: 0
  - 下载失败图片数: 4
>>>>>>>>>>>>>>>>>>>>>>>>>>>>>>>>>>>>>>>>>>>>>>>>>>>>>>>>>>>>>>>>

>>>>>>>>> 开始处理用户ID: 560647 (https://space.bilibili.com/560647/article) <<<<<<<<<

[步骤1] 使用 'ITERATIVE' 模式，正在准备迭代获取动态 URL...

[步骤2] 开始处理用户 560647 的动态...

用户识别为: '坂坂白'
文件将保存至: C:\Base1.5-美女图片\bili\gallery-dl\bilibili_images\坂坂白
  - 步骤2元数据 '2025-11-28_1140207860308770824.json' 已存在，跳过保存。
  - 所有 3 张图片均已存在，全部跳过。
  - 正在从本地元数据 '2025-11-28_1140207860308770824.json' 中提取内容...
  - 正在创建最终内容JSON文件: 2025-11-28_1140207860308770824.json
  - 步骤2元数据 '2025-11-26_1139480189732913170.json' 已存在，跳过保存。
  - [Live Photo] 发现实况视频 (P1)，正在下载...
  -  正在下载用户 坂坂白 图片: 2025-11-26_1139480189732913170_1.mp4
  - [Live Photo] 发现实况视频 (P2)，正在下载...
  -  正在下载用户 坂坂白 图片: 2025-11-26_1139480189732913170_2.mp4
  - [Live Photo] 发现实况视频 (P3)，正在下载...
  -  正在下载用户 坂坂白 图片: 2025-11-26_1139480189732913170_3.mp4
  - [Live Photo] 发现实况视频 (P4)，正在下载...
  -  正在下载用户 坂坂白 图片: 2025-11-26_1139480189732913170_4.mp4
  - 所有 4 张图片均已存在，全部跳过。
  - 正在从本地元数据 '2025-11-26_1139480189732913170.json' 中提取内容...
  - 正在创建最终内容JSON文件: 2025-11-26_1139480189732913170.json
  - 步骤2元数据 '2025-11-22_1137966591733923842.json' 已存在，跳过保存。
  - [Live Photo] 发现实况视频 (P1)，正在下载...
  -  正在下载用户 坂坂白 图片: 2025-11-22_1137966591733923842_1.mp4
  - [Live Photo] 发现实况视频 (P2)，正在下载...
  -  正在下载用户 坂坂白 图片: 2025-11-22_1137966591733923842_2.mp4
  - [Live Photo] 发现实况视频 (P3)，正在下载...
  -  正在下载用户 坂坂白 图片: 2025-11-22_1137966591733923842_3.mp4
  - [Live Photo] 发现实况视频 (P4)，正在下载...
  -  正在下载用户 坂坂白 图片: 2025-11-22_1137966591733923842_4.mp4
  - [Live Photo] 发现实况视频 (P5)，正在下载...
  -  正在下载用户 坂坂白 图片: 2025-11-22_1137966591733923842_5.mp4
  - 所有 6 张图片均已存在，全部跳过。
  - 正在从本地元数据 '2025-11-22_1137966591733923842.json' 中提取内容...
  - 正在创建最终内容JSON文件: 2025-11-22_1137966591733923842.json
  - 步骤2元数据 '2025-11-19_1136851850121707544.json' 已存在，跳过保存。
  - [Live Photo] 发现实况视频 (P1)，正在下载...
  -  正在下载用户 坂坂白 图片: 2025-11-19_1136851850121707544_1.mp4
  - 所有 1 张图片均已存在，全部跳过。
  - 正在从本地元数据 '2025-11-19_1136851850121707544.json' 中提取内容...
  - 正在创建最终内容JSON文件: 2025-11-19_1136851850121707544.json
  - 步骤2元数据 '2025-11-15_1135330074513375273.json' 已存在，跳过保存。
  - 所有 1 张图片均已存在，全部跳过。
  - 正在从本地元数据 '2025-11-15_1135330074513375273.json' 中提取内容...
  - 正在创建最终内容JSON文件: 2025-11-15_1135330074513375273.json
  - 步骤2元数据 '2025-11-14_1134995213101563911.json' 已存在，跳过保存。
  - 所有 1 张图片均已存在，全部跳过。
  - 正在从本地元数据 '2025-11-14_1134995213101563911.json' 中提取内容...
  - 正在创建最终内容JSON文件: 2025-11-14_1134995213101563911.json
  - 步骤2元数据 '2025-11-08_1132885967554740233.json' 已存在，跳过保存。
  - 所有 1 张图片均已存在，全部跳过。
  - 正在从本地元数据 '2025-11-08_1132885967554740233.json' 中提取内容...
  - 正在创建最终内容JSON文件: 2025-11-08_1132885967554740233.json
  - 步骤2元数据 '2025-10-30_1129416557393346561.json' 已存在，跳过保存。
  - 所有 1 张图片均已存在，全部跳过。
  - 正在从本地元数据 '2025-10-30_1129416557393346561.json' 中提取内容...
  - 正在创建最终内容JSON文件: 2025-10-30_1129416557393346561.json
  - 步骤2元数据 '2025-10-26_1127948009290596375.json' 已存在，跳过保存。
  - 所有 1 张图片均已存在，全部跳过。
  - 正在从本地元数据 '2025-10-26_1127948009290596375.json' 中提取内容...
  - 正在创建最终内容JSON文件: 2025-10-26_1127948009290596375.json
  - 步骤2元数据 '2025-10-25_1127659284373438481.json' 已存在，跳过保存。
  - 所有 2 张图片均已存在，全部跳过。
  - 正在从本地元数据 '2025-10-25_1127659284373438481.json' 中提取内容...
  - 正在创建最终内容JSON文件: 2025-10-25_1127659284373438481.json
  - 步骤2元数据 '2025-10-25_1127519418780221461.json' 已存在，跳过保存。
  - 所有 1 张图片均已存在，全部跳过。
  - 正在从本地元数据 '2025-10-25_1127519418780221461.json' 中提取内容...
  - 正在创建最终内容JSON文件: 2025-10-25_1127519418780221461.json
  - 步骤2元数据 '2025-10-08_1121297888087900178.json' 已存在，跳过保存。
  - [Live Photo] 发现实况视频 (P2)，正在下载...
  -  正在下载用户 坂坂白 图片: 2025-10-08_1121297888087900178_2.mp4
  - 所有 2 张图片均已存在，全部跳过。
  - 正在从本地元数据 '2025-10-08_1121297888087900178.json' 中提取内容...
  - 正在创建最终内容JSON文件: 2025-10-08_1121297888087900178.json
  - 步骤2元数据 '2025-10-07_1120930518027730949.json' 已存在，跳过保存。
  - 所有 1 张图片均已存在，全部跳过。
  - 正在从本地元数据 '2025-10-07_1120930518027730949.json' 中提取内容...
  - 正在创建最终内容JSON文件: 2025-10-07_1120930518027730949.json
  - 步骤2元数据 '2025-10-06_1120567172376035346.json' 已存在，跳过保存。
  - 所有 2 张图片均已存在，全部跳过。
  - 正在从本地元数据 '2025-10-06_1120567172376035346.json' 中提取内容...
  - 正在创建最终内容JSON文件: 2025-10-06_1120567172376035346.json
  - 步骤2元数据 '2025-10-05_1120118270991532049.json' 已存在，跳过保存。
  - 正在从本地元数据 '2025-10-05_1120118270991532049.json' 中提取内容...
  - 正在创建最终内容JSON文件: 2025-10-05_1120118270991532049.json
  - 步骤2元数据 '2025-10-02_1119090584131207176.json' 已存在，跳过保存。
  - 所有 1 张图片均已存在，全部跳过。
  - 正在从本地元数据 '2025-10-02_1119090584131207176.json' 中提取内容...
  - 正在创建最终内容JSON文件: 2025-10-02_1119090584131207176.json
  - 步骤2元数据 '2025-10-01_1118627049803612162.json' 已存在，跳过保存。
  - 所有 1 张图片均已存在，全部跳过。
  - 正在从本地元数据 '2025-10-01_1118627049803612162.json' 中提取内容...
  - 正在创建最终内容JSON文件: 2025-10-01_1118627049803612162.json
  - 步骤2元数据 '2025-09-12_1111642861693042690.json' 已存在，跳过保存。
  - 所有 1 张图片均已存在，全部跳过。
  - 正在从本地元数据 '2025-09-12_1111642861693042690.json' 中提取内容...
  - 正在创建最终内容JSON文件: 2025-09-12_1111642861693042690.json
  - 步骤2元数据 '2025-09-08_1110185227140988930.json' 已存在，跳过保存。
  - 所有 2 张图片均已存在，全部跳过。
  - 正在从本地元数据 '2025-09-08_1110185227140988930.json' 中提取内容...
  - 正在创建最终内容JSON文件: 2025-09-08_1110185227140988930.json
  - 步骤2元数据 '2025-09-02_1107957930105241609.json' 已存在，跳过保存。
  - 所有 1 张图片均已存在，全部跳过。
  - 正在从本地元数据 '2025-09-02_1107957930105241609.json' 中提取内容...
  - 正在创建最终内容JSON文件: 2025-09-02_1107957930105241609.json
  - 步骤2元数据 '2025-08-29_1106441183891030032.json' 已存在，跳过保存。
  - 所有 1 张图片均已存在，全部跳过。
  - 正在从本地元数据 '2025-08-29_1106441183891030032.json' 中提取内容...
  - 正在创建最终内容JSON文件: 2025-08-29_1106441183891030032.json
  - 步骤2元数据 '2025-08-25_1104931262372511767.json' 已存在，跳过保存。
  - 所有 1 张图片均已存在，全部跳过。
  - 正在从本地元数据 '2025-08-25_1104931262372511767.json' 中提取内容...
  - 正在创建最终内容JSON文件: 2025-08-25_1104931262372511767.json
  - 步骤2元数据 '2025-08-22_1103877848602509361.json' 已存在，跳过保存。
  - 所有 1 张图片均已存在，全部跳过。
  - 正在从本地元数据 '2025-08-22_1103877848602509361.json' 中提取内容...
  - 正在创建最终内容JSON文件: 2025-08-22_1103877848602509361.json
  - 步骤2元数据 '2025-08-20_1103222479538618388.json' 已存在，跳过保存。
  - 所有 1 张图片均已存在，全部跳过。
  - 正在从本地元数据 '2025-08-20_1103222479538618388.json' 中提取内容...
  - 正在创建最终内容JSON文件: 2025-08-20_1103222479538618388.json
  - 步骤2元数据 '2025-08-18_1102438811207467008.json' 已存在，跳过保存。
  - 所有 1 张图片均已存在，全部跳过。
  - 正在从本地元数据 '2025-08-18_1102438811207467008.json' 中提取内容...
  - 正在创建最终内容JSON文件: 2025-08-18_1102438811207467008.json
  - 步骤2元数据 '2025-08-18_1102293748683898898.json' 已存在，跳过保存。
  - 所有 1 张图片均已存在，全部跳过。
  - 正在从本地元数据 '2025-08-18_1102293748683898898.json' 中提取内容...
  - 正在创建最终内容JSON文件: 2025-08-18_1102293748683898898.json
  - 步骤2元数据 '2025-08-14_1100926909742579763.json' 已存在，跳过保存。
  - 所有 6 张图片均已存在，全部跳过。
  - 正在从本地元数据 '2025-08-14_1100926909742579763.json' 中提取内容...
  - 正在创建最终内容JSON文件: 2025-08-14_1100926909742579763.json
  - 步骤2元数据 '2025-08-12_1100135854061387778.json' 已存在，跳过保存。
  - 所有 3 张图片均已存在，全部跳过。
  - 正在从本地元数据 '2025-08-12_1100135854061387778.json' 中提取内容...
  - 正在创建最终内容JSON文件: 2025-08-12_1100135854061387778.json
  - 步骤2元数据 '2025-08-10_1099461793321844736.json' 已存在，跳过保存。
  - 所有 1 张图片均已存在，全部跳过。
  - 正在从本地元数据 '2025-08-10_1099461793321844736.json' 中提取内容...
  - 正在创建最终内容JSON文件: 2025-08-10_1099461793321844736.json
  - 步骤2元数据 '2025-08-10_1099327528305164293.json' 已存在，跳过保存。
  - 所有 1 张图片均已存在，全部跳过。
  - 正在从本地元数据 '2025-08-10_1099327528305164293.json' 中提取内容...
  - 正在创建最终内容JSON文件: 2025-08-10_1099327528305164293.json
  - 步骤2元数据 '2025-08-09_1099064105121087492.json' 已存在，跳过保存。
  - 所有 1 张图片均已存在，全部跳过。
  - 正在从本地元数据 '2025-08-09_1099064105121087492.json' 中提取内容...
  - 正在创建最终内容JSON文件: 2025-08-09_1099064105121087492.json
  - 步骤2元数据 '2025-08-08_1098637619132104712.json' 已存在，跳过保存。
  - 所有 1 张图片均已存在，全部跳过。
  - 正在从本地元数据 '2025-08-08_1098637619132104712.json' 中提取内容...
  - 正在创建最终内容JSON文件: 2025-08-08_1098637619132104712.json
  - 步骤2元数据 '2025-07-29_1095011086194704392.json' 已存在，跳过保存。
  - 所有 2 张图片均已存在，全部跳过。
  - 正在从本地元数据 '2025-07-29_1095011086194704392.json' 中提取内容...
  - 正在创建最终内容JSON文件: 2025-07-29_1095011086194704392.json
  - 步骤2元数据 '2025-07-23_1092681800895954962.json' 已存在，跳过保存。
  - 所有 1 张图片均已存在，全部跳过。
  - 正在从本地元数据 '2025-07-23_1092681800895954962.json' 中提取内容...
  - 正在创建最终内容JSON文件: 2025-07-23_1092681800895954962.json
  - 步骤2元数据 '2025-07-20_1091668476361179137.json' 已存在，跳过保存。
  - 所有 1 张图片均已存在，全部跳过。
  - 正在从本地元数据 '2025-07-20_1091668476361179137.json' 中提取内容...
  - 正在创建最终内容JSON文件: 2025-07-20_1091668476361179137.json
  - 步骤2元数据 '2025-07-20_1091540739731488793.json' 已存在，跳过保存。
  - 所有 1 张图片均已存在，全部跳过。
  - 正在从本地元数据 '2025-07-20_1091540739731488793.json' 中提取内容...
  - 正在创建最终内容JSON文件: 2025-07-20_1091540739731488793.json
  - 步骤2元数据 '2025-07-14_1089444039800913937.json' 已存在，跳过保存。
  - 所有 3 张图片均已存在，全部跳过。
  - 正在从本地元数据 '2025-07-14_1089444039800913937.json' 中提取内容...
  - 正在创建最终内容JSON文件: 2025-07-14_1089444039800913937.json
  - 步骤2元数据 '2025-07-13_1088906692129718293.json' 已存在，跳过保存。
  - 所有 1 张图片均已存在，全部跳过。
  - 正在从本地元数据 '2025-07-13_1088906692129718293.json' 中提取内容...
  - 正在创建最终内容JSON文件: 2025-07-13_1088906692129718293.json
  - 步骤2元数据 '2025-07-07_1086834121325412359.json' 已存在，跳过保存。
  - 所有 1 张图片均已存在，全部跳过。
  - 正在从本地元数据 '2025-07-07_1086834121325412359.json' 中提取内容...
  - 正在创建最终内容JSON文件: 2025-07-07_1086834121325412359.json
  - 步骤2元数据 '2025-07-04_1085724069822726149.json' 已存在，跳过保存。
  - 所有 3 张图片均已存在，全部跳过。
  - 正在从本地元数据 '2025-07-04_1085724069822726149.json' 中提取内容...
  - 正在创建最终内容JSON文件: 2025-07-04_1085724069822726149.json
  - 步骤2元数据 '2025-07-02_1084895115392057368.json' 已存在，跳过保存。
  - 正在从本地元数据 '2025-07-02_1084895115392057368.json' 中提取内容...
  - 正在创建最终内容JSON文件: 2025-07-02_1084895115392057368.json
  - 步骤2元数据 '2025-06-28_1083562816495943685.json' 已存在，跳过保存。
  - 所有 1 张图片均已存在，全部跳过。
  - 正在从本地元数据 '2025-06-28_1083562816495943685.json' 中提取内容...
  - 正在创建最终内容JSON文件: 2025-06-28_1083562816495943685.json
  - 步骤2元数据 '2025-06-19_1079875153273290759.json' 已存在，跳过保存。
  - 所有 1 张图片均已存在，全部跳过。
  - 正在从本地元数据 '2025-06-19_1079875153273290759.json' 中提取内容...
  - 正在创建最终内容JSON文件: 2025-06-19_1079875153273290759.json
  - 步骤2元数据 '2025-06-16_1079071049530736649.json' 已存在，跳过保存。
  - 所有 1 张图片均已存在，全部跳过。
  - 正在从本地元数据 '2025-06-16_1079071049530736649.json' 中提取内容...
  - 正在创建最终内容JSON文件: 2025-06-16_1079071049530736649.json
  - 步骤2元数据 '2025-06-15_1078653853552869385.json' 已存在，跳过保存。
  - 所有 1 张图片均已存在，全部跳过。
  - 正在从本地元数据 '2025-06-15_1078653853552869385.json' 中提取内容...
  - 正在创建最终内容JSON文件: 2025-06-15_1078653853552869385.json
  - 步骤2元数据 '2025-06-08_1075993275941257219.json' 已存在，跳过保存。
  - 所有 4 张图片均已存在，全部跳过。
  - 正在从本地元数据 '2025-06-08_1075993275941257219.json' 中提取内容...
  - 正在创建最终内容JSON文件: 2025-06-08_1075993275941257219.json
  - 步骤2元数据 '2025-06-06_1075219005013229570.json' 已存在，跳过保存。
  - 所有 1 张图片均已存在，全部跳过。
  - 正在从本地元数据 '2025-06-06_1075219005013229570.json' 中提取内容...
  - 正在创建最终内容JSON文件: 2025-06-06_1075219005013229570.json
  - 步骤2元数据 '2025-06-01_1073502409654796294.json' 已存在，跳过保存。
  - 所有 1 张图片均已存在，全部跳过。
  - 正在从本地元数据 '2025-06-01_1073502409654796294.json' 中提取内容...
  - 正在创建最终内容JSON文件: 2025-06-01_1073502409654796294.json
  - 步骤2元数据 '2025-05-27_1071542435722559489.json' 已存在，跳过保存。
  - 所有 2 张图片均已存在，全部跳过。
  - 正在从本地元数据 '2025-05-27_1071542435722559489.json' 中提取内容...
  - 正在创建最终内容JSON文件: 2025-05-27_1071542435722559489.json
  - 步骤2元数据 '2025-05-26_1071199190494740485.json' 已存在，跳过保存。
  - 正在从本地元数据 '2025-05-26_1071199190494740485.json' 中提取内容...
  - 正在创建最终内容JSON文件: 2025-05-26_1071199190494740485.json
  - 步骤2元数据 '2025-05-25_1070900746095951889.json' 已存在，跳过保存。
  - 所有 4 张图片均已存在，全部跳过。
  - 正在从本地元数据 '2025-05-25_1070900746095951889.json' 中提取内容...
  - 正在创建最终内容JSON文件: 2025-05-25_1070900746095951889.json
  - 步骤2元数据 '2025-05-24_1070517119621267475.json' 已存在，跳过保存。
  - 所有 1 张图片均已存在，全部跳过。
  - 正在从本地元数据 '2025-05-24_1070517119621267475.json' 中提取内容...
  - 正在创建最终内容JSON文件: 2025-05-24_1070517119621267475.json
  - 步骤2元数据 '2025-05-18_1068322056316125192.json' 已存在，跳过保存。
  - [Live Photo] 发现实况视频 (P2)，正在下载...
  -  正在下载用户 坂坂白 图片: 2025-05-18_1068322056316125192_2.mp4
  - [Live Photo] 发现实况视频 (P5)，正在下载...
  -  正在下载用户 坂坂白 图片: 2025-05-18_1068322056316125192_5.mp4
  - [Live Photo] 发现实况视频 (P9)，正在下载...
  -  正在下载用户 坂坂白 图片: 2025-05-18_1068322056316125192_9.mp4
  - 所有 9 张图片均已存在，全部跳过。
  - 正在从本地元数据 '2025-05-18_1068322056316125192.json' 中提取内容...
  - 正在创建最终内容JSON文件: 2025-05-18_1068322056316125192.json
  - 步骤2元数据 '2025-05-18_1068156115983794176.json' 已存在，跳过保存。
  - 所有 1 张图片均已存在，全部跳过。
  - 正在从本地元数据 '2025-05-18_1068156115983794176.json' 中提取内容...
  - 正在创建最终内容JSON文件: 2025-05-18_1068156115983794176.json
  - 步骤2元数据 '2025-05-16_1067531297022279680.json' 已存在，跳过保存。
  - 所有 2 张图片均已存在，全部跳过。
  - 正在从本地元数据 '2025-05-16_1067531297022279680.json' 中提取内容...
  - 正在创建最终内容JSON文件: 2025-05-16_1067531297022279680.json
  - 步骤2元数据 '2025-05-14_1066728812437307393.json' 已存在，跳过保存。
  - 所有 1 张图片均已存在，全部跳过。
  - 正在从本地元数据 '2025-05-14_1066728812437307393.json' 中提取内容...
  - 正在创建最终内容JSON文件: 2025-05-14_1066728812437307393.json
  - 步骤2元数据 '2025-05-13_1066401458655592449.json' 已存在，跳过保存。
  - 所有 1 张图片均已存在，全部跳过。
  - 正在从本地元数据 '2025-05-13_1066401458655592449.json' 中提取内容...
  - 正在创建最终内容JSON文件: 2025-05-13_1066401458655592449.json
  - 步骤2元数据 '2025-05-12_1066037713555161113.json' 已存在，跳过保存。
  - 所有 1 张图片均已存在，全部跳过。
  - 正在从本地元数据 '2025-05-12_1066037713555161113.json' 中提取内容...
  - 正在创建最终内容JSON文件: 2025-05-12_1066037713555161113.json
  - 步骤2元数据 '2025-05-03_1062764141037486119.json' 已存在，跳过保存。
  - 所有 1 张图片均已存在，全部跳过。
  - 正在从本地元数据 '2025-05-03_1062764141037486119.json' 中提取内容...
  - 正在创建最终内容JSON文件: 2025-05-03_1062764141037486119.json
  - 步骤2元数据 '2025-05-02_1062216897757446149.json' 已存在，跳过保存。
  - 所有 1 张图片均已存在，全部跳过。
  - 正在从本地元数据 '2025-05-02_1062216897757446149.json' 中提取内容...
  - 正在创建最终内容JSON文件: 2025-05-02_1062216897757446149.json
  - 步骤2元数据 '2025-04-23_1059016395496357897.json' 已存在，跳过保存。
  - 所有 4 张图片均已存在，全部跳过。
  - 正在从本地元数据 '2025-04-23_1059016395496357897.json' 中提取内容...
  - 正在创建最终内容JSON文件: 2025-04-23_1059016395496357897.json
  - 步骤2元数据 '2025-04-20_1057949229275676677.json' 已存在，跳过保存。
  - 所有 6 张图片均已存在，全部跳过。
  - 正在从本地元数据 '2025-04-20_1057949229275676677.json' 中提取内容...
  - 正在创建最终内容JSON文件: 2025-04-20_1057949229275676677.json
  - 步骤2元数据 '2025-04-19_1057550583326572577.json' 已存在，跳过保存。
  - 所有 2 张图片均已存在，全部跳过。
  - 正在从本地元数据 '2025-04-19_1057550583326572577.json' 中提取内容...
  - 正在创建最终内容JSON文件: 2025-04-19_1057550583326572577.json
  - 步骤2元数据 '2025-04-14_1055708304329670658.json' 已存在，跳过保存。
  - 所有 1 张图片均已存在，全部跳过。
  - 正在从本地元数据 '2025-04-14_1055708304329670658.json' 中提取内容...
  - 正在创建最终内容JSON文件: 2025-04-14_1055708304329670658.json
  - 步骤2元数据 '2025-04-13_1055333817560072196.json' 已存在，跳过保存。
  - 所有 1 张图片均已存在，全部跳过。
  - 正在从本地元数据 '2025-04-13_1055333817560072196.json' 中提取内容...
  - 正在创建最终内容JSON文件: 2025-04-13_1055333817560072196.json
  - 步骤2元数据 '2025-04-08_1053429205690220561.json' 已存在，跳过保存。
  - 所有 1 张图片均已存在，全部跳过。
  - 正在从本地元数据 '2025-04-08_1053429205690220561.json' 中提取内容...
  - 正在创建最终内容JSON文件: 2025-04-08_1053429205690220561.json
  - 步骤2元数据 '2025-04-05_1052325566624038921.json' 已存在，跳过保存。
  - 所有 2 张图片均已存在，全部跳过。
  - 正在从本地元数据 '2025-04-05_1052325566624038921.json' 中提取内容...
  - 正在创建最终内容JSON文件: 2025-04-05_1052325566624038921.json
  - 步骤2元数据 '2025-04-05_1052201845753118744.json' 已存在，跳过保存。
  - 所有 1 张图片均已存在，全部跳过。
  - 正在从本地元数据 '2025-04-05_1052201845753118744.json' 中提取内容...
  - 正在创建最终内容JSON文件: 2025-04-05_1052201845753118744.json
  - 步骤2元数据 '2025-04-04_1051827028302495750.json' 已存在，跳过保存。
  - 所有 1 张图片均已存在，全部跳过。
  - 正在从本地元数据 '2025-04-04_1051827028302495750.json' 中提取内容...
  - 正在创建最终内容JSON文件: 2025-04-04_1051827028302495750.json
  - 步骤2元数据 '2025-03-25_1048133811694469121.json' 已存在，跳过保存。
  - 所有 1 张图片均已存在，全部跳过。
  - 正在从本地元数据 '2025-03-25_1048133811694469121.json' 中提取内容...
  - 正在创建最终内容JSON文件: 2025-03-25_1048133811694469121.json
  - 步骤2元数据 '2025-03-23_1047425086224596993.json' 已存在，跳过保存。
  - 所有 1 张图片均已存在，全部跳过。
  - 正在从本地元数据 '2025-03-23_1047425086224596993.json' 中提取内容...
  - 正在创建最终内容JSON文件: 2025-03-23_1047425086224596993.json
  - 步骤2元数据 '2025-03-22_1047160894179508245.json' 已存在，跳过保存。
  - 所有 4 张图片均已存在，全部跳过。
  - 正在从本地元数据 '2025-03-22_1047160894179508245.json' 中提取内容...
  - 正在创建最终内容JSON文件: 2025-03-22_1047160894179508245.json
  - 步骤2元数据 '2025-03-22_1047003303288766472.json' 已存在，跳过保存。
  - 所有 1 张图片均已存在，全部跳过。
  - 正在从本地元数据 '2025-03-22_1047003303288766472.json' 中提取内容...
  - 正在创建最终内容JSON文件: 2025-03-22_1047003303288766472.json
  - 步骤2元数据 '2025-03-16_1044921369395986451.json' 已存在，跳过保存。
  - 所有 4 张图片均已存在，全部跳过。
  - 正在从本地元数据 '2025-03-16_1044921369395986451.json' 中提取内容...
  - 正在创建最终内容JSON文件: 2025-03-16_1044921369395986451.json
  - 步骤2元数据 '2025-03-16_1044775894542974983.json' 已存在，跳过保存。
  - 所有 1 张图片均已存在，全部跳过。
  - 正在从本地元数据 '2025-03-16_1044775894542974983.json' 中提取内容...
  - 正在创建最终内容JSON文件: 2025-03-16_1044775894542974983.json
  - 步骤2元数据 '2025-03-15_1044406231054155777.json' 已存在，跳过保存。
  - 所有 1 张图片均已存在，全部跳过。
  - 正在从本地元数据 '2025-03-15_1044406231054155777.json' 中提取内容...
  - 正在创建最终内容JSON文件: 2025-03-15_1044406231054155777.json
  - 步骤2元数据 '2025-03-10_1042633294294810629.json' 已存在，跳过保存。
  - 所有 1 张图片均已存在，全部跳过。
  - 正在从本地元数据 '2025-03-10_1042633294294810629.json' 中提取内容...
  - 正在创建最终内容JSON文件: 2025-03-10_1042633294294810629.json
  - 步骤2元数据 '2025-03-06_1041173160061304833.json' 已存在，跳过保存。
  - 所有 3 张图片均已存在，全部跳过。
  - 正在从本地元数据 '2025-03-06_1041173160061304833.json' 中提取内容...
  - 正在创建最终内容JSON文件: 2025-03-06_1041173160061304833.json
  - 步骤2元数据 '2025-03-05_1040819516733390852.json' 已存在，跳过保存。
  - 所有 1 张图片均已存在，全部跳过。
  - 正在从本地元数据 '2025-03-05_1040819516733390852.json' 中提取内容...
  - 正在创建最终内容JSON文件: 2025-03-05_1040819516733390852.json
  - 步骤2元数据 '2025-03-03_1039998392013422616.json' 已存在，跳过保存。
  - 所有 6 张图片均已存在，全部跳过。
  - 正在从本地元数据 '2025-03-03_1039998392013422616.json' 中提取内容...
  - 正在创建最终内容JSON文件: 2025-03-03_1039998392013422616.json
  - 步骤2元数据 '2025-02-28_1038945596733390871.json' 已存在，跳过保存。
  - 所有 1 张图片均已存在，全部跳过。
  - 正在从本地元数据 '2025-02-28_1038945596733390871.json' 中提取内容...
  - 正在创建最终内容JSON文件: 2025-02-28_1038945596733390871.json
  - 步骤2元数据 '2025-02-26_1038127860697530373.json' 已存在，跳过保存。
  - 所有 1 张图片均已存在，全部跳过。
  - 正在从本地元数据 '2025-02-26_1038127860697530373.json' 中提取内容...
  - 正在创建最终内容JSON文件: 2025-02-26_1038127860697530373.json
  - 步骤2元数据 '2025-02-24_1037467294770397202.json' 已存在，跳过保存。
  - 所有 1 张图片均已存在，全部跳过。
  - 正在从本地元数据 '2025-02-24_1037467294770397202.json' 中提取内容...
  - 正在创建最终内容JSON文件: 2025-02-24_1037467294770397202.json
  - 步骤2元数据 '2025-02-23_1036996493299417105.json' 已存在，跳过保存。
  - [Live Photo] 发现实况视频 (P1)，正在下载...
  -  正在下载用户 坂坂白 图片: 2025-02-23_1036996493299417105_1.mp4
  - 所有 1 张图片均已存在，全部跳过。
  - 正在从本地元数据 '2025-02-23_1036996493299417105.json' 中提取内容...
  - 正在创建最终内容JSON文件: 2025-02-23_1036996493299417105.json
  - 步骤2元数据 '2025-02-22_1036656426400874516.json' 已存在，跳过保存。
  - 所有 2 张图片均已存在，全部跳过。
  - 正在从本地元数据 '2025-02-22_1036656426400874516.json' 中提取内容...
  - 正在创建最终内容JSON文件: 2025-02-22_1036656426400874516.json
  - 步骤2元数据 '2025-02-16_1034422858713923607.json' 已存在，跳过保存。
  - 所有 1 张图片均已存在，全部跳过。
  - 正在从本地元数据 '2025-02-16_1034422858713923607.json' 中提取内容...
  - 正在创建最终内容JSON文件: 2025-02-16_1034422858713923607.json
  - 步骤2元数据 '2025-02-14_1033701351450738691.json' 已存在，跳过保存。
  - 所有 1 张图片均已存在，全部跳过。
  - 正在从本地元数据 '2025-02-14_1033701351450738691.json' 中提取内容...
  - 正在创建最终内容JSON文件: 2025-02-14_1033701351450738691.json
  - 步骤2元数据 '2025-02-09_1031925554297700356.json' 已存在，跳过保存。
  - 所有 3 张图片均已存在，全部跳过。
  - 正在从本地元数据 '2025-02-09_1031925554297700356.json' 中提取内容...
  - 正在创建最终内容JSON文件: 2025-02-09_1031925554297700356.json
  - 步骤2元数据 '2025-02-09_1031774143821905944.json' 已存在，跳过保存。
  - 所有 1 张图片均已存在，全部跳过。
  - 正在从本地元数据 '2025-02-09_1031774143821905944.json' 中提取内容...
  - 正在创建最终内容JSON文件: 2025-02-09_1031774143821905944.json
  - 步骤2元数据 '2025-02-08_1031561349668274178.json' 已存在，跳过保存。
  - 所有 1 张图片均已存在，全部跳过。
  - 正在从本地元数据 '2025-02-08_1031561349668274178.json' 中提取内容...
  - 正在创建最终内容JSON文件: 2025-02-08_1031561349668274178.json
  - 步骤2元数据 '2025-02-08_1031413890523594759.json' 已存在，跳过保存。
  - 所有 1 张图片均已存在，全部跳过。
  - 正在从本地元数据 '2025-02-08_1031413890523594759.json' 中提取内容...
  - 正在创建最终内容JSON文件: 2025-02-08_1031413890523594759.json
  - 步骤2元数据 '2025-02-07_1031030770893848598.json' 已存在，跳过保存。
  - 所有 1 张图片均已存在，全部跳过。
  - 正在从本地元数据 '2025-02-07_1031030770893848598.json' 中提取内容...
  - 正在创建最终内容JSON文件: 2025-02-07_1031030770893848598.json
  - 步骤2元数据 '2025-02-06_1030783397912379416.json' 已存在，跳过保存。
  - 所有 3 张图片均已存在，全部跳过。
  - 正在从本地元数据 '2025-02-06_1030783397912379416.json' 中提取内容...
  - 正在创建最终内容JSON文件: 2025-02-06_1030783397912379416.json
  - 步骤2元数据 '2025-02-04_1030011609485934617.json' 已存在，跳过保存。
  - 所有 3 张图片均已存在，全部跳过。
  - 正在从本地元数据 '2025-02-04_1030011609485934617.json' 中提取内容...
  - 正在创建最终内容JSON文件: 2025-02-04_1030011609485934617.json
  - 步骤2元数据 '2025-02-04_1029936756778074118.json' 已存在，跳过保存。
  - 所有 1 张图片均已存在，全部跳过。
  - 正在从本地元数据 '2025-02-04_1029936756778074118.json' 中提取内容...
  - 正在创建最终内容JSON文件: 2025-02-04_1029936756778074118.json
  - 步骤2元数据 '2025-02-03_1029562746718388225.json' 已存在，跳过保存。
  - 所有 1 张图片均已存在，全部跳过。
  - 正在从本地元数据 '2025-02-03_1029562746718388225.json' 中提取内容...
  - 正在创建最终内容JSON文件: 2025-02-03_1029562746718388225.json
  - 步骤2元数据 '2025-02-02_1029191206285869091.json' 已存在，跳过保存。
  - 所有 1 张图片均已存在，全部跳过。
  - 正在从本地元数据 '2025-02-02_1029191206285869091.json' 中提取内容...
  - 正在创建最终内容JSON文件: 2025-02-02_1029191206285869091.json
  - 步骤2元数据 '2025-01-29_1027538279532068931.json' 已存在，跳过保存。
  - 所有 1 张图片均已存在，全部跳过。
  - 正在从本地元数据 '2025-01-29_1027538279532068931.json' 中提取内容...
  - 正在创建最终内容JSON文件: 2025-01-29_1027538279532068931.json
  - 步骤2元数据 '2025-01-26_1026756462382153749.json' 已存在，跳过保存。
  - 所有 1 张图片均已存在，全部跳过。
  - 正在从本地元数据 '2025-01-26_1026756462382153749.json' 中提取内容...
  - 正在创建最终内容JSON文件: 2025-01-26_1026756462382153749.json
  - 步骤2元数据 '2025-01-22_1025294446882717753.json' 已存在，跳过保存。
  - 所有 6 张图片均已存在，全部跳过。
  - 正在从本地元数据 '2025-01-22_1025294446882717753.json' 中提取内容...
  - 正在创建最终内容JSON文件: 2025-01-22_1025294446882717753.json
  - 步骤2元数据 '2025-01-21_1024846924202639378.json' 已存在，跳过保存。
  - 所有 4 张图片均已存在，全部跳过。
  - 正在从本地元数据 '2025-01-21_1024846924202639378.json' 中提取内容...
  - 正在创建最终内容JSON文件: 2025-01-21_1024846924202639378.json
  - 步骤2元数据 '2025-01-21_1024726248476114945.json' 已存在，跳过保存。
  - 所有 1 张图片均已存在，全部跳过。
  - 正在从本地元数据 '2025-01-21_1024726248476114945.json' 中提取内容...
  - 正在创建最终内容JSON文件: 2025-01-21_1024726248476114945.json
  - 步骤2元数据 '2025-01-20_1024476942804451369.json' 已存在，跳过保存。
  - 所有 1 张图片均已存在，全部跳过。
  - 正在从本地元数据 '2025-01-20_1024476942804451369.json' 中提取内容...
  - 正在创建最终内容JSON文件: 2025-01-20_1024476942804451369.json
  - 步骤2元数据 '2025-01-20_1024366970196197377.json' 已存在，跳过保存。
  - 所有 1 张图片均已存在，全部跳过。
  - 正在从本地元数据 '2025-01-20_1024366970196197377.json' 中提取内容...
  - 正在创建最终内容JSON文件: 2025-01-20_1024366970196197377.json
  - 步骤2元数据 '2025-01-19_1023998590835490819.json' 已存在，跳过保存。
  - 所有 1 张图片均已存在，全部跳过。
  - 正在从本地元数据 '2025-01-19_1023998590835490819.json' 中提取内容...
  - 正在创建最终内容JSON文件: 2025-01-19_1023998590835490819.json
  - 步骤2元数据 '2025-01-18_1023619641585434633.json' 已存在，跳过保存。
  - 所有 1 张图片均已存在，全部跳过。
  - 正在从本地元数据 '2025-01-18_1023619641585434633.json' 中提取内容...
  - 正在创建最终内容JSON文件: 2025-01-18_1023619641585434633.json
  - 步骤2元数据 '2025-01-16_1022907067838496775.json' 已存在，跳过保存。
  - 所有 1 张图片均已存在，全部跳过。
  - 正在从本地元数据 '2025-01-16_1022907067838496775.json' 中提取内容...
  - 正在创建最终内容JSON文件: 2025-01-16_1022907067838496775.json
  - 步骤2元数据 '2025-01-15_1022649953935163397.json' 已存在，跳过保存。
  - 所有 3 张图片均已存在，全部跳过。
  - 正在从本地元数据 '2025-01-15_1022649953935163397.json' 中提取内容...
  - 正在创建最终内容JSON文件: 2025-01-15_1022649953935163397.json
  - 步骤2元数据 '2025-01-13_1021849286130794505.json' 已存在，跳过保存。
  - 所有 2 张图片均已存在，全部跳过。
  - 正在从本地元数据 '2025-01-13_1021849286130794505.json' 中提取内容...
  - 正在创建最终内容JSON文件: 2025-01-13_1021849286130794505.json
  - 步骤2元数据 '2025-01-10_1020500520351039496.json' 已存在，跳过保存。
  - 所有 1 张图片均已存在，全部跳过。
  - 正在从本地元数据 '2025-01-10_1020500520351039496.json' 中提取内容...
  - 正在创建最终内容JSON文件: 2025-01-10_1020500520351039496.json
  - 步骤2元数据 '2025-01-07_1019688273315889175.json' 已存在，跳过保存。
  - 所有 4 张图片均已存在，全部跳过。
  - 正在从本地元数据 '2025-01-07_1019688273315889175.json' 中提取内容...
  - 正在创建最终内容JSON文件: 2025-01-07_1019688273315889175.json
  - 步骤2元数据 '2025-01-01_1017337530337460233.json' 已存在，跳过保存。
  - 所有 1 张图片均已存在，全部跳过。
  - 正在从本地元数据 '2025-01-01_1017337530337460233.json' 中提取内容...
  - 正在创建最终内容JSON文件: 2025-01-01_1017337530337460233.json
  - 步骤2元数据 '2025-01-01_1017144467276169352.json' 已存在，跳过保存。
  - 所有 1 张图片均已存在，全部跳过。
  - 正在从本地元数据 '2025-01-01_1017144467276169352.json' 中提取内容...
  - 正在创建最终内容JSON文件: 2025-01-01_1017144467276169352.json
  - 步骤2元数据 '2024-12-30_1016663705826361345.json' 已存在，跳过保存。
  - 所有 1 张图片均已存在，全部跳过。
  - 正在从本地元数据 '2024-12-30_1016663705826361345.json' 中提取内容...
  - 正在创建最终内容JSON文件: 2024-12-30_1016663705826361345.json
  - 步骤2元数据 '2024-12-26_1015162258262589456.json' 已存在，跳过保存。
  - 所有 1 张图片均已存在，全部跳过。
  - 正在从本地元数据 '2024-12-26_1015162258262589456.json' 中提取内容...
  - 正在创建最终内容JSON文件: 2024-12-26_1015162258262589456.json
  - 步骤2元数据 '2024-12-24_1014502040178524160.json' 已存在，跳过保存。
  - 所有 2 张图片均已存在，全部跳过。
  - 正在从本地元数据 '2024-12-24_1014502040178524160.json' 中提取内容...
  - 正在创建最终内容JSON文件: 2024-12-24_1014502040178524160.json
  - 步骤2元数据 '2024-12-23_1014044699183284246.json' 已存在，跳过保存。
  - 所有 3 张图片均已存在，全部跳过。
  - 正在从本地元数据 '2024-12-23_1014044699183284246.json' 中提取内容...
  - 正在创建最终内容JSON文件: 2024-12-23_1014044699183284246.json
  - 步骤2元数据 '2024-12-15_1011122579510919173.json' 已存在，跳过保存。
  - 所有 1 张图片均已存在，全部跳过。
  - 正在从本地元数据 '2024-12-15_1011122579510919173.json' 中提取内容...
  - 正在创建最终内容JSON文件: 2024-12-15_1011122579510919173.json
  - 步骤2元数据 '2024-12-11_1009361514081026048.json' 已存在，跳过保存。
  - 所有 1 张图片均已存在，全部跳过。
  - 正在从本地元数据 '2024-12-11_1009361514081026048.json' 中提取内容...
  - 正在创建最终内容JSON文件: 2024-12-11_1009361514081026048.json
  - 步骤2元数据 '2024-12-07_1008123395270770690.json' 已存在，跳过保存。
  - 所有 1 张图片均已存在，全部跳过。
  - 正在从本地元数据 '2024-12-07_1008123395270770690.json' 中提取内容...
  - 正在创建最终内容JSON文件: 2024-12-07_1008123395270770690.json
  - 步骤2元数据 '2024-12-02_1006013956432592914.json' 已存在，跳过保存。
  - 所有 1 张图片均已存在，全部跳过。
  - 正在从本地元数据 '2024-12-02_1006013956432592914.json' 中提取内容...
  - 正在创建最终内容JSON文件: 2024-12-02_1006013956432592914.json
  - 步骤2元数据 '2024-12-01_1005814528236060681.json' 已存在，跳过保存。
  - 所有 1 张图片均已存在，全部跳过。
  - 正在从本地元数据 '2024-12-01_1005814528236060681.json' 中提取内容...
  - 正在创建最终内容JSON文件: 2024-12-01_1005814528236060681.json
  - 步骤2元数据 '2024-11-23_1002842870448652288.json' 已存在，跳过保存。
  - 所有 1 张图片均已存在，全部跳过。
  - 正在从本地元数据 '2024-11-23_1002842870448652288.json' 中提取内容...
  - 正在创建最终内容JSON文件: 2024-11-23_1002842870448652288.json
  - 步骤2元数据 '2024-11-10_997909954460385287.json' 已存在，跳过保存。
  - 所有 1 张图片均已存在，全部跳过。
  - 正在从本地元数据 '2024-11-10_997909954460385287.json' 中提取内容...
  - 正在创建最终内容JSON文件: 2024-11-10_997909954460385287.json
  - 步骤2元数据 '2024-11-07_997017013576531989.json' 已存在，跳过保存。
  - 所有 1 张图片均已存在，全部跳过。
  - 正在从本地元数据 '2024-11-07_997017013576531989.json' 中提取内容...
  - 正在创建最终内容JSON文件: 2024-11-07_997017013576531989.json
  - 步骤2元数据 '2024-11-02_995045125422841857.json' 已存在，跳过保存。
  - 所有 1 张图片均已存在，全部跳过。
  - 正在从本地元数据 '2024-11-02_995045125422841857.json' 中提取内容...
  - 正在创建最终内容JSON文件: 2024-11-02_995045125422841857.json
  - 步骤2元数据 '2024-10-30_993952782066122784.json' 已存在，跳过保存。
  - 所有 1 张图片均已存在，全部跳过。
  - 正在从本地元数据 '2024-10-30_993952782066122784.json' 中提取内容...
  - 正在创建最终内容JSON文件: 2024-10-30_993952782066122784.json
  - 步骤2元数据 '2024-10-27_992859364970725397.json' 已存在，跳过保存。
  - 所有 1 张图片均已存在，全部跳过。
  - 正在从本地元数据 '2024-10-27_992859364970725397.json' 中提取内容...
  - 正在创建最终内容JSON文件: 2024-10-27_992859364970725397.json
  - 步骤2元数据 '2024-10-25_992112564672397319.json' 已存在，跳过保存。
  - 所有 1 张图片均已存在，全部跳过。
  - 正在从本地元数据 '2024-10-25_992112564672397319.json' 中提取内容...
  - 正在创建最终内容JSON文件: 2024-10-25_992112564672397319.json
  - 步骤2元数据 '2024-10-18_989583043703341110.json' 已存在，跳过保存。
  - 所有 1 张图片均已存在，全部跳过。
  - 正在从本地元数据 '2024-10-18_989583043703341110.json' 中提取内容...
  - 正在创建最终内容JSON文件: 2024-10-18_989583043703341110.json
  - 步骤2元数据 '2024-10-16_988782758098632723.json' 已存在，跳过保存。
  - 所有 1 张图片均已存在，全部跳过。
  - 正在从本地元数据 '2024-10-16_988782758098632723.json' 中提取内容...
  - 正在创建最终内容JSON文件: 2024-10-16_988782758098632723.json
  - 步骤2元数据 '2024-10-14_988075063476486168.json' 已存在，跳过保存。
  - 所有 1 张图片均已存在，全部跳过。
  - 正在从本地元数据 '2024-10-14_988075063476486168.json' 中提取内容...
  - 正在创建最终内容JSON文件: 2024-10-14_988075063476486168.json
  - 步骤2元数据 '2024-10-10_986658845269950481.json' 已存在，跳过保存。
  - 所有 1 张图片均已存在，全部跳过。
  - 正在从本地元数据 '2024-10-10_986658845269950481.json' 中提取内容...
  - 正在创建最终内容JSON文件: 2024-10-10_986658845269950481.json
  - 步骤2元数据 '2024-10-08_985862476730990616.json' 已存在，跳过保存。
  - 所有 1 张图片均已存在，全部跳过。
  - 正在从本地元数据 '2024-10-08_985862476730990616.json' 中提取内容...
  - 正在创建最终内容JSON文件: 2024-10-08_985862476730990616.json
  - 步骤2元数据 '2024-10-04_984396909335543832.json' 已存在，跳过保存。
  - 所有 2 张图片均已存在，全部跳过。
  - 正在从本地元数据 '2024-10-04_984396909335543832.json' 中提取内容...
  - 正在创建最终内容JSON文件: 2024-10-04_984396909335543832.json
  - 步骤2元数据 '2024-10-04_984301689879134211.json' 已存在，跳过保存。
  - 所有 1 张图片均已存在，全部跳过。
  - 正在从本地元数据 '2024-10-04_984301689879134211.json' 中提取内容...
  - 正在创建最终内容JSON文件: 2024-10-04_984301689879134211.json
  - 步骤2元数据 '2024-10-03_984045310383751175.json' 已存在，跳过保存。
  - 所有 1 张图片均已存在，全部跳过。
  - 正在从本地元数据 '2024-10-03_984045310383751175.json' 中提取内容...
  - 正在创建最终内容JSON文件: 2024-10-03_984045310383751175.json
  - 步骤2元数据 '2024-10-03_983930785111212073.json' 已存在，跳过保存。
  - 所有 1 张图片均已存在，全部跳过。
  - 正在从本地元数据 '2024-10-03_983930785111212073.json' 中提取内容...
  - 正在创建最终内容JSON文件: 2024-10-03_983930785111212073.json
  - 步骤2元数据 '2024-10-02_983565824571736086.json' 已存在，跳过保存。
  - 所有 1 张图片均已存在，全部跳过。
  - 正在从本地元数据 '2024-10-02_983565824571736086.json' 中提取内容...
  - 正在创建最终内容JSON文件: 2024-10-02_983565824571736086.json
  - 步骤2元数据 '2024-10-01_983095779056943108.json' 已存在，跳过保存。
  - 所有 1 张图片均已存在，全部跳过。
  - 正在从本地元数据 '2024-10-01_983095779056943108.json' 中提取内容...
  - 正在创建最终内容JSON文件: 2024-10-01_983095779056943108.json
  - 步骤2元数据 '2024-09-28_982120804299833352.json' 已存在，跳过保存。
  - 所有 1 张图片均已存在，全部跳过。
  - 正在从本地元数据 '2024-09-28_982120804299833352.json' 中提取内容...
  - 正在创建最终内容JSON文件: 2024-09-28_982120804299833352.json
  - 步骤2元数据 '2024-09-27_981523584790822947.json' 已存在，跳过保存。
  - 所有 1 张图片均已存在，全部跳过。
  - 正在从本地元数据 '2024-09-27_981523584790822947.json' 中提取内容...
  - 正在创建最终内容JSON文件: 2024-09-27_981523584790822947.json
  - 步骤2元数据 '2024-09-25_981113960851832904.json' 已存在，跳过保存。
  - 所有 1 张图片均已存在，全部跳过。
  - 正在从本地元数据 '2024-09-25_981113960851832904.json' 中提取内容...
  - 正在创建最终内容JSON文件: 2024-09-25_981113960851832904.json
  - 步骤2元数据 '2024-09-24_980723462438912054.json' 已存在，跳过保存。
  - 所有 3 张图片均已存在，全部跳过。
  - 正在从本地元数据 '2024-09-24_980723462438912054.json' 中提取内容...
  - 正在创建最终内容JSON文件: 2024-09-24_980723462438912054.json


程序被用户中断。正在退出...
