程序启动于: 2025-12-13_19-05-48
----------------------------------------
正在从 'config.py' 的 USERS_ID 列表读取用户 ID...

>>>>>>>>> 开始处理用户ID: 560647 (https://space.bilibili.com/560647/article) <<<<<<<<<

[步骤1] 使用 'ITERATIVE' 模式，正在准备迭代获取动态 URL...

[步骤2] 开始处理用户 560647 的动态...

用户识别为: '坂坂白'
文件将保存至: C:\Base1.5-美女图片\bili\gallery-dl\bilibili_images\坂坂白
  - 步骤2元数据 '2025-11-28_1140207860308770824.json' 已存在，跳过保存。
  - 所有 3 张图片均已存在，全部跳过。
  - 正在从本地元数据 '2025-11-28_1140207860308770824.json' 中提取内容...
  - 正在创建最终内容JSON文件: 2025-11-28_1140207860308770824.json
  - 步骤2元数据 '2025-11-26_1139480189732913170.json' 已存在，跳过保存。
  - [Live Photo] 发现实况视频 (P1)，正在下载...
  - [Live Photo] 发现实况视频 (P2)，正在下载...
  - [Live Photo] 发现实况视频 (P3)，正在下载...
  - [Live Photo] 发现实况视频 (P4)，正在下载...
  - 所有 4 张图片均已存在，全部跳过。
  - 正在从本地元数据 '2025-11-26_1139480189732913170.json' 中提取内容...
  - 正在创建最终内容JSON文件: 2025-11-26_1139480189732913170.json
  - 步骤2元数据 '2025-11-22_1137966591733923842.json' 已存在，跳过保存。
  - [Live Photo] 发现实况视频 (P1)，正在下载...
  - [Live Photo] 发现实况视频 (P2)，正在下载...
  - [Live Photo] 发现实况视频 (P3)，正在下载...
  - [Live Photo] 发现实况视频 (P4)，正在下载...
  - [Live Photo] 发现实况视频 (P5)，正在下载...
  - 所有 6 张图片均已存在，全部跳过。
  - 正在从本地元数据 '2025-11-22_1137966591733923842.json' 中提取内容...
  - 正在创建最终内容JSON文件: 2025-11-22_1137966591733923842.json
  - 步骤2元数据 '2025-11-19_1136851850121707544.json' 已存在，跳过保存。
  - [Live Photo] 发现实况视频 (P1)，正在下载...
  - 所有 1 张图片均已存在，全部跳过。
  - 正在从本地元数据 '2025-11-19_1136851850121707544.json' 中提取内容...
  - 正在创建最终内容JSON文件: 2025-11-19_1136851850121707544.json
  - 步骤2元数据 '2025-11-15_1135330074513375273.json' 已存在，跳过保存。
  - 所有 1 张图片均已存在，全部跳过。
  - 正在从本地元数据 '2025-11-15_1135330074513375273.json' 中提取内容...
  - 正在创建最终内容JSON文件: 2025-11-15_1135330074513375273.json
  - 步骤2元数据 '2025-11-14_1134995213101563911.json' 已存在，跳过保存。
  - 所有 1 张图片均已存在，全部跳过。
  - 正在从本地元数据 '2025-11-14_1134995213101563911.json' 中提取内容...
  - 正在创建最终内容JSON文件: 2025-11-14_1134995213101563911.json
  - 步骤2元数据 '2025-11-08_1132885967554740233.json' 已存在，跳过保存。
  - 所有 1 张图片均已存在，全部跳过。
  - 正在从本地元数据 '2025-11-08_1132885967554740233.json' 中提取内容...
  - 正在创建最终内容JSON文件: 2025-11-08_1132885967554740233.json
  - 步骤2元数据 '2025-10-30_1129416557393346561.json' 已存在，跳过保存。
  - 所有 1 张图片均已存在，全部跳过。
  - 正在从本地元数据 '2025-10-30_1129416557393346561.json' 中提取内容...
  - 正在创建最终内容JSON文件: 2025-10-30_1129416557393346561.json
  - 步骤2元数据 '2025-10-26_1127948009290596375.json' 已存在，跳过保存。
  - 所有 1 张图片均已存在，全部跳过。
  - 正在从本地元数据 '2025-10-26_1127948009290596375.json' 中提取内容...
  - 正在创建最终内容JSON文件: 2025-10-26_1127948009290596375.json
  - 步骤2元数据 '2025-10-25_1127659284373438481.json' 已存在，跳过保存。
  - 所有 2 张图片均已存在，全部跳过。
  - 正在从本地元数据 '2025-10-25_1127659284373438481.json' 中提取内容...
  - 正在创建最终内容JSON文件: 2025-10-25_1127659284373438481.json
  - 步骤2元数据 '2025-10-25_1127519418780221461.json' 已存在，跳过保存。
  - 所有 1 张图片均已存在，全部跳过。
  - 正在从本地元数据 '2025-10-25_1127519418780221461.json' 中提取内容...
  - 正在创建最终内容JSON文件: 2025-10-25_1127519418780221461.json
  - 步骤2元数据 '2025-10-08_1121297888087900178.json' 已存在，跳过保存。
  - [Live Photo] 发现实况视频 (P2)，正在下载...
  - 所有 2 张图片均已存在，全部跳过。
  - 正在从本地元数据 '2025-10-08_1121297888087900178.json' 中提取内容...
  - 正在创建最终内容JSON文件: 2025-10-08_1121297888087900178.json
  - 步骤2元数据 '2025-10-07_1120930518027730949.json' 已存在，跳过保存。
  - 所有 1 张图片均已存在，全部跳过。
  - 正在从本地元数据 '2025-10-07_1120930518027730949.json' 中提取内容...
  - 正在创建最终内容JSON文件: 2025-10-07_1120930518027730949.json
  - 步骤2元数据 '2025-10-06_1120567172376035346.json' 已存在，跳过保存。
  - 所有 2 张图片均已存在，全部跳过。
  - 正在从本地元数据 '2025-10-06_1120567172376035346.json' 中提取内容...
  - 正在创建最终内容JSON文件: 2025-10-06_1120567172376035346.json
  - 步骤2元数据 '2025-10-05_1120118270991532049.json' 已存在，跳过保存。
  - 正在从本地元数据 '2025-10-05_1120118270991532049.json' 中提取内容...
  - 正在创建最终内容JSON文件: 2025-10-05_1120118270991532049.json
  - 步骤2元数据 '2025-10-02_1119090584131207176.json' 已存在，跳过保存。
  - 所有 1 张图片均已存在，全部跳过。
  - 正在从本地元数据 '2025-10-02_1119090584131207176.json' 中提取内容...
  - 正在创建最终内容JSON文件: 2025-10-02_1119090584131207176.json
  - 步骤2元数据 '2025-10-01_1118627049803612162.json' 已存在，跳过保存。
  - 所有 1 张图片均已存在，全部跳过。
  - 正在从本地元数据 '2025-10-01_1118627049803612162.json' 中提取内容...
  - 正在创建最终内容JSON文件: 2025-10-01_1118627049803612162.json
  - 步骤2元数据 '2025-09-12_1111642861693042690.json' 已存在，跳过保存。
  - 所有 1 张图片均已存在，全部跳过。
  - 正在从本地元数据 '2025-09-12_1111642861693042690.json' 中提取内容...
  - 正在创建最终内容JSON文件: 2025-09-12_1111642861693042690.json
  - 步骤2元数据 '2025-09-08_1110185227140988930.json' 已存在，跳过保存。
  - 所有 2 张图片均已存在，全部跳过。
  - 正在从本地元数据 '2025-09-08_1110185227140988930.json' 中提取内容...
  - 正在创建最终内容JSON文件: 2025-09-08_1110185227140988930.json
  - 步骤2元数据 '2025-09-02_1107957930105241609.json' 已存在，跳过保存。
  - 所有 1 张图片均已存在，全部跳过。
  - 正在从本地元数据 '2025-09-02_1107957930105241609.json' 中提取内容...
  - 正在创建最终内容JSON文件: 2025-09-02_1107957930105241609.json
  - 步骤2元数据 '2025-08-29_1106441183891030032.json' 已存在，跳过保存。
  - 所有 1 张图片均已存在，全部跳过。
  - 正在从本地元数据 '2025-08-29_1106441183891030032.json' 中提取内容...
  - 正在创建最终内容JSON文件: 2025-08-29_1106441183891030032.json
  - 步骤2元数据 '2025-08-25_1104931262372511767.json' 已存在，跳过保存。
  - 所有 1 张图片均已存在，全部跳过。
  - 正在从本地元数据 '2025-08-25_1104931262372511767.json' 中提取内容...
  - 正在创建最终内容JSON文件: 2025-08-25_1104931262372511767.json
  - 步骤2元数据 '2025-08-22_1103877848602509361.json' 已存在，跳过保存。
  - 所有 1 张图片均已存在，全部跳过。
  - 正在从本地元数据 '2025-08-22_1103877848602509361.json' 中提取内容...
  - 正在创建最终内容JSON文件: 2025-08-22_1103877848602509361.json
  - 步骤2元数据 '2025-08-20_1103222479538618388.json' 已存在，跳过保存。
  - 所有 1 张图片均已存在，全部跳过。
  - 正在从本地元数据 '2025-08-20_1103222479538618388.json' 中提取内容...
  - 正在创建最终内容JSON文件: 2025-08-20_1103222479538618388.json
  - 步骤2元数据 '2025-08-18_1102438811207467008.json' 已存在，跳过保存。
  - 所有 1 张图片均已存在，全部跳过。
  - 正在从本地元数据 '2025-08-18_1102438811207467008.json' 中提取内容...
  - 正在创建最终内容JSON文件: 2025-08-18_1102438811207467008.json
  - 步骤2元数据 '2025-08-18_1102293748683898898.json' 已存在，跳过保存。
  - 所有 1 张图片均已存在，全部跳过。
  - 正在从本地元数据 '2025-08-18_1102293748683898898.json' 中提取内容...
  - 正在创建最终内容JSON文件: 2025-08-18_1102293748683898898.json


程序被用户中断。正在退出...
