程序启动于: 2025-10-15_18-04-07
----------------------------------------
正在从 'config.py' 的 USERS_ID 列表读取用户 ID...

>>>>>>>>> 开始处理用户ID: 1340190821 (https://space.bilibili.com/1340190821/article) <<<<<<<<<

[步骤1] 使用 'ITERATIVE' 模式，正在准备迭代获取动态 URL...

[步骤2] 开始处理用户 1340190821 的动态...

用户识别为: '崩坏星穹铁道'
文件将保存至: C:\Base1.5-美女图片\bili\gallery-dl\bilibili_images\崩坏星穹铁道
  - 正在保存动态 1123831452773908486 的步骤2元数据...
  -  正在下载用户 崩坏星穹铁道 图片: 2025-10-15_1123831452773908486_1.jpg
  - 正在从本地元数据 '2025-10-15_1123831452773908486.json' 中提取内容...
  - 正在创建最终内容JSON文件: 2025-10-15_1123831452773908486.json
  - 正在保存动态 1123491291391328274 的步骤2元数据...
  -  正在下载用户 崩坏星穹铁道 图片: 2025-10-14_1123491291391328274_1.jpg
  - 正在从本地元数据 '2025-10-14_1123491291391328274.json' 中提取内容...
  - 正在创建最终内容JSON文件: 2025-10-14_1123491291391328274.json
  - 正在保存动态 1123475829471313939 的步骤2元数据...
  -  正在下载用户 崩坏星穹铁道 图片: 2025-10-14_1123475829471313939_1.jpg
  - 正在从本地元数据 '2025-10-14_1123475829471313939.json' 中提取内容...
  - 正在创建最终内容JSON文件: 2025-10-14_1123475829471313939.json
  - 正在保存动态 1123460367571222537 的步骤2元数据...
  -  正在下载用户 崩坏星穹铁道 图片: 2025-10-14_1123460367571222537_1.png
  -  正在下载用户 崩坏星穹铁道 图片: 2025-10-14_1123460367571222537_2.png
  -  正在下载用户 崩坏星穹铁道 图片: 2025-10-14_1123460367571222537_3.png
  -  正在下载用户 崩坏星穹铁道 图片: 2025-10-14_1123460367571222537_4.png
  -  正在下载用户 崩坏星穹铁道 图片: 2025-10-14_1123460367571222537_5.png
  - 正在从本地元数据 '2025-10-14_1123460367571222537.json' 中提取内容...
  - 正在创建最终内容JSON文件: 2025-10-14_1123460367571222537.json
  - 正在保存动态 1123089314648948753 的步骤2元数据...
  -  正在下载用户 崩坏星穹铁道 图片: 2025-10-13_1123089314648948753_1.jpg
  -  正在下载用户 崩坏星穹铁道 图片: 2025-10-13_1123089314648948753_2.jpg
  -  正在下载用户 崩坏星穹铁道 图片: 2025-10-13_1123089314648948753_3.jpg
  -  正在下载用户 崩坏星穹铁道 图片: 2025-10-13_1123089314648948753_4.jpg
  -  正在下载用户 崩坏星穹铁道 图片: 2025-10-13_1123089314648948753_5.jpg
  -  正在下载用户 崩坏星穹铁道 图片: 2025-10-13_1123089314648948753_6.jpg
  -  正在下载用户 崩坏星穹铁道 图片: 2025-10-13_1123089314648948753_7.jpg
  -  正在下载用户 崩坏星穹铁道 图片: 2025-10-13_1123089314648948753_8.jpg
  -  正在下载用户 崩坏星穹铁道 图片: 2025-10-13_1123089314648948753_9.jpg
  -  正在下载用户 崩坏星穹铁道 图片: 2025-10-13_1123089314648948753_10.jpg
  -  正在下载用户 崩坏星穹铁道 图片: 2025-10-13_1123089314648948753_11.jpg
  -  正在下载用户 崩坏星穹铁道 图片: 2025-10-13_1123089314648948753_12.jpg
  - 正在从本地元数据 '2025-10-13_1123089314648948753.json' 中提取内容...
  - 正在创建最终内容JSON文件: 2025-10-13_1123089314648948753.json
  - 正在保存动态 1121976084914503718 的步骤2元数据...
  -  正在下载用户 崩坏星穹铁道 图片: 2025-10-10_1121976084914503718_1.png
  - 正在从本地元数据 '2025-10-10_1121976084914503718.json' 中提取内容...
  - 正在创建最终内容JSON文件: 2025-10-10_1121976084914503718.json
  - 正在保存动态 1121226125599571975 的步骤2元数据...
  -  正在下载用户 崩坏星穹铁道 图片: 2025-10-08_1121226125599571975_1.png
  - 正在从本地元数据 '2025-10-08_1121226125599571975.json' 中提取内容...
  - 正在创建最终内容JSON文件: 2025-10-08_1121226125599571975.json
  - 正在保存动态 1121218394653196343 的步骤2元数据...
  -  正在下载用户 崩坏星穹铁道 图片: 2025-10-08_1121218394653196343_1.png
  -  正在下载用户 崩坏星穹铁道 图片: 2025-10-08_1121218394653196343_2.png
  -  正在下载用户 崩坏星穹铁道 图片: 2025-10-08_1121218394653196343_3.png
  -  正在下载用户 崩坏星穹铁道 图片: 2025-10-08_1121218394653196343_4.gif
  -  正在下载用户 崩坏星穹铁道 图片: 2025-10-08_1121218394653196343_5.gif
  -  正在下载用户 崩坏星穹铁道 图片: 2025-10-08_1121218394653196343_6.gif
  -  正在下载用户 崩坏星穹铁道 图片: 2025-10-08_1121218394653196343_7.gif
  -  正在下载用户 崩坏星穹铁道 图片: 2025-10-08_1121218394653196343_8.gif
  -  正在下载用户 崩坏星穹铁道 图片: 2025-10-08_1121218394653196343_9.gif
  -  正在下载用户 崩坏星穹铁道 图片: 2025-10-08_1121218394653196343_10.gif
  -  正在下载用户 崩坏星穹铁道 图片: 2025-10-08_1121218394653196343_11.png
  - 正在从本地元数据 '2025-10-08_1121218394653196343.json' 中提取内容...
  - 正在创建最终内容JSON文件: 2025-10-08_1121218394653196343.json
  - 正在保存动态 1120862771411419144 的步骤2元数据...
  -  正在下载用户 崩坏星穹铁道 图片: 2025-10-07_1120862771411419144_1.png
  - 正在从本地元数据 '2025-10-07_1120862771411419144.json' 中提取内容...
  - 正在创建最终内容JSON文件: 2025-10-07_1120862771411419144.json
  - 正在保存动态 1120491692629164118 的步骤2元数据...
  -  正在下载用户 崩坏星穹铁道 图片: 2025-10-06_1120491692629164118_1.png
  - 正在从本地元数据 '2025-10-06_1120491692629164118.json' 中提取内容...
  - 正在创建最终内容JSON文件: 2025-10-06_1120491692629164118.json
  - 正在保存动态 1117894090015375400 的步骤2元数据...
  -  正在下载用户 崩坏星穹铁道 图片: 2025-09-29_1117894090015375400_1.png
  -  正在下载用户 崩坏星穹铁道 图片: 2025-09-29_1117894090015375400_2.png
  -  正在下载用户 崩坏星穹铁道 图片: 2025-09-29_1117894090015375400_3.gif
  -  正在下载用户 崩坏星穹铁道 图片: 2025-09-29_1117894090015375400_4.png
  - 正在从本地元数据 '2025-09-29_1117894090015375400.json' 中提取内容...
  - 正在创建最终内容JSON文件: 2025-09-29_1117894090015375400.json
  - 正在保存动态 1116765372597403696 的步骤2元数据...
  -  正在下载用户 崩坏星穹铁道 图片: 2025-09-26_1116765372597403696_1.png
  -  正在下载用户 崩坏星穹铁道 图片: 2025-09-26_1116765372597403696_2.png
  -  正在下载用户 崩坏星穹铁道 图片: 2025-09-26_1116765372597403696_3.png
  -  正在下载用户 崩坏星穹铁道 图片: 2025-09-26_1116765372597403696_4.gif
  -  正在下载用户 崩坏星穹铁道 图片: 2025-09-26_1116765372597403696_5.gif
  -  正在下载用户 崩坏星穹铁道 图片: 2025-09-26_1116765372597403696_6.gif
  - 正在从本地元数据 '2025-09-26_1116765372597403696.json' 中提取内容...
  - 正在创建最终内容JSON文件: 2025-09-26_1116765372597403696.json
  - 正在保存动态 1116425211193851909 的步骤2元数据...
  -  正在下载用户 崩坏星穹铁道 图片: 2025-09-25_1116425211193851909_1.jpg
  -  正在下载用户 崩坏星穹铁道 图片: 2025-09-25_1116425211193851909_2.jpg
  -  正在下载用户 崩坏星穹铁道 图片: 2025-09-25_1116425211193851909_3.jpg
  -  正在下载用户 崩坏星穹铁道 图片: 2025-09-25_1116425211193851909_4.jpg
  -  正在下载用户 崩坏星穹铁道 图片: 2025-09-25_1116425211193851909_5.jpg
  -  正在下载用户 崩坏星穹铁道 图片: 2025-09-25_1116425211193851909_6.gif
  -  正在下载用户 崩坏星穹铁道 图片: 2025-09-25_1116425211193851909_7.jpg
  - 正在从本地元数据 '2025-09-25_1116425211193851909.json' 中提取内容...
  - 正在创建最终内容JSON文件: 2025-09-25_1116425211193851909.json
  - 正在保存动态 1116409755700559945 的步骤2元数据...
  -  正在下载用户 崩坏星穹铁道 图片: 2025-09-25_1116409755700559945_1.jpg
  -  正在下载用户 崩坏星穹铁道 图片: 2025-09-25_1116409755700559945_2.jpg
  -  正在下载用户 崩坏星穹铁道 图片: 2025-09-25_1116409755700559945_3.jpg
  -  正在下载用户 崩坏星穹铁道 图片: 2025-09-25_1116409755700559945_4.jpg
  -  正在下载用户 崩坏星穹铁道 图片: 2025-09-25_1116409755700559945_5.jpg
  -  正在下载用户 崩坏星穹铁道 图片: 2025-09-25_1116409755700559945_6.jpg
  -  正在下载用户 崩坏星穹铁道 图片: 2025-09-25_1116409755700559945_7.jpg
  -  正在下载用户 崩坏星穹铁道 图片: 2025-09-25_1116409755700559945_8.jpg
  -  正在下载用户 崩坏星穹铁道 图片: 2025-09-25_1116409755700559945_9.jpg
  -  正在下载用户 崩坏星穹铁道 图片: 2025-09-25_1116409755700559945_10.jpg
  -  正在下载用户 崩坏星穹铁道 图片: 2025-09-25_1116409755700559945_11.jpg
  -  正在下载用户 崩坏星穹铁道 图片: 2025-09-25_1116409755700559945_12.jpg
  - 正在从本地元数据 '2025-09-25_1116409755700559945.json' 中提取内容...
  - 正在创建最终内容JSON文件: 2025-09-25_1116409755700559945.json
  - 正在保存动态 1116135311633547289 的步骤2元数据...
  -  正在下载用户 崩坏星穹铁道 图片: 2025-09-24_1116135311633547289_1.jpg
  -  正在下载用户 崩坏星穹铁道 图片: 2025-09-24_1116135311633547289_2.jpg
  -  正在下载用户 崩坏星穹铁道 图片: 2025-09-24_1116135311633547289_3.jpg
  -  正在下载用户 崩坏星穹铁道 图片: 2025-09-24_1116135311633547289_4.jpg
  - 正在从本地元数据 '2025-09-24_1116135311633547289.json' 中提取内容...
  - 正在创建最终内容JSON文件: 2025-09-24_1116135311633547289.json
  - 正在保存动态 1116131532067569669 的步骤2元数据...
  -  正在下载用户 崩坏星穹铁道 图片: 2025-09-24_1116131532067569669_1.png
  - 正在从本地元数据 '2025-09-24_1116131532067569669.json' 中提取内容...
  - 正在创建最终内容JSON文件: 2025-09-24_1116131532067569669.json
  - 正在保存动态 1116054125981728770 的步骤2元数据...
  -  正在下载用户 崩坏星穹铁道 图片: 2025-09-24_1116054125981728770_1.jpg
  - 正在从本地元数据 '2025-09-24_1116054125981728770.json' 中提取内容...
  - 正在创建最终内容JSON文件: 2025-09-24_1116054125981728770.json
  - 正在保存动态 1116038760727838759 的步骤2元数据...
  -  正在下载用户 崩坏星穹铁道 图片: 2025-09-24_1116038760727838759_1.jpg
  - 正在从本地元数据 '2025-09-24_1116038760727838759.json' 中提取内容...
  - 正在创建最终内容JSON文件: 2025-09-24_1116038760727838759.json
  - 正在保存动态 1116023202222440488 的步骤2元数据...
  -  正在下载用户 崩坏星穹铁道 图片: 2025-09-24_1116023202222440488_1.png
  - 正在从本地元数据 '2025-09-24_1116023202222440488.json' 中提取内容...
  - 正在创建最终内容JSON文件: 2025-09-24_1116023202222440488.json
  - 正在保存动态 1116015623785152514 的步骤2元数据...
  -  正在下载用户 崩坏星穹铁道 图片: 2025-09-24_1116015623785152514_1.jpg
  - 正在从本地元数据 '2025-09-24_1116015623785152514.json' 中提取内容...
  - 正在创建最终内容JSON文件: 2025-09-24_1116015623785152514.json
  - 错误：无法获取下一页的 offset，停止获取。

>>>>>>>>> 完成用户 '崩坏星穹铁道' 的处理，总耗时: 0h 0m 54.92s <<<<<<<<<
  - 本次处理动态数: 20
  - 成功下载图片数: 73
  - 下载失败图片数: 0
>>>>>>>>>>>>>>>>>>>>>>>>>>>>>>>>>>>>>>>>>>>>>>>>>>>>>>>>>>>>>>>>

>>>>>>>>> 开始处理用户ID: 1636034895 (https://space.bilibili.com/1636034895/article) <<<<<<<<<

[步骤1] 使用 'ITERATIVE' 模式，正在准备迭代获取动态 URL...

[步骤2] 开始处理用户 1636034895 的动态...

用户识别为: '绝区零'
文件将保存至: C:\Base1.5-美女图片\bili\gallery-dl\bilibili_images\绝区零
  - 正在保存动态 1123924224092667907 的步骤2元数据...
  -  正在下载用户 绝区零 图片: 2025-10-15_1123924224092667907_1.jpg
  -  正在下载用户 绝区零 图片: 2025-10-15_1123924224092667907_2.png
  - 正在从本地元数据 '2025-10-15_1123924224092667907.json' 中提取内容...
  - 正在创建最终内容JSON文件: 2025-10-15_1123924224092667907.json
  - 正在保存动态 1123862376510128136 的步骤2元数据...
  -  正在下载用户 绝区零 图片: 2025-10-15_1123862376510128136_1.png
  -  正在下载用户 绝区零 图片: 2025-10-15_1123862376510128136_2.png
  - 正在从本地元数据 '2025-10-15_1123862376510128136.json' 中提取内容...
  - 正在创建最终内容JSON文件: 2025-10-15_1123862376510128136.json
  - 正在保存动态 1123819856354869257 的步骤2元数据...
  -  正在下载用户 绝区零 图片: 2025-10-15_1123819856354869257_1.jpg
  - 正在从本地元数据 '2025-10-15_1123819856354869257.json' 中提取内容...
  - 正在创建最终内容JSON文件: 2025-10-15_1123819856354869257.json
  - 正在保存动态 1123815990919954440 的步骤2元数据...
  -  正在下载用户 绝区零 图片: 2025-10-15_1123815990919954440_1.png
  - 正在从本地元数据 '2025-10-15_1123815990919954440.json' 中提取内容...
  - 正在创建最终内容JSON文件: 2025-10-15_1123815990919954440.json
  - 正在保存动态 1123800529029300227 的步骤2元数据...
  -  正在下载用户 绝区零 图片: 2025-10-15_1123800529029300227_1.jpg
  - 正在从本地元数据 '2025-10-15_1123800529029300227.json' 中提取内容...
  - 正在创建最终内容JSON文件: 2025-10-15_1123800529029300227.json
  - 正在保存动态 1123754149776719875 的步骤2元数据...
  -  正在下载用户 绝区零 图片: 2025-10-15_1123754149776719875_1.jpg
  - 正在从本地元数据 '2025-10-15_1123754149776719875.json' 中提取内容...
  - 正在创建最终内容JSON文件: 2025-10-15_1123754149776719875.json
  - 正在保存动态 1123560869827969032 的步骤2元数据...
  -  正在下载用户 绝区零 图片: 2025-10-14_1123560869827969032_1.png
  -  正在下载用户 绝区零 图片: 2025-10-14_1123560869827969032_2.png
  -  正在下载用户 绝区零 图片: 2025-10-14_1123560869827969032_3.png
  -  正在下载用户 绝区零 图片: 2025-10-14_1123560869827969032_4.png
  -  正在下载用户 绝区零 图片: 2025-10-14_1123560869827969032_5.png
  -  正在下载用户 绝区零 图片: 2025-10-14_1123560869827969032_6.png
  -  正在下载用户 绝区零 图片: 2025-10-14_1123560869827969032_7.png
  - 正在从本地元数据 '2025-10-14_1123560869827969032.json' 中提取内容...
  - 正在创建最终内容JSON文件: 2025-10-14_1123560869827969032.json
  - 正在保存动态 1123557004395151361 的步骤2元数据...
  -  正在下载用户 绝区零 图片: 2025-10-14_1123557004395151361_1.jpg
  - 正在从本地元数据 '2025-10-14_1123557004395151361.json' 中提取内容...
  - 正在创建最终内容JSON文件: 2025-10-14_1123557004395151361.json
  - 正在保存动态 1123471964043739145 的步骤2元数据...
  -  正在下载用户 绝区零 图片: 2025-10-14_1123471964043739145_1.jpg
  - 正在从本地元数据 '2025-10-14_1123471964043739145.json' 中提取内容...
  - 正在创建最终内容JSON文件: 2025-10-14_1123471964043739145.json
  - 正在保存动态 1123468098509209601 的步骤2元数据...
  -  正在下载用户 绝区零 图片: 2025-10-14_1123468098509209601_1.jpg
  - 正在从本地元数据 '2025-10-14_1123468098509209601.json' 中提取内容...
  - 正在创建最终内容JSON文件: 2025-10-14_1123468098509209601.json
  - 正在保存动态 1123460367617359876 的步骤2元数据...
  -  正在下载用户 绝区零 图片: 2025-10-14_1123460367617359876_1.png
  -  正在下载用户 绝区零 图片: 2025-10-14_1123460367617359876_2.gif
  -  正在下载用户 绝区零 图片: 2025-10-14_1123460367617359876_3.gif
  - 正在从本地元数据 '2025-10-14_1123460367617359876.json' 中提取内容...
  - 正在创建最终内容JSON文件: 2025-10-14_1123460367617359876.json
  - 正在保存动态 1123205246519083026 的步骤2元数据...
  -  正在下载用户 绝区零 图片: 2025-10-13_1123205246519083026_1.png
  -  正在下载用户 绝区零 图片: 2025-10-13_1123205246519083026_2.jpg
  - 正在从本地元数据 '2025-10-13_1123205246519083026.json' 中提取内容...
  - 正在创建最终内容JSON文件: 2025-10-13_1123205246519083026.json
  - 正在保存动态 1123189784657788929 的步骤2元数据...
  -  正在下载用户 绝区零 图片: 2025-10-13_1123189784657788929_1.jpg
  - 正在从本地元数据 '2025-10-13_1123189784657788929.json' 中提取内容...
  - 正在创建最终内容JSON文件: 2025-10-13_1123189784657788929.json
  - 正在保存动态 1123097013347418118 的步骤2元数据...
  -  正在下载用户 绝区零 图片: 2025-10-13_1123097013347418118_1.png
  -  正在下载用户 绝区零 图片: 2025-10-13_1123097013347418118_2.png
  - 正在从本地元数据 '2025-10-13_1123097013347418118.json' 中提取内容...
  - 正在创建最终内容JSON文件: 2025-10-13_1123097013347418118.json
  - 正在保存动态 1123093147927183360 的步骤2元数据...
  -  正在下载用户 绝区零 图片: 2025-10-13_1123093147927183360_1.png
  - 正在从本地元数据 '2025-10-13_1123093147927183360.json' 中提取内容...
  - 正在创建最终内容JSON文件: 2025-10-13_1123093147927183360.json
  - 正在保存动态 1123090570944708626 的步骤2元数据...
  -  正在下载用户 绝区零 图片: 2025-10-13_1123090570944708626_1.jpg
  - 正在从本地元数据 '2025-10-13_1123090570944708626.json' 中提取内容...
  - 正在创建最终内容JSON文件: 2025-10-13_1123090570944708626.json
  - 正在保存动态 1123089293170966544 的步骤2元数据...
  -  正在下载用户 绝区零 图片: 2025-10-13_1123089293170966544_1.png
  - 正在从本地元数据 '2025-10-13_1123089293170966544.json' 中提取内容...
  - 正在创建最终内容JSON文件: 2025-10-13_1123089293170966544.json
  - 正在保存动态 1122810968512921634 的步骤2元数据...
  -  正在下载用户 绝区零 图片: 2025-10-12_1122810968512921634_1.png
  -  正在下载用户 绝区零 图片: 2025-10-12_1122810968512921634_2.jpg
  -  正在下载用户 绝区零 图片: 2025-10-12_1122810968512921634_3.jpg
  -  正在下载用户 绝区零 图片: 2025-10-12_1122810968512921634_4.gif
  -  正在下载用户 绝区零 图片: 2025-10-12_1122810968512921634_5.gif
  -  正在下载用户 绝区零 图片: 2025-10-12_1122810968512921634_6.gif
  -  正在下载用户 绝区零 图片: 2025-10-12_1122810968512921634_7.gif
  -  正在下载用户 绝区零 图片: 2025-10-12_1122810968512921634_8.gif
  - 正在从本地元数据 '2025-10-12_1122810968512921634.json' 中提取内容...
  - 正在创建最终内容JSON文件: 2025-10-12_1122810968512921634.json
  - 正在保存动态 1122726050607923224 的步骤2元数据...
  -  正在下载用户 绝区零 图片: 2025-10-12_1122726050607923224_1.jpg
  - 正在从本地元数据 '2025-10-12_1122726050607923224.json' 中提取内容...
  - 正在创建最终内容JSON文件: 2025-10-12_1122726050607923224.json
  - 正在保存动态 1122718246628229204 的步骤2元数据...
  -  正在下载用户 绝区零 图片: 2025-10-12_1122718246628229204_1.jpg
  -  正在下载用户 绝区零 图片: 2025-10-12_1122718246628229204_2.jpg
  -  正在下载用户 绝区零 图片: 2025-10-12_1122718246628229204_3.jpg
  - 正在从本地元数据 '2025-10-12_1122718246628229204.json' 中提取内容...
  - 正在创建最终内容JSON文件: 2025-10-12_1122718246628229204.json
  - 错误：无法获取下一页的 offset，停止获取。

>>>>>>>>> 完成用户 '绝区零' 的处理，总耗时: 0h 0m 33.32s <<<<<<<<<
  - 本次处理动态数: 20
  - 成功下载图片数: 41
  - 下载失败图片数: 0
>>>>>>>>>>>>>>>>>>>>>>>>>>>>>>>>>>>>>>>>>>>>>>>>>>>>>>>>>>>>>>>>

>>>>>>>>> 开始处理用户ID: 35117822 (https://space.bilibili.com/35117822/article) <<<<<<<<<

[步骤1] 使用 'ITERATIVE' 模式，正在准备迭代获取动态 URL...

[步骤2] 开始处理用户 35117822 的动态...

用户识别为: '好喜欢蜜桃四季春'
文件将保存至: C:\Base1.5-美女图片\bili\gallery-dl\bilibili_images\好喜欢蜜桃四季春
  - 正在保存动态 1112875908149018626 的步骤2元数据...
  -  正在下载用户 好喜欢蜜桃四季春 图片: 2025-09-15_1112875908149018626_1.png
  - 正在从本地元数据 '2025-09-15_1112875908149018626.json' 中提取内容...
  - 正在创建最终内容JSON文件: 2025-09-15_1112875908149018626.json
  - 步骤2元数据 '2025-08-09_1099122847368871975.json' 已存在，跳过保存。
  - 正在从本地元数据 '2025-08-09_1099122847368871975.json' 中提取内容...
  - 正在创建最终内容JSON文件: 2025-08-09_1099122847368871975.json
  - 步骤2元数据 '2025-07-02_1085007085167443990.json' 已存在，跳过保存。
  - 所有 1 张图片均已存在，全部跳过。
  - 正在从本地元数据 '2025-07-02_1085007085167443990.json' 中提取内容...
  - 正在创建最终内容JSON文件: 2025-07-02_1085007085167443990.json
  - 步骤2元数据 '2025-06-07_1075409624276926471.json' 已存在，跳过保存。
  - 所有 1 张图片均已存在，全部跳过。
  - 正在从本地元数据 '2025-06-07_1075409624276926471.json' 中提取内容...
  - 正在创建最终内容JSON文件: 2025-06-07_1075409624276926471.json
  - 步骤2元数据 '2025-06-03_1074260862235050000.json' 已存在，跳过保存。
  - 所有 1 张图片均已存在，全部跳过。
  - 正在从本地元数据 '2025-06-03_1074260862235050000.json' 中提取内容...
  - 正在创建最终内容JSON文件: 2025-06-03_1074260862235050000.json
  - 步骤2元数据 '2025-05-11_1065701692489596937.json' 已存在，跳过保存。
  - 所有 1 张图片均已存在，全部跳过。
  - 正在从本地元数据 '2025-05-11_1065701692489596937.json' 中提取内容...
  - 正在创建最终内容JSON文件: 2025-05-11_1065701692489596937.json
  - 步骤2元数据 '2025-05-06_1063892467608190981.json' 已存在，跳过保存。
  - 所有 1 张图片均已存在，全部跳过。
  - 正在从本地元数据 '2025-05-06_1063892467608190981.json' 中提取内容...
  - 正在创建最终内容JSON文件: 2025-05-06_1063892467608190981.json
  - 步骤2元数据 '2025-04-16_1056433024242024454.json' 已存在，跳过保存。
  - 所有 2 张图片均已存在，全部跳过。
  - 正在从本地元数据 '2025-04-16_1056433024242024454.json' 中提取内容...
  - 正在创建最终内容JSON文件: 2025-04-16_1056433024242024454.json
  - 步骤2元数据 '2025-03-07_1041274345193734150.json' 已存在，跳过保存。
  - 所有 4 张图片均已存在，全部跳过。
  - 正在从本地元数据 '2025-03-07_1041274345193734150.json' 中提取内容...
  - 正在创建最终内容JSON文件: 2025-03-07_1041274345193734150.json
  - 步骤2元数据 '2025-03-01_1039407799663067158.json' 已存在，跳过保存。
  - 所有 2 张图片均已存在，全部跳过。
  - 正在从本地元数据 '2025-03-01_1039407799663067158.json' 中提取内容...
  - 正在创建最终内容JSON文件: 2025-03-01_1039407799663067158.json
  - 步骤2元数据 '2024-11-12_998628768780124162.json' 已存在，跳过保存。
  - 所有 12 张图片均已存在，全部跳过。
  - 正在从本地元数据 '2024-11-12_998628768780124162.json' 中提取内容...
  - 正在创建最终内容JSON文件: 2024-11-12_998628768780124162.json
  - 步骤2元数据 '2024-10-27_992884756808990741.json' 已存在，跳过保存。
  - 所有 2 张图片均已存在，全部跳过。
  - 正在从本地元数据 '2024-10-27_992884756808990741.json' 中提取内容...
  - 正在创建最终内容JSON文件: 2024-10-27_992884756808990741.json
  - 步骤2元数据 '2024-09-23_980405853926457347.json' 已存在，跳过保存。
  - 所有 4 张图片均已存在，全部跳过。
  - 正在从本地元数据 '2024-09-23_980405853926457347.json' 中提取内容...
  - 正在创建最终内容JSON文件: 2024-09-23_980405853926457347.json
  - 步骤2元数据 '2024-08-15_965583131728936966.json' 已存在，跳过保存。
  - 所有 4 张图片均已存在，全部跳过。
  - 正在从本地元数据 '2024-08-15_965583131728936966.json' 中提取内容...
  - 正在创建最终内容JSON文件: 2024-08-15_965583131728936966.json
  - 步骤2元数据 '2024-07-23_957063892091011074.json' 已存在，跳过保存。
  - 所有 9 张图片均已存在，全部跳过。
  - 正在从本地元数据 '2024-07-23_957063892091011074.json' 中提取内容...
  - 正在创建最终内容JSON文件: 2024-07-23_957063892091011074.json
  - 步骤2元数据 '2024-07-11_952850898518802469.json' 已存在，跳过保存。
  - 所有 9 张图片均已存在，全部跳过。
  - 正在从本地元数据 '2024-07-11_952850898518802469.json' 中提取内容...
  - 正在创建最终内容JSON文件: 2024-07-11_952850898518802469.json
  - 步骤2元数据 '2024-05-20_933621290529456133.json' 已存在，跳过保存。
  - 所有 2 张图片均已存在，全部跳过。
  - 正在从本地元数据 '2024-05-20_933621290529456133.json' 中提取内容...
  - 正在创建最终内容JSON文件: 2024-05-20_933621290529456133.json
  - 步骤2元数据 '2021-08-25_562786087536824211.json' 已存在，跳过保存。
  - 所有 5 张图片均已存在，全部跳过。
  - 正在从本地元数据 '2021-08-25_562786087536824211.json' 中提取内容...
  - 正在创建最终内容JSON文件: 2021-08-25_562786087536824211.json
  - 步骤2元数据 '2021-08-25_562785774006306547.json' 已存在，跳过保存。
  - 所有 9 张图片均已存在，全部跳过。
  - 正在从本地元数据 '2021-08-25_562785774006306547.json' 中提取内容...
  - 正在创建最终内容JSON文件: 2021-08-25_562785774006306547.json

>>>>>>>>> 完成用户 '好喜欢蜜桃四季春' 的处理，总耗时: 0h 0m 20.30s <<<<<<<<<
  - 本次处理动态数: 19
  - 成功下载图片数: 1
  - 下载失败图片数: 0
>>>>>>>>>>>>>>>>>>>>>>>>>>>>>>>>>>>>>>>>>>>>>>>>>>>>>>>>>>>>>>>>

>>>>>>>>> 开始处理用户ID: 10982073 (https://space.bilibili.com/10982073/article) <<<<<<<<<

[步骤1] 使用 'ITERATIVE' 模式，正在准备迭代获取动态 URL...

  - 检测到 'undownloaded.json'，正在尝试重新下载 明前奶粉罐 的失败项目...
  -  正在下载用户 明前奶粉罐 图片: 2024-06-16_943593796613963785_1.png
  - 下载失败: 404 Client Error: Not Found for url: http://i0.hdslb.com/bfs/new_dyn/56b6384f1edcac67c2100cf79421925e10982073.png
  - 5秒后重试... (尝试 2/3)
  - 下载失败: 404 Client Error: Not Found for url: http://i0.hdslb.com/bfs/new_dyn/56b6384f1edcac67c2100cf79421925e10982073.png
  - 5秒后重试... (尝试 3/3)
  - 下载失败: 404 Client Error: Not Found for url: http://i0.hdslb.com/bfs/new_dyn/56b6384f1edcac67c2100cf79421925e10982073.png
  - 所有重试均失败，跳过此图片。
  -  正在下载用户 明前奶粉罐 图片: 2024-06-16_943593796613963785_2.jpg
  - 下载失败: 404 Client Error: Not Found for url: http://i0.hdslb.com/bfs/new_dyn/c74201ee011891f3cc8c8ad1c4077f1810982073.jpg
  - 5秒后重试... (尝试 2/3)
  - 下载失败: 404 Client Error: Not Found for url: http://i0.hdslb.com/bfs/new_dyn/c74201ee011891f3cc8c8ad1c4077f1810982073.jpg
  - 5秒后重试... (尝试 3/3)
  - 下载失败: 404 Client Error: Not Found for url: http://i0.hdslb.com/bfs/new_dyn/c74201ee011891f3cc8c8ad1c4077f1810982073.jpg
  - 所有重试均失败，跳过此图片。
  - 重试完成: 0 个成功, 2 个失败。

[步骤2] 开始处理用户 10982073 的动态...

用户识别为: '明前奶粉罐'
文件将保存至: C:\Base1.5-美女图片\bili\gallery-dl\bilibili_images\明前奶粉罐
  - 正在保存动态 1120106172103262216 的步骤2元数据...
  -  正在下载用户 明前奶粉罐 图片: 2025-10-05_1120106172103262216_1.jpg
  -  正在下载用户 明前奶粉罐 图片: 2025-10-05_1120106172103262216_2.jpg
  - 正在从本地元数据 '2025-10-05_1120106172103262216.json' 中提取内容...
  - 正在创建最终内容JSON文件: 2025-10-05_1120106172103262216.json
  - 步骤2元数据 '2025-07-31_1095651358459035656.json' 已存在，跳过保存。
  - 所有 2 张图片均已存在，全部跳过。
  - 正在从本地元数据 '2025-07-31_1095651358459035656.json' 中提取内容...
  - 正在创建最终内容JSON文件: 2025-07-31_1095651358459035656.json
  - 步骤2元数据 '2025-07-19_1091149085976559655.json' 已存在，跳过保存。
  - 所有 3 张图片均已存在，全部跳过。
  - 正在从本地元数据 '2025-07-19_1091149085976559655.json' 中提取内容...
  - 正在创建最终内容JSON文件: 2025-07-19_1091149085976559655.json
  - 步骤2元数据 '2025-07-15_1089830316251545606.json' 已存在，跳过保存。
  - 所有 6 张图片均已存在，全部跳过。
  - 正在从本地元数据 '2025-07-15_1089830316251545606.json' 中提取内容...
  - 正在创建最终内容JSON文件: 2025-07-15_1089830316251545606.json
  - 步骤2元数据 '2025-06-28_1083488552248934405.json' 已存在，跳过保存。
  - 所有 1 张图片均已存在，全部跳过。
  - 正在从本地元数据 '2025-06-28_1083488552248934405.json' 中提取内容...
  - 正在创建最终内容JSON文件: 2025-06-28_1083488552248934405.json
  - 步骤2元数据 '2025-05-28_1071990082954592265.json' 已存在，跳过保存。
  - 所有 3 张图片均已存在，全部跳过。
  - 正在从本地元数据 '2025-05-28_1071990082954592265.json' 中提取内容...
  - 正在创建最终内容JSON文件: 2025-05-28_1071990082954592265.json
  - 步骤2元数据 '2025-05-01_1061930354708840487.json' 已存在，跳过保存。
  - 所有 1 张图片均已存在，全部跳过。
  - 正在从本地元数据 '2025-05-01_1061930354708840487.json' 中提取内容...
  - 正在创建最终内容JSON文件: 2025-05-01_1061930354708840487.json
  - 步骤2元数据 '2025-04-27_1060493902939684889.json' 已存在，跳过保存。
  - 所有 2 张图片均已存在，全部跳过。
  - 正在从本地元数据 '2025-04-27_1060493902939684889.json' 中提取内容...
  - 正在创建最终内容JSON文件: 2025-04-27_1060493902939684889.json
  - 步骤2元数据 '2025-04-02_1051255595759304706.json' 已存在，跳过保存。
  - 所有 1 张图片均已存在，全部跳过。
  - 正在从本地元数据 '2025-04-02_1051255595759304706.json' 中提取内容...
  - 正在创建最终内容JSON文件: 2025-04-02_1051255595759304706.json
  - 步骤2元数据 '2025-03-30_1049994872540364806.json' 已存在，跳过保存。
  - 所有 2 张图片均已存在，全部跳过。
  - 正在从本地元数据 '2025-03-30_1049994872540364806.json' 中提取内容...
  - 正在创建最终内容JSON文件: 2025-03-30_1049994872540364806.json
  - 步骤2元数据 '2025-03-04_1040339330800812035.json' 已存在，跳过保存。
  - 所有 3 张图片均已存在，全部跳过。
  - 正在从本地元数据 '2025-03-04_1040339330800812035.json' 中提取内容...
  - 正在创建最终内容JSON文件: 2025-03-04_1040339330800812035.json
  - 步骤2元数据 '2025-01-28_1027506316426346505.json' 已存在，跳过保存。
  - 所有 1 张图片均已存在，全部跳过。
  - 正在从本地元数据 '2025-01-28_1027506316426346505.json' 中提取内容...
  - 正在创建最终内容JSON文件: 2025-01-28_1027506316426346505.json
  - 步骤2元数据 '2025-01-12_1021425042119983107.json' 已存在，跳过保存。
  - 所有 1 张图片均已存在，全部跳过。
  - 正在从本地元数据 '2025-01-12_1021425042119983107.json' 中提取内容...
  - 正在创建最终内容JSON文件: 2025-01-12_1021425042119983107.json
  - 步骤2元数据 '2025-01-05_1018921656040554516.json' 已存在，跳过保存。
  - 所有 4 张图片均已存在，全部跳过。
  - 正在从本地元数据 '2025-01-05_1018921656040554516.json' 中提取内容...
  - 正在创建最终内容JSON文件: 2025-01-05_1018921656040554516.json
  - 步骤2元数据 '2024-11-14_999357388509151240.json' 已存在，跳过保存。
  - 所有 2 张图片均已存在，全部跳过。
  - 正在从本地元数据 '2024-11-14_999357388509151240.json' 中提取内容...
  - 正在创建最终内容JSON文件: 2024-11-14_999357388509151240.json
  - 步骤2元数据 '2024-11-01_994748003820503041.json' 已存在，跳过保存。
  - 所有 1 张图片均已存在，全部跳过。
  - 正在从本地元数据 '2024-11-01_994748003820503041.json' 中提取内容...
  - 正在创建最终内容JSON文件: 2024-11-01_994748003820503041.json
  - 步骤2元数据 '2024-10-27_992836507158970404.json' 已存在，跳过保存。
  - 所有 3 张图片均已存在，全部跳过。
  - 正在从本地元数据 '2024-10-27_992836507158970404.json' 中提取内容...
  - 正在创建最终内容JSON文件: 2024-10-27_992836507158970404.json
  - 步骤2元数据 '2024-10-26_992647283803684900.json' 已存在，跳过保存。
  - 所有 4 张图片均已存在，全部跳过。
  - 正在从本地元数据 '2024-10-26_992647283803684900.json' 中提取内容...
  - 正在创建最终内容JSON文件: 2024-10-26_992647283803684900.json
  - 步骤2元数据 '2024-10-17_989226123304894487.json' 已存在，跳过保存。
  - 所有 3 张图片均已存在，全部跳过。
  - 正在从本地元数据 '2024-10-17_989226123304894487.json' 中提取内容...
  - 正在创建最终内容JSON文件: 2024-10-17_989226123304894487.json
  - 步骤2元数据 '2024-10-14_988134681887113252.json' 已存在，跳过保存。
  - 所有 3 张图片均已存在，全部跳过。
  - 正在从本地元数据 '2024-10-14_988134681887113252.json' 中提取内容...
  - 正在创建最终内容JSON文件: 2024-10-14_988134681887113252.json
  - 错误：无法获取下一页的 offset，停止获取。

  - 将 2 个未下载的图片信息保存到 'undownloaded.json'...

>>>>>>>>> 完成用户 '明前奶粉罐' 的处理，总耗时: 0h 0m 45.96s <<<<<<<<<
  - 本次处理动态数: 20
  - 成功下载图片数: 2
  - 下载失败图片数: 2
>>>>>>>>>>>>>>>>>>>>>>>>>>>>>>>>>>>>>>>>>>>>>>>>>>>>>>>>>>>>>>>>

>>>>>>>>> 开始处理用户ID: 560647 (https://space.bilibili.com/560647/article) <<<<<<<<<

[步骤1] 使用 'ITERATIVE' 模式，正在准备迭代获取动态 URL...

[步骤2] 开始处理用户 560647 的动态...

用户识别为: '坂坂白'
文件将保存至: C:\Base1.5-美女图片\bili\gallery-dl\bilibili_images\坂坂白
  - 正在保存动态 1121297888087900178 的步骤2元数据...
  -  正在下载用户 坂坂白 图片: 2025-10-08_1121297888087900178_1.png
  -  正在下载用户 坂坂白 图片: 2025-10-08_1121297888087900178_2.png
  - 正在从本地元数据 '2025-10-08_1121297888087900178.json' 中提取内容...
  - 正在创建最终内容JSON文件: 2025-10-08_1121297888087900178.json
  - 正在保存动态 1120930518027730949 的步骤2元数据...
  -  正在下载用户 坂坂白 图片: 2025-10-07_1120930518027730949_1.jpg
  - 正在从本地元数据 '2025-10-07_1120930518027730949.json' 中提取内容...
  - 正在创建最终内容JSON文件: 2025-10-07_1120930518027730949.json
  - 正在保存动态 1120567172376035346 的步骤2元数据...
  -  正在下载用户 坂坂白 图片: 2025-10-06_1120567172376035346_1.png
  -  正在下载用户 坂坂白 图片: 2025-10-06_1120567172376035346_2.png
  - 正在从本地元数据 '2025-10-06_1120567172376035346.json' 中提取内容...
  - 正在创建最终内容JSON文件: 2025-10-06_1120567172376035346.json
  - 正在保存动态 1120118270991532049 的步骤2元数据...
  - 正在从本地元数据 '2025-10-05_1120118270991532049.json' 中提取内容...
  - 正在创建最终内容JSON文件: 2025-10-05_1120118270991532049.json
  - 正在保存动态 1119090584131207176 的步骤2元数据...
  -  正在下载用户 坂坂白 图片: 2025-10-02_1119090584131207176_1.png
  - 正在从本地元数据 '2025-10-02_1119090584131207176.json' 中提取内容...
  - 正在创建最终内容JSON文件: 2025-10-02_1119090584131207176.json
  - 正在保存动态 1118627049803612162 的步骤2元数据...
  -  正在下载用户 坂坂白 图片: 2025-10-01_1118627049803612162_1.png
  - 正在从本地元数据 '2025-10-01_1118627049803612162.json' 中提取内容...
  - 正在创建最终内容JSON文件: 2025-10-01_1118627049803612162.json
  - 正在保存动态 1111642861693042690 的步骤2元数据...
  -  正在下载用户 坂坂白 图片: 2025-09-12_1111642861693042690_1.png
  - 正在从本地元数据 '2025-09-12_1111642861693042690.json' 中提取内容...
  - 正在创建最终内容JSON文件: 2025-09-12_1111642861693042690.json
  - 正在保存动态 1110185227140988930 的步骤2元数据...
  -  正在下载用户 坂坂白 图片: 2025-09-08_1110185227140988930_1.png
  -  正在下载用户 坂坂白 图片: 2025-09-08_1110185227140988930_2.png
  - 正在从本地元数据 '2025-09-08_1110185227140988930.json' 中提取内容...
  - 正在创建最终内容JSON文件: 2025-09-08_1110185227140988930.json
  - 正在保存动态 1107957930105241609 的步骤2元数据...
  -  正在下载用户 坂坂白 图片: 2025-09-02_1107957930105241609_1.png
  - 正在从本地元数据 '2025-09-02_1107957930105241609.json' 中提取内容...
  - 正在创建最终内容JSON文件: 2025-09-02_1107957930105241609.json
  - 步骤2元数据 '2025-08-29_1106441183891030032.json' 已存在，跳过保存。
  - 所有 1 张图片均已存在，全部跳过。
  - 正在从本地元数据 '2025-08-29_1106441183891030032.json' 中提取内容...
  - 正在创建最终内容JSON文件: 2025-08-29_1106441183891030032.json
  - 步骤2元数据 '2025-08-25_1104931262372511767.json' 已存在，跳过保存。
  - 所有 1 张图片均已存在，全部跳过。
  - 正在从本地元数据 '2025-08-25_1104931262372511767.json' 中提取内容...
  - 正在创建最终内容JSON文件: 2025-08-25_1104931262372511767.json
  - 步骤2元数据 '2025-08-22_1103877848602509361.json' 已存在，跳过保存。
  - 所有 1 张图片均已存在，全部跳过。
  - 正在从本地元数据 '2025-08-22_1103877848602509361.json' 中提取内容...
  - 正在创建最终内容JSON文件: 2025-08-22_1103877848602509361.json
  - 步骤2元数据 '2025-08-20_1103222479538618388.json' 已存在，跳过保存。
  - 所有 1 张图片均已存在，全部跳过。
  - 正在从本地元数据 '2025-08-20_1103222479538618388.json' 中提取内容...
  - 正在创建最终内容JSON文件: 2025-08-20_1103222479538618388.json
  - 步骤2元数据 '2025-08-18_1102438811207467008.json' 已存在，跳过保存。
  - 所有 1 张图片均已存在，全部跳过。
  - 正在从本地元数据 '2025-08-18_1102438811207467008.json' 中提取内容...
  - 正在创建最终内容JSON文件: 2025-08-18_1102438811207467008.json
  - 步骤2元数据 '2025-08-18_1102293748683898898.json' 已存在，跳过保存。
  - 所有 1 张图片均已存在，全部跳过。
  - 正在从本地元数据 '2025-08-18_1102293748683898898.json' 中提取内容...
  - 正在创建最终内容JSON文件: 2025-08-18_1102293748683898898.json
  - 步骤2元数据 '2025-08-14_1100926909742579763.json' 已存在，跳过保存。
  - 所有 6 张图片均已存在，全部跳过。
  - 正在从本地元数据 '2025-08-14_1100926909742579763.json' 中提取内容...
  - 正在创建最终内容JSON文件: 2025-08-14_1100926909742579763.json
  - 步骤2元数据 '2025-08-12_1100135854061387778.json' 已存在，跳过保存。
  - 所有 3 张图片均已存在，全部跳过。
  - 正在从本地元数据 '2025-08-12_1100135854061387778.json' 中提取内容...
  - 正在创建最终内容JSON文件: 2025-08-12_1100135854061387778.json
  - 步骤2元数据 '2025-08-10_1099461793321844736.json' 已存在，跳过保存。
  - 所有 1 张图片均已存在，全部跳过。
  - 正在从本地元数据 '2025-08-10_1099461793321844736.json' 中提取内容...
  - 正在创建最终内容JSON文件: 2025-08-10_1099461793321844736.json
  - 步骤2元数据 '2025-08-10_1099327528305164293.json' 已存在，跳过保存。
  - 所有 1 张图片均已存在，全部跳过。
  - 正在从本地元数据 '2025-08-10_1099327528305164293.json' 中提取内容...
  - 正在创建最终内容JSON文件: 2025-08-10_1099327528305164293.json
  - 步骤2元数据 '2025-08-09_1099064105121087492.json' 已存在，跳过保存。
  - 所有 1 张图片均已存在，全部跳过。
  - 正在从本地元数据 '2025-08-09_1099064105121087492.json' 中提取内容...
  - 正在创建最终内容JSON文件: 2025-08-09_1099064105121087492.json
  - 错误：无法获取下一页的 offset，停止获取。

>>>>>>>>> 完成用户 '坂坂白' 的处理，总耗时: 0h 0m 24.60s <<<<<<<<<
  - 本次处理动态数: 20
  - 成功下载图片数: 11
  - 下载失败图片数: 0
>>>>>>>>>>>>>>>>>>>>>>>>>>>>>>>>>>>>>>>>>>>>>>>>>>>>>>>>>>>>>>>>

>>>>>>>>> 开始处理用户ID: 2075682 (https://space.bilibili.com/2075682/article) <<<<<<<<<

[步骤1] 使用 'ITERATIVE' 模式，正在准备迭代获取动态 URL...

  - 检测到 'undownloaded.json'，正在尝试重新下载 Kitaro绮太郎 的失败项目...
  -  正在下载用户 Kitaro绮太郎 图片: 2024-01-18_887872703344672801_8.jpg
