程序启动于: 2026-01-10_20-44-28
----------------------------------------
正在从 'config.py' 的 USERS_ID 列表读取用户 ID...

>>>>>>>>> 开始处理用户ID: 31968078 (https://space.bilibili.com/31968078/article) <<<<<<<<<

[步骤1] 使用 'ITERATIVE' 模式，正在准备迭代获取动态 URL...

  - 检测到 'undownloaded.json'，正在尝试重新下载 粽子淞_31968078 的失败项目...
  -  正在下载用户 粽子淞 资源: 2022-07-23_686075696470032425_2.png
  - 下载失败 (状态码 Unknown): 404 Client Error: Not Found for url: https://i0.hdslb.com/bfs/new_dyn/1acf227103b29ee01bad7c2509f1d03931968078.png
  - 5秒后重试... (尝试 2/3)
  - 下载失败 (状态码 Unknown): 404 Client Error: Not Found for url: https://i0.hdslb.com/bfs/new_dyn/1acf227103b29ee01bad7c2509f1d03931968078.png
  - 5秒后重试... (尝试 3/3)
  - 下载失败 (状态码 Unknown): 404 Client Error: Not Found for url: https://i0.hdslb.com/bfs/new_dyn/1acf227103b29ee01bad7c2509f1d03931968078.png
  - 所有重试均失败，跳过此文件。
  -  正在下载用户 粽子淞 资源: 2022-07-14_682737317394251829_1.jpg
  - 下载失败 (状态码 Unknown): 404 Client Error: Not Found for url: https://i0.hdslb.com/bfs/new_dyn/9f2e06495e9c59bf66832620870aacd431968078.jpg
  - 5秒后重试... (尝试 2/3)
  - 下载失败 (状态码 Unknown): 404 Client Error: Not Found for url: https://i0.hdslb.com/bfs/new_dyn/9f2e06495e9c59bf66832620870aacd431968078.jpg
  - 5秒后重试... (尝试 3/3)
  - 下载失败 (状态码 Unknown): 404 Client Error: Not Found for url: https://i0.hdslb.com/bfs/new_dyn/9f2e06495e9c59bf66832620870aacd431968078.jpg
  - 所有重试均失败，跳过此文件。
  -  正在下载用户 粽子淞 资源: 2022-07-01_677911075341991954_8.png
  - 下载失败 (状态码 Unknown): 404 Client Error: Not Found for url: https://i0.hdslb.com/bfs/new_dyn/3605fb80aa2470cd58a2b02864b8b9a531968078.png
  - 5秒后重试... (尝试 2/3)
  - 下载失败 (状态码 Unknown): 404 Client Error: Not Found for url: https://i0.hdslb.com/bfs/new_dyn/3605fb80aa2470cd58a2b02864b8b9a531968078.png
  - 5秒后重试... (尝试 3/3)
  - 下载失败 (状态码 Unknown): 404 Client Error: Not Found for url: https://i0.hdslb.com/bfs/new_dyn/3605fb80aa2470cd58a2b02864b8b9a531968078.png
  - 所有重试均失败，跳过此文件。
  - 重试完成: 0 个成功 (图片:0/实况图片:0), 3 个失败。

[步骤2] 开始处理用户 31968078 的动态...
  - 正在保存动态 1154738799821979656 的步骤2元数据...
  -  正在下载用户 粽子淞_31968078 资源: 2026-01-06_1154738799821979656_1.jpg
  - [Live Photo] 发现实况视频 (P1)，正在下载...
  -  正在下载用户 粽子淞_31968078 资源: 2026-01-06_1154738799821979656_1.mp4
  - [提取] 读取原始元数据: metadata\step2\2026-01-06_1154738799821979656.json
  - [生成] 写入内容信息文件: 2026-01-06_1154738799821979656.json
  - 正在保存动态 1153618023793295363 的步骤2元数据...
  -  正在下载用户 粽子淞_31968078 资源: 2026-01-03_1153618023793295363_1.jpg
  - [Live Photo] 发现实况视频 (P1)，正在下载...
  -  正在下载用户 粽子淞_31968078 资源: 2026-01-03_1153618023793295363_1.mp4
  -  正在下载用户 粽子淞_31968078 资源: 2026-01-03_1153618023793295363_2.jpg
  - [Live Photo] 发现实况视频 (P2)，正在下载...
  -  正在下载用户 粽子淞_31968078 资源: 2026-01-03_1153618023793295363_2.mp4
  - [提取] 读取原始元数据: metadata\step2\2026-01-03_1153618023793295363.json
  - [生成] 写入内容信息文件: 2026-01-03_1153618023793295363.json
  - 正在保存动态 1153267627452268569 的步骤2元数据...
  -  正在下载用户 粽子淞_31968078 资源: 2026-01-02_1153267627452268569_1.jpg
  - [提取] 读取原始元数据: metadata\step2\2026-01-02_1153267627452268569.json
  - [生成] 写入内容信息文件: 2026-01-02_1153267627452268569.json
  - 正在保存动态 1153166575444951045 的步骤2元数据...
  -  正在下载用户 粽子淞_31968078 资源: 2026-01-02_1153166575444951045_1.jpg
  - [Live Photo] 发现实况视频 (P1)，正在下载...
  -  正在下载用户 粽子淞_31968078 资源: 2026-01-02_1153166575444951045_1.mp4
  - [提取] 读取原始元数据: metadata\step2\2026-01-02_1153166575444951045.json
  - [生成] 写入内容信息文件: 2026-01-02_1153166575444951045.json
  - 正在保存动态 1152587012602069009 的步骤2元数据...
  - [提取] 读取原始元数据: metadata\step2\2025-12-31_1152587012602069009.json
  - [生成] 写入内容信息文件: 2025-12-31_1152587012602069009.json
  - 正在保存动态 1152495628596543513 的步骤2元数据...
  -  正在下载用户 粽子淞_31968078 资源: 2025-12-31_1152495628596543513_1.jpg
  - [Live Photo] 发现实况视频 (P1)，正在下载...
  -  正在下载用户 粽子淞_31968078 资源: 2025-12-31_1152495628596543513_1.mp4
  -  正在下载用户 粽子淞_31968078 资源: 2025-12-31_1152495628596543513_2.jpg
  - [Live Photo] 发现实况视频 (P2)，正在下载...
  -  正在下载用户 粽子淞_31968078 资源: 2025-12-31_1152495628596543513_2.mp4
  -  正在下载用户 粽子淞_31968078 资源: 2025-12-31_1152495628596543513_3.jpg
  - [Live Photo] 发现实况视频 (P3)，正在下载...
  -  正在下载用户 粽子淞_31968078 资源: 2025-12-31_1152495628596543513_3.mp4
  -  正在下载用户 粽子淞_31968078 资源: 2025-12-31_1152495628596543513_4.jpg
  - [Live Photo] 发现实况视频 (P4)，正在下载...
  -  正在下载用户 粽子淞_31968078 资源: 2025-12-31_1152495628596543513_4.mp4
  -  正在下载用户 粽子淞_31968078 资源: 2025-12-31_1152495628596543513_5.jpg
  - [Live Photo] 发现实况视频 (P5)，正在下载...
  -  正在下载用户 粽子淞_31968078 资源: 2025-12-31_1152495628596543513_5.mp4
  -  正在下载用户 粽子淞_31968078 资源: 2025-12-31_1152495628596543513_6.jpg
  - [Live Photo] 发现实况视频 (P6)，正在下载...
  -  正在下载用户 粽子淞_31968078 资源: 2025-12-31_1152495628596543513_6.mp4
  -  正在下载用户 粽子淞_31968078 资源: 2025-12-31_1152495628596543513_7.jpg
  - [Live Photo] 发现实况视频 (P7)，正在下载...
  -  正在下载用户 粽子淞_31968078 资源: 2025-12-31_1152495628596543513_7.mp4
  -  正在下载用户 粽子淞_31968078 资源: 2025-12-31_1152495628596543513_8.jpg
  - [Live Photo] 发现实况视频 (P8)，正在下载...
  -  正在下载用户 粽子淞_31968078 资源: 2025-12-31_1152495628596543513_8.mp4
  -  正在下载用户 粽子淞_31968078 资源: 2025-12-31_1152495628596543513_9.jpg
  - [Live Photo] 发现实况视频 (P9)，正在下载...
  -  正在下载用户 粽子淞_31968078 资源: 2025-12-31_1152495628596543513_9.mp4
  - [提取] 读取原始元数据: metadata\step2\2025-12-31_1152495628596543513.json
  - [生成] 写入内容信息文件: 2025-12-31_1152495628596543513.json
  - 正在保存动态 1151301610461200385 的步骤2元数据...
  -  正在下载用户 粽子淞_31968078 资源: 2025-12-28_1151301610461200385_1.jpg
  - [Live Photo] 发现实况视频 (P1)，正在下载...
  -  正在下载用户 粽子淞_31968078 资源: 2025-12-28_1151301610461200385_1.mp4
  - [提取] 读取原始元数据: metadata\step2\2025-12-28_1151301610461200385.json
  - [生成] 写入内容信息文件: 2025-12-28_1151301610461200385.json
  - 正在保存动态 1150957459068682274 的步骤2元数据...
  -  正在下载用户 粽子淞_31968078 资源: 2025-12-27_1150957459068682274_1.jpg
  - [Live Photo] 发现实况视频 (P1)，正在下载...
  -  正在下载用户 粽子淞_31968078 资源: 2025-12-27_1150957459068682274_1.mp4
  - [提取] 读取原始元数据: metadata\step2\2025-12-27_1150957459068682274.json
  - [生成] 写入内容信息文件: 2025-12-27_1150957459068682274.json
  - 正在保存动态 1150550128621256705 的步骤2元数据...
  -  正在下载用户 粽子淞_31968078 资源: 2025-12-26_1150550128621256705_1.jpg
  - [提取] 读取原始元数据: metadata\step2\2025-12-26_1150550128621256705.json
  - [生成] 写入内容信息文件: 2025-12-26_1150550128621256705.json
  - 正在保存动态 1150325815396794372 的步骤2元数据...
  -  正在下载用户 粽子淞_31968078 资源: 2025-12-25_1150325815396794372_1.jpg
  - [Live Photo] 发现实况视频 (P1)，正在下载...
  -  正在下载用户 粽子淞_31968078 资源: 2025-12-25_1150325815396794372_1.mp4
  -  正在下载用户 粽子淞_31968078 资源: 2025-12-25_1150325815396794372_2.jpg
  - [Live Photo] 发现实况视频 (P2)，正在下载...
  -  正在下载用户 粽子淞_31968078 资源: 2025-12-25_1150325815396794372_2.mp4
  -  正在下载用户 粽子淞_31968078 资源: 2025-12-25_1150325815396794372_3.jpg
  - [Live Photo] 发现实况视频 (P3)，正在下载...
  -  正在下载用户 粽子淞_31968078 资源: 2025-12-25_1150325815396794372_3.mp4
  -  正在下载用户 粽子淞_31968078 资源: 2025-12-25_1150325815396794372_4.jpg
  - [Live Photo] 发现实况视频 (P4)，正在下载...
  -  正在下载用户 粽子淞_31968078 资源: 2025-12-25_1150325815396794372_4.mp4
  -  正在下载用户 粽子淞_31968078 资源: 2025-12-25_1150325815396794372_5.jpg
  - [Live Photo] 发现实况视频 (P5)，正在下载...
  -  正在下载用户 粽子淞_31968078 资源: 2025-12-25_1150325815396794372_5.mp4
  -  正在下载用户 粽子淞_31968078 资源: 2025-12-25_1150325815396794372_6.jpg
  - [Live Photo] 发现实况视频 (P6)，正在下载...
  -  正在下载用户 粽子淞_31968078 资源: 2025-12-25_1150325815396794372_6.mp4
  -  正在下载用户 粽子淞_31968078 资源: 2025-12-25_1150325815396794372_7.jpg
  - [Live Photo] 发现实况视频 (P7)，正在下载...
  -  正在下载用户 粽子淞_31968078 资源: 2025-12-25_1150325815396794372_7.mp4
  -  正在下载用户 粽子淞_31968078 资源: 2025-12-25_1150325815396794372_8.jpg
  - [Live Photo] 发现实况视频 (P8)，正在下载...
  -  正在下载用户 粽子淞_31968078 资源: 2025-12-25_1150325815396794372_8.mp4
  -  正在下载用户 粽子淞_31968078 资源: 2025-12-25_1150325815396794372_9.jpg
  - [Live Photo] 发现实况视频 (P9)，正在下载...
  -  正在下载用户 粽子淞_31968078 资源: 2025-12-25_1150325815396794372_9.mp4
  - [提取] 读取原始元数据: metadata\step2\2025-12-25_1150325815396794372.json
  - [生成] 写入内容信息文件: 2025-12-25_1150325815396794372.json
  - 正在保存动态 1149582996470235152 的步骤2元数据...
  -  正在下载用户 粽子淞_31968078 资源: 2025-12-23_1149582996470235152_1.jpg
  - [Live Photo] 发现实况视频 (P1)，正在下载...
  -  正在下载用户 粽子淞_31968078 资源: 2025-12-23_1149582996470235152_1.mp4
  -  正在下载用户 粽子淞_31968078 资源: 2025-12-23_1149582996470235152_2.jpg
  - [Live Photo] 发现实况视频 (P2)，正在下载...
  -  正在下载用户 粽子淞_31968078 资源: 2025-12-23_1149582996470235152_2.mp4
  -  正在下载用户 粽子淞_31968078 资源: 2025-12-23_1149582996470235152_3.jpg
  - [Live Photo] 发现实况视频 (P3)，正在下载...
  -  正在下载用户 粽子淞_31968078 资源: 2025-12-23_1149582996470235152_3.mp4
  -  正在下载用户 粽子淞_31968078 资源: 2025-12-23_1149582996470235152_4.jpg
  - [Live Photo] 发现实况视频 (P4)，正在下载...
  -  正在下载用户 粽子淞_31968078 资源: 2025-12-23_1149582996470235152_4.mp4
  -  正在下载用户 粽子淞_31968078 资源: 2025-12-23_1149582996470235152_5.jpg
  - [Live Photo] 发现实况视频 (P5)，正在下载...
  -  正在下载用户 粽子淞_31968078 资源: 2025-12-23_1149582996470235152_5.mp4
  -  正在下载用户 粽子淞_31968078 资源: 2025-12-23_1149582996470235152_6.jpg
  - [Live Photo] 发现实况视频 (P6)，正在下载...
  -  正在下载用户 粽子淞_31968078 资源: 2025-12-23_1149582996470235152_6.mp4
  -  正在下载用户 粽子淞_31968078 资源: 2025-12-23_1149582996470235152_7.jpg
  - [Live Photo] 发现实况视频 (P7)，正在下载...
  -  正在下载用户 粽子淞_31968078 资源: 2025-12-23_1149582996470235152_7.mp4
  -  正在下载用户 粽子淞_31968078 资源: 2025-12-23_1149582996470235152_8.jpg
  - [Live Photo] 发现实况视频 (P8)，正在下载...
  -  正在下载用户 粽子淞_31968078 资源: 2025-12-23_1149582996470235152_8.mp4
  -  正在下载用户 粽子淞_31968078 资源: 2025-12-23_1149582996470235152_9.jpg
  - [Live Photo] 发现实况视频 (P9)，正在下载...
  -  正在下载用户 粽子淞_31968078 资源: 2025-12-23_1149582996470235152_9.mp4
  - [提取] 读取原始元数据: metadata\step2\2025-12-23_1149582996470235152.json
  - [生成] 写入内容信息文件: 2025-12-23_1149582996470235152.json
  - 正在保存动态 1148811448590270482 的步骤2元数据...
  -  正在下载用户 粽子淞_31968078 资源: 2025-12-21_1148811448590270482_1.jpg
  -  正在下载用户 粽子淞_31968078 资源: 2025-12-21_1148811448590270482_2.jpg
  -  正在下载用户 粽子淞_31968078 资源: 2025-12-21_1148811448590270482_3.jpg
  - [提取] 读取原始元数据: metadata\step2\2025-12-21_1148811448590270482.json
  - [生成] 写入内容信息文件: 2025-12-21_1148811448590270482.json
  - 正在保存动态 1147682606593081363 的步骤2元数据...
  -  正在下载用户 粽子淞_31968078 资源: 2025-12-18_1147682606593081363_1.jpg
  - [Live Photo] 发现实况视频 (P1)，正在下载...
  -  正在下载用户 粽子淞_31968078 资源: 2025-12-18_1147682606593081363_1.mp4
  -  正在下载用户 粽子淞_31968078 资源: 2025-12-18_1147682606593081363_2.jpg
  - [Live Photo] 发现实况视频 (P2)，正在下载...
  -  正在下载用户 粽子淞_31968078 资源: 2025-12-18_1147682606593081363_2.mp4
  -  正在下载用户 粽子淞_31968078 资源: 2025-12-18_1147682606593081363_3.jpg
  - [Live Photo] 发现实况视频 (P3)，正在下载...
  -  正在下载用户 粽子淞_31968078 资源: 2025-12-18_1147682606593081363_3.mp4
  -  正在下载用户 粽子淞_31968078 资源: 2025-12-18_1147682606593081363_4.jpg
  - [Live Photo] 发现实况视频 (P4)，正在下载...
  -  正在下载用户 粽子淞_31968078 资源: 2025-12-18_1147682606593081363_4.mp4
  -  正在下载用户 粽子淞_31968078 资源: 2025-12-18_1147682606593081363_5.jpg
  - [Live Photo] 发现实况视频 (P5)，正在下载...
  -  正在下载用户 粽子淞_31968078 资源: 2025-12-18_1147682606593081363_5.mp4
  -  正在下载用户 粽子淞_31968078 资源: 2025-12-18_1147682606593081363_6.jpg
  - [Live Photo] 发现实况视频 (P6)，正在下载...
  -  正在下载用户 粽子淞_31968078 资源: 2025-12-18_1147682606593081363_6.mp4
  -  正在下载用户 粽子淞_31968078 资源: 2025-12-18_1147682606593081363_7.jpg
  - [Live Photo] 发现实况视频 (P7)，正在下载...
  -  正在下载用户 粽子淞_31968078 资源: 2025-12-18_1147682606593081363_7.mp4
  -  正在下载用户 粽子淞_31968078 资源: 2025-12-18_1147682606593081363_8.jpg
  - [Live Photo] 发现实况视频 (P8)，正在下载...
  -  正在下载用户 粽子淞_31968078 资源: 2025-12-18_1147682606593081363_8.mp4
  -  正在下载用户 粽子淞_31968078 资源: 2025-12-18_1147682606593081363_9.jpg
  - [Live Photo] 发现实况视频 (P9)，正在下载...
  -  正在下载用户 粽子淞_31968078 资源: 2025-12-18_1147682606593081363_9.mp4
  - [提取] 读取原始元数据: metadata\step2\2025-12-18_1147682606593081363.json
  - [生成] 写入内容信息文件: 2025-12-18_1147682606593081363.json
  - 正在保存动态 1147352134678740997 的步骤2元数据...
  -  正在下载用户 粽子淞_31968078 资源: 2025-12-17_1147352134678740997_1.jpg
  - [Live Photo] 发现实况视频 (P1)，正在下载...
  -  正在下载用户 粽子淞_31968078 资源: 2025-12-17_1147352134678740997_1.mp4
  -  正在下载用户 粽子淞_31968078 资源: 2025-12-17_1147352134678740997_2.jpg
  - [Live Photo] 发现实况视频 (P2)，正在下载...
  -  正在下载用户 粽子淞_31968078 资源: 2025-12-17_1147352134678740997_2.mp4
  -  正在下载用户 粽子淞_31968078 资源: 2025-12-17_1147352134678740997_3.jpg
  - [Live Photo] 发现实况视频 (P3)，正在下载...
  -  正在下载用户 粽子淞_31968078 资源: 2025-12-17_1147352134678740997_3.mp4
  -  正在下载用户 粽子淞_31968078 资源: 2025-12-17_1147352134678740997_4.jpg
  - [Live Photo] 发现实况视频 (P4)，正在下载...
  -  正在下载用户 粽子淞_31968078 资源: 2025-12-17_1147352134678740997_4.mp4
  -  正在下载用户 粽子淞_31968078 资源: 2025-12-17_1147352134678740997_5.jpg
  - [Live Photo] 发现实况视频 (P5)，正在下载...
  -  正在下载用户 粽子淞_31968078 资源: 2025-12-17_1147352134678740997_5.mp4
  -  正在下载用户 粽子淞_31968078 资源: 2025-12-17_1147352134678740997_6.jpg
  - [Live Photo] 发现实况视频 (P6)，正在下载...
  -  正在下载用户 粽子淞_31968078 资源: 2025-12-17_1147352134678740997_6.mp4
  - [提取] 读取原始元数据: metadata\step2\2025-12-17_1147352134678740997.json
  - [生成] 写入内容信息文件: 2025-12-17_1147352134678740997.json
  - 正在保存动态 1146940028233973780 的步骤2元数据...
  -  正在下载用户 粽子淞_31968078 资源: 2025-12-16_1146940028233973780_1.jpg
  - [Live Photo] 发现实况视频 (P1)，正在下载...
  -  正在下载用户 粽子淞_31968078 资源: 2025-12-16_1146940028233973780_1.mp4
  -  正在下载用户 粽子淞_31968078 资源: 2025-12-16_1146940028233973780_2.jpg
  - [Live Photo] 发现实况视频 (P2)，正在下载...
  -  正在下载用户 粽子淞_31968078 资源: 2025-12-16_1146940028233973780_2.mp4
  -  正在下载用户 粽子淞_31968078 资源: 2025-12-16_1146940028233973780_3.jpg
  - [Live Photo] 发现实况视频 (P3)，正在下载...
  -  正在下载用户 粽子淞_31968078 资源: 2025-12-16_1146940028233973780_3.mp4
  -  正在下载用户 粽子淞_31968078 资源: 2025-12-16_1146940028233973780_4.jpg
  - [Live Photo] 发现实况视频 (P4)，正在下载...
  -  正在下载用户 粽子淞_31968078 资源: 2025-12-16_1146940028233973780_4.mp4
  -  正在下载用户 粽子淞_31968078 资源: 2025-12-16_1146940028233973780_5.jpg
  - [Live Photo] 发现实况视频 (P5)，正在下载...
  -  正在下载用户 粽子淞_31968078 资源: 2025-12-16_1146940028233973780_5.mp4
  -  正在下载用户 粽子淞_31968078 资源: 2025-12-16_1146940028233973780_6.jpg
  - [Live Photo] 发现实况视频 (P6)，正在下载...
  -  正在下载用户 粽子淞_31968078 资源: 2025-12-16_1146940028233973780_6.mp4
  -  正在下载用户 粽子淞_31968078 资源: 2025-12-16_1146940028233973780_7.jpg
  - [Live Photo] 发现实况视频 (P7)，正在下载...
  -  正在下载用户 粽子淞_31968078 资源: 2025-12-16_1146940028233973780_7.mp4
  -  正在下载用户 粽子淞_31968078 资源: 2025-12-16_1146940028233973780_8.jpg
  - [Live Photo] 发现实况视频 (P8)，正在下载...
  -  正在下载用户 粽子淞_31968078 资源: 2025-12-16_1146940028233973780_8.mp4
  -  正在下载用户 粽子淞_31968078 资源: 2025-12-16_1146940028233973780_9.jpg
  - [Live Photo] 发现实况视频 (P9)，正在下载...
  -  正在下载用户 粽子淞_31968078 资源: 2025-12-16_1146940028233973780_9.mp4
  - [提取] 读取原始元数据: metadata\step2\2025-12-16_1146940028233973780.json
  - [生成] 写入内容信息文件: 2025-12-16_1146940028233973780.json
  - 正在保存动态 1146530941180575769 的步骤2元数据...
  -  正在下载用户 粽子淞_31968078 资源: 2025-12-15_1146530941180575769_1.jpg
  -  正在下载用户 粽子淞_31968078 资源: 2025-12-15_1146530941180575769_2.jpg
  -  正在下载用户 粽子淞_31968078 资源: 2025-12-15_1146530941180575769_3.jpg
  -  正在下载用户 粽子淞_31968078 资源: 2025-12-15_1146530941180575769_4.jpg
  -  正在下载用户 粽子淞_31968078 资源: 2025-12-15_1146530941180575769_5.jpg
  -  正在下载用户 粽子淞_31968078 资源: 2025-12-15_1146530941180575769_6.jpg
  -  正在下载用户 粽子淞_31968078 资源: 2025-12-15_1146530941180575769_7.jpg
  -  正在下载用户 粽子淞_31968078 资源: 2025-12-15_1146530941180575769_8.jpg
  -  正在下载用户 粽子淞_31968078 资源: 2025-12-15_1146530941180575769_9.jpg
  - [提取] 读取原始元数据: metadata\step2\2025-12-15_1146530941180575769.json
  - [生成] 写入内容信息文件: 2025-12-15_1146530941180575769.json
  - 正在保存动态 1146235142514147333 的步骤2元数据...
  -  正在下载用户 粽子淞_31968078 资源: 2025-12-14_1146235142514147333_1.jpg
  - [Live Photo] 发现实况视频 (P1)，正在下载...
  -  正在下载用户 粽子淞_31968078 资源: 2025-12-14_1146235142514147333_1.mp4
  -  正在下载用户 粽子淞_31968078 资源: 2025-12-14_1146235142514147333_2.jpg
  - [Live Photo] 发现实况视频 (P2)，正在下载...
  -  正在下载用户 粽子淞_31968078 资源: 2025-12-14_1146235142514147333_2.mp4
  -  正在下载用户 粽子淞_31968078 资源: 2025-12-14_1146235142514147333_3.jpg
  - [Live Photo] 发现实况视频 (P3)，正在下载...
  -  正在下载用户 粽子淞_31968078 资源: 2025-12-14_1146235142514147333_3.mp4
  -  正在下载用户 粽子淞_31968078 资源: 2025-12-14_1146235142514147333_4.jpg
  - [Live Photo] 发现实况视频 (P4)，正在下载...
  -  正在下载用户 粽子淞_31968078 资源: 2025-12-14_1146235142514147333_4.mp4
  - [提取] 读取原始元数据: metadata\step2\2025-12-14_1146235142514147333.json
  - [生成] 写入内容信息文件: 2025-12-14_1146235142514147333.json
  - 正在保存动态 1145003199878397958 的步骤2元数据...
  - 所有 9 张图片均已存在，全部跳过。
  - [提取] 读取原始元数据: metadata\step2\2025-12-11_1145003199878397958.json
  - [生成] 写入内容信息文件: 2025-12-11_1145003199878397958.json
  - 正在保存动态 1141766572619071497 的步骤2元数据...
  - 所有 5 张图片均已存在，全部跳过。
  - [提取] 读取原始元数据: metadata\step2\2025-12-02_1141766572619071497.json
  - [生成] 写入内容信息文件: 2025-12-02_1141766572619071497.json
  - 正在保存动态 1141055742674993161 的步骤2元数据...
  - 所有 4 张图片均已存在，全部跳过。
  - [提取] 读取原始元数据: metadata\step2\2025-11-30_1141055742674993161.json
  - [生成] 写入内容信息文件: 2025-11-30_1141055742674993161.json
  - 正在保存动态 1139391155077644288 的步骤2元数据...
  - 所有 9 张图片均已存在，全部跳过。
  - [提取] 读取原始元数据: metadata\step2\2025-11-26_1139391155077644288.json
  - [生成] 写入内容信息文件: 2025-11-26_1139391155077644288.json
  - 正在保存动态 1137236395725684757 的步骤2元数据...
  - 所有 4 张图片均已存在，全部跳过。
  - [提取] 读取原始元数据: metadata\step2\2025-11-20_1137236395725684757.json
  - [生成] 写入内容信息文件: 2025-11-20_1137236395725684757.json
  - 正在保存动态 1136951308719226889 的步骤2元数据...
  - 所有 6 张图片均已存在，全部跳过。
  - [提取] 读取原始元数据: metadata\step2\2025-11-19_1136951308719226889.json
  - [生成] 写入内容信息文件: 2025-11-19_1136951308719226889.json
  - 正在保存动态 1135820753079369747 的步骤2元数据...
  - 所有 9 张图片均已存在，全部跳过。
  - [提取] 读取原始元数据: metadata\step2\2025-11-16_1135820753079369747.json
  - [生成] 写入内容信息文件: 2025-11-16_1135820753079369747.json
  - 正在保存动态 1135469119758401539 的步骤2元数据...
  - 所有 4 张图片均已存在，全部跳过。
  - [提取] 读取原始元数据: metadata\step2\2025-11-15_1135469119758401539.json
  - [生成] 写入内容信息文件: 2025-11-15_1135469119758401539.json


程序被用户中断。正在退出...
