程序启动于: 2026-01-27_21-27-12
----------------------------------------
正在从 'config.py' 的 USERS_ID 列表读取用户 ID...

>>>>>>>>> 开始处理用户ID: 31968078 (https://space.bilibili.com/31968078/article) <<<<<<<<<

[步骤1] 使用 'ITERATIVE' 模式，正在准备迭代获取动态 URL...

  - 检测到 'undownloaded.json'，正在尝试重新下载 粽子淞_31968078 的失败项目...
  -  正在下载用户 粽子淞 资源: 2022-07-23_686075696470032425_2.png
  - 下载失败 (状态码 Unknown): 404 Client Error: Not Found for url: https://i0.hdslb.com/bfs/new_dyn/1acf227103b29ee01bad7c2509f1d03931968078.png
  - 5秒后重试... (尝试 2/3)
  - 下载失败 (状态码 Unknown): 404 Client Error: Not Found for url: https://i0.hdslb.com/bfs/new_dyn/1acf227103b29ee01bad7c2509f1d03931968078.png
  - 5秒后重试... (尝试 3/3)
  - 下载失败 (状态码 Unknown): 404 Client Error: Not Found for url: https://i0.hdslb.com/bfs/new_dyn/1acf227103b29ee01bad7c2509f1d03931968078.png
  - 所有重试均失败，跳过此文件。
  -  正在下载用户 粽子淞 资源: 2022-07-14_682737317394251829_1.jpg
  - 下载失败 (状态码 Unknown): 404 Client Error: Not Found for url: https://i0.hdslb.com/bfs/new_dyn/9f2e06495e9c59bf66832620870aacd431968078.jpg
  - 5秒后重试... (尝试 2/3)
  - 下载失败 (状态码 Unknown): 404 Client Error: Not Found for url: https://i0.hdslb.com/bfs/new_dyn/9f2e06495e9c59bf66832620870aacd431968078.jpg
  - 5秒后重试... (尝试 3/3)
  - 下载失败 (状态码 Unknown): 404 Client Error: Not Found for url: https://i0.hdslb.com/bfs/new_dyn/9f2e06495e9c59bf66832620870aacd431968078.jpg
  - 所有重试均失败，跳过此文件。
  -  正在下载用户 粽子淞 资源: 2022-07-01_677911075341991954_8.png
  - 下载失败 (状态码 Unknown): 404 Client Error: Not Found for url: https://i0.hdslb.com/bfs/new_dyn/3605fb80aa2470cd58a2b02864b8b9a531968078.png
  - 5秒后重试... (尝试 2/3)
  - 下载失败 (状态码 Unknown): 404 Client Error: Not Found for url: https://i0.hdslb.com/bfs/new_dyn/3605fb80aa2470cd58a2b02864b8b9a531968078.png
  - 5秒后重试... (尝试 3/3)
  - 下载失败 (状态码 Unknown): 404 Client Error: Not Found for url: https://i0.hdslb.com/bfs/new_dyn/3605fb80aa2470cd58a2b02864b8b9a531968078.png
  - 所有重试均失败，跳过此文件。
  - 重试完成: 0 个成功 (图片:0/实况图片:0), 3 个失败。

[步骤2] 开始处理用户 31968078 的动态...
  - 正在保存动态 1162541295088959508 的步骤2元数据...
  -  正在下载用户 粽子淞_31968078 资源: 2026-01-27_1162541295088959508_1.jpg
  - [Live Photo] 发现实况视频 (P1)，正在下载...
  -  正在下载用户 粽子淞_31968078 资源: 2026-01-27_1162541295088959508_1.mp4
  -  正在下载用户 粽子淞_31968078 资源: 2026-01-27_1162541295088959508_2.jpg
  - [Live Photo] 发现实况视频 (P2)，正在下载...
  -  正在下载用户 粽子淞_31968078 资源: 2026-01-27_1162541295088959508_2.mp4
  -  正在下载用户 粽子淞_31968078 资源: 2026-01-27_1162541295088959508_3.jpg
  - [Live Photo] 发现实况视频 (P3)，正在下载...
  -  正在下载用户 粽子淞_31968078 资源: 2026-01-27_1162541295088959508_3.mp4
  -  正在下载用户 粽子淞_31968078 资源: 2026-01-27_1162541295088959508_4.jpg
  - [Live Photo] 发现实况视频 (P4)，正在下载...
  -  正在下载用户 粽子淞_31968078 资源: 2026-01-27_1162541295088959508_4.mp4
  -  正在下载用户 粽子淞_31968078 资源: 2026-01-27_1162541295088959508_5.jpg
  - [Live Photo] 发现实况视频 (P5)，正在下载...
  -  正在下载用户 粽子淞_31968078 资源: 2026-01-27_1162541295088959508_5.mp4
  -  正在下载用户 粽子淞_31968078 资源: 2026-01-27_1162541295088959508_6.jpg
  - [Live Photo] 发现实况视频 (P6)，正在下载...
  -  正在下载用户 粽子淞_31968078 资源: 2026-01-27_1162541295088959508_6.mp4
  -  正在下载用户 粽子淞_31968078 资源: 2026-01-27_1162541295088959508_7.jpg
  - [Live Photo] 发现实况视频 (P7)，正在下载...
  -  正在下载用户 粽子淞_31968078 资源: 2026-01-27_1162541295088959508_7.mp4
  -  正在下载用户 粽子淞_31968078 资源: 2026-01-27_1162541295088959508_8.jpg
  - [Live Photo] 发现实况视频 (P8)，正在下载...
  -  正在下载用户 粽子淞_31968078 资源: 2026-01-27_1162541295088959508_8.mp4
  -  正在下载用户 粽子淞_31968078 资源: 2026-01-27_1162541295088959508_9.jpg
  - [Live Photo] 发现实况视频 (P9)，正在下载...
  -  正在下载用户 粽子淞_31968078 资源: 2026-01-27_1162541295088959508_9.mp4
  - [提取] 读取原始元数据: metadata\step2\2026-01-27_1162541295088959508.json
  - [生成] 写入内容信息文件: 2026-01-27_1162541295088959508.json
  - 正在保存动态 1162212120184487977 的步骤2元数据...
  -  正在下载用户 粽子淞_31968078 资源: 2026-01-26_1162212120184487977_1.jpg
  - [Live Photo] 发现实况视频 (P1)，正在下载...
  -  正在下载用户 粽子淞_31968078 资源: 2026-01-26_1162212120184487977_1.mp4
  -  正在下载用户 粽子淞_31968078 资源: 2026-01-26_1162212120184487977_2.jpg
  - [Live Photo] 发现实况视频 (P2)，正在下载...
  -  正在下载用户 粽子淞_31968078 资源: 2026-01-26_1162212120184487977_2.mp4
  -  正在下载用户 粽子淞_31968078 资源: 2026-01-26_1162212120184487977_3.jpg
  - [Live Photo] 发现实况视频 (P3)，正在下载...
  -  正在下载用户 粽子淞_31968078 资源: 2026-01-26_1162212120184487977_3.mp4
  -  正在下载用户 粽子淞_31968078 资源: 2026-01-26_1162212120184487977_4.jpg
  - [Live Photo] 发现实况视频 (P4)，正在下载...
  -  正在下载用户 粽子淞_31968078 资源: 2026-01-26_1162212120184487977_4.mp4
  -  正在下载用户 粽子淞_31968078 资源: 2026-01-26_1162212120184487977_5.jpg
  - [Live Photo] 发现实况视频 (P5)，正在下载...
  -  正在下载用户 粽子淞_31968078 资源: 2026-01-26_1162212120184487977_5.mp4
  -  正在下载用户 粽子淞_31968078 资源: 2026-01-26_1162212120184487977_6.jpg
  - [Live Photo] 发现实况视频 (P6)，正在下载...
  -  正在下载用户 粽子淞_31968078 资源: 2026-01-26_1162212120184487977_6.mp4
  -  正在下载用户 粽子淞_31968078 资源: 2026-01-26_1162212120184487977_7.jpg
  - [Live Photo] 发现实况视频 (P7)，正在下载...
  -  正在下载用户 粽子淞_31968078 资源: 2026-01-26_1162212120184487977_7.mp4
  -  正在下载用户 粽子淞_31968078 资源: 2026-01-26_1162212120184487977_8.jpg
  - [Live Photo] 发现实况视频 (P8)，正在下载...
  -  正在下载用户 粽子淞_31968078 资源: 2026-01-26_1162212120184487977_8.mp4
  -  正在下载用户 粽子淞_31968078 资源: 2026-01-26_1162212120184487977_9.jpg
  - [Live Photo] 发现实况视频 (P9)，正在下载...
  -  正在下载用户 粽子淞_31968078 资源: 2026-01-26_1162212120184487977_9.mp4
  - [提取] 读取原始元数据: metadata\step2\2026-01-26_1162212120184487977.json
  - [生成] 写入内容信息文件: 2026-01-26_1162212120184487977.json
  - 正在保存动态 1160709379883794433 的步骤2元数据...
  -  正在下载用户 粽子淞_31968078 资源: 2026-01-22_1160709379883794433_1.jpg
  - [Live Photo] 发现实况视频 (P1)，正在下载...
  -  正在下载用户 粽子淞_31968078 资源: 2026-01-22_1160709379883794433_1.mp4
  -  正在下载用户 粽子淞_31968078 资源: 2026-01-22_1160709379883794433_2.jpg
  - [Live Photo] 发现实况视频 (P2)，正在下载...
  -  正在下载用户 粽子淞_31968078 资源: 2026-01-22_1160709379883794433_2.mp4
  -  正在下载用户 粽子淞_31968078 资源: 2026-01-22_1160709379883794433_3.jpg
  - [Live Photo] 发现实况视频 (P3)，正在下载...
  -  正在下载用户 粽子淞_31968078 资源: 2026-01-22_1160709379883794433_3.mp4
  -  正在下载用户 粽子淞_31968078 资源: 2026-01-22_1160709379883794433_4.jpg
  - [Live Photo] 发现实况视频 (P4)，正在下载...
  -  正在下载用户 粽子淞_31968078 资源: 2026-01-22_1160709379883794433_4.mp4
  -  正在下载用户 粽子淞_31968078 资源: 2026-01-22_1160709379883794433_5.jpg
  - [Live Photo] 发现实况视频 (P5)，正在下载...
  -  正在下载用户 粽子淞_31968078 资源: 2026-01-22_1160709379883794433_5.mp4
  -  正在下载用户 粽子淞_31968078 资源: 2026-01-22_1160709379883794433_6.jpg
  - [Live Photo] 发现实况视频 (P6)，正在下载...
  -  正在下载用户 粽子淞_31968078 资源: 2026-01-22_1160709379883794433_6.mp4
  -  正在下载用户 粽子淞_31968078 资源: 2026-01-22_1160709379883794433_7.jpg
  - [Live Photo] 发现实况视频 (P7)，正在下载...
  -  正在下载用户 粽子淞_31968078 资源: 2026-01-22_1160709379883794433_7.mp4
  -  正在下载用户 粽子淞_31968078 资源: 2026-01-22_1160709379883794433_8.jpg
  - [Live Photo] 发现实况视频 (P8)，正在下载...
  -  正在下载用户 粽子淞_31968078 资源: 2026-01-22_1160709379883794433_8.mp4
  -  正在下载用户 粽子淞_31968078 资源: 2026-01-22_1160709379883794433_9.jpg
  - [Live Photo] 发现实况视频 (P9)，正在下载...
  -  正在下载用户 粽子淞_31968078 资源: 2026-01-22_1160709379883794433_9.mp4
  - [提取] 读取原始元数据: metadata\step2\2026-01-22_1160709379883794433.json
  - [生成] 写入内容信息文件: 2026-01-22_1160709379883794433.json
  - 正在保存动态 1159986201866797074 的步骤2元数据...
  -  正在下载用户 粽子淞_31968078 资源: 2026-01-20_1159986201866797074_1.jpg
  - [Live Photo] 发现实况视频 (P1)，正在下载...
  -  正在下载用户 粽子淞_31968078 资源: 2026-01-20_1159986201866797074_1.mp4
  -  正在下载用户 粽子淞_31968078 资源: 2026-01-20_1159986201866797074_2.jpg
  - [Live Photo] 发现实况视频 (P2)，正在下载...
  -  正在下载用户 粽子淞_31968078 资源: 2026-01-20_1159986201866797074_2.mp4
  -  正在下载用户 粽子淞_31968078 资源: 2026-01-20_1159986201866797074_3.jpg
  - [Live Photo] 发现实况视频 (P3)，正在下载...
  -  正在下载用户 粽子淞_31968078 资源: 2026-01-20_1159986201866797074_3.mp4
  -  正在下载用户 粽子淞_31968078 资源: 2026-01-20_1159986201866797074_4.jpg
  - [Live Photo] 发现实况视频 (P4)，正在下载...
  -  正在下载用户 粽子淞_31968078 资源: 2026-01-20_1159986201866797074_4.mp4
  -  正在下载用户 粽子淞_31968078 资源: 2026-01-20_1159986201866797074_5.jpg
  - [Live Photo] 发现实况视频 (P5)，正在下载...
  -  正在下载用户 粽子淞_31968078 资源: 2026-01-20_1159986201866797074_5.mp4
  -  正在下载用户 粽子淞_31968078 资源: 2026-01-20_1159986201866797074_6.jpg
  - [Live Photo] 发现实况视频 (P6)，正在下载...
  -  正在下载用户 粽子淞_31968078 资源: 2026-01-20_1159986201866797074_6.mp4
  -  正在下载用户 粽子淞_31968078 资源: 2026-01-20_1159986201866797074_7.jpg
  - [Live Photo] 发现实况视频 (P7)，正在下载...
  -  正在下载用户 粽子淞_31968078 资源: 2026-01-20_1159986201866797074_7.mp4
  -  正在下载用户 粽子淞_31968078 资源: 2026-01-20_1159986201866797074_8.jpg
  - [Live Photo] 发现实况视频 (P8)，正在下载...
  -  正在下载用户 粽子淞_31968078 资源: 2026-01-20_1159986201866797074_8.mp4
  -  正在下载用户 粽子淞_31968078 资源: 2026-01-20_1159986201866797074_9.jpg
  - [Live Photo] 发现实况视频 (P9)，正在下载...
  -  正在下载用户 粽子淞_31968078 资源: 2026-01-20_1159986201866797074_9.mp4
  - [提取] 读取原始元数据: metadata\step2\2026-01-20_1159986201866797074.json
  - [生成] 写入内容信息文件: 2026-01-20_1159986201866797074.json
  - 正在保存动态 1159178112339017733 的步骤2元数据...
  -  正在下载用户 粽子淞_31968078 资源: 2026-01-18_1159178112339017733_1.jpg
  - [Live Photo] 发现实况视频 (P1)，正在下载...
  -  正在下载用户 粽子淞_31968078 资源: 2026-01-18_1159178112339017733_1.mp4
  -  正在下载用户 粽子淞_31968078 资源: 2026-01-18_1159178112339017733_2.jpg
  - [Live Photo] 发现实况视频 (P2)，正在下载...
  -  正在下载用户 粽子淞_31968078 资源: 2026-01-18_1159178112339017733_2.mp4
  -  正在下载用户 粽子淞_31968078 资源: 2026-01-18_1159178112339017733_3.jpg
  - [Live Photo] 发现实况视频 (P3)，正在下载...
  -  正在下载用户 粽子淞_31968078 资源: 2026-01-18_1159178112339017733_3.mp4
  -  正在下载用户 粽子淞_31968078 资源: 2026-01-18_1159178112339017733_4.jpg
  - [Live Photo] 发现实况视频 (P4)，正在下载...
  -  正在下载用户 粽子淞_31968078 资源: 2026-01-18_1159178112339017733_4.mp4
  -  正在下载用户 粽子淞_31968078 资源: 2026-01-18_1159178112339017733_5.jpg
  - [Live Photo] 发现实况视频 (P5)，正在下载...
  -  正在下载用户 粽子淞_31968078 资源: 2026-01-18_1159178112339017733_5.mp4
  -  正在下载用户 粽子淞_31968078 资源: 2026-01-18_1159178112339017733_6.jpg
  - [Live Photo] 发现实况视频 (P6)，正在下载...
  -  正在下载用户 粽子淞_31968078 资源: 2026-01-18_1159178112339017733_6.mp4
  -  正在下载用户 粽子淞_31968078 资源: 2026-01-18_1159178112339017733_7.jpg
  - [Live Photo] 发现实况视频 (P7)，正在下载...
  -  正在下载用户 粽子淞_31968078 资源: 2026-01-18_1159178112339017733_7.mp4
  -  正在下载用户 粽子淞_31968078 资源: 2026-01-18_1159178112339017733_8.jpg
  - [Live Photo] 发现实况视频 (P8)，正在下载...
  -  正在下载用户 粽子淞_31968078 资源: 2026-01-18_1159178112339017733_8.mp4
  -  正在下载用户 粽子淞_31968078 资源: 2026-01-18_1159178112339017733_9.jpg
  - [Live Photo] 发现实况视频 (P9)，正在下载...
  -  正在下载用户 粽子淞_31968078 资源: 2026-01-18_1159178112339017733_9.mp4
  - [提取] 读取原始元数据: metadata\step2\2026-01-18_1159178112339017733.json
  - [生成] 写入内容信息文件: 2026-01-18_1159178112339017733.json
  - 正在保存动态 1158868913383014440 的步骤2元数据...
  -  正在下载用户 粽子淞_31968078 资源: 2026-01-17_1158868913383014440_1.jpg
  -  正在下载用户 粽子淞_31968078 资源: 2026-01-17_1158868913383014440_2.jpg
  -  正在下载用户 粽子淞_31968078 资源: 2026-01-17_1158868913383014440_3.jpg
  -  正在下载用户 粽子淞_31968078 资源: 2026-01-17_1158868913383014440_4.jpg
  -  正在下载用户 粽子淞_31968078 资源: 2026-01-17_1158868913383014440_5.jpg
  -  正在下载用户 粽子淞_31968078 资源: 2026-01-17_1158868913383014440_6.jpg
  -  正在下载用户 粽子淞_31968078 资源: 2026-01-17_1158868913383014440_7.jpg
  -  正在下载用户 粽子淞_31968078 资源: 2026-01-17_1158868913383014440_8.jpg
  -  正在下载用户 粽子淞_31968078 资源: 2026-01-17_1158868913383014440_9.jpg
  - [提取] 读取原始元数据: metadata\step2\2026-01-17_1158868913383014440.json
  - [生成] 写入内容信息文件: 2026-01-17_1158868913383014440.json
  - 正在保存动态 1158388405335228418 的步骤2元数据...
  -  正在下载用户 粽子淞_31968078 资源: 2026-01-16_1158388405335228418_1.jpg
  - [Live Photo] 发现实况视频 (P1)，正在下载...
  -  正在下载用户 粽子淞_31968078 资源: 2026-01-16_1158388405335228418_1.mp4
  -  正在下载用户 粽子淞_31968078 资源: 2026-01-16_1158388405335228418_2.jpg
  - [Live Photo] 发现实况视频 (P2)，正在下载...
  -  正在下载用户 粽子淞_31968078 资源: 2026-01-16_1158388405335228418_2.mp4
  -  正在下载用户 粽子淞_31968078 资源: 2026-01-16_1158388405335228418_3.jpg
  - [Live Photo] 发现实况视频 (P3)，正在下载...
  -  正在下载用户 粽子淞_31968078 资源: 2026-01-16_1158388405335228418_3.mp4
  -  正在下载用户 粽子淞_31968078 资源: 2026-01-16_1158388405335228418_4.jpg
  - [Live Photo] 发现实况视频 (P4)，正在下载...
  -  正在下载用户 粽子淞_31968078 资源: 2026-01-16_1158388405335228418_4.mp4
  -  正在下载用户 粽子淞_31968078 资源: 2026-01-16_1158388405335228418_5.jpg
  - [Live Photo] 发现实况视频 (P5)，正在下载...
  -  正在下载用户 粽子淞_31968078 资源: 2026-01-16_1158388405335228418_5.mp4
  -  正在下载用户 粽子淞_31968078 资源: 2026-01-16_1158388405335228418_6.jpg
  - [Live Photo] 发现实况视频 (P6)，正在下载...
  -  正在下载用户 粽子淞_31968078 资源: 2026-01-16_1158388405335228418_6.mp4
  -  正在下载用户 粽子淞_31968078 资源: 2026-01-16_1158388405335228418_7.jpg
  - [Live Photo] 发现实况视频 (P7)，正在下载...
  -  正在下载用户 粽子淞_31968078 资源: 2026-01-16_1158388405335228418_7.mp4
  -  正在下载用户 粽子淞_31968078 资源: 2026-01-16_1158388405335228418_8.jpg
  - [Live Photo] 发现实况视频 (P8)，正在下载...
  -  正在下载用户 粽子淞_31968078 资源: 2026-01-16_1158388405335228418_8.mp4
  -  正在下载用户 粽子淞_31968078 资源: 2026-01-16_1158388405335228418_9.jpg
  - [Live Photo] 发现实况视频 (P9)，正在下载...
  -  正在下载用户 粽子淞_31968078 资源: 2026-01-16_1158388405335228418_9.mp4
  - [提取] 读取原始元数据: metadata\step2\2026-01-16_1158388405335228418.json
  - [生成] 写入内容信息文件: 2026-01-16_1158388405335228418.json
  - 正在保存动态 1156627653363499024 的步骤2元数据...
  -  正在下载用户 粽子淞_31968078 资源: 2026-01-11_1156627653363499024_1.jpg
  -  正在下载用户 粽子淞_31968078 资源: 2026-01-11_1156627653363499024_2.jpg
  -  正在下载用户 粽子淞_31968078 资源: 2026-01-11_1156627653363499024_3.jpg
  -  正在下载用户 粽子淞_31968078 资源: 2026-01-11_1156627653363499024_4.jpg
  -  正在下载用户 粽子淞_31968078 资源: 2026-01-11_1156627653363499024_5.jpg
  -  正在下载用户 粽子淞_31968078 资源: 2026-01-11_1156627653363499024_6.jpg
  - [提取] 读取原始元数据: metadata\step2\2026-01-11_1156627653363499024.json
  - [生成] 写入内容信息文件: 2026-01-11_1156627653363499024.json
  - 正在保存动态 1154738799821979656 的步骤2元数据...
  - 所有 1 张图片均已存在，全部跳过。
  - [提取] 读取原始元数据: metadata\step2\2026-01-06_1154738799821979656.json
  - [生成] 写入内容信息文件: 2026-01-06_1154738799821979656.json
  - 正在保存动态 1153618023793295363 的步骤2元数据...
  - 所有 2 张图片均已存在，全部跳过。
  - [提取] 读取原始元数据: metadata\step2\2026-01-03_1153618023793295363.json
  - [生成] 写入内容信息文件: 2026-01-03_1153618023793295363.json
  - 正在保存动态 1153267627452268569 的步骤2元数据...
  - 所有 1 张图片均已存在，全部跳过。
  - [提取] 读取原始元数据: metadata\step2\2026-01-02_1153267627452268569.json
  - [生成] 写入内容信息文件: 2026-01-02_1153267627452268569.json
  - 正在保存动态 1153166575444951045 的步骤2元数据...
  - 所有 1 张图片均已存在，全部跳过。
  - [提取] 读取原始元数据: metadata\step2\2026-01-02_1153166575444951045.json
  - [生成] 写入内容信息文件: 2026-01-02_1153166575444951045.json
  - 正在保存动态 1152587012602069009 的步骤2元数据...
  - [提取] 读取原始元数据: metadata\step2\2025-12-31_1152587012602069009.json
  - [生成] 写入内容信息文件: 2025-12-31_1152587012602069009.json
  - 正在保存动态 1152495628596543513 的步骤2元数据...
  - 所有 9 张图片均已存在，全部跳过。
  - [提取] 读取原始元数据: metadata\step2\2025-12-31_1152495628596543513.json
  - [生成] 写入内容信息文件: 2025-12-31_1152495628596543513.json
  - 正在保存动态 1151301610461200385 的步骤2元数据...
  - 所有 1 张图片均已存在，全部跳过。
  - [提取] 读取原始元数据: metadata\step2\2025-12-28_1151301610461200385.json
  - [生成] 写入内容信息文件: 2025-12-28_1151301610461200385.json
  - 正在保存动态 1150957459068682274 的步骤2元数据...
  - 所有 1 张图片均已存在，全部跳过。
  - [提取] 读取原始元数据: metadata\step2\2025-12-27_1150957459068682274.json
  - [生成] 写入内容信息文件: 2025-12-27_1150957459068682274.json
  - 正在保存动态 1150550128621256705 的步骤2元数据...
  - 所有 1 张图片均已存在，全部跳过。
  - [提取] 读取原始元数据: metadata\step2\2025-12-26_1150550128621256705.json
  - [生成] 写入内容信息文件: 2025-12-26_1150550128621256705.json
  - 正在保存动态 1150325815396794372 的步骤2元数据...
  - 所有 9 张图片均已存在，全部跳过。
  - [提取] 读取原始元数据: metadata\step2\2025-12-25_1150325815396794372.json
  - [生成] 写入内容信息文件: 2025-12-25_1150325815396794372.json
  - 正在保存动态 1149582996470235152 的步骤2元数据...
  - 所有 9 张图片均已存在，全部跳过。
  - [提取] 读取原始元数据: metadata\step2\2025-12-23_1149582996470235152.json
  - [生成] 写入内容信息文件: 2025-12-23_1149582996470235152.json
  - 正在保存动态 1148811448590270482 的步骤2元数据...
  - 所有 3 张图片均已存在，全部跳过。
  - [提取] 读取原始元数据: metadata\step2\2025-12-21_1148811448590270482.json
  - [生成] 写入内容信息文件: 2025-12-21_1148811448590270482.json
  - 正在保存动态 1147682606593081363 的步骤2元数据...
  - 所有 9 张图片均已存在，全部跳过。
  - [提取] 读取原始元数据: metadata\step2\2025-12-18_1147682606593081363.json
  - [生成] 写入内容信息文件: 2025-12-18_1147682606593081363.json
  - 正在保存动态 1147352134678740997 的步骤2元数据...
  - 所有 6 张图片均已存在，全部跳过。
  - [提取] 读取原始元数据: metadata\step2\2025-12-17_1147352134678740997.json
  - [生成] 写入内容信息文件: 2025-12-17_1147352134678740997.json
  - 正在保存动态 1146940028233973780 的步骤2元数据...
  - 所有 9 张图片均已存在，全部跳过。
  - [提取] 读取原始元数据: metadata\step2\2025-12-16_1146940028233973780.json
  - [生成] 写入内容信息文件: 2025-12-16_1146940028233973780.json
  - 正在保存动态 1146530941180575769 的步骤2元数据...
  - 所有 9 张图片均已存在，全部跳过。
  - [提取] 读取原始元数据: metadata\step2\2025-12-15_1146530941180575769.json
  - [生成] 写入内容信息文件: 2025-12-15_1146530941180575769.json
  - 正在保存动态 1146235142514147333 的步骤2元数据...
  - 所有 4 张图片均已存在，全部跳过。
  - [提取] 读取原始元数据: metadata\step2\2025-12-14_1146235142514147333.json
  - [生成] 写入内容信息文件: 2025-12-14_1146235142514147333.json
  - 正在保存动态 1145003199878397958 的步骤2元数据...
  - 所有 9 张图片均已存在，全部跳过。
  - [提取] 读取原始元数据: metadata\step2\2025-12-11_1145003199878397958.json
  - [生成] 写入内容信息文件: 2025-12-11_1145003199878397958.json
  - 正在保存动态 1141766572619071497 的步骤2元数据...
  - 所有 5 张图片均已存在，全部跳过。
  - [提取] 读取原始元数据: metadata\step2\2025-12-02_1141766572619071497.json
  - [生成] 写入内容信息文件: 2025-12-02_1141766572619071497.json
  - 正在保存动态 1141055742674993161 的步骤2元数据...
  - 所有 4 张图片均已存在，全部跳过。
  - [提取] 读取原始元数据: metadata\step2\2025-11-30_1141055742674993161.json
  - [生成] 写入内容信息文件: 2025-11-30_1141055742674993161.json
  - 正在保存动态 1139391155077644288 的步骤2元数据...
  - 所有 9 张图片均已存在，全部跳过。
  - [提取] 读取原始元数据: metadata\step2\2025-11-26_1139391155077644288.json
  - [生成] 写入内容信息文件: 2025-11-26_1139391155077644288.json
  - 正在保存动态 1137236395725684757 的步骤2元数据...
  - 所有 4 张图片均已存在，全部跳过。
  - [提取] 读取原始元数据: metadata\step2\2025-11-20_1137236395725684757.json
  - [生成] 写入内容信息文件: 2025-11-20_1137236395725684757.json
  - 正在保存动态 1136951308719226889 的步骤2元数据...
  - 所有 6 张图片均已存在，全部跳过。
  - [提取] 读取原始元数据: metadata\step2\2025-11-19_1136951308719226889.json
  - [生成] 写入内容信息文件: 2025-11-19_1136951308719226889.json
  - 正在保存动态 1135820753079369747 的步骤2元数据...
  - 所有 9 张图片均已存在，全部跳过。
  - [提取] 读取原始元数据: metadata\step2\2025-11-16_1135820753079369747.json
  - [生成] 写入内容信息文件: 2025-11-16_1135820753079369747.json
  - 正在保存动态 1135469119758401539 的步骤2元数据...
  - 所有 4 张图片均已存在，全部跳过。
  - [提取] 读取原始元数据: metadata\step2\2025-11-15_1135469119758401539.json
  - [生成] 写入内容信息文件: 2025-11-15_1135469119758401539.json
  - 正在保存动态 1130891096972328984 的步骤2元数据...
  - 所有 1 张图片均已存在，全部跳过。
  - [提取] 读取原始元数据: metadata\step2\2025-11-03_1130891096972328984.json
  - [生成] 写入内容信息文件: 2025-11-03_1130891096972328984.json
  - 正在保存动态 1130263554964848680 的步骤2元数据...
  - 所有 2 张图片均已存在，全部跳过。
  - [提取] 读取原始元数据: metadata\step2\2025-11-01_1130263554964848680.json
  - [生成] 写入内容信息文件: 2025-11-01_1130263554964848680.json
  - 正在保存动态 1125453264635035683 的步骤2元数据...
  - 所有 4 张图片均已存在，全部跳过。
  - [提取] 读取原始元数据: metadata\step2\2025-10-19_1125453264635035683.json
  - [生成] 写入内容信息文件: 2025-10-19_1125453264635035683.json
  - 正在保存动态 1121308049959551000 的步骤2元数据...
  - 所有 5 张图片均已存在，全部跳过。
  - [提取] 读取原始元数据: metadata\step2\2025-10-08_1121308049959551000.json
  - [生成] 写入内容信息文件: 2025-10-08_1121308049959551000.json
  - 正在保存动态 1120880185300746281 的步骤2元数据...
  - 所有 1 张图片均已存在，全部跳过。
  - [提取] 读取原始元数据: metadata\step2\2025-10-07_1120880185300746281.json
  - [生成] 写入内容信息文件: 2025-10-07_1120880185300746281.json
  - 正在保存动态 1120617058434809878 的步骤2元数据...
  - 所有 3 张图片均已存在，全部跳过。
  - [提取] 读取原始元数据: metadata\step2\2025-10-06_1120617058434809878.json
  - [生成] 写入内容信息文件: 2025-10-06_1120617058434809878.json
  - 正在保存动态 1119870593120862210 的步骤2元数据...
  - 所有 3 张图片均已存在，全部跳过。
  - [提取] 读取原始元数据: metadata\step2\2025-10-04_1119870593120862210.json
  - [生成] 写入内容信息文件: 2025-10-04_1119870593120862210.json
  - 正在保存动态 1119484149168603143 的步骤2元数据...
  - 所有 6 张图片均已存在，全部跳过。
  - [提取] 读取原始元数据: metadata\step2\2025-10-03_1119484149168603143.json
  - [生成] 写入内容信息文件: 2025-10-03_1119484149168603143.json
  - 正在保存动态 1117262538668507190 的步骤2元数据...
  - 所有 10 张图片均已存在，全部跳过。
  - [提取] 读取原始元数据: metadata\step2\2025-09-27_1117262538668507190.json
  - [生成] 写入内容信息文件: 2025-09-27_1117262538668507190.json
  - 正在保存动态 1114642282229792807 的步骤2元数据...
  - 所有 9 张图片均已存在，全部跳过。
  - [提取] 读取原始元数据: metadata\step2\2025-09-20_1114642282229792807.json
  - [生成] 写入内容信息文件: 2025-09-20_1114642282229792807.json
  - 正在保存动态 1112414774729113635 的步骤2元数据...
  - 所有 4 张图片均已存在，全部跳过。
  - [提取] 读取原始元数据: metadata\step2\2025-09-14_1112414774729113635.json
  - [生成] 写入内容信息文件: 2025-09-14_1112414774729113635.json
  - 正在保存动态 1109891829353938950 的步骤2元数据...
  - 所有 6 张图片均已存在，全部跳过。
  - [提取] 读取原始元数据: metadata\step2\2025-09-07_1109891829353938950.json
  - [生成] 写入内容信息文件: 2025-09-07_1109891829353938950.json
  - 正在保存动态 1104674517787082774 的步骤2元数据...
  - 所有 4 张图片均已存在，全部跳过。
  - [提取] 读取原始元数据: metadata\step2\2025-08-24_1104674517787082774.json
  - [生成] 写入内容信息文件: 2025-08-24_1104674517787082774.json
  - 正在保存动态 1102074142762467334 的步骤2元数据...
  - 所有 9 张图片均已存在，全部跳过。
  - [提取] 读取原始元数据: metadata\step2\2025-08-17_1102074142762467334.json
  - [生成] 写入内容信息文件: 2025-08-17_1102074142762467334.json
  - 正在保存动态 1102061730309079041 的步骤2元数据...
  - 所有 6 张图片均已存在，全部跳过。
  - [提取] 读取原始元数据: metadata\step2\2025-08-17_1102061730309079041.json
  - [生成] 写入内容信息文件: 2025-08-17_1102061730309079041.json
  - 正在保存动态 1100944811137957891 的步骤2元数据...
  - 所有 9 张图片均已存在，全部跳过。
  - [提取] 读取原始元数据: metadata\step2\2025-08-14_1100944811137957891.json
  - [生成] 写入内容信息文件: 2025-08-14_1100944811137957891.json
  - 正在保存动态 1100814149638684693 的步骤2元数据...
  - 所有 9 张图片均已存在，全部跳过。
  - [提取] 读取原始元数据: metadata\step2\2025-08-14_1100814149638684693.json
  - [生成] 写入内容信息文件: 2025-08-14_1100814149638684693.json
  - 正在保存动态 1096098945597177894 的步骤2元数据...
  - 所有 4 张图片均已存在，全部跳过。
  - [提取] 读取原始元数据: metadata\step2\2025-08-01_1096098945597177894.json
  - [生成] 写入内容信息文件: 2025-08-01_1096098945597177894.json
  - 正在保存动态 1094279661873004545 的步骤2元数据...
  - 所有 1 张图片均已存在，全部跳过。
  - [提取] 读取原始元数据: metadata\step2\2025-07-27_1094279661873004545.json
  - [生成] 写入内容信息文件: 2025-07-27_1094279661873004545.json
  - 正在保存动态 1092795660440174599 的步骤2元数据...
  - 所有 1 张图片均已存在，全部跳过。
  - [提取] 读取原始元数据: metadata\step2\2025-07-23_1092795660440174599.json
  - [生成] 写入内容信息文件: 2025-07-23_1092795660440174599.json
  - 正在保存动态 1091640559085289481 的步骤2元数据...
  - 所有 4 张图片均已存在，全部跳过。
  - [提取] 读取原始元数据: metadata\step2\2025-07-20_1091640559085289481.json
  - [生成] 写入内容信息文件: 2025-07-20_1091640559085289481.json
  - 正在保存动态 1091264358575505408 的步骤2元数据...
  - 所有 6 张图片均已存在，全部跳过。
  - [提取] 读取原始元数据: metadata\step2\2025-07-19_1091264358575505408.json
  - [生成] 写入内容信息文件: 2025-07-19_1091264358575505408.json
  - 正在保存动态 1090176318808522753 的步骤2元数据...
  - 所有 1 张图片均已存在，全部跳过。
  - [提取] 读取原始元数据: metadata\step2\2025-07-16_1090176318808522753.json
  - [生成] 写入内容信息文件: 2025-07-16_1090176318808522753.json
  - 正在保存动态 1089734199195205637 的步骤2元数据...
  - 所有 4 张图片均已存在，全部跳过。
  - [提取] 读取原始元数据: metadata\step2\2025-07-15_1089734199195205637.json
  - [生成] 写入内容信息文件: 2025-07-15_1089734199195205637.json
  - 正在保存动态 1089063935188926497 的步骤2元数据...
  - 所有 1 张图片均已存在，全部跳过。
  - [提取] 读取原始元数据: metadata\step2\2025-07-13_1089063935188926497.json
  - [生成] 写入内容信息文件: 2025-07-13_1089063935188926497.json
  - 正在保存动态 1089038972853682192 的步骤2元数据...
  - 所有 3 张图片均已存在，全部跳过。
  - [提取] 读取原始元数据: metadata\step2\2025-07-13_1089038972853682192.json
  - [生成] 写入内容信息文件: 2025-07-13_1089038972853682192.json
  - 正在保存动态 1088672436020314134 的步骤2元数据...
  - 所有 1 张图片均已存在，全部跳过。
  - [提取] 读取原始元数据: metadata\step2\2025-07-12_1088672436020314134.json
  - [生成] 写入内容信息文件: 2025-07-12_1088672436020314134.json
  - 正在保存动态 1087573809152655367 的步骤2元数据...
  - 所有 9 张图片均已存在，全部跳过。
  - [提取] 读取原始元数据: metadata\step2\2025-07-09_1087573809152655367.json
  - [生成] 写入内容信息文件: 2025-07-09_1087573809152655367.json
  - 正在保存动态 1086072679450017793 的步骤2元数据...
  - 所有 4 张图片均已存在，全部跳过。
  - [提取] 读取原始元数据: metadata\step2\2025-07-05_1086072679450017793.json
  - [生成] 写入内容信息文件: 2025-07-05_1086072679450017793.json
  - 正在保存动态 1085370439416414231 的步骤2元数据...
  - 所有 9 张图片均已存在，全部跳过。
  - [提取] 读取原始元数据: metadata\step2\2025-07-03_1085370439416414231.json
  - [生成] 写入内容信息文件: 2025-07-03_1085370439416414231.json
  - 正在保存动态 1083830612042711075 的步骤2元数据...
  - 所有 4 张图片均已存在，全部跳过。
  - [提取] 读取原始元数据: metadata\step2\2025-06-29_1083830612042711075.json
  - [生成] 写入内容信息文件: 2025-06-29_1083830612042711075.json
  - 正在保存动态 1083460763779072021 的步骤2元数据...
  - 所有 4 张图片均已存在，全部跳过。
  - [提取] 读取原始元数据: metadata\step2\2025-06-28_1083460763779072021.json
  - [生成] 写入内容信息文件: 2025-06-28_1083460763779072021.json
  - 正在保存动态 1083139169504460833 的步骤2元数据...
  - 所有 2 张图片均已存在，全部跳过。
  - [提取] 读取原始元数据: metadata\step2\2025-06-27_1083139169504460833.json
  - [生成] 写入内容信息文件: 2025-06-27_1083139169504460833.json
  - 正在保存动态 1081953118575394821 的步骤2元数据...
  - 所有 9 张图片均已存在，全部跳过。
  - [提取] 读取原始元数据: metadata\step2\2025-06-24_1081953118575394821.json
  - [生成] 写入内容信息文件: 2025-06-24_1081953118575394821.json
  - 正在保存动态 1080871521295007744 的步骤2元数据...
  - 所有 6 张图片均已存在，全部跳过。
  - [提取] 读取原始元数据: metadata\step2\2025-06-21_1080871521295007744.json
  - [生成] 写入内容信息文件: 2025-06-21_1080871521295007744.json


程序被用户中断。正在退出...
